2020-07-15 13:49:06 NAME                                          READY     STATUS      RESTARTS   AGE
2020-07-15 13:49:06 my-cluster-entity-operator-7cbb484468-ntv9q   3/3       Running     0          6h32m
2020-07-15 13:49:06 my-cluster-kafka-0                            2/2       Running     0          4m14s
2020-07-15 13:49:06 my-cluster-kafka-1                            2/2       Running     0          6h33m
2020-07-15 13:49:06 my-cluster-kafka-2                            2/2       Running     0          6h33m
2020-07-15 13:49:06 my-cluster-zookeeper-0                        1/1       Running     0          105s
2020-07-15 13:49:06 my-cluster-zookeeper-1                        1/1       Running     0          6h33m
2020-07-15 13:49:06 my-cluster-zookeeper-2                        1/1       Running     0          6h33m
2020-07-15 13:49:06 my-connect-cluster-connect-1-deploy           0/1       Completed   0          6h10m
2020-07-15 13:49:06 my-connect-cluster-connect-2-66cc9            1/1       Running     0          7m24s
2020-07-15 13:49:06 my-connect-cluster-connect-2-deploy           0/1       Completed   0          6h6m
2020-07-15 13:49:06 my-mm2-cluster-mirrormaker2-b9765f446-l7s7r   1/1       Running     0          36m
2020-07-15 13:49:06 mysql-1-deploy                                0/1       Completed   0          7h22m
2020-07-15 13:49:06 mysql-1-hxk6p                                 1/1       Running     0          157m

2020-07-15 13:49:08 NAME                                          READY     STATUS      RESTARTS   AGE
2020-07-15 13:49:08 my-cluster-entity-operator-7cbb484468-ntv9q   3/3       Running     0          6h32m
2020-07-15 13:49:08 my-cluster-kafka-0                            2/2       Running     0          4m16s
2020-07-15 13:49:08 my-cluster-kafka-1                            2/2       Running     0          6h33m
2020-07-15 13:49:08 my-cluster-kafka-2                            2/2       Running     0          6h33m
2020-07-15 13:49:08 my-cluster-zookeeper-0                        1/1       Running     0          106s
2020-07-15 13:49:08 my-cluster-zookeeper-1                        1/1       Running     0          6h33m
2020-07-15 13:49:08 my-cluster-zookeeper-2                        1/1       Running     0          6h33m
2020-07-15 13:49:08 my-connect-cluster-connect-1-deploy           0/1       Completed   0          6h10m
2020-07-15 13:49:08 my-connect-cluster-connect-2-66cc9            1/1       Running     0          7m25s
2020-07-15 13:49:08 my-connect-cluster-connect-2-deploy           0/1       Completed   0          6h6m
2020-07-15 13:49:08 my-mm2-cluster-mirrormaker2-b9765f446-l7s7r   1/1       Running     0          36m
2020-07-15 13:49:08 mysql-1-deploy                                0/1       Completed   0          7h22m
2020-07-15 13:49:08 mysql-1-hxk6p                                 1/1       Running     0          157m

2020-07-15 13:49:09 NAME                                          READY     STATUS      RESTARTS   AGE
2020-07-15 13:49:09 my-cluster-entity-operator-7cbb484468-ntv9q   3/3       Running     0          6h32m
2020-07-15 13:49:09 my-cluster-kafka-0                            2/2       Running     0          4m17s
2020-07-15 13:49:09 my-cluster-kafka-1                            2/2       Running     0          6h33m
2020-07-15 13:49:09 my-cluster-kafka-2                            2/2       Running     0          6h33m
2020-07-15 13:49:09 my-cluster-zookeeper-0                        1/1       Running     0          107s
2020-07-15 13:49:09 my-cluster-zookeeper-1                        1/1       Running     0          6h33m
2020-07-15 13:49:09 my-cluster-zookeeper-2                        1/1       Running     0          6h33m
2020-07-15 13:49:09 my-connect-cluster-connect-1-deploy           0/1       Completed   0          6h10m
2020-07-15 13:49:09 my-connect-cluster-connect-2-66cc9            1/1       Running     0          7m26s
2020-07-15 13:49:09 my-connect-cluster-connect-2-deploy           0/1       Completed   0          6h6m
2020-07-15 13:49:09 my-mm2-cluster-mirrormaker2-b9765f446-l7s7r   1/1       Running     0          36m
2020-07-15 13:49:09 mysql-1-deploy                                0/1       Completed   0          7h22m
2020-07-15 13:49:09 mysql-1-hxk6p                                 1/1       Running     0          157m

2020-07-15 13:49:10 NAME                                          READY     STATUS      RESTARTS   AGE
2020-07-15 13:49:10 my-cluster-entity-operator-7cbb484468-ntv9q   3/3       Running     0          6h32m
2020-07-15 13:49:10 my-cluster-kafka-0                            2/2       Running     0          4m18s
2020-07-15 13:49:10 my-cluster-kafka-1                            2/2       Running     0          6h33m
2020-07-15 13:49:10 my-cluster-kafka-2                            2/2       Running     0          6h33m
2020-07-15 13:49:10 my-cluster-zookeeper-0                        1/1       Running     0          108s
2020-07-15 13:49:10 my-cluster-zookeeper-1                        1/1       Running     0          6h33m
2020-07-15 13:49:10 my-cluster-zookeeper-2                        1/1       Running     0          6h33m
2020-07-15 13:49:10 my-connect-cluster-connect-1-deploy           0/1       Completed   0          6h10m
2020-07-15 13:49:10 my-connect-cluster-connect-2-66cc9            1/1       Running     0          7m27s
2020-07-15 13:49:10 my-connect-cluster-connect-2-deploy           0/1       Completed   0          6h6m
2020-07-15 13:49:10 my-mm2-cluster-mirrormaker2-b9765f446-l7s7r   1/1       Running     0          36m
2020-07-15 13:49:10 mysql-1-deploy                                0/1       Completed   0          7h22m
2020-07-15 13:49:10 mysql-1-hxk6p                                 1/1       Running     0          157m

2020-07-15 13:49:11 NAME                                          READY     STATUS      RESTARTS   AGE
2020-07-15 13:49:11 my-cluster-entity-operator-7cbb484468-ntv9q   3/3       Running     0          6h32m
2020-07-15 13:49:11 my-cluster-kafka-0                            2/2       Running     0          4m20s
2020-07-15 13:49:11 my-cluster-kafka-1                            2/2       Running     0          6h33m
2020-07-15 13:49:11 my-cluster-kafka-2                            2/2       Running     0          6h33m
2020-07-15 13:49:11 my-cluster-zookeeper-0                        1/1       Running     0          110s
2020-07-15 13:49:11 my-cluster-zookeeper-1                        1/1       Running     0          6h33m
2020-07-15 13:49:11 my-cluster-zookeeper-2                        1/1       Running     0          6h33m
2020-07-15 13:49:11 my-connect-cluster-connect-1-deploy           0/1       Completed   0          6h10m
2020-07-15 13:49:11 my-connect-cluster-connect-2-66cc9            1/1       Running     0          7m29s
2020-07-15 13:49:11 my-connect-cluster-connect-2-deploy           0/1       Completed   0          6h6m
2020-07-15 13:49:11 my-mm2-cluster-mirrormaker2-b9765f446-l7s7r   1/1       Running     0          36m
2020-07-15 13:49:11 mysql-1-deploy                                0/1       Completed   0          7h22m
2020-07-15 13:49:11 mysql-1-hxk6p                                 1/1       Running     0          157m

2020-07-15 13:49:13 NAME                                          READY     STATUS      RESTARTS   AGE
2020-07-15 13:49:13 my-cluster-entity-operator-7cbb484468-ntv9q   3/3       Running     0          6h32m
2020-07-15 13:49:13 my-cluster-kafka-0                            2/2       Running     0          4m21s
2020-07-15 13:49:13 my-cluster-kafka-1                            2/2       Running     0          6h33m
2020-07-15 13:49:13 my-cluster-kafka-2                            2/2       Running     0          6h33m
2020-07-15 13:49:13 my-cluster-zookeeper-0                        1/1       Running     0          111s
2020-07-15 13:49:13 my-cluster-zookeeper-1                        1/1       Running     0          6h33m
2020-07-15 13:49:13 my-cluster-zookeeper-2                        1/1       Running     0          6h33m
2020-07-15 13:49:13 my-connect-cluster-connect-1-deploy           0/1       Completed   0          6h10m
2020-07-15 13:49:13 my-connect-cluster-connect-2-66cc9            1/1       Running     0          7m30s
2020-07-15 13:49:13 my-connect-cluster-connect-2-deploy           0/1       Completed   0          6h6m
2020-07-15 13:49:13 my-mm2-cluster-mirrormaker2-b9765f446-l7s7r   1/1       Running     0          36m
2020-07-15 13:49:13 mysql-1-deploy                                0/1       Completed   0          7h22m
2020-07-15 13:49:13 mysql-1-hxk6p                                 1/1       Running     0          157m

2020-07-15 13:49:14 NAME                                          READY     STATUS      RESTARTS   AGE
2020-07-15 13:49:14 my-cluster-entity-operator-7cbb484468-ntv9q   3/3       Running     0          6h32m
2020-07-15 13:49:14 my-cluster-kafka-0                            2/2       Running     0          4m22s
2020-07-15 13:49:14 my-cluster-kafka-1                            2/2       Running     0          6h33m
2020-07-15 13:49:14 my-cluster-kafka-2                            2/2       Running     0          6h33m
2020-07-15 13:49:14 my-cluster-zookeeper-0                        1/1       Running     0          112s
2020-07-15 13:49:14 my-cluster-zookeeper-1                        1/1       Running     0          6h34m
2020-07-15 13:49:14 my-cluster-zookeeper-2                        1/1       Running     0          6h34m
2020-07-15 13:49:14 my-connect-cluster-connect-1-deploy           0/1       Completed   0          6h10m
2020-07-15 13:49:14 my-connect-cluster-connect-2-66cc9            1/1       Running     0          7m31s
2020-07-15 13:49:14 my-connect-cluster-connect-2-deploy           0/1       Completed   0          6h6m
2020-07-15 13:49:14 my-mm2-cluster-mirrormaker2-b9765f446-l7s7r   1/1       Running     0          36m
2020-07-15 13:49:14 mysql-1-deploy                                0/1       Completed   0          7h22m
2020-07-15 13:49:14 mysql-1-hxk6p                                 1/1       Running     0          157m

2020-07-15 13:49:15 NAME                                          READY     STATUS      RESTARTS   AGE
2020-07-15 13:49:15 my-cluster-entity-operator-7cbb484468-ntv9q   3/3       Running     0          6h32m
2020-07-15 13:49:15 my-cluster-kafka-0                            2/2       Running     0          4m24s
2020-07-15 13:49:15 my-cluster-kafka-1                            2/2       Running     0          6h33m
2020-07-15 13:49:15 my-cluster-kafka-2                            2/2       Running     0          6h33m
2020-07-15 13:49:15 my-cluster-zookeeper-0                        1/1       Running     0          114s
2020-07-15 13:49:15 my-cluster-zookeeper-1                        1/1       Running     0          6h34m
2020-07-15 13:49:15 my-cluster-zookeeper-2                        1/1       Running     0          6h34m
2020-07-15 13:49:15 my-connect-cluster-connect-1-deploy           0/1       Completed   0          6h11m
2020-07-15 13:49:15 my-connect-cluster-connect-2-66cc9            1/1       Running     0          7m33s
2020-07-15 13:49:15 my-connect-cluster-connect-2-deploy           0/1       Completed   0          6h6m
2020-07-15 13:49:15 my-mm2-cluster-mirrormaker2-b9765f446-l7s7r   1/1       Running     0          36m
2020-07-15 13:49:15 mysql-1-deploy                                0/1       Completed   0          7h22m
2020-07-15 13:49:15 mysql-1-hxk6p                                 1/1       Running     0          157m

2020-07-15 13:49:17 NAME                                          READY     STATUS      RESTARTS   AGE
2020-07-15 13:49:17 my-cluster-entity-operator-7cbb484468-ntv9q   3/3       Running     0          6h32m
2020-07-15 13:49:17 my-cluster-kafka-0                            2/2       Running     0          4m25s
2020-07-15 13:49:17 my-cluster-kafka-1                            2/2       Running     0          6h33m
2020-07-15 13:49:17 my-cluster-kafka-2                            2/2       Running     0          6h33m
2020-07-15 13:49:17 my-cluster-zookeeper-0                        1/1       Running     0          115s
2020-07-15 13:49:17 my-cluster-zookeeper-1                        1/1       Running     0          6h34m
2020-07-15 13:49:17 my-cluster-zookeeper-2                        1/1       Running     0          6h34m
2020-07-15 13:49:17 my-connect-cluster-connect-1-deploy           0/1       Completed   0          6h11m
2020-07-15 13:49:17 my-connect-cluster-connect-2-66cc9            1/1       Running     0          7m34s
2020-07-15 13:49:17 my-connect-cluster-connect-2-deploy           0/1       Completed   0          6h6m
2020-07-15 13:49:17 my-mm2-cluster-mirrormaker2-b9765f446-l7s7r   1/1       Running     0          36m
2020-07-15 13:49:17 mysql-1-deploy                                0/1       Completed   0          7h22m
2020-07-15 13:49:17 mysql-1-hxk6p                                 1/1       Running     0          157m

2020-07-15 13:49:18 NAME                                          READY     STATUS      RESTARTS   AGE
2020-07-15 13:49:18 my-cluster-entity-operator-7cbb484468-ntv9q   3/3       Running     0          6h32m
2020-07-15 13:49:18 my-cluster-kafka-0                            2/2       Running     0          4m26s
2020-07-15 13:49:18 my-cluster-kafka-1                            2/2       Running     0          6h33m
2020-07-15 13:49:18 my-cluster-kafka-2                            2/2       Running     0          6h33m
2020-07-15 13:49:18 my-cluster-zookeeper-0                        1/1       Running     0          116s
2020-07-15 13:49:18 my-cluster-zookeeper-1                        1/1       Running     0          6h34m
2020-07-15 13:49:18 my-cluster-zookeeper-2                        1/1       Running     0          6h34m
2020-07-15 13:49:18 my-connect-cluster-connect-1-deploy           0/1       Completed   0          6h11m
2020-07-15 13:49:18 my-connect-cluster-connect-2-66cc9            1/1       Running     0          7m35s
2020-07-15 13:49:18 my-connect-cluster-connect-2-deploy           0/1       Completed   0          6h6m
2020-07-15 13:49:18 my-mm2-cluster-mirrormaker2-b9765f446-l7s7r   1/1       Running     0          36m
2020-07-15 13:49:18 mysql-1-deploy                                0/1       Completed   0          7h22m
2020-07-15 13:49:18 mysql-1-hxk6p                                 1/1       Running     0          157m

2020-07-15 13:49:19 NAME                                          READY     STATUS      RESTARTS   AGE
2020-07-15 13:49:19 my-cluster-entity-operator-7cbb484468-ntv9q   3/3       Running     0          6h32m
2020-07-15 13:49:19 my-cluster-kafka-0                            2/2       Running     0          4m27s
2020-07-15 13:49:19 my-cluster-kafka-1                            2/2       Running     0          6h33m
2020-07-15 13:49:19 my-cluster-kafka-2                            2/2       Running     0          6h33m
2020-07-15 13:49:19 my-cluster-zookeeper-0                        1/1       Running     0          117s
2020-07-15 13:49:19 my-cluster-zookeeper-1                        1/1       Running     0          6h34m
2020-07-15 13:49:19 my-cluster-zookeeper-2                        1/1       Running     0          6h34m
2020-07-15 13:49:19 my-connect-cluster-connect-1-deploy           0/1       Completed   0          6h11m
2020-07-15 13:49:19 my-connect-cluster-connect-2-66cc9            1/1       Running     0          7m36s
2020-07-15 13:49:19 my-connect-cluster-connect-2-deploy           0/1       Completed   0          6h6m
2020-07-15 13:49:19 my-mm2-cluster-mirrormaker2-b9765f446-l7s7r   1/1       Running     0          36m
2020-07-15 13:49:19 mysql-1-deploy                                0/1       Completed   0          7h22m
2020-07-15 13:49:19 mysql-1-hxk6p                                 1/1       Running     0          157m

2020-07-15 13:49:20 NAME                                          READY     STATUS      RESTARTS   AGE
2020-07-15 13:49:20 my-cluster-entity-operator-7cbb484468-ntv9q   3/3       Running     0          6h32m
2020-07-15 13:49:20 my-cluster-kafka-0                            2/2       Running     0          4m29s
2020-07-15 13:49:20 my-cluster-kafka-1                            2/2       Running     0          6h33m
2020-07-15 13:49:20 my-cluster-kafka-2                            2/2       Running     0          6h33m
2020-07-15 13:49:20 my-cluster-zookeeper-0                        1/1       Running     0          119s
2020-07-15 13:49:20 my-cluster-zookeeper-1                        1/1       Running     0          6h34m
2020-07-15 13:49:20 my-cluster-zookeeper-2                        1/1       Running     0          6h34m
2020-07-15 13:49:20 my-connect-cluster-connect-1-deploy           0/1       Completed   0          6h11m
2020-07-15 13:49:20 my-connect-cluster-connect-2-66cc9            1/1       Running     0          7m38s
2020-07-15 13:49:20 my-connect-cluster-connect-2-deploy           0/1       Completed   0          6h6m
2020-07-15 13:49:20 my-mm2-cluster-mirrormaker2-b9765f446-l7s7r   1/1       Running     0          36m
2020-07-15 13:49:20 mysql-1-deploy                                0/1       Completed   0          7h22m
2020-07-15 13:49:20 mysql-1-hxk6p                                 1/1       Running     0          157m

2020-07-15 13:49:22 NAME                                          READY     STATUS      RESTARTS   AGE
2020-07-15 13:49:22 my-cluster-entity-operator-7cbb484468-ntv9q   3/3       Running     0          6h32m
2020-07-15 13:49:22 my-cluster-kafka-0                            2/2       Running     0          4m30s
2020-07-15 13:49:22 my-cluster-kafka-1                            2/2       Running     0          6h33m
2020-07-15 13:49:22 my-cluster-kafka-2                            2/2       Running     0          6h33m
2020-07-15 13:49:22 my-cluster-zookeeper-0                        1/1       Running     0          2m
2020-07-15 13:49:22 my-cluster-zookeeper-1                        1/1       Running     0          6h34m
2020-07-15 13:49:22 my-cluster-zookeeper-2                        1/1       Running     0          6h34m
2020-07-15 13:49:22 my-connect-cluster-connect-1-deploy           0/1       Completed   0          6h11m
2020-07-15 13:49:22 my-connect-cluster-connect-2-66cc9            1/1       Running     0          7m39s
2020-07-15 13:49:22 my-connect-cluster-connect-2-deploy           0/1       Completed   0          6h6m
2020-07-15 13:49:22 my-mm2-cluster-mirrormaker2-b9765f446-l7s7r   1/1       Running     0          36m
2020-07-15 13:49:22 mysql-1-deploy                                0/1       Completed   0          7h22m
2020-07-15 13:49:22 mysql-1-hxk6p                                 1/1       Running     0          157m

2020-07-15 13:49:23 NAME                                          READY     STATUS      RESTARTS   AGE
2020-07-15 13:49:23 my-cluster-entity-operator-7cbb484468-ntv9q   3/3       Running     0          6h32m
2020-07-15 13:49:23 my-cluster-kafka-0                            2/2       Running     0          4m32s
2020-07-15 13:49:23 my-cluster-kafka-1                            2/2       Running     0          6h33m
2020-07-15 13:49:23 my-cluster-kafka-2                            2/2       Running     0          6h33m
2020-07-15 13:49:23 my-cluster-zookeeper-0                        1/1       Running     0          2m2s
2020-07-15 13:49:23 my-cluster-zookeeper-1                        1/1       Running     0          6h34m
2020-07-15 13:49:23 my-cluster-zookeeper-2                        1/1       Running     0          6h34m
2020-07-15 13:49:23 my-connect-cluster-connect-1-deploy           0/1       Completed   0          6h11m
2020-07-15 13:49:23 my-connect-cluster-connect-2-66cc9            1/1       Running     0          7m41s
2020-07-15 13:49:23 my-connect-cluster-connect-2-deploy           0/1       Completed   0          6h6m
2020-07-15 13:49:23 my-mm2-cluster-mirrormaker2-b9765f446-l7s7r   1/1       Running     0          36m
2020-07-15 13:49:23 mysql-1-deploy                                0/1       Completed   0          7h22m
2020-07-15 13:49:23 mysql-1-hxk6p                                 1/1       Running     0          157m

2020-07-15 13:49:25 NAME                                          READY     STATUS      RESTARTS   AGE
2020-07-15 13:49:25 my-cluster-entity-operator-7cbb484468-ntv9q   3/3       Running     0          6h32m
2020-07-15 13:49:25 my-cluster-kafka-0                            2/2       Running     0          4m33s
2020-07-15 13:49:25 my-cluster-kafka-1                            2/2       Running     0          6h33m
2020-07-15 13:49:25 my-cluster-kafka-2                            2/2       Running     0          6h33m
2020-07-15 13:49:25 my-cluster-zookeeper-0                        1/1       Running     0          2m3s
2020-07-15 13:49:25 my-cluster-zookeeper-1                        1/1       Running     0          6h34m
2020-07-15 13:49:25 my-cluster-zookeeper-2                        1/1       Running     0          6h34m
2020-07-15 13:49:25 my-connect-cluster-connect-1-deploy           0/1       Completed   0          6h11m
2020-07-15 13:49:25 my-connect-cluster-connect-2-66cc9            1/1       Running     0          7m42s
2020-07-15 13:49:25 my-connect-cluster-connect-2-deploy           0/1       Completed   0          6h6m
2020-07-15 13:49:25 my-mm2-cluster-mirrormaker2-b9765f446-l7s7r   1/1       Running     0          36m
2020-07-15 13:49:25 mysql-1-deploy                                0/1       Completed   0          7h22m
2020-07-15 13:49:25 mysql-1-hxk6p                                 1/1       Running     0          158m

2020-07-15 13:49:26 NAME                                          READY     STATUS      RESTARTS   AGE
2020-07-15 13:49:26 my-cluster-entity-operator-7cbb484468-ntv9q   3/3       Running     0          6h32m
2020-07-15 13:49:26 my-cluster-kafka-0                            2/2       Running     0          4m34s
2020-07-15 13:49:26 my-cluster-kafka-1                            2/2       Running     0          6h33m
2020-07-15 13:49:26 my-cluster-kafka-2                            2/2       Running     0          6h33m
2020-07-15 13:49:26 my-cluster-zookeeper-0                        1/1       Running     0          2m4s
2020-07-15 13:49:26 my-cluster-zookeeper-1                        1/1       Running     0          6h34m
2020-07-15 13:49:26 my-cluster-zookeeper-2                        1/1       Running     0          6h34m
2020-07-15 13:49:26 my-connect-cluster-connect-1-deploy           0/1       Completed   0          6h11m
2020-07-15 13:49:26 my-connect-cluster-connect-2-66cc9            1/1       Running     0          7m43s
2020-07-15 13:49:26 my-connect-cluster-connect-2-deploy           0/1       Completed   0          6h6m
2020-07-15 13:49:26 my-mm2-cluster-mirrormaker2-b9765f446-l7s7r   1/1       Running     0          36m
2020-07-15 13:49:26 mysql-1-deploy                                0/1       Completed   0          7h22m
2020-07-15 13:49:26 mysql-1-hxk6p                                 1/1       Running     0          158m

2020-07-15 13:49:27 NAME                                          READY     STATUS      RESTARTS   AGE
2020-07-15 13:49:27 my-cluster-entity-operator-7cbb484468-ntv9q   3/3       Running     0          6h32m
2020-07-15 13:49:27 my-cluster-kafka-0                            2/2       Running     0          4m35s
2020-07-15 13:49:27 my-cluster-kafka-1                            2/2       Running     0          6h33m
2020-07-15 13:49:27 my-cluster-kafka-2                            2/2       Running     0          6h33m
2020-07-15 13:49:27 my-cluster-zookeeper-0                        1/1       Running     0          2m5s
2020-07-15 13:49:27 my-cluster-zookeeper-1                        1/1       Running     0          6h34m
2020-07-15 13:49:27 my-cluster-zookeeper-2                        1/1       Running     0          6h34m
2020-07-15 13:49:27 my-connect-cluster-connect-1-deploy           0/1       Completed   0          6h11m
2020-07-15 13:49:27 my-connect-cluster-connect-2-66cc9            1/1       Running     0          7m44s
2020-07-15 13:49:27 my-connect-cluster-connect-2-deploy           0/1       Completed   0          6h6m
2020-07-15 13:49:27 my-mm2-cluster-mirrormaker2-b9765f446-l7s7r   1/1       Running     0          36m
2020-07-15 13:49:27 mysql-1-deploy                                0/1       Completed   0          7h22m
2020-07-15 13:49:27 mysql-1-hxk6p                                 1/1       Running     0          158m

2020-07-15 13:49:28 NAME                                          READY     STATUS      RESTARTS   AGE
2020-07-15 13:49:28 my-cluster-entity-operator-7cbb484468-ntv9q   3/3       Running     0          6h32m
2020-07-15 13:49:28 my-cluster-kafka-0                            2/2       Running     0          4m37s
2020-07-15 13:49:28 my-cluster-kafka-1                            2/2       Running     0          6h33m
2020-07-15 13:49:28 my-cluster-kafka-2                            2/2       Running     0          6h33m
2020-07-15 13:49:28 my-cluster-zookeeper-0                        1/1       Running     0          2m7s
2020-07-15 13:49:28 my-cluster-zookeeper-1                        1/1       Running     0          6h34m
2020-07-15 13:49:28 my-cluster-zookeeper-2                        1/1       Running     0          6h34m
2020-07-15 13:49:28 my-connect-cluster-connect-1-deploy           0/1       Completed   0          6h11m
2020-07-15 13:49:28 my-connect-cluster-connect-2-66cc9            1/1       Running     0          7m46s
2020-07-15 13:49:28 my-connect-cluster-connect-2-deploy           0/1       Completed   0          6h6m
2020-07-15 13:49:28 my-mm2-cluster-mirrormaker2-b9765f446-l7s7r   1/1       Running     0          36m
2020-07-15 13:49:28 mysql-1-deploy                                0/1       Completed   0          7h22m
2020-07-15 13:49:28 mysql-1-hxk6p                                 1/1       Running     0          158m

2020-07-15 13:49:30 NAME                                          READY     STATUS      RESTARTS   AGE
2020-07-15 13:49:30 my-cluster-entity-operator-7cbb484468-ntv9q   3/3       Running     0          6h32m
2020-07-15 13:49:30 my-cluster-kafka-0                            2/2       Running     0          4m38s
2020-07-15 13:49:30 my-cluster-kafka-1                            2/2       Running     0          6h33m
2020-07-15 13:49:30 my-cluster-kafka-2                            2/2       Running     0          6h33m
2020-07-15 13:49:30 my-cluster-zookeeper-0                        1/1       Running     0          2m8s
2020-07-15 13:49:30 my-cluster-zookeeper-1                        1/1       Running     0          6h34m
2020-07-15 13:49:30 my-cluster-zookeeper-2                        1/1       Running     0          6h34m
2020-07-15 13:49:30 my-connect-cluster-connect-1-deploy           0/1       Completed   0          6h11m
2020-07-15 13:49:30 my-connect-cluster-connect-2-66cc9            1/1       Running     0          7m47s
2020-07-15 13:49:30 my-connect-cluster-connect-2-deploy           0/1       Completed   0          6h6m
2020-07-15 13:49:30 my-mm2-cluster-mirrormaker2-b9765f446-l7s7r   1/1       Running     0          37m
2020-07-15 13:49:30 mysql-1-deploy                                0/1       Completed   0          7h22m
2020-07-15 13:49:30 mysql-1-hxk6p                                 1/1       Running     0          158m

2020-07-15 13:49:31 NAME                                          READY     STATUS              RESTARTS   AGE
2020-07-15 13:49:31 my-cluster-entity-operator-7cbb484468-ntv9q   3/3       Running             0          6h32m
2020-07-15 13:49:31 my-cluster-kafka-0                            2/2       Running             0          4m39s
2020-07-15 13:49:31 my-cluster-kafka-1                            2/2       Running             0          6h33m
2020-07-15 13:49:31 my-cluster-kafka-2                            2/2       Running             0          6h33m
2020-07-15 13:49:31 my-cluster-zookeeper-0                        1/1       Running             0          2m9s
2020-07-15 13:49:31 my-cluster-zookeeper-1                        1/1       Running             0          6h34m
2020-07-15 13:49:31 my-cluster-zookeeper-2                        1/1       Running             0          6h34m
2020-07-15 13:49:31 my-connect-cluster-connect-1-deploy           0/1       Completed           0          6h11m
2020-07-15 13:49:31 my-connect-cluster-connect-2-66cc9            1/1       Running             0          7m48s
2020-07-15 13:49:31 my-connect-cluster-connect-2-deploy           0/1       Completed           0          6h6m
2020-07-15 13:49:31 my-mm2-cluster-mirrormaker2-b9765f446-l7s7r   1/1       Running             0          37m
2020-07-15 13:49:31 mysql-1-c4x9c                                 0/1       ContainerCreating   0          1s
2020-07-15 13:49:31 mysql-1-deploy                                0/1       Completed           0          7h22m

2020-07-15 13:49:32 NAME                                          READY     STATUS              RESTARTS   AGE
2020-07-15 13:49:32 my-cluster-entity-operator-7cbb484468-ntv9q   3/3       Running             0          6h32m
2020-07-15 13:49:32 my-cluster-kafka-0                            2/2       Running             0          4m41s
2020-07-15 13:49:32 my-cluster-kafka-1                            2/2       Running             0          6h33m
2020-07-15 13:49:32 my-cluster-kafka-2                            2/2       Running             0          6h33m
2020-07-15 13:49:32 my-cluster-zookeeper-0                        1/1       Running             0          2m11s
2020-07-15 13:49:32 my-cluster-zookeeper-1                        1/1       Running             0          6h34m
2020-07-15 13:49:32 my-cluster-zookeeper-2                        1/1       Running             0          6h34m
2020-07-15 13:49:32 my-connect-cluster-connect-1-deploy           0/1       Completed           0          6h11m
2020-07-15 13:49:32 my-connect-cluster-connect-2-66cc9            1/1       Running             0          7m50s
2020-07-15 13:49:32 my-connect-cluster-connect-2-deploy           0/1       Completed           0          6h6m
2020-07-15 13:49:32 my-mm2-cluster-mirrormaker2-b9765f446-l7s7r   1/1       Running             0          37m
2020-07-15 13:49:32 mysql-1-c4x9c                                 0/1       ContainerCreating   0          3s
2020-07-15 13:49:32 mysql-1-deploy                                0/1       Completed           0          7h22m

2020-07-15 13:49:34 NAME                                          READY     STATUS              RESTARTS   AGE
2020-07-15 13:49:34 my-cluster-entity-operator-7cbb484468-ntv9q   3/3       Running             0          6h32m
2020-07-15 13:49:34 my-cluster-kafka-0                            2/2       Running             0          4m42s
2020-07-15 13:49:34 my-cluster-kafka-1                            2/2       Running             0          6h33m
2020-07-15 13:49:34 my-cluster-kafka-2                            2/2       Running             0          6h33m
2020-07-15 13:49:34 my-cluster-zookeeper-0                        1/1       Running             0          2m12s
2020-07-15 13:49:34 my-cluster-zookeeper-1                        1/1       Running             0          6h34m
2020-07-15 13:49:34 my-cluster-zookeeper-2                        1/1       Running             0          6h34m
2020-07-15 13:49:34 my-connect-cluster-connect-1-deploy           0/1       Completed           0          6h11m
2020-07-15 13:49:34 my-connect-cluster-connect-2-66cc9            1/1       Running             0          7m51s
2020-07-15 13:49:34 my-connect-cluster-connect-2-deploy           0/1       Completed           0          6h6m
2020-07-15 13:49:34 my-mm2-cluster-mirrormaker2-b9765f446-l7s7r   1/1       Running             0          37m
2020-07-15 13:49:34 mysql-1-c4x9c                                 0/1       ContainerCreating   0          4s
2020-07-15 13:49:34 mysql-1-deploy                                0/1       Completed           0          7h22m

2020-07-15 13:49:35 NAME                                          READY     STATUS      RESTARTS   AGE
2020-07-15 13:49:35 my-cluster-entity-operator-7cbb484468-ntv9q   3/3       Running     0          6h32m
2020-07-15 13:49:35 my-cluster-kafka-0                            2/2       Running     0          4m43s
2020-07-15 13:49:35 my-cluster-kafka-1                            2/2       Running     0          6h33m
2020-07-15 13:49:35 my-cluster-kafka-2                            2/2       Running     0          6h33m
2020-07-15 13:49:35 my-cluster-zookeeper-0                        1/1       Running     0          2m13s
2020-07-15 13:49:35 my-cluster-zookeeper-1                        1/1       Running     0          6h34m
2020-07-15 13:49:35 my-cluster-zookeeper-2                        1/1       Running     0          6h34m
2020-07-15 13:49:35 my-connect-cluster-connect-1-deploy           0/1       Completed   0          6h11m
2020-07-15 13:49:35 my-connect-cluster-connect-2-66cc9            1/1       Running     0          7m52s
2020-07-15 13:49:35 my-connect-cluster-connect-2-deploy           0/1       Completed   0          6h6m
2020-07-15 13:49:35 my-mm2-cluster-mirrormaker2-b9765f446-l7s7r   1/1       Running     0          37m
2020-07-15 13:49:35 mysql-1-c4x9c                                 0/1       Running     0          5s
2020-07-15 13:49:35 mysql-1-deploy                                0/1       Completed   0          7h23m

2020-07-15 13:49:36 NAME                                          READY     STATUS      RESTARTS   AGE
2020-07-15 13:49:36 my-cluster-entity-operator-7cbb484468-ntv9q   3/3       Running     0          6h32m
2020-07-15 13:49:36 my-cluster-kafka-0                            2/2       Running     0          4m45s
2020-07-15 13:49:36 my-cluster-kafka-1                            2/2       Running     0          6h33m
2020-07-15 13:49:36 my-cluster-kafka-2                            2/2       Running     0          6h33m
2020-07-15 13:49:36 my-cluster-zookeeper-0                        1/1       Running     0          2m15s
2020-07-15 13:49:36 my-cluster-zookeeper-1                        1/1       Running     0          6h34m
2020-07-15 13:49:36 my-cluster-zookeeper-2                        1/1       Running     0          6h34m
2020-07-15 13:49:36 my-connect-cluster-connect-1-deploy           0/1       Completed   0          6h11m
2020-07-15 13:49:36 my-connect-cluster-connect-2-66cc9            1/1       Running     0          7m54s
2020-07-15 13:49:36 my-connect-cluster-connect-2-deploy           0/1       Completed   0          6h6m
2020-07-15 13:49:36 my-mm2-cluster-mirrormaker2-b9765f446-l7s7r   1/1       Running     0          37m
2020-07-15 13:49:36 mysql-1-c4x9c                                 0/1       Running     0          7s
2020-07-15 13:49:36 mysql-1-deploy                                0/1       Completed   0          7h23m

2020-07-15 13:49:38 NAME                                          READY     STATUS      RESTARTS   AGE
2020-07-15 13:49:38 my-cluster-entity-operator-7cbb484468-ntv9q   3/3       Running     0          6h32m
2020-07-15 13:49:38 my-cluster-kafka-0                            2/2       Running     0          4m46s
2020-07-15 13:49:38 my-cluster-kafka-1                            2/2       Running     0          6h33m
2020-07-15 13:49:38 my-cluster-kafka-2                            2/2       Running     0          6h33m
2020-07-15 13:49:38 my-cluster-zookeeper-0                        1/1       Running     0          2m16s
2020-07-15 13:49:38 my-cluster-zookeeper-1                        1/1       Running     0          6h34m
2020-07-15 13:49:38 my-cluster-zookeeper-2                        1/1       Running     0          6h34m
2020-07-15 13:49:38 my-connect-cluster-connect-1-deploy           0/1       Completed   0          6h11m
2020-07-15 13:49:38 my-connect-cluster-connect-2-66cc9            1/1       Running     0          7m55s
2020-07-15 13:49:38 my-connect-cluster-connect-2-deploy           0/1       Completed   0          6h6m
2020-07-15 13:49:38 my-mm2-cluster-mirrormaker2-b9765f446-l7s7r   1/1       Running     0          37m
2020-07-15 13:49:38 mysql-1-c4x9c                                 0/1       Running     0          8s
2020-07-15 13:49:38 mysql-1-deploy                                0/1       Completed   0          7h23m

2020-07-15 13:49:39 NAME                                          READY     STATUS      RESTARTS   AGE
2020-07-15 13:49:39 my-cluster-entity-operator-7cbb484468-ntv9q   3/3       Running     0          6h32m
2020-07-15 13:49:39 my-cluster-kafka-0                            2/2       Running     0          4m47s
2020-07-15 13:49:39 my-cluster-kafka-1                            2/2       Running     0          6h33m
2020-07-15 13:49:39 my-cluster-kafka-2                            2/2       Running     0          6h33m
2020-07-15 13:49:39 my-cluster-zookeeper-0                        1/1       Running     0          2m17s
2020-07-15 13:49:39 my-cluster-zookeeper-1                        1/1       Running     0          6h34m
2020-07-15 13:49:39 my-cluster-zookeeper-2                        1/1       Running     0          6h34m
2020-07-15 13:49:39 my-connect-cluster-connect-1-deploy           0/1       Completed   0          6h11m
2020-07-15 13:49:39 my-connect-cluster-connect-2-66cc9            1/1       Running     0          7m56s
2020-07-15 13:49:39 my-connect-cluster-connect-2-deploy           0/1       Completed   0          6h6m
2020-07-15 13:49:39 my-mm2-cluster-mirrormaker2-b9765f446-l7s7r   1/1       Running     0          37m
2020-07-15 13:49:39 mysql-1-c4x9c                                 0/1       Running     0          9s
2020-07-15 13:49:39 mysql-1-deploy                                0/1       Completed   0          7h23m

2020-07-15 13:49:40 NAME                                          READY     STATUS      RESTARTS   AGE
2020-07-15 13:49:40 my-cluster-entity-operator-7cbb484468-ntv9q   3/3       Running     0          6h33m
2020-07-15 13:49:40 my-cluster-kafka-0                            2/2       Running     0          4m48s
2020-07-15 13:49:40 my-cluster-kafka-1                            2/2       Running     0          6h33m
2020-07-15 13:49:40 my-cluster-kafka-2                            2/2       Running     0          6h33m
2020-07-15 13:49:40 my-cluster-zookeeper-0                        1/1       Running     0          2m18s
2020-07-15 13:49:40 my-cluster-zookeeper-1                        1/1       Running     0          6h34m
2020-07-15 13:49:40 my-cluster-zookeeper-2                        1/1       Running     0          6h34m
2020-07-15 13:49:40 my-connect-cluster-connect-1-deploy           0/1       Completed   0          6h11m
2020-07-15 13:49:40 my-connect-cluster-connect-2-66cc9            1/1       Running     0          7m57s
2020-07-15 13:49:40 my-connect-cluster-connect-2-deploy           0/1       Completed   0          6h6m
2020-07-15 13:49:40 my-mm2-cluster-mirrormaker2-b9765f446-l7s7r   1/1       Running     0          37m
2020-07-15 13:49:40 mysql-1-c4x9c                                 1/1       Running     0          10s
2020-07-15 13:49:40 mysql-1-deploy                                0/1       Completed   0          7h23m

2020-07-15 13:49:41 NAME                                          READY     STATUS      RESTARTS   AGE
2020-07-15 13:49:41 my-cluster-entity-operator-7cbb484468-ntv9q   3/3       Running     0          6h33m
2020-07-15 13:49:41 my-cluster-kafka-0                            2/2       Running     0          4m50s
2020-07-15 13:49:41 my-cluster-kafka-1                            2/2       Running     0          6h33m
2020-07-15 13:49:41 my-cluster-kafka-2                            2/2       Running     0          6h33m
2020-07-15 13:49:41 my-cluster-zookeeper-0                        1/1       Running     0          2m20s
2020-07-15 13:49:41 my-cluster-zookeeper-1                        1/1       Running     0          6h34m
2020-07-15 13:49:41 my-cluster-zookeeper-2                        1/1       Running     0          6h34m
2020-07-15 13:49:41 my-connect-cluster-connect-1-deploy           0/1       Completed   0          6h11m
2020-07-15 13:49:41 my-connect-cluster-connect-2-66cc9            1/1       Running     0          7m59s
2020-07-15 13:49:41 my-connect-cluster-connect-2-deploy           0/1       Completed   0          6h6m
2020-07-15 13:49:41 my-mm2-cluster-mirrormaker2-b9765f446-l7s7r   1/1       Running     0          37m
2020-07-15 13:49:41 mysql-1-c4x9c                                 1/1       Running     0          12s
2020-07-15 13:49:41 mysql-1-deploy                                0/1       Completed   0          7h23m

2020-07-15 13:49:43 NAME                                          READY     STATUS      RESTARTS   AGE
2020-07-15 13:49:43 my-cluster-entity-operator-7cbb484468-ntv9q   3/3       Running     0          6h33m
2020-07-15 13:49:43 my-cluster-kafka-0                            2/2       Running     0          4m51s
2020-07-15 13:49:43 my-cluster-kafka-1                            2/2       Running     0          6h33m
2020-07-15 13:49:43 my-cluster-kafka-2                            2/2       Running     0          6h33m
2020-07-15 13:49:43 my-cluster-zookeeper-0                        1/1       Running     0          2m21s
2020-07-15 13:49:43 my-cluster-zookeeper-1                        1/1       Running     0          6h34m
2020-07-15 13:49:43 my-cluster-zookeeper-2                        1/1       Running     0          6h34m
2020-07-15 13:49:43 my-connect-cluster-connect-1-deploy           0/1       Completed   0          6h11m
2020-07-15 13:49:43 my-connect-cluster-connect-2-66cc9            1/1       Running     0          8m
2020-07-15 13:49:43 my-connect-cluster-connect-2-deploy           0/1       Completed   0          6h6m
2020-07-15 13:49:43 my-mm2-cluster-mirrormaker2-b9765f446-l7s7r   1/1       Running     0          37m
2020-07-15 13:49:43 mysql-1-c4x9c                                 1/1       Running     0          13s
2020-07-15 13:49:43 mysql-1-deploy                                0/1       Completed   0          7h23m

2020-07-15 13:49:44 NAME                                          READY     STATUS      RESTARTS   AGE
2020-07-15 13:49:44 my-cluster-entity-operator-7cbb484468-ntv9q   3/3       Running     0          6h33m
2020-07-15 13:49:44 my-cluster-kafka-0                            2/2       Running     0          4m52s
2020-07-15 13:49:44 my-cluster-kafka-1                            2/2       Running     0          6h33m
2020-07-15 13:49:44 my-cluster-kafka-2                            2/2       Running     0          6h33m
2020-07-15 13:49:44 my-cluster-zookeeper-0                        1/1       Running     0          2m22s
2020-07-15 13:49:44 my-cluster-zookeeper-1                        1/1       Running     0          6h34m
2020-07-15 13:49:44 my-cluster-zookeeper-2                        1/1       Running     0          6h34m
2020-07-15 13:49:44 my-connect-cluster-connect-1-deploy           0/1       Completed   0          6h11m
2020-07-15 13:49:44 my-connect-cluster-connect-2-66cc9            1/1       Running     0          8m1s
2020-07-15 13:49:44 my-connect-cluster-connect-2-deploy           0/1       Completed   0          6h6m
2020-07-15 13:49:44 my-mm2-cluster-mirrormaker2-b9765f446-l7s7r   1/1       Running     0          37m
2020-07-15 13:49:44 mysql-1-c4x9c                                 1/1       Running     0          14s
2020-07-15 13:49:44 mysql-1-deploy                                0/1       Completed   0          7h23m

2020-07-15 13:49:45 NAME                                          READY     STATUS      RESTARTS   AGE
2020-07-15 13:49:45 my-cluster-entity-operator-7cbb484468-ntv9q   3/3       Running     0          6h33m
2020-07-15 13:49:45 my-cluster-kafka-0                            2/2       Running     0          4m59s
2020-07-15 13:49:45 my-cluster-kafka-1                            2/2       Running     0          6h33m
2020-07-15 13:49:45 my-cluster-kafka-2                            2/2       Running     0          6h33m
2020-07-15 13:49:45 my-cluster-zookeeper-0                        1/1       Running     0          2m29s
2020-07-15 13:49:45 my-cluster-zookeeper-1                        1/1       Running     0          6h34m
2020-07-15 13:49:45 my-cluster-zookeeper-2                        1/1       Running     0          6h34m
2020-07-15 13:49:45 my-connect-cluster-connect-1-deploy           0/1       Completed   0          6h11m
2020-07-15 13:49:45 my-connect-cluster-connect-2-66cc9            1/1       Running     0          8m8s
2020-07-15 13:49:45 my-connect-cluster-connect-2-deploy           0/1       Completed   0          6h7m
2020-07-15 13:49:45 my-mm2-cluster-mirrormaker2-b9765f446-l7s7r   1/1       Running     0          37m
2020-07-15 13:49:45 mysql-1-c4x9c                                 1/1       Running     0          21s
2020-07-15 13:49:45 mysql-1-deploy                                0/1       Completed   0          7h23m

2020-07-15 13:49:52 NAME                                          READY     STATUS      RESTARTS   AGE
2020-07-15 13:49:52 my-cluster-entity-operator-7cbb484468-ntv9q   3/3       Running     0          6h33m
2020-07-15 13:49:52 my-cluster-kafka-0                            2/2       Running     0          5m
2020-07-15 13:49:52 my-cluster-kafka-1                            2/2       Running     0          6h33m
2020-07-15 13:49:52 my-cluster-kafka-2                            2/2       Running     0          6h33m
2020-07-15 13:49:52 my-cluster-zookeeper-0                        1/1       Running     0          2m30s
2020-07-15 13:49:52 my-cluster-zookeeper-1                        1/1       Running     0          6h34m
2020-07-15 13:49:52 my-cluster-zookeeper-2                        1/1       Running     0          6h34m
2020-07-15 13:49:52 my-connect-cluster-connect-1-deploy           0/1       Completed   0          6h11m
2020-07-15 13:49:52 my-connect-cluster-connect-2-66cc9            1/1       Running     0          8m9s
2020-07-15 13:49:52 my-connect-cluster-connect-2-deploy           0/1       Completed   0          6h7m
2020-07-15 13:49:52 my-mm2-cluster-mirrormaker2-b9765f446-l7s7r   1/1       Running     0          37m
2020-07-15 13:49:52 mysql-1-c4x9c                                 1/1       Running     0          22s
2020-07-15 13:49:52 mysql-1-deploy                                0/1       Completed   0          7h23m

2020-07-15 13:49:53 NAME                                          READY     STATUS      RESTARTS   AGE
2020-07-15 13:49:53 my-cluster-entity-operator-7cbb484468-ntv9q   3/3       Running     0          6h33m
2020-07-15 13:49:53 my-cluster-kafka-0                            2/2       Running     0          5m1s
2020-07-15 13:49:53 my-cluster-kafka-1                            2/2       Running     0          6h33m
2020-07-15 13:49:53 my-cluster-kafka-2                            2/2       Running     0          6h33m
2020-07-15 13:49:53 my-cluster-zookeeper-0                        1/1       Running     0          2m31s
2020-07-15 13:49:53 my-cluster-zookeeper-1                        1/1       Running     0          6h34m
2020-07-15 13:49:53 my-cluster-zookeeper-2                        1/1       Running     0          6h34m
2020-07-15 13:49:53 my-connect-cluster-connect-1-deploy           0/1       Completed   0          6h11m
2020-07-15 13:49:53 my-connect-cluster-connect-2-66cc9            1/1       Running     0          8m10s
2020-07-15 13:49:53 my-connect-cluster-connect-2-deploy           0/1       Completed   0          6h7m
2020-07-15 13:49:53 my-mm2-cluster-mirrormaker2-b9765f446-l7s7r   1/1       Running     0          37m
2020-07-15 13:49:53 mysql-1-c4x9c                                 1/1       Running     0          23s
2020-07-15 13:49:53 mysql-1-deploy                                0/1       Completed   0          7h23m

2020-07-15 13:49:54 NAME                                          READY     STATUS      RESTARTS   AGE
2020-07-15 13:49:54 my-cluster-entity-operator-7cbb484468-ntv9q   3/3       Running     0          6h33m
2020-07-15 13:49:54 my-cluster-kafka-0                            2/2       Running     0          5m2s
2020-07-15 13:49:54 my-cluster-kafka-1                            2/2       Running     0          6h33m
2020-07-15 13:49:54 my-cluster-kafka-2                            2/2       Running     0          6h33m
2020-07-15 13:49:54 my-cluster-zookeeper-0                        1/1       Running     0          2m32s
2020-07-15 13:49:54 my-cluster-zookeeper-1                        1/1       Running     0          6h34m
2020-07-15 13:49:54 my-cluster-zookeeper-2                        1/1       Running     0          6h34m
2020-07-15 13:49:54 my-connect-cluster-connect-1-deploy           0/1       Completed   0          6h11m
2020-07-15 13:49:54 my-connect-cluster-connect-2-66cc9            1/1       Running     0          8m11s
2020-07-15 13:49:54 my-connect-cluster-connect-2-deploy           0/1       Completed   0          6h7m
2020-07-15 13:49:54 my-mm2-cluster-mirrormaker2-b9765f446-l7s7r   1/1       Running     0          37m
2020-07-15 13:49:54 mysql-1-c4x9c                                 1/1       Running     0          24s
2020-07-15 13:49:54 mysql-1-deploy                                0/1       Completed   0          7h23m

2020-07-15 13:49:55 NAME                                          READY     STATUS      RESTARTS   AGE
2020-07-15 13:49:55 my-cluster-entity-operator-7cbb484468-ntv9q   3/3       Running     0          6h33m
2020-07-15 13:49:55 my-cluster-kafka-0                            2/2       Running     0          5m4s
2020-07-15 13:49:55 my-cluster-kafka-1                            2/2       Running     0          6h33m
2020-07-15 13:49:55 my-cluster-kafka-2                            2/2       Running     0          6h33m
2020-07-15 13:49:55 my-cluster-zookeeper-0                        1/1       Running     0          2m34s
2020-07-15 13:49:55 my-cluster-zookeeper-1                        1/1       Running     0          6h34m
2020-07-15 13:49:55 my-cluster-zookeeper-2                        1/1       Running     0          6h34m
2020-07-15 13:49:55 my-connect-cluster-connect-1-deploy           0/1       Completed   0          6h11m
2020-07-15 13:49:55 my-connect-cluster-connect-2-66cc9            1/1       Running     0          8m13s
2020-07-15 13:49:55 my-connect-cluster-connect-2-deploy           0/1       Completed   0          6h7m
2020-07-15 13:49:55 my-mm2-cluster-mirrormaker2-b9765f446-l7s7r   1/1       Running     0          37m
2020-07-15 13:49:55 mysql-1-c4x9c                                 1/1       Running     0          26s
2020-07-15 13:49:55 mysql-1-deploy                                0/1       Completed   0          7h23m

2020-07-15 13:49:57 NAME                                          READY     STATUS      RESTARTS   AGE
2020-07-15 13:49:57 my-cluster-entity-operator-7cbb484468-ntv9q   3/3       Running     0          6h33m
2020-07-15 13:49:57 my-cluster-kafka-0                            2/2       Running     0          5m5s
2020-07-15 13:49:57 my-cluster-kafka-1                            2/2       Running     0          6h33m
2020-07-15 13:49:57 my-cluster-kafka-2                            2/2       Running     0          6h33m
2020-07-15 13:49:57 my-cluster-zookeeper-0                        1/1       Running     0          2m35s
2020-07-15 13:49:57 my-cluster-zookeeper-1                        1/1       Running     0          6h34m
2020-07-15 13:49:57 my-cluster-zookeeper-2                        1/1       Running     0          6h34m
2020-07-15 13:49:57 my-connect-cluster-connect-1-deploy           0/1       Completed   0          6h11m
2020-07-15 13:49:57 my-connect-cluster-connect-2-66cc9            1/1       Running     0          8m14s
2020-07-15 13:49:57 my-connect-cluster-connect-2-deploy           0/1       Completed   0          6h7m
2020-07-15 13:49:57 my-mm2-cluster-mirrormaker2-b9765f446-l7s7r   1/1       Running     0          37m
2020-07-15 13:49:57 mysql-1-c4x9c                                 1/1       Running     0          27s
2020-07-15 13:49:57 mysql-1-deploy                                0/1       Completed   0          7h23m

