2020-07-15 13:49:04 NAME                                          READY     STATUS      RESTARTS   AGE
2020-07-15 13:49:04 my-cluster-entity-operator-676d44468b-kjrvk   3/3       Running     0          6d7h
2020-07-15 13:49:04 my-cluster-kafka-0                            2/2       Running     0          28m
2020-07-15 13:49:04 my-cluster-kafka-1                            2/2       Running     0          6d7h
2020-07-15 13:49:04 my-cluster-kafka-2                            2/2       Running     0          6d7h
2020-07-15 13:49:04 my-cluster-zookeeper-0                        1/1       Running     0          18m
2020-07-15 13:49:04 my-cluster-zookeeper-1                        1/1       Running     0          6d7h
2020-07-15 13:49:04 my-cluster-zookeeper-2                        1/1       Running     0          6d7h
2020-07-15 13:49:04 my-connect-cluster-connect-1-deploy           0/1       Completed   0          6d11h
2020-07-15 13:49:04 my-connect-cluster-connect-2-deploy           0/1       Completed   0          6d11h
2020-07-15 13:49:04 my-connect-cluster-connect-3-deploy           0/1       Completed   0          6h8m
2020-07-15 13:49:04 my-connect-cluster-connect-3-xcwkf            1/1       Running     0          49m
2020-07-15 13:49:04 mysql-1-deploy                                0/1       Completed   0          6d8h
2020-07-15 13:49:04 mysql-2-deploy                                0/1       Completed   0          6d8h
2020-07-15 13:49:04 mysql-2-khmsf                                 1/1       Running     0          6d8h

2020-07-15 13:49:06 NAME                                          READY     STATUS      RESTARTS   AGE
2020-07-15 13:49:06 my-cluster-entity-operator-676d44468b-kjrvk   3/3       Running     0          6d7h
2020-07-15 13:49:06 my-cluster-kafka-0                            2/2       Running     0          28m
2020-07-15 13:49:06 my-cluster-kafka-1                            2/2       Running     0          6d7h
2020-07-15 13:49:06 my-cluster-kafka-2                            2/2       Running     0          6d7h
2020-07-15 13:49:06 my-cluster-zookeeper-0                        1/1       Running     0          18m
2020-07-15 13:49:06 my-cluster-zookeeper-1                        1/1       Running     0          6d7h
2020-07-15 13:49:06 my-cluster-zookeeper-2                        1/1       Running     0          6d7h
2020-07-15 13:49:06 my-connect-cluster-connect-1-deploy           0/1       Completed   0          6d11h
2020-07-15 13:49:06 my-connect-cluster-connect-2-deploy           0/1       Completed   0          6d11h
2020-07-15 13:49:06 my-connect-cluster-connect-3-deploy           0/1       Completed   0          6h8m
2020-07-15 13:49:06 my-connect-cluster-connect-3-xcwkf            1/1       Running     0          49m
2020-07-15 13:49:06 mysql-1-deploy                                0/1       Completed   0          6d8h
2020-07-15 13:49:06 mysql-2-deploy                                0/1       Completed   0          6d8h
2020-07-15 13:49:06 mysql-2-khmsf                                 1/1       Running     0          6d8h

2020-07-15 13:49:07 NAME                                          READY     STATUS      RESTARTS   AGE
2020-07-15 13:49:07 my-cluster-entity-operator-676d44468b-kjrvk   3/3       Running     0          6d7h
2020-07-15 13:49:07 my-cluster-kafka-0                            2/2       Running     0          28m
2020-07-15 13:49:07 my-cluster-kafka-1                            2/2       Running     0          6d7h
2020-07-15 13:49:07 my-cluster-kafka-2                            2/2       Running     0          6d7h
2020-07-15 13:49:07 my-cluster-zookeeper-0                        1/1       Running     0          18m
2020-07-15 13:49:07 my-cluster-zookeeper-1                        1/1       Running     0          6d7h
2020-07-15 13:49:07 my-cluster-zookeeper-2                        1/1       Running     0          6d7h
2020-07-15 13:49:07 my-connect-cluster-connect-1-deploy           0/1       Completed   0          6d11h
2020-07-15 13:49:07 my-connect-cluster-connect-2-deploy           0/1       Completed   0          6d11h
2020-07-15 13:49:07 my-connect-cluster-connect-3-deploy           0/1       Completed   0          6h8m
2020-07-15 13:49:07 my-connect-cluster-connect-3-xcwkf            1/1       Running     0          49m
2020-07-15 13:49:07 mysql-1-deploy                                0/1       Completed   0          6d8h
2020-07-15 13:49:07 mysql-2-deploy                                0/1       Completed   0          6d8h
2020-07-15 13:49:07 mysql-2-khmsf                                 1/1       Running     0          6d8h

2020-07-15 13:49:08 NAME                                          READY     STATUS      RESTARTS   AGE
2020-07-15 13:49:08 my-cluster-entity-operator-676d44468b-kjrvk   3/3       Running     0          6d7h
2020-07-15 13:49:08 my-cluster-kafka-0                            2/2       Running     0          28m
2020-07-15 13:49:08 my-cluster-kafka-1                            2/2       Running     0          6d7h
2020-07-15 13:49:08 my-cluster-kafka-2                            2/2       Running     0          6d7h
2020-07-15 13:49:08 my-cluster-zookeeper-0                        1/1       Running     0          18m
2020-07-15 13:49:08 my-cluster-zookeeper-1                        1/1       Running     0          6d7h
2020-07-15 13:49:08 my-cluster-zookeeper-2                        1/1       Running     0          6d7h
2020-07-15 13:49:08 my-connect-cluster-connect-1-deploy           0/1       Completed   0          6d11h
2020-07-15 13:49:08 my-connect-cluster-connect-2-deploy           0/1       Completed   0          6d11h
2020-07-15 13:49:08 my-connect-cluster-connect-3-deploy           0/1       Completed   0          6h8m
2020-07-15 13:49:08 my-connect-cluster-connect-3-xcwkf            1/1       Running     0          49m
2020-07-15 13:49:08 mysql-1-deploy                                0/1       Completed   0          6d8h
2020-07-15 13:49:08 mysql-2-deploy                                0/1       Completed   0          6d8h
2020-07-15 13:49:08 mysql-2-khmsf                                 1/1       Running     0          6d8h

2020-07-15 13:49:10 NAME                                          READY     STATUS      RESTARTS   AGE
2020-07-15 13:49:10 my-cluster-entity-operator-676d44468b-kjrvk   3/3       Running     0          6d7h
2020-07-15 13:49:10 my-cluster-kafka-0                            2/2       Running     0          28m
2020-07-15 13:49:10 my-cluster-kafka-1                            2/2       Running     0          6d7h
2020-07-15 13:49:10 my-cluster-kafka-2                            2/2       Running     0          6d7h
2020-07-15 13:49:10 my-cluster-zookeeper-0                        1/1       Running     0          18m
2020-07-15 13:49:10 my-cluster-zookeeper-1                        1/1       Running     0          6d7h
2020-07-15 13:49:10 my-cluster-zookeeper-2                        1/1       Running     0          6d7h
2020-07-15 13:49:10 my-connect-cluster-connect-1-deploy           0/1       Completed   0          6d11h
2020-07-15 13:49:10 my-connect-cluster-connect-2-deploy           0/1       Completed   0          6d11h
2020-07-15 13:49:10 my-connect-cluster-connect-3-deploy           0/1       Completed   0          6h8m
2020-07-15 13:49:10 my-connect-cluster-connect-3-xcwkf            1/1       Running     0          49m
2020-07-15 13:49:10 mysql-1-deploy                                0/1       Completed   0          6d8h
2020-07-15 13:49:10 mysql-2-deploy                                0/1       Completed   0          6d8h
2020-07-15 13:49:10 mysql-2-khmsf                                 1/1       Running     0          6d8h

2020-07-15 13:49:11 NAME                                          READY     STATUS      RESTARTS   AGE
2020-07-15 13:49:11 my-cluster-entity-operator-676d44468b-kjrvk   3/3       Running     0          6d7h
2020-07-15 13:49:11 my-cluster-kafka-0                            2/2       Running     0          28m
2020-07-15 13:49:11 my-cluster-kafka-1                            2/2       Running     0          6d7h
2020-07-15 13:49:11 my-cluster-kafka-2                            2/2       Running     0          6d7h
2020-07-15 13:49:11 my-cluster-zookeeper-0                        1/1       Running     0          18m
2020-07-15 13:49:11 my-cluster-zookeeper-1                        1/1       Running     0          6d7h
2020-07-15 13:49:11 my-cluster-zookeeper-2                        1/1       Running     0          6d7h
2020-07-15 13:49:11 my-connect-cluster-connect-1-deploy           0/1       Completed   0          6d11h
2020-07-15 13:49:11 my-connect-cluster-connect-2-deploy           0/1       Completed   0          6d11h
2020-07-15 13:49:11 my-connect-cluster-connect-3-deploy           0/1       Completed   0          6h8m
2020-07-15 13:49:11 my-connect-cluster-connect-3-xcwkf            1/1       Running     0          49m
2020-07-15 13:49:11 mysql-1-deploy                                0/1       Completed   0          6d8h
2020-07-15 13:49:11 mysql-2-deploy                                0/1       Completed   0          6d8h
2020-07-15 13:49:11 mysql-2-khmsf                                 1/1       Running     0          6d8h

2020-07-15 13:49:12 NAME                                          READY     STATUS      RESTARTS   AGE
2020-07-15 13:49:12 my-cluster-entity-operator-676d44468b-kjrvk   3/3       Running     0          6d7h
2020-07-15 13:49:12 my-cluster-kafka-0                            2/2       Running     0          28m
2020-07-15 13:49:12 my-cluster-kafka-1                            2/2       Running     0          6d7h
2020-07-15 13:49:12 my-cluster-kafka-2                            2/2       Running     0          6d7h
2020-07-15 13:49:12 my-cluster-zookeeper-0                        1/1       Running     0          18m
2020-07-15 13:49:12 my-cluster-zookeeper-1                        1/1       Running     0          6d7h
2020-07-15 13:49:12 my-cluster-zookeeper-2                        1/1       Running     0          6d7h
2020-07-15 13:49:12 my-connect-cluster-connect-1-deploy           0/1       Completed   0          6d11h
2020-07-15 13:49:12 my-connect-cluster-connect-2-deploy           0/1       Completed   0          6d11h
2020-07-15 13:49:12 my-connect-cluster-connect-3-deploy           0/1       Completed   0          6h8m
2020-07-15 13:49:12 my-connect-cluster-connect-3-xcwkf            1/1       Running     0          49m
2020-07-15 13:49:12 mysql-1-deploy                                0/1       Completed   0          6d8h
2020-07-15 13:49:12 mysql-2-deploy                                0/1       Completed   0          6d8h
2020-07-15 13:49:12 mysql-2-khmsf                                 1/1       Running     0          6d8h

2020-07-15 13:49:13 NAME                                          READY     STATUS      RESTARTS   AGE
2020-07-15 13:49:13 my-cluster-entity-operator-676d44468b-kjrvk   3/3       Running     0          6d7h
2020-07-15 13:49:13 my-cluster-kafka-0                            2/2       Running     0          28m
2020-07-15 13:49:13 my-cluster-kafka-1                            2/2       Running     0          6d7h
2020-07-15 13:49:13 my-cluster-kafka-2                            2/2       Running     0          6d7h
2020-07-15 13:49:13 my-cluster-zookeeper-0                        1/1       Running     0          18m
2020-07-15 13:49:13 my-cluster-zookeeper-1                        1/1       Running     0          6d7h
2020-07-15 13:49:13 my-cluster-zookeeper-2                        1/1       Running     0          6d7h
2020-07-15 13:49:13 my-connect-cluster-connect-1-deploy           0/1       Completed   0          6d11h
2020-07-15 13:49:13 my-connect-cluster-connect-2-deploy           0/1       Completed   0          6d11h
2020-07-15 13:49:13 my-connect-cluster-connect-3-deploy           0/1       Completed   0          6h8m
2020-07-15 13:49:13 my-connect-cluster-connect-3-xcwkf            1/1       Running     0          49m
2020-07-15 13:49:13 mysql-1-deploy                                0/1       Completed   0          6d8h
2020-07-15 13:49:13 mysql-2-deploy                                0/1       Completed   0          6d8h
2020-07-15 13:49:13 mysql-2-khmsf                                 1/1       Running     0          6d8h

2020-07-15 13:49:15 NAME                                          READY     STATUS      RESTARTS   AGE
2020-07-15 13:49:15 my-cluster-entity-operator-676d44468b-kjrvk   3/3       Running     0          6d7h
2020-07-15 13:49:15 my-cluster-kafka-0                            2/2       Running     0          28m
2020-07-15 13:49:15 my-cluster-kafka-1                            2/2       Running     0          6d7h
2020-07-15 13:49:15 my-cluster-kafka-2                            2/2       Running     0          6d7h
2020-07-15 13:49:15 my-cluster-zookeeper-0                        1/1       Running     0          18m
2020-07-15 13:49:15 my-cluster-zookeeper-1                        1/1       Running     0          6d7h
2020-07-15 13:49:15 my-cluster-zookeeper-2                        1/1       Running     0          6d7h
2020-07-15 13:49:15 my-connect-cluster-connect-1-deploy           0/1       Completed   0          6d11h
2020-07-15 13:49:15 my-connect-cluster-connect-2-deploy           0/1       Completed   0          6d11h
2020-07-15 13:49:15 my-connect-cluster-connect-3-deploy           0/1       Completed   0          6h8m
2020-07-15 13:49:15 my-connect-cluster-connect-3-xcwkf            1/1       Running     0          49m
2020-07-15 13:49:15 mysql-1-deploy                                0/1       Completed   0          6d8h
2020-07-15 13:49:15 mysql-2-deploy                                0/1       Completed   0          6d8h
2020-07-15 13:49:15 mysql-2-khmsf                                 1/1       Running     0          6d8h

2020-07-15 13:49:16 NAME                                          READY     STATUS      RESTARTS   AGE
2020-07-15 13:49:16 my-cluster-entity-operator-676d44468b-kjrvk   3/3       Running     0          6d7h
2020-07-15 13:49:16 my-cluster-kafka-0                            2/2       Running     0          28m
2020-07-15 13:49:16 my-cluster-kafka-1                            2/2       Running     0          6d7h
2020-07-15 13:49:16 my-cluster-kafka-2                            2/2       Running     0          6d7h
2020-07-15 13:49:16 my-cluster-zookeeper-0                        1/1       Running     0          18m
2020-07-15 13:49:16 my-cluster-zookeeper-1                        1/1       Running     0          6d7h
2020-07-15 13:49:16 my-cluster-zookeeper-2                        1/1       Running     0          6d7h
2020-07-15 13:49:16 my-connect-cluster-connect-1-deploy           0/1       Completed   0          6d11h
2020-07-15 13:49:16 my-connect-cluster-connect-2-deploy           0/1       Completed   0          6d11h
2020-07-15 13:49:16 my-connect-cluster-connect-3-deploy           0/1       Completed   0          6h8m
2020-07-15 13:49:16 my-connect-cluster-connect-3-xcwkf            1/1       Running     0          49m
2020-07-15 13:49:16 mysql-1-deploy                                0/1       Completed   0          6d8h
2020-07-15 13:49:16 mysql-2-deploy                                0/1       Completed   0          6d8h
2020-07-15 13:49:16 mysql-2-khmsf                                 1/1       Running     0          6d8h

2020-07-15 13:49:17 NAME                                          READY     STATUS      RESTARTS   AGE
2020-07-15 13:49:17 my-cluster-entity-operator-676d44468b-kjrvk   3/3       Running     0          6d7h
2020-07-15 13:49:17 my-cluster-kafka-0                            2/2       Running     0          28m
2020-07-15 13:49:17 my-cluster-kafka-1                            2/2       Running     0          6d7h
2020-07-15 13:49:17 my-cluster-kafka-2                            2/2       Running     0          6d7h
2020-07-15 13:49:17 my-cluster-zookeeper-0                        1/1       Running     0          18m
2020-07-15 13:49:17 my-cluster-zookeeper-1                        1/1       Running     0          6d7h
2020-07-15 13:49:17 my-cluster-zookeeper-2                        1/1       Running     0          6d7h
2020-07-15 13:49:17 my-connect-cluster-connect-1-deploy           0/1       Completed   0          6d11h
2020-07-15 13:49:17 my-connect-cluster-connect-2-deploy           0/1       Completed   0          6d11h
2020-07-15 13:49:17 my-connect-cluster-connect-3-deploy           0/1       Completed   0          6h8m
2020-07-15 13:49:17 my-connect-cluster-connect-3-xcwkf            1/1       Running     0          49m
2020-07-15 13:49:17 mysql-1-deploy                                0/1       Completed   0          6d8h
2020-07-15 13:49:17 mysql-2-deploy                                0/1       Completed   0          6d8h
2020-07-15 13:49:17 mysql-2-khmsf                                 1/1       Running     0          6d8h

2020-07-15 13:49:19 NAME                                          READY     STATUS      RESTARTS   AGE
2020-07-15 13:49:19 my-cluster-entity-operator-676d44468b-kjrvk   3/3       Running     0          6d7h
2020-07-15 13:49:19 my-cluster-kafka-0                            2/2       Running     0          28m
2020-07-15 13:49:19 my-cluster-kafka-1                            2/2       Running     0          6d7h
2020-07-15 13:49:19 my-cluster-kafka-2                            2/2       Running     0          6d7h
2020-07-15 13:49:19 my-cluster-zookeeper-0                        1/1       Running     0          18m
2020-07-15 13:49:19 my-cluster-zookeeper-1                        1/1       Running     0          6d7h
2020-07-15 13:49:19 my-cluster-zookeeper-2                        1/1       Running     0          6d7h
2020-07-15 13:49:19 my-connect-cluster-connect-1-deploy           0/1       Completed   0          6d11h
2020-07-15 13:49:19 my-connect-cluster-connect-2-deploy           0/1       Completed   0          6d11h
2020-07-15 13:49:19 my-connect-cluster-connect-3-deploy           0/1       Completed   0          6h8m
2020-07-15 13:49:19 my-connect-cluster-connect-3-xcwkf            1/1       Running     0          49m
2020-07-15 13:49:19 mysql-1-deploy                                0/1       Completed   0          6d8h
2020-07-15 13:49:19 mysql-2-deploy                                0/1       Completed   0          6d8h
2020-07-15 13:49:19 mysql-2-khmsf                                 1/1       Running     0          6d8h

2020-07-15 13:49:20 NAME                                          READY     STATUS      RESTARTS   AGE
2020-07-15 13:49:20 my-cluster-entity-operator-676d44468b-kjrvk   3/3       Running     0          6d7h
2020-07-15 13:49:20 my-cluster-kafka-0                            2/2       Running     0          28m
2020-07-15 13:49:20 my-cluster-kafka-1                            2/2       Running     0          6d7h
2020-07-15 13:49:20 my-cluster-kafka-2                            2/2       Running     0          6d7h
2020-07-15 13:49:20 my-cluster-zookeeper-0                        1/1       Running     0          18m
2020-07-15 13:49:20 my-cluster-zookeeper-1                        1/1       Running     0          6d7h
2020-07-15 13:49:20 my-cluster-zookeeper-2                        1/1       Running     0          6d7h
2020-07-15 13:49:20 my-connect-cluster-connect-1-deploy           0/1       Completed   0          6d11h
2020-07-15 13:49:20 my-connect-cluster-connect-2-deploy           0/1       Completed   0          6d11h
2020-07-15 13:49:20 my-connect-cluster-connect-3-deploy           0/1       Completed   0          6h8m
2020-07-15 13:49:20 my-connect-cluster-connect-3-xcwkf            1/1       Running     0          49m
2020-07-15 13:49:20 mysql-1-deploy                                0/1       Completed   0          6d8h
2020-07-15 13:49:20 mysql-2-deploy                                0/1       Completed   0          6d8h
2020-07-15 13:49:20 mysql-2-khmsf                                 1/1       Running     0          6d8h

2020-07-15 13:49:21 NAME                                          READY     STATUS      RESTARTS   AGE
2020-07-15 13:49:21 my-cluster-entity-operator-676d44468b-kjrvk   3/3       Running     0          6d7h
2020-07-15 13:49:21 my-cluster-kafka-0                            2/2       Running     0          28m
2020-07-15 13:49:21 my-cluster-kafka-1                            2/2       Running     0          6d7h
2020-07-15 13:49:21 my-cluster-kafka-2                            2/2       Running     0          6d7h
2020-07-15 13:49:21 my-cluster-zookeeper-0                        1/1       Running     0          18m
2020-07-15 13:49:21 my-cluster-zookeeper-1                        1/1       Running     0          6d7h
2020-07-15 13:49:21 my-cluster-zookeeper-2                        1/1       Running     0          6d7h
2020-07-15 13:49:21 my-connect-cluster-connect-1-deploy           0/1       Completed   0          6d11h
2020-07-15 13:49:21 my-connect-cluster-connect-2-deploy           0/1       Completed   0          6d11h
2020-07-15 13:49:21 my-connect-cluster-connect-3-deploy           0/1       Completed   0          6h8m
2020-07-15 13:49:21 my-connect-cluster-connect-3-xcwkf            1/1       Running     0          49m
2020-07-15 13:49:21 mysql-1-deploy                                0/1       Completed   0          6d8h
2020-07-15 13:49:21 mysql-2-deploy                                0/1       Completed   0          6d8h
2020-07-15 13:49:21 mysql-2-khmsf                                 1/1       Running     0          6d8h

2020-07-15 13:49:22 NAME                                          READY     STATUS      RESTARTS   AGE
2020-07-15 13:49:22 my-cluster-entity-operator-676d44468b-kjrvk   3/3       Running     0          6d7h
2020-07-15 13:49:22 my-cluster-kafka-0                            2/2       Running     0          28m
2020-07-15 13:49:22 my-cluster-kafka-1                            2/2       Running     0          6d7h
2020-07-15 13:49:22 my-cluster-kafka-2                            2/2       Running     0          6d7h
2020-07-15 13:49:22 my-cluster-zookeeper-0                        1/1       Running     0          18m
2020-07-15 13:49:22 my-cluster-zookeeper-1                        1/1       Running     0          6d7h
2020-07-15 13:49:22 my-cluster-zookeeper-2                        1/1       Running     0          6d7h
2020-07-15 13:49:22 my-connect-cluster-connect-1-deploy           0/1       Completed   0          6d11h
2020-07-15 13:49:22 my-connect-cluster-connect-2-deploy           0/1       Completed   0          6d11h
2020-07-15 13:49:22 my-connect-cluster-connect-3-deploy           0/1       Completed   0          6h8m
2020-07-15 13:49:22 my-connect-cluster-connect-3-xcwkf            1/1       Running     0          49m
2020-07-15 13:49:22 mysql-1-deploy                                0/1       Completed   0          6d8h
2020-07-15 13:49:22 mysql-2-deploy                                0/1       Completed   0          6d8h
2020-07-15 13:49:22 mysql-2-khmsf                                 1/1       Running     0          6d8h

2020-07-15 13:49:24 NAME                                          READY     STATUS      RESTARTS   AGE
2020-07-15 13:49:24 my-cluster-entity-operator-676d44468b-kjrvk   3/3       Running     0          6d7h
2020-07-15 13:49:24 my-cluster-kafka-0                            2/2       Running     0          28m
2020-07-15 13:49:24 my-cluster-kafka-1                            2/2       Running     0          6d7h
2020-07-15 13:49:24 my-cluster-kafka-2                            2/2       Running     0          6d7h
2020-07-15 13:49:24 my-cluster-zookeeper-0                        1/1       Running     0          18m
2020-07-15 13:49:24 my-cluster-zookeeper-1                        1/1       Running     0          6d7h
2020-07-15 13:49:24 my-cluster-zookeeper-2                        1/1       Running     0          6d7h
2020-07-15 13:49:24 my-connect-cluster-connect-1-deploy           0/1       Completed   0          6d11h
2020-07-15 13:49:24 my-connect-cluster-connect-2-deploy           0/1       Completed   0          6d11h
2020-07-15 13:49:24 my-connect-cluster-connect-3-deploy           0/1       Completed   0          6h8m
2020-07-15 13:49:24 my-connect-cluster-connect-3-xcwkf            1/1       Running     0          49m
2020-07-15 13:49:24 mysql-1-deploy                                0/1       Completed   0          6d8h
2020-07-15 13:49:24 mysql-2-deploy                                0/1       Completed   0          6d8h
2020-07-15 13:49:24 mysql-2-khmsf                                 1/1       Running     0          6d8h

2020-07-15 13:49:25 NAME                                          READY     STATUS      RESTARTS   AGE
2020-07-15 13:49:25 my-cluster-entity-operator-676d44468b-kjrvk   3/3       Running     0          6d7h
2020-07-15 13:49:25 my-cluster-kafka-0                            2/2       Running     0          28m
2020-07-15 13:49:25 my-cluster-kafka-1                            2/2       Running     0          6d7h
2020-07-15 13:49:25 my-cluster-kafka-2                            2/2       Running     0          6d7h
2020-07-15 13:49:25 my-cluster-zookeeper-0                        1/1       Running     0          18m
2020-07-15 13:49:25 my-cluster-zookeeper-1                        1/1       Running     0          6d7h
2020-07-15 13:49:25 my-cluster-zookeeper-2                        1/1       Running     0          6d7h
2020-07-15 13:49:25 my-connect-cluster-connect-1-deploy           0/1       Completed   0          6d11h
2020-07-15 13:49:25 my-connect-cluster-connect-2-deploy           0/1       Completed   0          6d11h
2020-07-15 13:49:25 my-connect-cluster-connect-3-deploy           0/1       Completed   0          6h8m
2020-07-15 13:49:25 my-connect-cluster-connect-3-xcwkf            1/1       Running     0          49m
2020-07-15 13:49:25 mysql-1-deploy                                0/1       Completed   0          6d8h
2020-07-15 13:49:25 mysql-2-deploy                                0/1       Completed   0          6d8h
2020-07-15 13:49:25 mysql-2-khmsf                                 1/1       Running     0          6d8h

2020-07-15 13:49:26 NAME                                          READY     STATUS      RESTARTS   AGE
2020-07-15 13:49:26 my-cluster-entity-operator-676d44468b-kjrvk   3/3       Running     0          6d7h
2020-07-15 13:49:26 my-cluster-kafka-0                            2/2       Running     0          28m
2020-07-15 13:49:26 my-cluster-kafka-1                            2/2       Running     0          6d7h
2020-07-15 13:49:26 my-cluster-kafka-2                            2/2       Running     0          6d7h
2020-07-15 13:49:26 my-cluster-zookeeper-0                        1/1       Running     0          18m
2020-07-15 13:49:26 my-cluster-zookeeper-1                        1/1       Running     0          6d7h
2020-07-15 13:49:26 my-cluster-zookeeper-2                        1/1       Running     0          6d7h
2020-07-15 13:49:26 my-connect-cluster-connect-1-deploy           0/1       Completed   0          6d11h
2020-07-15 13:49:26 my-connect-cluster-connect-2-deploy           0/1       Completed   0          6d11h
2020-07-15 13:49:26 my-connect-cluster-connect-3-deploy           0/1       Completed   0          6h8m
2020-07-15 13:49:26 my-connect-cluster-connect-3-xcwkf            1/1       Running     0          49m
2020-07-15 13:49:26 mysql-1-deploy                                0/1       Completed   0          6d8h
2020-07-15 13:49:26 mysql-2-deploy                                0/1       Completed   0          6d8h
2020-07-15 13:49:26 mysql-2-khmsf                                 1/1       Running     0          6d8h

2020-07-15 13:49:28 NAME                                          READY     STATUS      RESTARTS   AGE
2020-07-15 13:49:28 my-cluster-entity-operator-676d44468b-kjrvk   3/3       Running     0          6d7h
2020-07-15 13:49:28 my-cluster-kafka-0                            2/2       Running     0          28m
2020-07-15 13:49:28 my-cluster-kafka-1                            2/2       Running     0          6d7h
2020-07-15 13:49:28 my-cluster-kafka-2                            2/2       Running     0          6d7h
2020-07-15 13:49:28 my-cluster-zookeeper-0                        1/1       Running     0          18m
2020-07-15 13:49:28 my-cluster-zookeeper-1                        1/1       Running     0          6d7h
2020-07-15 13:49:28 my-cluster-zookeeper-2                        1/1       Running     0          6d7h
2020-07-15 13:49:28 my-connect-cluster-connect-1-deploy           0/1       Completed   0          6d11h
2020-07-15 13:49:28 my-connect-cluster-connect-2-deploy           0/1       Completed   0          6d11h
2020-07-15 13:49:28 my-connect-cluster-connect-3-deploy           0/1       Completed   0          6h8m
2020-07-15 13:49:28 my-connect-cluster-connect-3-xcwkf            1/1       Running     0          49m
2020-07-15 13:49:28 mysql-1-deploy                                0/1       Completed   0          6d8h
2020-07-15 13:49:28 mysql-2-deploy                                0/1       Completed   0          6d8h
2020-07-15 13:49:28 mysql-2-khmsf                                 1/1       Running     0          6d8h

2020-07-15 13:49:29 NAME                                          READY     STATUS      RESTARTS   AGE
2020-07-15 13:49:29 my-cluster-entity-operator-676d44468b-kjrvk   3/3       Running     0          6d7h
2020-07-15 13:49:29 my-cluster-kafka-0                            2/2       Running     0          28m
2020-07-15 13:49:29 my-cluster-kafka-1                            2/2       Running     0          6d7h
2020-07-15 13:49:29 my-cluster-kafka-2                            2/2       Running     0          6d7h
2020-07-15 13:49:29 my-cluster-zookeeper-0                        1/1       Running     0          18m
2020-07-15 13:49:29 my-cluster-zookeeper-1                        1/1       Running     0          6d7h
2020-07-15 13:49:29 my-cluster-zookeeper-2                        1/1       Running     0          6d7h
2020-07-15 13:49:29 my-connect-cluster-connect-1-deploy           0/1       Completed   0          6d11h
2020-07-15 13:49:29 my-connect-cluster-connect-2-deploy           0/1       Completed   0          6d11h
2020-07-15 13:49:29 my-connect-cluster-connect-3-deploy           0/1       Completed   0          6h8m
2020-07-15 13:49:29 my-connect-cluster-connect-3-xcwkf            1/1       Running     0          50m
2020-07-15 13:49:29 mysql-1-deploy                                0/1       Completed   0          6d8h
2020-07-15 13:49:29 mysql-2-deploy                                0/1       Completed   0          6d8h
2020-07-15 13:49:29 mysql-2-khmsf                                 1/1       Running     0          6d8h

2020-07-15 13:49:30 NAME                                          READY     STATUS      RESTARTS   AGE
2020-07-15 13:49:30 my-cluster-entity-operator-676d44468b-kjrvk   3/3       Running     0          6d7h
2020-07-15 13:49:30 my-cluster-kafka-0                            2/2       Running     0          28m
2020-07-15 13:49:30 my-cluster-kafka-1                            2/2       Running     0          6d7h
2020-07-15 13:49:30 my-cluster-kafka-2                            2/2       Running     0          6d7h
2020-07-15 13:49:30 my-cluster-zookeeper-0                        1/1       Running     0          18m
2020-07-15 13:49:30 my-cluster-zookeeper-1                        1/1       Running     0          6d7h
2020-07-15 13:49:30 my-cluster-zookeeper-2                        1/1       Running     0          6d7h
2020-07-15 13:49:30 my-connect-cluster-connect-1-deploy           0/1       Completed   0          6d11h
2020-07-15 13:49:30 my-connect-cluster-connect-2-deploy           0/1       Completed   0          6d11h
2020-07-15 13:49:30 my-connect-cluster-connect-3-deploy           0/1       Completed   0          6h8m
2020-07-15 13:49:30 my-connect-cluster-connect-3-xcwkf            1/1       Running     0          50m
2020-07-15 13:49:30 mysql-1-deploy                                0/1       Completed   0          6d8h
2020-07-15 13:49:30 mysql-2-deploy                                0/1       Completed   0          6d8h
2020-07-15 13:49:30 mysql-2-khmsf                                 1/1       Running     0          6d8h

2020-07-15 13:49:31 NAME                                          READY     STATUS      RESTARTS   AGE
2020-07-15 13:49:31 my-cluster-entity-operator-676d44468b-kjrvk   3/3       Running     0          6d7h
2020-07-15 13:49:31 my-cluster-kafka-0                            2/2       Running     0          28m
2020-07-15 13:49:31 my-cluster-kafka-1                            2/2       Running     0          6d7h
2020-07-15 13:49:31 my-cluster-kafka-2                            2/2       Running     0          6d7h
2020-07-15 13:49:31 my-cluster-zookeeper-0                        1/1       Running     0          18m
2020-07-15 13:49:31 my-cluster-zookeeper-1                        1/1       Running     0          6d7h
2020-07-15 13:49:31 my-cluster-zookeeper-2                        1/1       Running     0          6d7h
2020-07-15 13:49:31 my-connect-cluster-connect-1-deploy           0/1       Completed   0          6d11h
2020-07-15 13:49:31 my-connect-cluster-connect-2-deploy           0/1       Completed   0          6d11h
2020-07-15 13:49:31 my-connect-cluster-connect-3-deploy           0/1       Completed   0          6h9m
2020-07-15 13:49:31 my-connect-cluster-connect-3-xcwkf            1/1       Running     0          50m
2020-07-15 13:49:31 mysql-1-deploy                                0/1       Completed   0          6d8h
2020-07-15 13:49:31 mysql-2-deploy                                0/1       Completed   0          6d8h
2020-07-15 13:49:31 mysql-2-khmsf                                 1/1       Running     0          6d8h

2020-07-15 13:49:33 NAME                                          READY     STATUS      RESTARTS   AGE
2020-07-15 13:49:33 my-cluster-entity-operator-676d44468b-kjrvk   3/3       Running     0          6d7h
2020-07-15 13:49:33 my-cluster-kafka-0                            2/2       Running     0          28m
2020-07-15 13:49:33 my-cluster-kafka-1                            2/2       Running     0          6d7h
2020-07-15 13:49:33 my-cluster-kafka-2                            2/2       Running     0          6d7h
2020-07-15 13:49:33 my-cluster-zookeeper-0                        1/1       Running     0          18m
2020-07-15 13:49:33 my-cluster-zookeeper-1                        1/1       Running     0          6d7h
2020-07-15 13:49:33 my-cluster-zookeeper-2                        1/1       Running     0          6d7h
2020-07-15 13:49:33 my-connect-cluster-connect-1-deploy           0/1       Completed   0          6d11h
2020-07-15 13:49:33 my-connect-cluster-connect-2-deploy           0/1       Completed   0          6d11h
2020-07-15 13:49:33 my-connect-cluster-connect-3-deploy           0/1       Completed   0          6h9m
2020-07-15 13:49:33 my-connect-cluster-connect-3-xcwkf            1/1       Running     0          50m
2020-07-15 13:49:33 mysql-1-deploy                                0/1       Completed   0          6d8h
2020-07-15 13:49:33 mysql-2-deploy                                0/1       Completed   0          6d8h
2020-07-15 13:49:33 mysql-2-khmsf                                 1/1       Running     0          6d8h

2020-07-15 13:49:34 NAME                                          READY     STATUS      RESTARTS   AGE
2020-07-15 13:49:34 my-cluster-entity-operator-676d44468b-kjrvk   3/3       Running     0          6d7h
2020-07-15 13:49:34 my-cluster-kafka-0                            2/2       Running     0          28m
2020-07-15 13:49:34 my-cluster-kafka-1                            2/2       Running     0          6d7h
2020-07-15 13:49:34 my-cluster-kafka-2                            2/2       Running     0          6d7h
2020-07-15 13:49:34 my-cluster-zookeeper-0                        1/1       Running     0          18m
2020-07-15 13:49:34 my-cluster-zookeeper-1                        1/1       Running     0          6d7h
2020-07-15 13:49:34 my-cluster-zookeeper-2                        1/1       Running     0          6d7h
2020-07-15 13:49:34 my-connect-cluster-connect-1-deploy           0/1       Completed   0          6d11h
2020-07-15 13:49:34 my-connect-cluster-connect-2-deploy           0/1       Completed   0          6d11h
2020-07-15 13:49:34 my-connect-cluster-connect-3-deploy           0/1       Completed   0          6h9m
2020-07-15 13:49:34 my-connect-cluster-connect-3-xcwkf            1/1       Running     0          50m
2020-07-15 13:49:34 mysql-1-deploy                                0/1       Completed   0          6d8h
2020-07-15 13:49:34 mysql-2-deploy                                0/1       Completed   0          6d8h
2020-07-15 13:49:34 mysql-2-khmsf                                 1/1       Running     0          6d8h

2020-07-15 13:49:35 NAME                                          READY     STATUS      RESTARTS   AGE
2020-07-15 13:49:35 my-cluster-entity-operator-676d44468b-kjrvk   3/3       Running     0          6d7h
2020-07-15 13:49:35 my-cluster-kafka-0                            2/2       Running     0          28m
2020-07-15 13:49:35 my-cluster-kafka-1                            2/2       Running     0          6d7h
2020-07-15 13:49:35 my-cluster-kafka-2                            2/2       Running     0          6d7h
2020-07-15 13:49:35 my-cluster-zookeeper-0                        1/1       Running     0          18m
2020-07-15 13:49:35 my-cluster-zookeeper-1                        1/1       Running     0          6d7h
2020-07-15 13:49:35 my-cluster-zookeeper-2                        1/1       Running     0          6d7h
2020-07-15 13:49:35 my-connect-cluster-connect-1-deploy           0/1       Completed   0          6d11h
2020-07-15 13:49:35 my-connect-cluster-connect-2-deploy           0/1       Completed   0          6d11h
2020-07-15 13:49:35 my-connect-cluster-connect-3-deploy           0/1       Completed   0          6h9m
2020-07-15 13:49:35 my-connect-cluster-connect-3-xcwkf            1/1       Running     0          50m
2020-07-15 13:49:35 mysql-1-deploy                                0/1       Completed   0          6d8h
2020-07-15 13:49:35 mysql-2-deploy                                0/1       Completed   0          6d8h
2020-07-15 13:49:35 mysql-2-khmsf                                 1/1       Running     0          6d8h

2020-07-15 13:49:37 NAME                                          READY     STATUS      RESTARTS   AGE
2020-07-15 13:49:37 my-cluster-entity-operator-676d44468b-kjrvk   3/3       Running     0          6d7h
2020-07-15 13:49:37 my-cluster-kafka-0                            2/2       Running     0          28m
2020-07-15 13:49:37 my-cluster-kafka-1                            2/2       Running     0          6d7h
2020-07-15 13:49:37 my-cluster-kafka-2                            2/2       Running     0          6d7h
2020-07-15 13:49:37 my-cluster-zookeeper-0                        1/1       Running     0          18m
2020-07-15 13:49:37 my-cluster-zookeeper-1                        1/1       Running     0          6d7h
2020-07-15 13:49:37 my-cluster-zookeeper-2                        1/1       Running     0          6d7h
2020-07-15 13:49:37 my-connect-cluster-connect-1-deploy           0/1       Completed   0          6d11h
2020-07-15 13:49:37 my-connect-cluster-connect-2-deploy           0/1       Completed   0          6d11h
2020-07-15 13:49:37 my-connect-cluster-connect-3-deploy           0/1       Completed   0          6h9m
2020-07-15 13:49:37 my-connect-cluster-connect-3-xcwkf            1/1       Running     0          50m
2020-07-15 13:49:37 mysql-1-deploy                                0/1       Completed   0          6d8h
2020-07-15 13:49:37 mysql-2-deploy                                0/1       Completed   0          6d8h
2020-07-15 13:49:37 mysql-2-khmsf                                 1/1       Running     0          6d8h

2020-07-15 13:49:38 NAME                                          READY     STATUS      RESTARTS   AGE
2020-07-15 13:49:38 my-cluster-entity-operator-676d44468b-kjrvk   3/3       Running     0          6d7h
2020-07-15 13:49:38 my-cluster-kafka-0                            2/2       Running     0          28m
2020-07-15 13:49:38 my-cluster-kafka-1                            2/2       Running     0          6d7h
2020-07-15 13:49:38 my-cluster-kafka-2                            2/2       Running     0          6d7h
2020-07-15 13:49:38 my-cluster-zookeeper-0                        1/1       Running     0          18m
2020-07-15 13:49:38 my-cluster-zookeeper-1                        1/1       Running     0          6d7h
2020-07-15 13:49:38 my-cluster-zookeeper-2                        1/1       Running     0          6d7h
2020-07-15 13:49:38 my-connect-cluster-connect-1-deploy           0/1       Completed   0          6d11h
2020-07-15 13:49:38 my-connect-cluster-connect-2-deploy           0/1       Completed   0          6d11h
2020-07-15 13:49:38 my-connect-cluster-connect-3-deploy           0/1       Completed   0          6h9m
2020-07-15 13:49:38 my-connect-cluster-connect-3-xcwkf            1/1       Running     0          50m
2020-07-15 13:49:38 mysql-1-deploy                                0/1       Completed   0          6d8h
2020-07-15 13:49:38 mysql-2-deploy                                0/1       Completed   0          6d8h
2020-07-15 13:49:38 mysql-2-khmsf                                 1/1       Running     0          6d8h

2020-07-15 13:49:39 NAME                                          READY     STATUS      RESTARTS   AGE
2020-07-15 13:49:39 my-cluster-entity-operator-676d44468b-kjrvk   3/3       Running     0          6d7h
2020-07-15 13:49:39 my-cluster-kafka-0                            2/2       Running     0          28m
2020-07-15 13:49:39 my-cluster-kafka-1                            2/2       Running     0          6d7h
2020-07-15 13:49:39 my-cluster-kafka-2                            2/2       Running     0          6d7h
2020-07-15 13:49:39 my-cluster-zookeeper-0                        1/1       Running     0          18m
2020-07-15 13:49:39 my-cluster-zookeeper-1                        1/1       Running     0          6d7h
2020-07-15 13:49:39 my-cluster-zookeeper-2                        1/1       Running     0          6d7h
2020-07-15 13:49:39 my-connect-cluster-connect-1-deploy           0/1       Completed   0          6d11h
2020-07-15 13:49:39 my-connect-cluster-connect-2-deploy           0/1       Completed   0          6d11h
2020-07-15 13:49:39 my-connect-cluster-connect-3-deploy           0/1       Completed   0          6h9m
2020-07-15 13:49:39 my-connect-cluster-connect-3-xcwkf            1/1       Running     0          50m
2020-07-15 13:49:39 mysql-1-deploy                                0/1       Completed   0          6d8h
2020-07-15 13:49:39 mysql-2-deploy                                0/1       Completed   0          6d8h
2020-07-15 13:49:39 mysql-2-khmsf                                 1/1       Running     0          6d8h

2020-07-15 13:49:40 NAME                                          READY     STATUS      RESTARTS   AGE
2020-07-15 13:49:40 my-cluster-entity-operator-676d44468b-kjrvk   3/3       Running     0          6d7h
2020-07-15 13:49:40 my-cluster-kafka-0                            2/2       Running     0          28m
2020-07-15 13:49:40 my-cluster-kafka-1                            2/2       Running     0          6d7h
2020-07-15 13:49:40 my-cluster-kafka-2                            2/2       Running     0          6d7h
2020-07-15 13:49:40 my-cluster-zookeeper-0                        1/1       Running     0          19m
2020-07-15 13:49:40 my-cluster-zookeeper-1                        1/1       Running     0          6d7h
2020-07-15 13:49:40 my-cluster-zookeeper-2                        1/1       Running     0          6d7h
2020-07-15 13:49:40 my-connect-cluster-connect-1-deploy           0/1       Completed   0          6d11h
2020-07-15 13:49:40 my-connect-cluster-connect-2-deploy           0/1       Completed   0          6d11h
2020-07-15 13:49:40 my-connect-cluster-connect-3-deploy           0/1       Completed   0          6h9m
2020-07-15 13:49:40 my-connect-cluster-connect-3-xcwkf            1/1       Running     0          50m
2020-07-15 13:49:40 mysql-1-deploy                                0/1       Completed   0          6d8h
2020-07-15 13:49:40 mysql-2-deploy                                0/1       Completed   0          6d8h
2020-07-15 13:49:40 mysql-2-khmsf                                 1/1       Running     0          6d8h

2020-07-15 13:49:42 NAME                                          READY     STATUS      RESTARTS   AGE
2020-07-15 13:49:42 my-cluster-entity-operator-676d44468b-kjrvk   3/3       Running     0          6d7h
2020-07-15 13:49:42 my-cluster-kafka-0                            2/2       Running     0          28m
2020-07-15 13:49:42 my-cluster-kafka-1                            2/2       Running     0          6d7h
2020-07-15 13:49:42 my-cluster-kafka-2                            2/2       Running     0          6d7h
2020-07-15 13:49:42 my-cluster-zookeeper-0                        1/1       Running     0          19m
2020-07-15 13:49:42 my-cluster-zookeeper-1                        1/1       Running     0          6d7h
2020-07-15 13:49:42 my-cluster-zookeeper-2                        1/1       Running     0          6d7h
2020-07-15 13:49:42 my-connect-cluster-connect-1-deploy           0/1       Completed   0          6d11h
2020-07-15 13:49:42 my-connect-cluster-connect-2-deploy           0/1       Completed   0          6d11h
2020-07-15 13:49:42 my-connect-cluster-connect-3-deploy           0/1       Completed   0          6h9m
2020-07-15 13:49:42 my-connect-cluster-connect-3-xcwkf            1/1       Running     0          50m
2020-07-15 13:49:42 mysql-1-deploy                                0/1       Completed   0          6d8h
2020-07-15 13:49:42 mysql-2-deploy                                0/1       Completed   0          6d8h
2020-07-15 13:49:42 mysql-2-khmsf                                 1/1       Running     0          6d8h

2020-07-15 13:49:43 NAME                                          READY     STATUS      RESTARTS   AGE
2020-07-15 13:49:43 my-cluster-entity-operator-676d44468b-kjrvk   3/3       Running     0          6d7h
2020-07-15 13:49:43 my-cluster-kafka-0                            2/2       Running     0          28m
2020-07-15 13:49:43 my-cluster-kafka-1                            2/2       Running     0          6d7h
2020-07-15 13:49:43 my-cluster-kafka-2                            2/2       Running     0          6d7h
2020-07-15 13:49:43 my-cluster-zookeeper-0                        1/1       Running     0          19m
2020-07-15 13:49:43 my-cluster-zookeeper-1                        1/1       Running     0          6d7h
2020-07-15 13:49:43 my-cluster-zookeeper-2                        1/1       Running     0          6d7h
2020-07-15 13:49:43 my-connect-cluster-connect-1-deploy           0/1       Completed   0          6d11h
2020-07-15 13:49:43 my-connect-cluster-connect-2-deploy           0/1       Completed   0          6d11h
2020-07-15 13:49:43 my-connect-cluster-connect-3-deploy           0/1       Completed   0          6h9m
2020-07-15 13:49:43 my-connect-cluster-connect-3-xcwkf            1/1       Running     0          50m
2020-07-15 13:49:43 mysql-1-deploy                                0/1       Completed   0          6d8h
2020-07-15 13:49:43 mysql-2-deploy                                0/1       Completed   0          6d8h
2020-07-15 13:49:43 mysql-2-khmsf                                 1/1       Running     0          6d8h

2020-07-15 13:49:44 NAME                                          READY     STATUS      RESTARTS   AGE
2020-07-15 13:49:44 my-cluster-entity-operator-676d44468b-kjrvk   3/3       Running     0          6d7h
2020-07-15 13:49:44 my-cluster-kafka-0                            2/2       Running     0          28m
2020-07-15 13:49:44 my-cluster-kafka-1                            2/2       Running     0          6d7h
2020-07-15 13:49:44 my-cluster-kafka-2                            2/2       Running     0          6d7h
2020-07-15 13:49:44 my-cluster-zookeeper-0                        1/1       Running     0          19m
2020-07-15 13:49:44 my-cluster-zookeeper-1                        1/1       Running     0          6d7h
2020-07-15 13:49:44 my-cluster-zookeeper-2                        1/1       Running     0          6d7h
2020-07-15 13:49:44 my-connect-cluster-connect-1-deploy           0/1       Completed   0          6d11h
2020-07-15 13:49:44 my-connect-cluster-connect-2-deploy           0/1       Completed   0          6d11h
2020-07-15 13:49:44 my-connect-cluster-connect-3-deploy           0/1       Completed   0          6h9m
2020-07-15 13:49:44 my-connect-cluster-connect-3-xcwkf            1/1       Running     0          50m
2020-07-15 13:49:44 mysql-1-deploy                                0/1       Completed   0          6d8h
2020-07-15 13:49:44 mysql-2-deploy                                0/1       Completed   0          6d8h
2020-07-15 13:49:44 mysql-2-khmsf                                 1/1       Running     0          6d8h

2020-07-15 13:49:46 NAME                                          READY     STATUS      RESTARTS   AGE
2020-07-15 13:49:46 my-cluster-entity-operator-676d44468b-kjrvk   3/3       Running     0          6d7h
2020-07-15 13:49:46 my-cluster-kafka-0                            2/2       Running     0          28m
2020-07-15 13:49:46 my-cluster-kafka-1                            2/2       Running     0          6d7h
2020-07-15 13:49:46 my-cluster-kafka-2                            2/2       Running     0          6d7h
2020-07-15 13:49:46 my-cluster-zookeeper-0                        1/1       Running     0          19m
2020-07-15 13:49:46 my-cluster-zookeeper-1                        1/1       Running     0          6d7h
2020-07-15 13:49:46 my-cluster-zookeeper-2                        1/1       Running     0          6d7h
2020-07-15 13:49:46 my-connect-cluster-connect-1-deploy           0/1       Completed   0          6d11h
2020-07-15 13:49:46 my-connect-cluster-connect-2-deploy           0/1       Completed   0          6d11h
2020-07-15 13:49:46 my-connect-cluster-connect-3-deploy           0/1       Completed   0          6h9m
2020-07-15 13:49:46 my-connect-cluster-connect-3-xcwkf            1/1       Running     0          50m
2020-07-15 13:49:46 mysql-1-deploy                                0/1       Completed   0          6d8h
2020-07-15 13:49:46 mysql-2-deploy                                0/1       Completed   0          6d8h
2020-07-15 13:49:46 mysql-2-khmsf                                 1/1       Running     0          6d8h

2020-07-15 13:49:47 NAME                                          READY     STATUS      RESTARTS   AGE
2020-07-15 13:49:47 my-cluster-entity-operator-676d44468b-kjrvk   3/3       Running     0          6d7h
2020-07-15 13:49:47 my-cluster-kafka-0                            2/2       Running     0          28m
2020-07-15 13:49:47 my-cluster-kafka-1                            2/2       Running     0          6d7h
2020-07-15 13:49:47 my-cluster-kafka-2                            2/2       Running     0          6d7h
2020-07-15 13:49:47 my-cluster-zookeeper-0                        1/1       Running     0          19m
2020-07-15 13:49:47 my-cluster-zookeeper-1                        1/1       Running     0          6d7h
2020-07-15 13:49:47 my-cluster-zookeeper-2                        1/1       Running     0          6d7h
2020-07-15 13:49:47 my-connect-cluster-connect-1-deploy           0/1       Completed   0          6d11h
2020-07-15 13:49:47 my-connect-cluster-connect-2-deploy           0/1       Completed   0          6d11h
2020-07-15 13:49:47 my-connect-cluster-connect-3-deploy           0/1       Completed   0          6h9m
2020-07-15 13:49:47 my-connect-cluster-connect-3-xcwkf            1/1       Running     0          50m
2020-07-15 13:49:47 mysql-1-deploy                                0/1       Completed   0          6d8h
2020-07-15 13:49:47 mysql-2-deploy                                0/1       Completed   0          6d8h
2020-07-15 13:49:47 mysql-2-khmsf                                 1/1       Running     0          6d8h

2020-07-15 13:49:48 NAME                                          READY     STATUS      RESTARTS   AGE
2020-07-15 13:49:48 my-cluster-entity-operator-676d44468b-kjrvk   3/3       Running     0          6d7h
2020-07-15 13:49:48 my-cluster-kafka-0                            2/2       Running     0          28m
2020-07-15 13:49:48 my-cluster-kafka-1                            2/2       Running     0          6d7h
2020-07-15 13:49:48 my-cluster-kafka-2                            2/2       Running     0          6d7h
2020-07-15 13:49:48 my-cluster-zookeeper-0                        1/1       Running     0          19m
2020-07-15 13:49:48 my-cluster-zookeeper-1                        1/1       Running     0          6d7h
2020-07-15 13:49:48 my-cluster-zookeeper-2                        1/1       Running     0          6d7h
2020-07-15 13:49:48 my-connect-cluster-connect-1-deploy           0/1       Completed   0          6d11h
2020-07-15 13:49:48 my-connect-cluster-connect-2-deploy           0/1       Completed   0          6d11h
2020-07-15 13:49:48 my-connect-cluster-connect-3-deploy           0/1       Completed   0          6h9m
2020-07-15 13:49:48 my-connect-cluster-connect-3-xcwkf            1/1       Running     0          50m
2020-07-15 13:49:48 mysql-1-deploy                                0/1       Completed   0          6d8h
2020-07-15 13:49:48 mysql-2-deploy                                0/1       Completed   0          6d8h
2020-07-15 13:49:48 mysql-2-khmsf                                 1/1       Running     0          6d8h

2020-07-15 13:49:49 NAME                                          READY     STATUS      RESTARTS   AGE
2020-07-15 13:49:49 my-cluster-entity-operator-676d44468b-kjrvk   3/3       Running     0          6d7h
2020-07-15 13:49:49 my-cluster-kafka-0                            2/2       Running     0          28m
2020-07-15 13:49:49 my-cluster-kafka-1                            2/2       Running     0          6d7h
2020-07-15 13:49:49 my-cluster-kafka-2                            2/2       Running     0          6d7h
2020-07-15 13:49:49 my-cluster-zookeeper-0                        1/1       Running     0          19m
2020-07-15 13:49:49 my-cluster-zookeeper-1                        1/1       Running     0          6d7h
2020-07-15 13:49:49 my-cluster-zookeeper-2                        1/1       Running     0          6d7h
2020-07-15 13:49:49 my-connect-cluster-connect-1-deploy           0/1       Completed   0          6d11h
2020-07-15 13:49:49 my-connect-cluster-connect-2-deploy           0/1       Completed   0          6d11h
2020-07-15 13:49:49 my-connect-cluster-connect-3-deploy           0/1       Completed   0          6h9m
2020-07-15 13:49:49 my-connect-cluster-connect-3-xcwkf            1/1       Running     0          50m
2020-07-15 13:49:49 mysql-1-deploy                                0/1       Completed   0          6d8h
2020-07-15 13:49:49 mysql-2-deploy                                0/1       Completed   0          6d8h
2020-07-15 13:49:49 mysql-2-khmsf                                 1/1       Running     0          6d8h

2020-07-15 13:49:51 NAME                                          READY     STATUS      RESTARTS   AGE
2020-07-15 13:49:51 my-cluster-entity-operator-676d44468b-kjrvk   3/3       Running     0          6d7h
2020-07-15 13:49:51 my-cluster-kafka-0                            2/2       Running     0          28m
2020-07-15 13:49:51 my-cluster-kafka-1                            2/2       Running     0          6d7h
2020-07-15 13:49:51 my-cluster-kafka-2                            2/2       Running     0          6d7h
2020-07-15 13:49:51 my-cluster-zookeeper-0                        1/1       Running     0          19m
2020-07-15 13:49:51 my-cluster-zookeeper-1                        1/1       Running     0          6d7h
2020-07-15 13:49:51 my-cluster-zookeeper-2                        1/1       Running     0          6d7h
2020-07-15 13:49:51 my-connect-cluster-connect-1-deploy           0/1       Completed   0          6d11h
2020-07-15 13:49:51 my-connect-cluster-connect-2-deploy           0/1       Completed   0          6d11h
2020-07-15 13:49:51 my-connect-cluster-connect-3-deploy           0/1       Completed   0          6h9m
2020-07-15 13:49:51 my-connect-cluster-connect-3-xcwkf            1/1       Running     0          50m
2020-07-15 13:49:51 mysql-1-deploy                                0/1       Completed   0          6d8h
2020-07-15 13:49:51 mysql-2-deploy                                0/1       Completed   0          6d8h
2020-07-15 13:49:51 mysql-2-khmsf                                 1/1       Running     0          6d8h

2020-07-15 13:49:52 NAME                                          READY     STATUS      RESTARTS   AGE
2020-07-15 13:49:52 my-cluster-entity-operator-676d44468b-kjrvk   3/3       Running     0          6d7h
2020-07-15 13:49:52 my-cluster-kafka-0                            2/2       Running     0          28m
2020-07-15 13:49:52 my-cluster-kafka-1                            2/2       Running     0          6d7h
2020-07-15 13:49:52 my-cluster-kafka-2                            2/2       Running     0          6d7h
2020-07-15 13:49:52 my-cluster-zookeeper-0                        1/1       Running     0          19m
2020-07-15 13:49:52 my-cluster-zookeeper-1                        1/1       Running     0          6d7h
2020-07-15 13:49:52 my-cluster-zookeeper-2                        1/1       Running     0          6d7h
2020-07-15 13:49:52 my-connect-cluster-connect-1-deploy           0/1       Completed   0          6d11h
2020-07-15 13:49:52 my-connect-cluster-connect-2-deploy           0/1       Completed   0          6d11h
2020-07-15 13:49:52 my-connect-cluster-connect-3-deploy           0/1       Completed   0          6h9m
2020-07-15 13:49:52 my-connect-cluster-connect-3-xcwkf            1/1       Running     0          50m
2020-07-15 13:49:52 mysql-1-deploy                                0/1       Completed   0          6d8h
2020-07-15 13:49:52 mysql-2-deploy                                0/1       Completed   0          6d8h
2020-07-15 13:49:52 mysql-2-khmsf                                 1/1       Running     0          6d8h

2020-07-15 13:49:53 NAME                                          READY     STATUS      RESTARTS   AGE
2020-07-15 13:49:53 my-cluster-entity-operator-676d44468b-kjrvk   3/3       Running     0          6d7h
2020-07-15 13:49:53 my-cluster-kafka-0                            2/2       Running     0          28m
2020-07-15 13:49:53 my-cluster-kafka-1                            2/2       Running     0          6d7h
2020-07-15 13:49:53 my-cluster-kafka-2                            2/2       Running     0          6d7h
2020-07-15 13:49:53 my-cluster-zookeeper-0                        1/1       Running     0          19m
2020-07-15 13:49:53 my-cluster-zookeeper-1                        1/1       Running     0          6d7h
2020-07-15 13:49:53 my-cluster-zookeeper-2                        1/1       Running     0          6d7h
2020-07-15 13:49:53 my-connect-cluster-connect-1-deploy           0/1       Completed   0          6d11h
2020-07-15 13:49:53 my-connect-cluster-connect-2-deploy           0/1       Completed   0          6d11h
2020-07-15 13:49:53 my-connect-cluster-connect-3-deploy           0/1       Completed   0          6h9m
2020-07-15 13:49:53 my-connect-cluster-connect-3-xcwkf            1/1       Running     0          50m
2020-07-15 13:49:53 mysql-1-deploy                                0/1       Completed   0          6d8h
2020-07-15 13:49:53 mysql-2-deploy                                0/1       Completed   0          6d8h
2020-07-15 13:49:53 mysql-2-khmsf                                 1/1       Running     0          6d8h

2020-07-15 13:49:55 NAME                                          READY     STATUS      RESTARTS   AGE
2020-07-15 13:49:55 my-cluster-entity-operator-676d44468b-kjrvk   3/3       Running     0          6d7h
2020-07-15 13:49:55 my-cluster-kafka-0                            2/2       Running     0          28m
2020-07-15 13:49:55 my-cluster-kafka-1                            2/2       Running     0          6d7h
2020-07-15 13:49:55 my-cluster-kafka-2                            2/2       Running     0          6d7h
2020-07-15 13:49:55 my-cluster-zookeeper-0                        1/1       Running     0          19m
2020-07-15 13:49:55 my-cluster-zookeeper-1                        1/1       Running     0          6d7h
2020-07-15 13:49:55 my-cluster-zookeeper-2                        1/1       Running     0          6d7h
2020-07-15 13:49:55 my-connect-cluster-connect-1-deploy           0/1       Completed   0          6d11h
2020-07-15 13:49:55 my-connect-cluster-connect-2-deploy           0/1       Completed   0          6d11h
2020-07-15 13:49:55 my-connect-cluster-connect-3-deploy           0/1       Completed   0          6h9m
2020-07-15 13:49:55 my-connect-cluster-connect-3-xcwkf            1/1       Running     0          50m
2020-07-15 13:49:55 mysql-1-deploy                                0/1       Completed   0          6d8h
2020-07-15 13:49:55 mysql-2-deploy                                0/1       Completed   0          6d8h
2020-07-15 13:49:55 mysql-2-khmsf                                 1/1       Running     0          6d8h

2020-07-15 13:49:56 NAME                                          READY     STATUS      RESTARTS   AGE
2020-07-15 13:49:56 my-cluster-entity-operator-676d44468b-kjrvk   3/3       Running     0          6d7h
2020-07-15 13:49:56 my-cluster-kafka-0                            2/2       Running     0          28m
2020-07-15 13:49:56 my-cluster-kafka-1                            2/2       Running     0          6d7h
2020-07-15 13:49:56 my-cluster-kafka-2                            2/2       Running     0          6d7h
2020-07-15 13:49:56 my-cluster-zookeeper-0                        1/1       Running     0          19m
2020-07-15 13:49:56 my-cluster-zookeeper-1                        1/1       Running     0          6d7h
2020-07-15 13:49:56 my-cluster-zookeeper-2                        1/1       Running     0          6d7h
2020-07-15 13:49:56 my-connect-cluster-connect-1-deploy           0/1       Completed   0          6d11h
2020-07-15 13:49:56 my-connect-cluster-connect-2-deploy           0/1       Completed   0          6d11h
2020-07-15 13:49:56 my-connect-cluster-connect-3-deploy           0/1       Completed   0          6h9m
2020-07-15 13:49:56 my-connect-cluster-connect-3-xcwkf            1/1       Running     0          50m
2020-07-15 13:49:56 mysql-1-deploy                                0/1       Completed   0          6d8h
2020-07-15 13:49:56 mysql-2-deploy                                0/1       Completed   0          6d8h
2020-07-15 13:49:56 mysql-2-khmsf                                 1/1       Running     0          6d8h

2020-07-15 13:49:57 NAME                                          READY     STATUS      RESTARTS   AGE
2020-07-15 13:49:57 my-cluster-entity-operator-676d44468b-kjrvk   3/3       Running     0          6d7h
2020-07-15 13:49:57 my-cluster-kafka-0                            2/2       Running     0          28m
2020-07-15 13:49:57 my-cluster-kafka-1                            2/2       Running     0          6d7h
2020-07-15 13:49:57 my-cluster-kafka-2                            2/2       Running     0          6d7h
2020-07-15 13:49:57 my-cluster-zookeeper-0                        1/1       Running     0          19m
2020-07-15 13:49:57 my-cluster-zookeeper-1                        1/1       Running     0          6d7h
2020-07-15 13:49:57 my-cluster-zookeeper-2                        1/1       Running     0          6d7h
2020-07-15 13:49:57 my-connect-cluster-connect-1-deploy           0/1       Completed   0          6d11h
2020-07-15 13:49:57 my-connect-cluster-connect-2-deploy           0/1       Completed   0          6d11h
2020-07-15 13:49:57 my-connect-cluster-connect-3-deploy           0/1       Completed   0          6h9m
2020-07-15 13:49:57 my-connect-cluster-connect-3-xcwkf            1/1       Running     0          50m
2020-07-15 13:49:57 mysql-1-deploy                                0/1       Completed   0          6d8h
2020-07-15 13:49:57 mysql-2-deploy                                0/1       Completed   0          6d8h
2020-07-15 13:49:57 mysql-2-khmsf                                 1/1       Running     0          6d8h

2020-07-15 13:49:58 NAME                                          READY     STATUS      RESTARTS   AGE
2020-07-15 13:49:58 my-cluster-entity-operator-676d44468b-kjrvk   3/3       Running     0          6d7h
2020-07-15 13:49:58 my-cluster-kafka-0                            2/2       Running     0          29m
2020-07-15 13:49:58 my-cluster-kafka-1                            2/2       Running     0          6d7h
2020-07-15 13:49:58 my-cluster-kafka-2                            2/2       Running     0          6d7h
2020-07-15 13:49:58 my-cluster-zookeeper-0                        1/1       Running     0          19m
2020-07-15 13:49:58 my-cluster-zookeeper-1                        1/1       Running     0          6d7h
2020-07-15 13:49:58 my-cluster-zookeeper-2                        1/1       Running     0          6d7h
2020-07-15 13:49:58 my-connect-cluster-connect-1-deploy           0/1       Completed   0          6d11h
2020-07-15 13:49:58 my-connect-cluster-connect-2-deploy           0/1       Completed   0          6d11h
2020-07-15 13:49:58 my-connect-cluster-connect-3-deploy           0/1       Completed   0          6h9m
2020-07-15 13:49:58 my-connect-cluster-connect-3-xcwkf            1/1       Running     0          50m
2020-07-15 13:49:58 mysql-1-deploy                                0/1       Completed   0          6d8h
2020-07-15 13:49:58 mysql-2-deploy                                0/1       Completed   0          6d8h
2020-07-15 13:49:58 mysql-2-khmsf                                 1/1       Running     0          6d8h

