2020-07-15 13:30:26 mysql: [Warning] Using a password on the command line interface can be insecure.
2020-07-15 13:30:26 +-----------+
2020-07-15 13:30:26 | count(id) |
2020-07-15 13:30:26 +-----------+
2020-07-15 13:30:26 |         0 |
2020-07-15 13:30:26 +-----------+
2020-07-15 13:30:28 mysql: [Warning] Using a password on the command line interface can be insecure.
2020-07-15 13:30:28 +-----------+
2020-07-15 13:30:28 | count(id) |
2020-07-15 13:30:28 +-----------+
2020-07-15 13:30:28 |         0 |
2020-07-15 13:30:28 +-----------+
2020-07-15 13:30:29 mysql: [Warning] Using a password on the command line interface can be insecure.
2020-07-15 13:30:29 +-----------+
2020-07-15 13:30:29 | count(id) |
2020-07-15 13:30:29 +-----------+
2020-07-15 13:30:29 |         0 |
2020-07-15 13:30:29 +-----------+
2020-07-15 13:30:31 mysql: [Warning] Using a password on the command line interface can be insecure.
2020-07-15 13:30:31 +-----------+
2020-07-15 13:30:31 | count(id) |
2020-07-15 13:30:31 +-----------+
2020-07-15 13:30:31 |         0 |
2020-07-15 13:30:31 +-----------+
2020-07-15 13:30:33 mysql: [Warning] Using a password on the command line interface can be insecure.
2020-07-15 13:30:33 +-----------+
2020-07-15 13:30:33 | count(id) |
2020-07-15 13:30:33 +-----------+
2020-07-15 13:30:33 |         0 |
2020-07-15 13:30:33 +-----------+
2020-07-15 13:30:34 mysql: [Warning] Using a password on the command line interface can be insecure.
2020-07-15 13:30:34 +-----------+
2020-07-15 13:30:34 | count(id) |
2020-07-15 13:30:34 +-----------+
2020-07-15 13:30:34 |         2 |
2020-07-15 13:30:34 +-----------+
2020-07-15 13:30:36 mysql: [Warning] Using a password on the command line interface can be insecure.
2020-07-15 13:30:36 +-----------+
2020-07-15 13:30:36 | count(id) |
2020-07-15 13:30:36 +-----------+
2020-07-15 13:30:36 |         5 |
2020-07-15 13:30:36 +-----------+
2020-07-15 13:30:38 mysql: [Warning] Using a password on the command line interface can be insecure.
2020-07-15 13:30:38 +-----------+
2020-07-15 13:30:38 | count(id) |
2020-07-15 13:30:38 +-----------+
2020-07-15 13:30:38 |         7 |
2020-07-15 13:30:38 +-----------+
2020-07-15 13:30:39 mysql: [Warning] Using a password on the command line interface can be insecure.
2020-07-15 13:30:39 +-----------+
2020-07-15 13:30:39 | count(id) |
2020-07-15 13:30:39 +-----------+
2020-07-15 13:30:39 |        10 |
2020-07-15 13:30:39 +-----------+
2020-07-15 13:30:41 mysql: [Warning] Using a password on the command line interface can be insecure.
2020-07-15 13:30:41 +-----------+
2020-07-15 13:30:41 | count(id) |
2020-07-15 13:30:41 +-----------+
2020-07-15 13:30:41 |        13 |
2020-07-15 13:30:41 +-----------+
2020-07-15 13:30:43 mysql: [Warning] Using a password on the command line interface can be insecure.
2020-07-15 13:30:43 +-----------+
2020-07-15 13:30:43 | count(id) |
2020-07-15 13:30:43 +-----------+
2020-07-15 13:30:43 |        15 |
2020-07-15 13:30:43 +-----------+
2020-07-15 13:30:45 mysql: [Warning] Using a password on the command line interface can be insecure.
2020-07-15 13:30:45 +-----------+
2020-07-15 13:30:45 | count(id) |
2020-07-15 13:30:45 +-----------+
2020-07-15 13:30:45 |        17 |
2020-07-15 13:30:45 +-----------+
2020-07-15 13:30:46 mysql: [Warning] Using a password on the command line interface can be insecure.
2020-07-15 13:30:46 +-----------+
2020-07-15 13:30:46 | count(id) |
2020-07-15 13:30:46 +-----------+
2020-07-15 13:30:46 |        20 |
2020-07-15 13:30:46 +-----------+
2020-07-15 13:30:48 mysql: [Warning] Using a password on the command line interface can be insecure.
2020-07-15 13:30:48 +-----------+
2020-07-15 13:30:48 | count(id) |
2020-07-15 13:30:48 +-----------+
2020-07-15 13:30:48 |        23 |
2020-07-15 13:30:48 +-----------+
2020-07-15 13:30:50 mysql: [Warning] Using a password on the command line interface can be insecure.
2020-07-15 13:30:50 +-----------+
2020-07-15 13:30:50 | count(id) |
2020-07-15 13:30:50 +-----------+
2020-07-15 13:30:50 |        25 |
2020-07-15 13:30:50 +-----------+
2020-07-15 13:30:51 mysql: [Warning] Using a password on the command line interface can be insecure.
2020-07-15 13:30:51 +-----------+
2020-07-15 13:30:51 | count(id) |
2020-07-15 13:30:51 +-----------+
2020-07-15 13:30:51 |        28 |
2020-07-15 13:30:51 +-----------+
2020-07-15 13:30:53 mysql: [Warning] Using a password on the command line interface can be insecure.
2020-07-15 13:30:53 +-----------+
2020-07-15 13:30:53 | count(id) |
2020-07-15 13:30:53 +-----------+
2020-07-15 13:30:53 |        31 |
2020-07-15 13:30:53 +-----------+
2020-07-15 13:30:55 mysql: [Warning] Using a password on the command line interface can be insecure.
2020-07-15 13:30:55 +-----------+
2020-07-15 13:30:55 | count(id) |
2020-07-15 13:30:55 +-----------+
2020-07-15 13:30:55 |        33 |
2020-07-15 13:30:55 +-----------+
2020-07-15 13:30:57 mysql: [Warning] Using a password on the command line interface can be insecure.
2020-07-15 13:30:57 +-----------+
2020-07-15 13:30:57 | count(id) |
2020-07-15 13:30:57 +-----------+
2020-07-15 13:30:57 |        35 |
2020-07-15 13:30:57 +-----------+
2020-07-15 13:30:58 mysql: [Warning] Using a password on the command line interface can be insecure.
2020-07-15 13:30:58 +-----------+
2020-07-15 13:30:58 | count(id) |
2020-07-15 13:30:58 +-----------+
2020-07-15 13:30:58 |        38 |
2020-07-15 13:30:58 +-----------+
2020-07-15 13:31:00 mysql: [Warning] Using a password on the command line interface can be insecure.
2020-07-15 13:31:00 +-----------+
2020-07-15 13:31:00 | count(id) |
2020-07-15 13:31:00 +-----------+
2020-07-15 13:31:00 |        40 |
2020-07-15 13:31:00 +-----------+
2020-07-15 13:31:02 mysql: [Warning] Using a password on the command line interface can be insecure.
2020-07-15 13:31:02 +-----------+
2020-07-15 13:31:02 | count(id) |
2020-07-15 13:31:02 +-----------+
2020-07-15 13:31:02 |        42 |
2020-07-15 13:31:02 +-----------+
2020-07-15 13:31:03 mysql: [Warning] Using a password on the command line interface can be insecure.
2020-07-15 13:31:03 +-----------+
2020-07-15 13:31:03 | count(id) |
2020-07-15 13:31:03 +-----------+
2020-07-15 13:31:03 |        45 |
2020-07-15 13:31:03 +-----------+
2020-07-15 13:31:05 mysql: [Warning] Using a password on the command line interface can be insecure.
2020-07-15 13:31:05 +-----------+
2020-07-15 13:31:05 | count(id) |
2020-07-15 13:31:05 +-----------+
2020-07-15 13:31:05 |        47 |
2020-07-15 13:31:05 +-----------+
2020-07-15 13:31:07 mysql: [Warning] Using a password on the command line interface can be insecure.
2020-07-15 13:31:07 +-----------+
2020-07-15 13:31:07 | count(id) |
2020-07-15 13:31:07 +-----------+
2020-07-15 13:31:07 |        50 |
2020-07-15 13:31:07 +-----------+
2020-07-15 13:31:08 mysql: [Warning] Using a password on the command line interface can be insecure.
2020-07-15 13:31:08 +-----------+
2020-07-15 13:31:08 | count(id) |
2020-07-15 13:31:08 +-----------+
2020-07-15 13:31:08 |        50 |
2020-07-15 13:31:08 +-----------+
2020-07-15 13:31:10 mysql: [Warning] Using a password on the command line interface can be insecure.
2020-07-15 13:31:10 +-----------+
2020-07-15 13:31:10 | count(id) |
2020-07-15 13:31:10 +-----------+
2020-07-15 13:31:10 |        50 |
2020-07-15 13:31:10 +-----------+
2020-07-15 13:31:12 mysql: [Warning] Using a password on the command line interface can be insecure.
2020-07-15 13:31:12 +-----------+
2020-07-15 13:31:12 | count(id) |
2020-07-15 13:31:12 +-----------+
2020-07-15 13:31:12 |        50 |
2020-07-15 13:31:12 +-----------+
