2020-07-15 12:59:06 NAME                                          READY     STATUS      RESTARTS   AGE
2020-07-15 12:59:06 my-cluster-entity-operator-7cbb484468-ntv9q   3/3       Running     0          5h42m
2020-07-15 12:59:06 my-cluster-kafka-0                            2/2       Running     1          144m
2020-07-15 12:59:06 my-cluster-kafka-1                            2/2       Running     0          5h43m
2020-07-15 12:59:06 my-cluster-kafka-2                            2/2       Running     0          5h43m
2020-07-15 12:59:06 my-cluster-zookeeper-0                        1/1       Running     0          5h43m
2020-07-15 12:59:06 my-cluster-zookeeper-1                        1/1       Running     0          5h43m
2020-07-15 12:59:06 my-cluster-zookeeper-2                        1/1       Running     0          5h43m
2020-07-15 12:59:06 my-connect-cluster-connect-1-deploy           0/1       Completed   0          5h20m
2020-07-15 12:59:06 my-connect-cluster-connect-2-cp59c            1/1       Running     0          129m
2020-07-15 12:59:06 my-connect-cluster-connect-2-deploy           0/1       Completed   0          5h16m
2020-07-15 12:59:06 my-mm2-cluster-mirrormaker2-b9765f446-k8ldx   1/1       Running     0          90m
2020-07-15 12:59:06 mysql-1-deploy                                0/1       Completed   0          6h32m
2020-07-15 12:59:06 mysql-1-hxk6p                                 1/1       Running     0          107m

2020-07-15 12:59:08 NAME                                          READY     STATUS      RESTARTS   AGE
2020-07-15 12:59:08 my-cluster-entity-operator-7cbb484468-ntv9q   3/3       Running     0          5h42m
2020-07-15 12:59:08 my-cluster-kafka-0                            2/2       Running     1          144m
2020-07-15 12:59:08 my-cluster-kafka-1                            2/2       Running     0          5h43m
2020-07-15 12:59:08 my-cluster-kafka-2                            2/2       Running     0          5h43m
2020-07-15 12:59:08 my-cluster-zookeeper-0                        1/1       Running     0          5h43m
2020-07-15 12:59:08 my-cluster-zookeeper-1                        1/1       Running     0          5h43m
2020-07-15 12:59:08 my-cluster-zookeeper-2                        1/1       Running     0          5h43m
2020-07-15 12:59:08 my-connect-cluster-connect-1-deploy           0/1       Completed   0          5h20m
2020-07-15 12:59:08 my-connect-cluster-connect-2-cp59c            1/1       Running     0          129m
2020-07-15 12:59:08 my-connect-cluster-connect-2-deploy           0/1       Completed   0          5h16m
2020-07-15 12:59:08 my-mm2-cluster-mirrormaker2-b9765f446-k8ldx   1/1       Running     0          90m
2020-07-15 12:59:08 mysql-1-deploy                                0/1       Completed   0          6h32m
2020-07-15 12:59:08 mysql-1-hxk6p                                 1/1       Running     0          107m

2020-07-15 12:59:09 NAME                                          READY     STATUS      RESTARTS   AGE
2020-07-15 12:59:09 my-cluster-entity-operator-7cbb484468-ntv9q   3/3       Running     0          5h42m
2020-07-15 12:59:09 my-cluster-kafka-0                            2/2       Running     1          144m
2020-07-15 12:59:09 my-cluster-kafka-1                            2/2       Running     0          5h43m
2020-07-15 12:59:09 my-cluster-kafka-2                            2/2       Running     0          5h43m
2020-07-15 12:59:09 my-cluster-zookeeper-0                        1/1       Running     0          5h43m
2020-07-15 12:59:09 my-cluster-zookeeper-1                        1/1       Running     0          5h43m
2020-07-15 12:59:09 my-cluster-zookeeper-2                        1/1       Running     0          5h43m
2020-07-15 12:59:09 my-connect-cluster-connect-1-deploy           0/1       Completed   0          5h20m
2020-07-15 12:59:09 my-connect-cluster-connect-2-cp59c            1/1       Running     0          129m
2020-07-15 12:59:09 my-connect-cluster-connect-2-deploy           0/1       Completed   0          5h16m
2020-07-15 12:59:09 my-mm2-cluster-mirrormaker2-b9765f446-k8ldx   1/1       Running     0          90m
2020-07-15 12:59:09 mysql-1-deploy                                0/1       Completed   0          6h32m
2020-07-15 12:59:09 mysql-1-hxk6p                                 1/1       Running     0          107m

2020-07-15 12:59:10 NAME                                          READY     STATUS      RESTARTS   AGE
2020-07-15 12:59:10 my-cluster-entity-operator-7cbb484468-ntv9q   3/3       Running     0          5h42m
2020-07-15 12:59:10 my-cluster-kafka-0                            2/2       Running     1          144m
2020-07-15 12:59:10 my-cluster-kafka-1                            2/2       Running     0          5h43m
2020-07-15 12:59:10 my-cluster-kafka-2                            2/2       Running     0          5h43m
2020-07-15 12:59:10 my-cluster-zookeeper-0                        1/1       Running     0          5h43m
2020-07-15 12:59:10 my-cluster-zookeeper-1                        1/1       Running     0          5h43m
2020-07-15 12:59:10 my-cluster-zookeeper-2                        1/1       Running     0          5h43m
2020-07-15 12:59:10 my-connect-cluster-connect-1-deploy           0/1       Completed   0          5h20m
2020-07-15 12:59:10 my-connect-cluster-connect-2-cp59c            1/1       Running     0          129m
2020-07-15 12:59:10 my-connect-cluster-connect-2-deploy           0/1       Completed   0          5h16m
2020-07-15 12:59:10 my-mm2-cluster-mirrormaker2-b9765f446-k8ldx   1/1       Running     0          90m
2020-07-15 12:59:10 mysql-1-deploy                                0/1       Completed   0          6h32m
2020-07-15 12:59:10 mysql-1-hxk6p                                 1/1       Running     0          107m

2020-07-15 12:59:11 NAME                                          READY     STATUS      RESTARTS   AGE
2020-07-15 12:59:11 my-cluster-entity-operator-7cbb484468-ntv9q   3/3       Running     0          5h42m
2020-07-15 12:59:11 my-cluster-kafka-0                            2/2       Running     1          144m
2020-07-15 12:59:11 my-cluster-kafka-1                            2/2       Running     0          5h43m
2020-07-15 12:59:11 my-cluster-kafka-2                            2/2       Running     0          5h43m
2020-07-15 12:59:11 my-cluster-zookeeper-0                        1/1       Running     0          5h43m
2020-07-15 12:59:11 my-cluster-zookeeper-1                        1/1       Running     0          5h43m
2020-07-15 12:59:11 my-cluster-zookeeper-2                        1/1       Running     0          5h43m
2020-07-15 12:59:11 my-connect-cluster-connect-1-deploy           0/1       Completed   0          5h20m
2020-07-15 12:59:11 my-connect-cluster-connect-2-cp59c            1/1       Running     0          129m
2020-07-15 12:59:11 my-connect-cluster-connect-2-deploy           0/1       Completed   0          5h16m
2020-07-15 12:59:11 my-mm2-cluster-mirrormaker2-b9765f446-k8ldx   1/1       Running     0          90m
2020-07-15 12:59:11 mysql-1-deploy                                0/1       Completed   0          6h32m
2020-07-15 12:59:11 mysql-1-hxk6p                                 1/1       Running     0          107m

2020-07-15 12:59:13 NAME                                          READY     STATUS      RESTARTS   AGE
2020-07-15 12:59:13 my-cluster-entity-operator-7cbb484468-ntv9q   3/3       Running     0          5h42m
2020-07-15 12:59:13 my-cluster-kafka-0                            2/2       Running     1          144m
2020-07-15 12:59:13 my-cluster-kafka-1                            2/2       Running     0          5h43m
2020-07-15 12:59:13 my-cluster-kafka-2                            2/2       Running     0          5h43m
2020-07-15 12:59:13 my-cluster-zookeeper-0                        1/1       Running     0          5h43m
2020-07-15 12:59:13 my-cluster-zookeeper-1                        1/1       Running     0          5h43m
2020-07-15 12:59:13 my-cluster-zookeeper-2                        1/1       Running     0          5h43m
2020-07-15 12:59:13 my-connect-cluster-connect-1-deploy           0/1       Completed   0          5h20m
2020-07-15 12:59:13 my-connect-cluster-connect-2-cp59c            1/1       Running     0          129m
2020-07-15 12:59:13 my-connect-cluster-connect-2-deploy           0/1       Completed   0          5h16m
2020-07-15 12:59:13 my-mm2-cluster-mirrormaker2-b9765f446-k8ldx   1/1       Running     0          90m
2020-07-15 12:59:13 mysql-1-deploy                                0/1       Completed   0          6h32m
2020-07-15 12:59:13 mysql-1-hxk6p                                 1/1       Running     0          107m

2020-07-15 12:59:14 NAME                                          READY     STATUS      RESTARTS   AGE
2020-07-15 12:59:14 my-cluster-entity-operator-7cbb484468-ntv9q   3/3       Running     0          5h42m
2020-07-15 12:59:14 my-cluster-kafka-0                            2/2       Running     1          144m
2020-07-15 12:59:14 my-cluster-kafka-1                            2/2       Running     0          5h43m
2020-07-15 12:59:14 my-cluster-kafka-2                            2/2       Running     0          5h43m
2020-07-15 12:59:14 my-cluster-zookeeper-0                        1/1       Running     0          5h44m
2020-07-15 12:59:14 my-cluster-zookeeper-1                        1/1       Running     0          5h44m
2020-07-15 12:59:14 my-cluster-zookeeper-2                        1/1       Running     0          5h44m
2020-07-15 12:59:14 my-connect-cluster-connect-1-deploy           0/1       Completed   0          5h20m
2020-07-15 12:59:14 my-connect-cluster-connect-2-cp59c            1/1       Running     0          129m
2020-07-15 12:59:14 my-connect-cluster-connect-2-deploy           0/1       Completed   0          5h16m
2020-07-15 12:59:14 my-mm2-cluster-mirrormaker2-b9765f446-k8ldx   1/1       Running     0          90m
2020-07-15 12:59:14 mysql-1-deploy                                0/1       Completed   0          6h32m
2020-07-15 12:59:14 mysql-1-hxk6p                                 1/1       Running     0          107m

2020-07-15 12:59:15 NAME                                          READY     STATUS      RESTARTS   AGE
2020-07-15 12:59:15 my-cluster-entity-operator-7cbb484468-ntv9q   3/3       Running     0          5h42m
2020-07-15 12:59:15 my-cluster-kafka-0                            2/2       Running     1          144m
2020-07-15 12:59:15 my-cluster-kafka-1                            2/2       Running     0          5h43m
2020-07-15 12:59:15 my-cluster-kafka-2                            2/2       Running     0          5h43m
2020-07-15 12:59:15 my-cluster-zookeeper-0                        1/1       Running     0          5h44m
2020-07-15 12:59:15 my-cluster-zookeeper-1                        1/1       Running     0          5h44m
2020-07-15 12:59:15 my-cluster-zookeeper-2                        1/1       Running     0          5h44m
2020-07-15 12:59:15 my-connect-cluster-connect-1-deploy           0/1       Completed   0          5h21m
2020-07-15 12:59:15 my-connect-cluster-connect-2-cp59c            1/1       Running     0          129m
2020-07-15 12:59:15 my-connect-cluster-connect-2-deploy           0/1       Completed   0          5h16m
2020-07-15 12:59:15 my-mm2-cluster-mirrormaker2-b9765f446-k8ldx   1/1       Running     0          90m
2020-07-15 12:59:15 mysql-1-deploy                                0/1       Completed   0          6h32m
2020-07-15 12:59:15 mysql-1-hxk6p                                 1/1       Running     0          107m

2020-07-15 12:59:17 NAME                                          READY     STATUS      RESTARTS   AGE
2020-07-15 12:59:17 my-cluster-entity-operator-7cbb484468-ntv9q   3/3       Running     0          5h42m
2020-07-15 12:59:17 my-cluster-kafka-0                            2/2       Running     1          144m
2020-07-15 12:59:17 my-cluster-kafka-1                            2/2       Running     0          5h43m
2020-07-15 12:59:17 my-cluster-kafka-2                            2/2       Running     0          5h43m
2020-07-15 12:59:17 my-cluster-zookeeper-0                        1/1       Running     0          5h44m
2020-07-15 12:59:17 my-cluster-zookeeper-1                        1/1       Running     0          5h44m
2020-07-15 12:59:17 my-cluster-zookeeper-2                        1/1       Running     0          5h44m
2020-07-15 12:59:17 my-connect-cluster-connect-1-deploy           0/1       Completed   0          5h21m
2020-07-15 12:59:17 my-connect-cluster-connect-2-cp59c            1/1       Running     0          129m
2020-07-15 12:59:17 my-connect-cluster-connect-2-deploy           0/1       Completed   0          5h16m
2020-07-15 12:59:17 my-mm2-cluster-mirrormaker2-b9765f446-k8ldx   1/1       Running     0          90m
2020-07-15 12:59:17 mysql-1-deploy                                0/1       Completed   0          6h32m
2020-07-15 12:59:17 mysql-1-hxk6p                                 1/1       Running     0          107m

2020-07-15 12:59:18 NAME                                          READY     STATUS      RESTARTS   AGE
2020-07-15 12:59:18 my-cluster-entity-operator-7cbb484468-ntv9q   3/3       Running     0          5h42m
2020-07-15 12:59:18 my-cluster-kafka-0                            2/2       Running     1          144m
2020-07-15 12:59:18 my-cluster-kafka-1                            2/2       Running     0          5h43m
2020-07-15 12:59:18 my-cluster-kafka-2                            2/2       Running     0          5h43m
2020-07-15 12:59:18 my-cluster-zookeeper-0                        1/1       Running     0          5h44m
2020-07-15 12:59:18 my-cluster-zookeeper-1                        1/1       Running     0          5h44m
2020-07-15 12:59:18 my-cluster-zookeeper-2                        1/1       Running     0          5h44m
2020-07-15 12:59:18 my-connect-cluster-connect-1-deploy           0/1       Completed   0          5h21m
2020-07-15 12:59:18 my-connect-cluster-connect-2-cp59c            1/1       Running     0          129m
2020-07-15 12:59:18 my-connect-cluster-connect-2-deploy           0/1       Completed   0          5h16m
2020-07-15 12:59:18 my-mm2-cluster-mirrormaker2-b9765f446-k8ldx   1/1       Running     0          90m
2020-07-15 12:59:18 mysql-1-deploy                                0/1       Completed   0          6h32m
2020-07-15 12:59:18 mysql-1-hxk6p                                 1/1       Running     0          107m

2020-07-15 12:59:19 NAME                                          READY     STATUS      RESTARTS   AGE
2020-07-15 12:59:19 my-cluster-entity-operator-7cbb484468-ntv9q   3/3       Running     0          5h42m
2020-07-15 12:59:19 my-cluster-kafka-0                            2/2       Running     1          144m
2020-07-15 12:59:19 my-cluster-kafka-1                            2/2       Running     0          5h43m
2020-07-15 12:59:19 my-cluster-kafka-2                            2/2       Running     0          5h43m
2020-07-15 12:59:19 my-cluster-zookeeper-0                        1/1       Running     0          5h44m
2020-07-15 12:59:19 my-cluster-zookeeper-1                        1/1       Running     0          5h44m
2020-07-15 12:59:19 my-cluster-zookeeper-2                        1/1       Running     0          5h44m
2020-07-15 12:59:19 my-connect-cluster-connect-1-deploy           0/1       Completed   0          5h21m
2020-07-15 12:59:19 my-connect-cluster-connect-2-cp59c            1/1       Running     0          129m
2020-07-15 12:59:19 my-connect-cluster-connect-2-deploy           0/1       Completed   0          5h16m
2020-07-15 12:59:19 my-mm2-cluster-mirrormaker2-b9765f446-k8ldx   1/1       Running     0          90m
2020-07-15 12:59:19 mysql-1-deploy                                0/1       Completed   0          6h32m
2020-07-15 12:59:19 mysql-1-hxk6p                                 1/1       Running     0          107m

2020-07-15 12:59:20 NAME                                          READY     STATUS      RESTARTS   AGE
2020-07-15 12:59:20 my-cluster-entity-operator-7cbb484468-ntv9q   3/3       Running     0          5h42m
2020-07-15 12:59:20 my-cluster-kafka-0                            2/2       Running     1          144m
2020-07-15 12:59:20 my-cluster-kafka-1                            2/2       Running     0          5h43m
2020-07-15 12:59:20 my-cluster-kafka-2                            2/2       Running     0          5h43m
2020-07-15 12:59:20 my-cluster-zookeeper-0                        1/1       Running     0          5h44m
2020-07-15 12:59:20 my-cluster-zookeeper-1                        1/1       Running     0          5h44m
2020-07-15 12:59:20 my-cluster-zookeeper-2                        1/1       Running     0          5h44m
2020-07-15 12:59:20 my-connect-cluster-connect-1-deploy           0/1       Completed   0          5h21m
2020-07-15 12:59:20 my-connect-cluster-connect-2-cp59c            1/1       Running     0          129m
2020-07-15 12:59:20 my-connect-cluster-connect-2-deploy           0/1       Completed   0          5h16m
2020-07-15 12:59:20 my-mm2-cluster-mirrormaker2-b9765f446-k8ldx   1/1       Running     0          90m
2020-07-15 12:59:20 mysql-1-deploy                                0/1       Completed   0          6h32m
2020-07-15 12:59:20 mysql-1-hxk6p                                 1/1       Running     0          107m

2020-07-15 12:59:22 NAME                                          READY     STATUS      RESTARTS   AGE
2020-07-15 12:59:22 my-cluster-entity-operator-7cbb484468-ntv9q   3/3       Running     0          5h42m
2020-07-15 12:59:22 my-cluster-kafka-0                            2/2       Running     1          145m
2020-07-15 12:59:22 my-cluster-kafka-1                            2/2       Running     0          5h43m
2020-07-15 12:59:22 my-cluster-kafka-2                            2/2       Running     0          5h43m
2020-07-15 12:59:22 my-cluster-zookeeper-0                        1/1       Running     0          5h44m
2020-07-15 12:59:22 my-cluster-zookeeper-1                        1/1       Running     0          5h44m
2020-07-15 12:59:22 my-cluster-zookeeper-2                        1/1       Running     0          5h44m
2020-07-15 12:59:22 my-connect-cluster-connect-1-deploy           0/1       Completed   0          5h21m
2020-07-15 12:59:22 my-connect-cluster-connect-2-cp59c            1/1       Running     0          129m
2020-07-15 12:59:22 my-connect-cluster-connect-2-deploy           0/1       Completed   0          5h16m
2020-07-15 12:59:22 my-mm2-cluster-mirrormaker2-b9765f446-k8ldx   1/1       Running     0          90m
2020-07-15 12:59:22 mysql-1-deploy                                0/1       Completed   0          6h32m
2020-07-15 12:59:22 mysql-1-hxk6p                                 1/1       Running     0          107m

2020-07-15 12:59:23 NAME                                          READY     STATUS      RESTARTS   AGE
2020-07-15 12:59:23 my-cluster-entity-operator-7cbb484468-ntv9q   3/3       Running     0          5h42m
2020-07-15 12:59:23 my-cluster-kafka-0                            2/2       Running     1          145m
2020-07-15 12:59:23 my-cluster-kafka-1                            2/2       Running     0          5h43m
2020-07-15 12:59:23 my-cluster-kafka-2                            2/2       Running     0          5h43m
2020-07-15 12:59:23 my-cluster-zookeeper-0                        1/1       Running     0          5h44m
2020-07-15 12:59:23 my-cluster-zookeeper-1                        1/1       Running     0          5h44m
2020-07-15 12:59:23 my-cluster-zookeeper-2                        1/1       Running     0          5h44m
2020-07-15 12:59:23 my-connect-cluster-connect-1-deploy           0/1       Completed   0          5h21m
2020-07-15 12:59:23 my-connect-cluster-connect-2-cp59c            1/1       Running     0          129m
2020-07-15 12:59:23 my-connect-cluster-connect-2-deploy           0/1       Completed   0          5h16m
2020-07-15 12:59:23 my-mm2-cluster-mirrormaker2-b9765f446-k8ldx   1/1       Running     0          90m
2020-07-15 12:59:23 mysql-1-deploy                                0/1       Completed   0          6h32m
2020-07-15 12:59:23 mysql-1-hxk6p                                 1/1       Running     0          107m

2020-07-15 12:59:24 NAME                                          READY     STATUS      RESTARTS   AGE
2020-07-15 12:59:24 my-cluster-entity-operator-7cbb484468-ntv9q   3/3       Running     0          5h42m
2020-07-15 12:59:24 my-cluster-kafka-0                            2/2       Running     1          145m
2020-07-15 12:59:24 my-cluster-kafka-1                            2/2       Running     0          5h43m
2020-07-15 12:59:24 my-cluster-kafka-2                            2/2       Running     0          5h43m
2020-07-15 12:59:24 my-cluster-zookeeper-0                        1/1       Running     0          5h44m
2020-07-15 12:59:24 my-cluster-zookeeper-1                        1/1       Running     0          5h44m
2020-07-15 12:59:24 my-cluster-zookeeper-2                        1/1       Running     0          5h44m
2020-07-15 12:59:24 my-connect-cluster-connect-1-deploy           0/1       Completed   0          5h21m
2020-07-15 12:59:24 my-connect-cluster-connect-2-cp59c            1/1       Running     0          129m
2020-07-15 12:59:24 my-connect-cluster-connect-2-deploy           0/1       Completed   0          5h16m
2020-07-15 12:59:24 my-mm2-cluster-mirrormaker2-b9765f446-k8ldx   1/1       Running     0          90m
2020-07-15 12:59:24 mysql-1-deploy                                0/1       Completed   0          6h32m
2020-07-15 12:59:24 mysql-1-hxk6p                                 1/1       Running     0          108m

2020-07-15 12:59:26 NAME                                          READY     STATUS      RESTARTS   AGE
2020-07-15 12:59:26 my-cluster-entity-operator-7cbb484468-ntv9q   3/3       Running     0          5h42m
2020-07-15 12:59:26 my-cluster-kafka-0                            2/2       Running     1          145m
2020-07-15 12:59:26 my-cluster-kafka-1                            2/2       Running     0          5h43m
2020-07-15 12:59:26 my-cluster-kafka-2                            2/2       Running     0          5h43m
2020-07-15 12:59:26 my-cluster-zookeeper-0                        1/1       Running     0          5h44m
2020-07-15 12:59:26 my-cluster-zookeeper-1                        1/1       Running     0          5h44m
2020-07-15 12:59:26 my-cluster-zookeeper-2                        1/1       Running     0          5h44m
2020-07-15 12:59:26 my-connect-cluster-connect-1-deploy           0/1       Completed   0          5h21m
2020-07-15 12:59:26 my-connect-cluster-connect-2-cp59c            1/1       Running     0          129m
2020-07-15 12:59:26 my-connect-cluster-connect-2-deploy           0/1       Completed   0          5h16m
2020-07-15 12:59:26 my-mm2-cluster-mirrormaker2-b9765f446-k8ldx   1/1       Running     0          90m
2020-07-15 12:59:26 mysql-1-deploy                                0/1       Completed   0          6h32m
2020-07-15 12:59:26 mysql-1-hxk6p                                 1/1       Running     0          108m

2020-07-15 12:59:27 NAME                                          READY     STATUS      RESTARTS   AGE
2020-07-15 12:59:27 my-cluster-entity-operator-7cbb484468-ntv9q   3/3       Running     0          5h42m
2020-07-15 12:59:27 my-cluster-kafka-0                            2/2       Running     1          145m
2020-07-15 12:59:27 my-cluster-kafka-1                            2/2       Running     0          5h43m
2020-07-15 12:59:27 my-cluster-kafka-2                            2/2       Running     0          5h43m
2020-07-15 12:59:27 my-cluster-zookeeper-0                        1/1       Running     0          5h44m
2020-07-15 12:59:27 my-cluster-zookeeper-1                        1/1       Running     0          5h44m
2020-07-15 12:59:27 my-cluster-zookeeper-2                        1/1       Running     0          5h44m
2020-07-15 12:59:27 my-connect-cluster-connect-1-deploy           0/1       Completed   0          5h21m
2020-07-15 12:59:27 my-connect-cluster-connect-2-cp59c            1/1       Running     0          129m
2020-07-15 12:59:27 my-connect-cluster-connect-2-deploy           0/1       Completed   0          5h16m
2020-07-15 12:59:27 my-mm2-cluster-mirrormaker2-b9765f446-k8ldx   1/1       Running     0          90m
2020-07-15 12:59:27 mysql-1-deploy                                0/1       Completed   0          6h32m
2020-07-15 12:59:27 mysql-1-hxk6p                                 1/1       Running     0          108m

2020-07-15 12:59:28 NAME                                          READY     STATUS      RESTARTS   AGE
2020-07-15 12:59:28 my-cluster-entity-operator-7cbb484468-ntv9q   3/3       Running     0          5h42m
2020-07-15 12:59:28 my-cluster-kafka-0                            2/2       Running     1          145m
2020-07-15 12:59:28 my-cluster-kafka-1                            2/2       Running     0          5h43m
2020-07-15 12:59:28 my-cluster-kafka-2                            2/2       Running     0          5h43m
2020-07-15 12:59:28 my-cluster-zookeeper-0                        1/1       Running     0          5h44m
2020-07-15 12:59:28 my-cluster-zookeeper-1                        1/1       Running     0          5h44m
2020-07-15 12:59:28 my-cluster-zookeeper-2                        1/1       Running     0          5h44m
2020-07-15 12:59:28 my-connect-cluster-connect-1-deploy           0/1       Completed   0          5h21m
2020-07-15 12:59:28 my-connect-cluster-connect-2-cp59c            1/1       Running     0          129m
2020-07-15 12:59:28 my-connect-cluster-connect-2-deploy           0/1       Completed   0          5h16m
2020-07-15 12:59:28 my-mm2-cluster-mirrormaker2-b9765f446-k8ldx   1/1       Running     0          90m
2020-07-15 12:59:28 mysql-1-deploy                                0/1       Completed   0          6h32m
2020-07-15 12:59:28 mysql-1-hxk6p                                 1/1       Running     0          108m

2020-07-15 12:59:29 NAME                                          READY     STATUS      RESTARTS   AGE
2020-07-15 12:59:29 my-cluster-entity-operator-7cbb484468-ntv9q   3/3       Running     0          5h42m
2020-07-15 12:59:29 my-cluster-kafka-0                            2/2       Running     1          145m
2020-07-15 12:59:29 my-cluster-kafka-1                            2/2       Running     0          5h43m
2020-07-15 12:59:29 my-cluster-kafka-2                            2/2       Running     0          5h43m
2020-07-15 12:59:29 my-cluster-zookeeper-0                        1/1       Running     0          5h44m
2020-07-15 12:59:29 my-cluster-zookeeper-1                        1/1       Running     0          5h44m
2020-07-15 12:59:29 my-cluster-zookeeper-2                        1/1       Running     0          5h44m
2020-07-15 12:59:29 my-connect-cluster-connect-1-deploy           0/1       Completed   0          5h21m
2020-07-15 12:59:29 my-connect-cluster-connect-2-cp59c            1/1       Running     0          129m
2020-07-15 12:59:29 my-connect-cluster-connect-2-deploy           0/1       Completed   0          5h16m
2020-07-15 12:59:29 my-mm2-cluster-mirrormaker2-b9765f446-k8ldx   1/1       Running     0          90m
2020-07-15 12:59:29 mysql-1-deploy                                0/1       Completed   0          6h32m
2020-07-15 12:59:29 mysql-1-hxk6p                                 1/1       Running     0          108m

2020-07-15 12:59:31 NAME                                          READY     STATUS      RESTARTS   AGE
2020-07-15 12:59:31 my-cluster-entity-operator-7cbb484468-ntv9q   3/3       Running     0          5h42m
2020-07-15 12:59:31 my-cluster-kafka-0                            2/2       Running     1          145m
2020-07-15 12:59:31 my-cluster-kafka-1                            2/2       Running     0          5h43m
2020-07-15 12:59:31 my-cluster-kafka-2                            2/2       Running     0          5h43m
2020-07-15 12:59:31 my-cluster-zookeeper-0                        1/1       Running     0          5h44m
2020-07-15 12:59:31 my-cluster-zookeeper-1                        1/1       Running     0          5h44m
2020-07-15 12:59:31 my-cluster-zookeeper-2                        1/1       Running     0          5h44m
2020-07-15 12:59:31 my-connect-cluster-connect-1-deploy           0/1       Completed   0          5h21m
2020-07-15 12:59:31 my-connect-cluster-connect-2-cp59c            1/1       Running     0          129m
2020-07-15 12:59:31 my-connect-cluster-connect-2-deploy           0/1       Completed   0          5h16m
2020-07-15 12:59:31 my-mm2-cluster-mirrormaker2-b9765f446-k8ldx   1/1       Running     0          90m
2020-07-15 12:59:31 mysql-1-deploy                                0/1       Completed   0          6h32m
2020-07-15 12:59:31 mysql-1-hxk6p                                 1/1       Running     0          108m

2020-07-15 12:59:32 NAME                                          READY     STATUS      RESTARTS   AGE
2020-07-15 12:59:32 my-cluster-entity-operator-7cbb484468-ntv9q   3/3       Running     0          5h42m
2020-07-15 12:59:32 my-cluster-kafka-0                            2/2       Running     1          145m
2020-07-15 12:59:32 my-cluster-kafka-1                            2/2       Running     0          5h43m
2020-07-15 12:59:32 my-cluster-kafka-2                            2/2       Running     0          5h43m
2020-07-15 12:59:32 my-cluster-zookeeper-0                        1/1       Running     0          5h44m
2020-07-15 12:59:32 my-cluster-zookeeper-1                        1/1       Running     0          5h44m
2020-07-15 12:59:32 my-cluster-zookeeper-2                        1/1       Running     0          5h44m
2020-07-15 12:59:32 my-connect-cluster-connect-1-deploy           0/1       Completed   0          5h21m
2020-07-15 12:59:32 my-connect-cluster-connect-2-cp59c            1/1       Running     0          129m
2020-07-15 12:59:32 my-connect-cluster-connect-2-deploy           0/1       Completed   0          5h16m
2020-07-15 12:59:32 my-mm2-cluster-mirrormaker2-b9765f446-k8ldx   1/1       Running     0          90m
2020-07-15 12:59:32 mysql-1-deploy                                0/1       Completed   0          6h32m
2020-07-15 12:59:32 mysql-1-hxk6p                                 1/1       Running     0          108m

2020-07-15 12:59:33 NAME                                          READY     STATUS      RESTARTS   AGE
2020-07-15 12:59:33 my-cluster-entity-operator-7cbb484468-ntv9q   3/3       Running     0          5h42m
2020-07-15 12:59:33 my-cluster-kafka-0                            2/2       Running     1          145m
2020-07-15 12:59:33 my-cluster-kafka-1                            2/2       Running     0          5h43m
2020-07-15 12:59:33 my-cluster-kafka-2                            2/2       Running     0          5h43m
2020-07-15 12:59:33 my-cluster-zookeeper-0                        1/1       Running     0          5h44m
2020-07-15 12:59:33 my-cluster-zookeeper-1                        1/1       Running     0          5h44m
2020-07-15 12:59:33 my-cluster-zookeeper-2                        1/1       Running     0          5h44m
2020-07-15 12:59:33 my-connect-cluster-connect-1-deploy           0/1       Completed   0          5h21m
2020-07-15 12:59:33 my-connect-cluster-connect-2-cp59c            1/1       Running     0          129m
2020-07-15 12:59:33 my-connect-cluster-connect-2-deploy           0/1       Completed   0          5h16m
2020-07-15 12:59:33 my-mm2-cluster-mirrormaker2-b9765f446-k8ldx   1/1       Running     0          90m
2020-07-15 12:59:33 mysql-1-deploy                                0/1       Completed   0          6h32m
2020-07-15 12:59:33 mysql-1-hxk6p                                 1/1       Running     0          108m

2020-07-15 12:59:35 NAME                                          READY     STATUS      RESTARTS   AGE
2020-07-15 12:59:35 my-cluster-entity-operator-7cbb484468-ntv9q   3/3       Running     0          5h42m
2020-07-15 12:59:35 my-cluster-kafka-0                            2/2       Running     1          145m
2020-07-15 12:59:35 my-cluster-kafka-1                            2/2       Running     0          5h43m
2020-07-15 12:59:35 my-cluster-kafka-2                            2/2       Running     0          5h43m
2020-07-15 12:59:35 my-cluster-zookeeper-0                        1/1       Running     0          5h44m
2020-07-15 12:59:35 my-cluster-zookeeper-1                        1/1       Running     0          5h44m
2020-07-15 12:59:35 my-cluster-zookeeper-2                        1/1       Running     0          5h44m
2020-07-15 12:59:35 my-connect-cluster-connect-1-deploy           0/1       Completed   0          5h21m
2020-07-15 12:59:35 my-connect-cluster-connect-2-cp59c            1/1       Running     0          129m
2020-07-15 12:59:35 my-connect-cluster-connect-2-deploy           0/1       Completed   0          5h16m
2020-07-15 12:59:35 my-mm2-cluster-mirrormaker2-b9765f446-k8ldx   1/1       Running     0          90m
2020-07-15 12:59:35 mysql-1-deploy                                0/1       Completed   0          6h33m
2020-07-15 12:59:35 mysql-1-hxk6p                                 1/1       Running     0          108m

2020-07-15 12:59:36 NAME                                          READY     STATUS      RESTARTS   AGE
2020-07-15 12:59:36 my-cluster-entity-operator-7cbb484468-ntv9q   3/3       Running     0          5h42m
2020-07-15 12:59:36 my-cluster-kafka-0                            2/2       Running     1          145m
2020-07-15 12:59:36 my-cluster-kafka-1                            2/2       Running     0          5h43m
2020-07-15 12:59:36 my-cluster-kafka-2                            2/2       Running     0          5h43m
2020-07-15 12:59:36 my-cluster-zookeeper-0                        1/1       Running     0          5h44m
2020-07-15 12:59:36 my-cluster-zookeeper-1                        1/1       Running     0          5h44m
2020-07-15 12:59:36 my-cluster-zookeeper-2                        1/1       Running     0          5h44m
2020-07-15 12:59:36 my-connect-cluster-connect-1-deploy           0/1       Completed   0          5h21m
2020-07-15 12:59:36 my-connect-cluster-connect-2-cp59c            1/1       Running     0          129m
2020-07-15 12:59:36 my-connect-cluster-connect-2-deploy           0/1       Completed   0          5h16m
2020-07-15 12:59:36 my-mm2-cluster-mirrormaker2-b9765f446-k8ldx   1/1       Running     0          90m
2020-07-15 12:59:36 mysql-1-deploy                                0/1       Completed   0          6h33m
2020-07-15 12:59:36 mysql-1-hxk6p                                 1/1       Running     0          108m

2020-07-15 12:59:37 NAME                                          READY     STATUS      RESTARTS   AGE
2020-07-15 12:59:37 my-cluster-entity-operator-7cbb484468-ntv9q   3/3       Running     0          5h42m
2020-07-15 12:59:37 my-cluster-kafka-0                            2/2       Running     1          145m
2020-07-15 12:59:37 my-cluster-kafka-1                            2/2       Running     0          5h43m
2020-07-15 12:59:37 my-cluster-kafka-2                            2/2       Running     0          5h43m
2020-07-15 12:59:37 my-cluster-zookeeper-0                        1/1       Running     0          5h44m
2020-07-15 12:59:37 my-cluster-zookeeper-1                        1/1       Running     0          5h44m
2020-07-15 12:59:37 my-cluster-zookeeper-2                        1/1       Running     0          5h44m
2020-07-15 12:59:37 my-connect-cluster-connect-1-deploy           0/1       Completed   0          5h21m
2020-07-15 12:59:37 my-connect-cluster-connect-2-cp59c            1/1       Running     0          129m
2020-07-15 12:59:37 my-connect-cluster-connect-2-deploy           0/1       Completed   0          5h16m
2020-07-15 12:59:37 my-mm2-cluster-mirrormaker2-b9765f446-k8ldx   1/1       Running     0          90m
2020-07-15 12:59:37 mysql-1-deploy                                0/1       Completed   0          6h33m
2020-07-15 12:59:37 mysql-1-hxk6p                                 1/1       Running     0          108m

2020-07-15 12:59:39 NAME                                          READY     STATUS      RESTARTS   AGE
2020-07-15 12:59:39 my-cluster-entity-operator-7cbb484468-ntv9q   3/3       Running     0          5h42m
2020-07-15 12:59:39 my-cluster-kafka-0                            2/2       Running     1          145m
2020-07-15 12:59:39 my-cluster-kafka-1                            2/2       Running     0          5h43m
2020-07-15 12:59:39 my-cluster-kafka-2                            2/2       Running     0          5h43m
2020-07-15 12:59:39 my-cluster-zookeeper-0                        1/1       Running     0          5h44m
2020-07-15 12:59:39 my-cluster-zookeeper-1                        1/1       Running     0          5h44m
2020-07-15 12:59:39 my-cluster-zookeeper-2                        1/1       Running     0          5h44m
2020-07-15 12:59:39 my-connect-cluster-connect-1-deploy           0/1       Completed   0          5h21m
2020-07-15 12:59:39 my-connect-cluster-connect-2-cp59c            1/1       Running     0          129m
2020-07-15 12:59:39 my-connect-cluster-connect-2-deploy           0/1       Completed   0          5h16m
2020-07-15 12:59:39 my-mm2-cluster-mirrormaker2-b9765f446-k8ldx   1/1       Running     0          90m
2020-07-15 12:59:39 mysql-1-deploy                                0/1       Completed   0          6h33m
2020-07-15 12:59:39 mysql-1-hxk6p                                 1/1       Running     0          108m

2020-07-15 12:59:40 NAME                                          READY     STATUS      RESTARTS   AGE
2020-07-15 12:59:40 my-cluster-entity-operator-7cbb484468-ntv9q   3/3       Running     0          5h43m
2020-07-15 12:59:40 my-cluster-kafka-0                            2/2       Running     1          145m
2020-07-15 12:59:40 my-cluster-kafka-1                            2/2       Running     0          5h43m
2020-07-15 12:59:40 my-cluster-kafka-2                            2/2       Running     0          5h43m
2020-07-15 12:59:40 my-cluster-zookeeper-0                        1/1       Running     0          5h44m
2020-07-15 12:59:40 my-cluster-zookeeper-1                        1/1       Running     0          5h44m
2020-07-15 12:59:40 my-cluster-zookeeper-2                        1/1       Running     0          5h44m
2020-07-15 12:59:40 my-connect-cluster-connect-1-deploy           0/1       Completed   0          5h21m
2020-07-15 12:59:40 my-connect-cluster-connect-2-cp59c            1/1       Running     0          129m
2020-07-15 12:59:40 my-connect-cluster-connect-2-deploy           0/1       Completed   0          5h16m
2020-07-15 12:59:40 my-mm2-cluster-mirrormaker2-b9765f446-k8ldx   1/1       Running     0          90m
2020-07-15 12:59:40 mysql-1-deploy                                0/1       Completed   0          6h33m
2020-07-15 12:59:40 mysql-1-hxk6p                                 1/1       Running     0          108m

2020-07-15 12:59:41 NAME                                          READY     STATUS      RESTARTS   AGE
2020-07-15 12:59:41 my-cluster-entity-operator-7cbb484468-ntv9q   3/3       Running     0          5h43m
2020-07-15 12:59:41 my-cluster-kafka-0                            2/2       Running     1          145m
2020-07-15 12:59:41 my-cluster-kafka-1                            2/2       Running     0          5h43m
2020-07-15 12:59:41 my-cluster-kafka-2                            2/2       Running     0          5h43m
2020-07-15 12:59:41 my-cluster-zookeeper-0                        1/1       Running     0          5h44m
2020-07-15 12:59:41 my-cluster-zookeeper-1                        1/1       Running     0          5h44m
2020-07-15 12:59:41 my-cluster-zookeeper-2                        1/1       Running     0          5h44m
2020-07-15 12:59:41 my-connect-cluster-connect-1-deploy           0/1       Completed   0          5h21m
2020-07-15 12:59:41 my-connect-cluster-connect-2-cp59c            1/1       Running     0          129m
2020-07-15 12:59:41 my-connect-cluster-connect-2-deploy           0/1       Completed   0          5h16m
2020-07-15 12:59:41 my-mm2-cluster-mirrormaker2-b9765f446-k8ldx   1/1       Running     0          90m
2020-07-15 12:59:41 mysql-1-deploy                                0/1       Completed   0          6h33m
2020-07-15 12:59:41 mysql-1-hxk6p                                 1/1       Running     0          108m

2020-07-15 12:59:42 NAME                                          READY     STATUS      RESTARTS   AGE
2020-07-15 12:59:42 my-cluster-entity-operator-7cbb484468-ntv9q   3/3       Running     0          5h43m
2020-07-15 12:59:42 my-cluster-kafka-0                            2/2       Running     1          145m
2020-07-15 12:59:42 my-cluster-kafka-1                            2/2       Running     0          5h43m
2020-07-15 12:59:42 my-cluster-kafka-2                            2/2       Running     0          5h43m
2020-07-15 12:59:42 my-cluster-zookeeper-0                        1/1       Running     0          5h44m
2020-07-15 12:59:42 my-cluster-zookeeper-1                        1/1       Running     0          5h44m
2020-07-15 12:59:42 my-cluster-zookeeper-2                        1/1       Running     0          5h44m
2020-07-15 12:59:42 my-connect-cluster-connect-1-deploy           0/1       Completed   0          5h21m
2020-07-15 12:59:42 my-connect-cluster-connect-2-cp59c            1/1       Running     0          129m
2020-07-15 12:59:42 my-connect-cluster-connect-2-deploy           0/1       Completed   0          5h16m
2020-07-15 12:59:42 my-mm2-cluster-mirrormaker2-b9765f446-k8ldx   1/1       Running     0          90m
2020-07-15 12:59:42 mysql-1-deploy                                0/1       Completed   0          6h33m
2020-07-15 12:59:42 mysql-1-hxk6p                                 1/1       Running     0          108m

2020-07-15 12:59:44 NAME                                          READY     STATUS      RESTARTS   AGE
2020-07-15 12:59:44 my-cluster-entity-operator-7cbb484468-ntv9q   3/3       Running     0          5h43m
2020-07-15 12:59:44 my-cluster-kafka-0                            2/2       Running     1          145m
2020-07-15 12:59:44 my-cluster-kafka-1                            2/2       Running     0          5h43m
2020-07-15 12:59:44 my-cluster-kafka-2                            2/2       Running     0          5h43m
2020-07-15 12:59:44 my-cluster-zookeeper-0                        1/1       Running     0          5h44m
2020-07-15 12:59:44 my-cluster-zookeeper-1                        1/1       Running     0          5h44m
2020-07-15 12:59:44 my-cluster-zookeeper-2                        1/1       Running     0          5h44m
2020-07-15 12:59:44 my-connect-cluster-connect-1-deploy           0/1       Completed   0          5h21m
2020-07-15 12:59:44 my-connect-cluster-connect-2-cp59c            1/1       Running     0          129m
2020-07-15 12:59:44 my-connect-cluster-connect-2-deploy           0/1       Completed   0          5h16m
2020-07-15 12:59:44 my-mm2-cluster-mirrormaker2-b9765f446-k8ldx   1/1       Running     0          90m
2020-07-15 12:59:44 mysql-1-deploy                                0/1       Completed   0          6h33m
2020-07-15 12:59:44 mysql-1-hxk6p                                 1/1       Running     0          108m

2020-07-15 12:59:45 NAME                                          READY     STATUS      RESTARTS   AGE
2020-07-15 12:59:45 my-cluster-entity-operator-7cbb484468-ntv9q   3/3       Running     0          5h43m
2020-07-15 12:59:45 my-cluster-kafka-0                            2/2       Running     1          145m
2020-07-15 12:59:45 my-cluster-kafka-1                            2/2       Running     0          5h43m
2020-07-15 12:59:45 my-cluster-kafka-2                            2/2       Running     0          5h43m
2020-07-15 12:59:45 my-cluster-zookeeper-0                        1/1       Running     0          5h44m
2020-07-15 12:59:45 my-cluster-zookeeper-1                        1/1       Running     0          5h44m
2020-07-15 12:59:45 my-cluster-zookeeper-2                        1/1       Running     0          5h44m
2020-07-15 12:59:45 my-connect-cluster-connect-1-deploy           0/1       Completed   0          5h21m
2020-07-15 12:59:45 my-connect-cluster-connect-2-cp59c            1/1       Running     0          129m
2020-07-15 12:59:45 my-connect-cluster-connect-2-deploy           0/1       Completed   0          5h16m
2020-07-15 12:59:45 my-mm2-cluster-mirrormaker2-b9765f446-k8ldx   1/1       Running     0          91m
2020-07-15 12:59:45 mysql-1-deploy                                0/1       Completed   0          6h33m
2020-07-15 12:59:45 mysql-1-hxk6p                                 1/1       Running     0          108m

2020-07-15 12:59:46 NAME                                          READY     STATUS      RESTARTS   AGE
2020-07-15 12:59:46 my-cluster-entity-operator-7cbb484468-ntv9q   3/3       Running     0          5h43m
2020-07-15 12:59:46 my-cluster-kafka-0                            2/2       Running     1          145m
2020-07-15 12:59:46 my-cluster-kafka-1                            2/2       Running     0          5h43m
2020-07-15 12:59:46 my-cluster-kafka-2                            2/2       Running     0          5h43m
2020-07-15 12:59:46 my-cluster-zookeeper-0                        1/1       Running     0          5h44m
2020-07-15 12:59:46 my-cluster-zookeeper-1                        1/1       Running     0          5h44m
2020-07-15 12:59:46 my-cluster-zookeeper-2                        1/1       Running     0          5h44m
2020-07-15 12:59:46 my-connect-cluster-connect-1-deploy           0/1       Completed   0          5h21m
2020-07-15 12:59:46 my-connect-cluster-connect-2-cp59c            1/1       Running     0          129m
2020-07-15 12:59:46 my-connect-cluster-connect-2-deploy           0/1       Completed   0          5h16m
2020-07-15 12:59:46 my-mm2-cluster-mirrormaker2-b9765f446-k8ldx   1/1       Running     0          91m
2020-07-15 12:59:46 mysql-1-deploy                                0/1       Completed   0          6h33m
2020-07-15 12:59:46 mysql-1-hxk6p                                 1/1       Running     0          108m

2020-07-15 12:59:48 NAME                                          READY     STATUS      RESTARTS   AGE
2020-07-15 12:59:48 my-cluster-entity-operator-7cbb484468-ntv9q   3/3       Running     0          5h43m
2020-07-15 12:59:48 my-cluster-kafka-0                            2/2       Running     1          145m
2020-07-15 12:59:48 my-cluster-kafka-1                            2/2       Running     0          5h43m
2020-07-15 12:59:48 my-cluster-kafka-2                            2/2       Running     0          5h43m
2020-07-15 12:59:48 my-cluster-zookeeper-0                        1/1       Running     0          5h44m
2020-07-15 12:59:48 my-cluster-zookeeper-1                        1/1       Running     0          5h44m
2020-07-15 12:59:48 my-cluster-zookeeper-2                        1/1       Running     0          5h44m
2020-07-15 12:59:48 my-connect-cluster-connect-1-deploy           0/1       Completed   0          5h21m
2020-07-15 12:59:48 my-connect-cluster-connect-2-cp59c            1/1       Running     0          129m
2020-07-15 12:59:48 my-connect-cluster-connect-2-deploy           0/1       Completed   0          5h16m
2020-07-15 12:59:48 my-mm2-cluster-mirrormaker2-b9765f446-k8ldx   1/1       Running     0          91m
2020-07-15 12:59:48 mysql-1-deploy                                0/1       Completed   0          6h33m
2020-07-15 12:59:48 mysql-1-hxk6p                                 1/1       Running     0          108m

2020-07-15 12:59:49 NAME                                          READY     STATUS      RESTARTS   AGE
2020-07-15 12:59:49 my-cluster-entity-operator-7cbb484468-ntv9q   3/3       Running     0          5h43m
2020-07-15 12:59:49 my-cluster-kafka-0                            2/2       Running     1          145m
2020-07-15 12:59:49 my-cluster-kafka-1                            2/2       Running     0          5h43m
2020-07-15 12:59:49 my-cluster-kafka-2                            2/2       Running     0          5h43m
2020-07-15 12:59:49 my-cluster-zookeeper-0                        1/1       Running     0          5h44m
2020-07-15 12:59:49 my-cluster-zookeeper-1                        1/1       Running     0          5h44m
2020-07-15 12:59:49 my-cluster-zookeeper-2                        1/1       Running     0          5h44m
2020-07-15 12:59:49 my-connect-cluster-connect-1-deploy           0/1       Completed   0          5h21m
2020-07-15 12:59:49 my-connect-cluster-connect-2-cp59c            1/1       Running     0          129m
2020-07-15 12:59:49 my-connect-cluster-connect-2-deploy           0/1       Completed   0          5h16m
2020-07-15 12:59:49 my-mm2-cluster-mirrormaker2-b9765f446-k8ldx   1/1       Running     0          91m
2020-07-15 12:59:49 mysql-1-deploy                                0/1       Completed   0          6h33m
2020-07-15 12:59:49 mysql-1-hxk6p                                 1/1       Running     0          108m

2020-07-15 12:59:50 NAME                                          READY     STATUS      RESTARTS   AGE
2020-07-15 12:59:50 my-cluster-entity-operator-7cbb484468-ntv9q   3/3       Running     0          5h43m
2020-07-15 12:59:50 my-cluster-kafka-0                            2/2       Running     1          145m
2020-07-15 12:59:50 my-cluster-kafka-1                            2/2       Running     0          5h43m
2020-07-15 12:59:50 my-cluster-kafka-2                            2/2       Running     0          5h43m
2020-07-15 12:59:50 my-cluster-zookeeper-0                        1/1       Running     0          5h44m
2020-07-15 12:59:50 my-cluster-zookeeper-1                        1/1       Running     0          5h44m
2020-07-15 12:59:50 my-cluster-zookeeper-2                        1/1       Running     0          5h44m
2020-07-15 12:59:50 my-connect-cluster-connect-1-deploy           0/1       Completed   0          5h21m
2020-07-15 12:59:50 my-connect-cluster-connect-2-cp59c            1/1       Running     0          129m
2020-07-15 12:59:50 my-connect-cluster-connect-2-deploy           0/1       Completed   0          5h16m
2020-07-15 12:59:50 my-mm2-cluster-mirrormaker2-b9765f446-k8ldx   1/1       Running     0          91m
2020-07-15 12:59:50 mysql-1-deploy                                0/1       Completed   0          6h33m
2020-07-15 12:59:50 mysql-1-hxk6p                                 1/1       Running     0          108m

2020-07-15 12:59:51 NAME                                          READY     STATUS      RESTARTS   AGE
2020-07-15 12:59:51 my-cluster-entity-operator-7cbb484468-ntv9q   3/3       Running     0          5h43m
2020-07-15 12:59:51 my-cluster-kafka-0                            2/2       Running     1          145m
2020-07-15 12:59:51 my-cluster-kafka-1                            2/2       Running     0          5h43m
2020-07-15 12:59:51 my-cluster-kafka-2                            2/2       Running     0          5h43m
2020-07-15 12:59:51 my-cluster-zookeeper-0                        1/1       Running     0          5h44m
2020-07-15 12:59:51 my-cluster-zookeeper-1                        1/1       Running     0          5h44m
2020-07-15 12:59:51 my-cluster-zookeeper-2                        1/1       Running     0          5h44m
2020-07-15 12:59:51 my-connect-cluster-connect-1-deploy           0/1       Completed   0          5h21m
2020-07-15 12:59:51 my-connect-cluster-connect-2-cp59c            1/1       Running     0          129m
2020-07-15 12:59:51 my-connect-cluster-connect-2-deploy           0/1       Completed   0          5h17m
2020-07-15 12:59:51 my-mm2-cluster-mirrormaker2-b9765f446-k8ldx   1/1       Running     0          91m
2020-07-15 12:59:51 mysql-1-deploy                                0/1       Completed   0          6h33m
2020-07-15 12:59:51 mysql-1-hxk6p                                 1/1       Running     0          108m

2020-07-15 12:59:53 NAME                                          READY     STATUS      RESTARTS   AGE
2020-07-15 12:59:53 my-cluster-entity-operator-7cbb484468-ntv9q   3/3       Running     0          5h43m
2020-07-15 12:59:53 my-cluster-kafka-0                            2/2       Running     1          145m
2020-07-15 12:59:53 my-cluster-kafka-1                            2/2       Running     0          5h43m
2020-07-15 12:59:53 my-cluster-kafka-2                            2/2       Running     0          5h43m
2020-07-15 12:59:53 my-cluster-zookeeper-0                        1/1       Running     0          5h44m
2020-07-15 12:59:53 my-cluster-zookeeper-1                        1/1       Running     0          5h44m
2020-07-15 12:59:53 my-cluster-zookeeper-2                        1/1       Running     0          5h44m
2020-07-15 12:59:53 my-connect-cluster-connect-1-deploy           0/1       Completed   0          5h21m
2020-07-15 12:59:53 my-connect-cluster-connect-2-cp59c            1/1       Running     0          129m
2020-07-15 12:59:53 my-connect-cluster-connect-2-deploy           0/1       Completed   0          5h17m
2020-07-15 12:59:53 my-mm2-cluster-mirrormaker2-b9765f446-k8ldx   1/1       Running     0          91m
2020-07-15 12:59:53 mysql-1-deploy                                0/1       Completed   0          6h33m
2020-07-15 12:59:53 mysql-1-hxk6p                                 1/1       Running     0          108m

2020-07-15 12:59:54 NAME                                          READY     STATUS      RESTARTS   AGE
2020-07-15 12:59:54 my-cluster-entity-operator-7cbb484468-ntv9q   3/3       Running     0          5h43m
2020-07-15 12:59:54 my-cluster-kafka-0                            2/2       Running     1          145m
2020-07-15 12:59:54 my-cluster-kafka-1                            2/2       Running     0          5h43m
2020-07-15 12:59:54 my-cluster-kafka-2                            2/2       Running     0          5h43m
2020-07-15 12:59:54 my-cluster-zookeeper-0                        1/1       Running     0          5h44m
2020-07-15 12:59:54 my-cluster-zookeeper-1                        1/1       Running     0          5h44m
2020-07-15 12:59:54 my-cluster-zookeeper-2                        1/1       Running     0          5h44m
2020-07-15 12:59:54 my-connect-cluster-connect-1-deploy           0/1       Completed   0          5h21m
2020-07-15 12:59:54 my-connect-cluster-connect-2-cp59c            1/1       Running     0          129m
2020-07-15 12:59:54 my-connect-cluster-connect-2-deploy           0/1       Completed   0          5h17m
2020-07-15 12:59:54 my-mm2-cluster-mirrormaker2-b9765f446-k8ldx   1/1       Running     0          91m
2020-07-15 12:59:54 mysql-1-deploy                                0/1       Completed   0          6h33m
2020-07-15 12:59:54 mysql-1-hxk6p                                 1/1       Running     0          108m

2020-07-15 12:59:55 NAME                                          READY     STATUS      RESTARTS   AGE
2020-07-15 12:59:55 my-cluster-entity-operator-7cbb484468-ntv9q   3/3       Running     0          5h43m
2020-07-15 12:59:55 my-cluster-kafka-0                            2/2       Running     1          145m
2020-07-15 12:59:55 my-cluster-kafka-1                            2/2       Running     0          5h43m
2020-07-15 12:59:55 my-cluster-kafka-2                            2/2       Running     0          5h43m
2020-07-15 12:59:55 my-cluster-zookeeper-0                        1/1       Running     0          5h44m
2020-07-15 12:59:55 my-cluster-zookeeper-1                        1/1       Running     0          5h44m
2020-07-15 12:59:55 my-cluster-zookeeper-2                        1/1       Running     0          5h44m
2020-07-15 12:59:55 my-connect-cluster-connect-1-deploy           0/1       Completed   0          5h21m
2020-07-15 12:59:55 my-connect-cluster-connect-2-cp59c            1/1       Running     0          129m
2020-07-15 12:59:55 my-connect-cluster-connect-2-deploy           0/1       Completed   0          5h17m
2020-07-15 12:59:55 my-mm2-cluster-mirrormaker2-b9765f446-k8ldx   1/1       Running     0          91m
2020-07-15 12:59:55 mysql-1-deploy                                0/1       Completed   0          6h33m
2020-07-15 12:59:55 mysql-1-hxk6p                                 1/1       Running     0          108m

2020-07-15 12:59:57 NAME                                          READY     STATUS      RESTARTS   AGE
2020-07-15 12:59:57 my-cluster-entity-operator-7cbb484468-ntv9q   3/3       Running     0          5h43m
2020-07-15 12:59:57 my-cluster-kafka-0                            2/2       Running     1          145m
2020-07-15 12:59:57 my-cluster-kafka-1                            2/2       Running     0          5h43m
2020-07-15 12:59:57 my-cluster-kafka-2                            2/2       Running     0          5h43m
2020-07-15 12:59:57 my-cluster-zookeeper-0                        1/1       Running     0          5h44m
2020-07-15 12:59:57 my-cluster-zookeeper-1                        1/1       Running     0          5h44m
2020-07-15 12:59:57 my-cluster-zookeeper-2                        1/1       Running     0          5h44m
2020-07-15 12:59:57 my-connect-cluster-connect-1-deploy           0/1       Completed   0          5h21m
2020-07-15 12:59:57 my-connect-cluster-connect-2-cp59c            1/1       Running     0          129m
2020-07-15 12:59:57 my-connect-cluster-connect-2-deploy           0/1       Completed   0          5h17m
2020-07-15 12:59:57 my-mm2-cluster-mirrormaker2-b9765f446-k8ldx   1/1       Running     0          91m
2020-07-15 12:59:57 mysql-1-deploy                                0/1       Completed   0          6h33m
2020-07-15 12:59:57 mysql-1-hxk6p                                 1/1       Running     0          108m

2020-07-15 12:59:58 NAME                                          READY     STATUS      RESTARTS   AGE
2020-07-15 12:59:58 my-cluster-entity-operator-7cbb484468-ntv9q   3/3       Running     0          5h43m
2020-07-15 12:59:58 my-cluster-kafka-0                            2/2       Running     1          145m
2020-07-15 12:59:58 my-cluster-kafka-1                            2/2       Running     0          5h44m
2020-07-15 12:59:58 my-cluster-kafka-2                            2/2       Running     0          5h44m
2020-07-15 12:59:58 my-cluster-zookeeper-0                        1/1       Running     0          5h44m
2020-07-15 12:59:58 my-cluster-zookeeper-1                        1/1       Running     0          5h44m
2020-07-15 12:59:58 my-cluster-zookeeper-2                        1/1       Running     0          5h44m
2020-07-15 12:59:58 my-connect-cluster-connect-1-deploy           0/1       Completed   0          5h21m
2020-07-15 12:59:58 my-connect-cluster-connect-2-cp59c            1/1       Running     0          129m
2020-07-15 12:59:58 my-connect-cluster-connect-2-deploy           0/1       Completed   0          5h17m
2020-07-15 12:59:58 my-mm2-cluster-mirrormaker2-b9765f446-k8ldx   1/1       Running     0          91m
2020-07-15 12:59:58 mysql-1-deploy                                0/1       Completed   0          6h33m
2020-07-15 12:59:58 mysql-1-hxk6p                                 1/1       Running     0          108m

2020-07-15 12:59:59 NAME                                          READY     STATUS      RESTARTS   AGE
2020-07-15 12:59:59 my-cluster-entity-operator-7cbb484468-ntv9q   3/3       Running     0          5h43m
2020-07-15 12:59:59 my-cluster-kafka-0                            2/2       Running     1          145m
2020-07-15 12:59:59 my-cluster-kafka-1                            2/2       Running     0          5h44m
2020-07-15 12:59:59 my-cluster-kafka-2                            2/2       Running     0          5h44m
2020-07-15 12:59:59 my-cluster-zookeeper-0                        1/1       Running     0          5h44m
2020-07-15 12:59:59 my-cluster-zookeeper-1                        1/1       Running     0          5h44m
2020-07-15 12:59:59 my-cluster-zookeeper-2                        1/1       Running     0          5h44m
2020-07-15 12:59:59 my-connect-cluster-connect-1-deploy           0/1       Completed   0          5h21m
2020-07-15 12:59:59 my-connect-cluster-connect-2-cp59c            1/1       Running     0          129m
2020-07-15 12:59:59 my-connect-cluster-connect-2-deploy           0/1       Completed   0          5h17m
2020-07-15 12:59:59 my-mm2-cluster-mirrormaker2-b9765f446-k8ldx   1/1       Running     0          91m
2020-07-15 12:59:59 mysql-1-deploy                                0/1       Completed   0          6h33m
2020-07-15 12:59:59 mysql-1-hxk6p                                 1/1       Running     0          108m

2020-07-15 13:00:00 NAME                                          READY     STATUS      RESTARTS   AGE
2020-07-15 13:00:00 my-cluster-entity-operator-7cbb484468-ntv9q   3/3       Running     0          5h43m
2020-07-15 13:00:00 my-cluster-kafka-0                            2/2       Running     1          145m
2020-07-15 13:00:00 my-cluster-kafka-1                            2/2       Running     0          5h44m
2020-07-15 13:00:00 my-cluster-kafka-2                            2/2       Running     0          5h44m
2020-07-15 13:00:00 my-cluster-zookeeper-0                        1/1       Running     0          5h44m
2020-07-15 13:00:00 my-cluster-zookeeper-1                        1/1       Running     0          5h44m
2020-07-15 13:00:00 my-cluster-zookeeper-2                        1/1       Running     0          5h44m
2020-07-15 13:00:00 my-connect-cluster-connect-1-deploy           0/1       Completed   0          5h21m
2020-07-15 13:00:00 my-connect-cluster-connect-2-cp59c            1/1       Running     0          129m
2020-07-15 13:00:00 my-connect-cluster-connect-2-deploy           0/1       Completed   0          5h17m
2020-07-15 13:00:00 my-mm2-cluster-mirrormaker2-b9765f446-k8ldx   1/1       Running     0          91m
2020-07-15 13:00:00 mysql-1-deploy                                0/1       Completed   0          6h33m
2020-07-15 13:00:00 mysql-1-hxk6p                                 1/1       Running     0          108m

2020-07-15 13:00:02 NAME                                          READY     STATUS      RESTARTS   AGE
2020-07-15 13:00:02 my-cluster-entity-operator-7cbb484468-ntv9q   3/3       Running     0          5h43m
2020-07-15 13:00:02 my-cluster-kafka-0                            2/2       Running     1          145m
2020-07-15 13:00:02 my-cluster-kafka-1                            2/2       Running     0          5h44m
2020-07-15 13:00:02 my-cluster-kafka-2                            2/2       Running     0          5h44m
2020-07-15 13:00:02 my-cluster-zookeeper-0                        1/1       Running     0          5h44m
2020-07-15 13:00:02 my-cluster-zookeeper-1                        1/1       Running     0          5h44m
2020-07-15 13:00:02 my-cluster-zookeeper-2                        1/1       Running     0          5h44m
2020-07-15 13:00:02 my-connect-cluster-connect-1-deploy           0/1       Completed   0          5h21m
2020-07-15 13:00:02 my-connect-cluster-connect-2-cp59c            1/1       Running     0          129m
2020-07-15 13:00:02 my-connect-cluster-connect-2-deploy           0/1       Completed   0          5h17m
2020-07-15 13:00:02 my-mm2-cluster-mirrormaker2-b9765f446-k8ldx   1/1       Running     0          91m
2020-07-15 13:00:02 mysql-1-deploy                                0/1       Completed   0          6h33m
2020-07-15 13:00:02 mysql-1-hxk6p                                 1/1       Running     0          108m

