2020-07-15 12:59:08 mysql: [Warning] Using a password on the command line interface can be insecure.
2020-07-15 12:59:08 +-----------+
2020-07-15 12:59:08 | count(id) |
2020-07-15 12:59:08 +-----------+
2020-07-15 12:59:08 |         0 |
2020-07-15 12:59:08 +-----------+
2020-07-15 12:59:10 mysql: [Warning] Using a password on the command line interface can be insecure.
2020-07-15 12:59:10 +-----------+
2020-07-15 12:59:10 | count(id) |
2020-07-15 12:59:10 +-----------+
2020-07-15 12:59:10 |         0 |
2020-07-15 12:59:10 +-----------+
2020-07-15 12:59:12 mysql: [Warning] Using a password on the command line interface can be insecure.
2020-07-15 12:59:12 +-----------+
2020-07-15 12:59:12 | count(id) |
2020-07-15 12:59:12 +-----------+
2020-07-15 12:59:12 |         0 |
2020-07-15 12:59:12 +-----------+
2020-07-15 12:59:13 mysql: [Warning] Using a password on the command line interface can be insecure.
2020-07-15 12:59:13 +-----------+
2020-07-15 12:59:13 | count(id) |
2020-07-15 12:59:13 +-----------+
2020-07-15 12:59:13 |         0 |
2020-07-15 12:59:13 +-----------+
2020-07-15 12:59:15 mysql: [Warning] Using a password on the command line interface can be insecure.
2020-07-15 12:59:15 +-----------+
2020-07-15 12:59:15 | count(id) |
2020-07-15 12:59:15 +-----------+
2020-07-15 12:59:15 |         1 |
2020-07-15 12:59:15 +-----------+
2020-07-15 12:59:17 mysql: [Warning] Using a password on the command line interface can be insecure.
2020-07-15 12:59:17 +-----------+
2020-07-15 12:59:17 | count(id) |
2020-07-15 12:59:17 +-----------+
2020-07-15 12:59:17 |         3 |
2020-07-15 12:59:17 +-----------+
2020-07-15 12:59:18 mysql: [Warning] Using a password on the command line interface can be insecure.
2020-07-15 12:59:18 +-----------+
2020-07-15 12:59:18 | count(id) |
2020-07-15 12:59:18 +-----------+
2020-07-15 12:59:18 |         6 |
2020-07-15 12:59:18 +-----------+
2020-07-15 12:59:20 mysql: [Warning] Using a password on the command line interface can be insecure.
2020-07-15 12:59:20 +-----------+
2020-07-15 12:59:20 | count(id) |
2020-07-15 12:59:20 +-----------+
2020-07-15 12:59:20 |         8 |
2020-07-15 12:59:20 +-----------+
2020-07-15 12:59:22 mysql: [Warning] Using a password on the command line interface can be insecure.
2020-07-15 12:59:22 +-----------+
2020-07-15 12:59:22 | count(id) |
2020-07-15 12:59:22 +-----------+
2020-07-15 12:59:22 |        10 |
2020-07-15 12:59:22 +-----------+
2020-07-15 12:59:23 mysql: [Warning] Using a password on the command line interface can be insecure.
2020-07-15 12:59:23 +-----------+
2020-07-15 12:59:23 | count(id) |
2020-07-15 12:59:23 +-----------+
2020-07-15 12:59:23 |        12 |
2020-07-15 12:59:23 +-----------+
2020-07-15 12:59:25 mysql: [Warning] Using a password on the command line interface can be insecure.
2020-07-15 12:59:25 +-----------+
2020-07-15 12:59:25 | count(id) |
2020-07-15 12:59:25 +-----------+
2020-07-15 12:59:25 |        15 |
2020-07-15 12:59:25 +-----------+
2020-07-15 12:59:27 mysql: [Warning] Using a password on the command line interface can be insecure.
2020-07-15 12:59:27 +-----------+
2020-07-15 12:59:27 | count(id) |
2020-07-15 12:59:27 +-----------+
2020-07-15 12:59:27 |        18 |
2020-07-15 12:59:27 +-----------+
2020-07-15 12:59:28 mysql: [Warning] Using a password on the command line interface can be insecure.
2020-07-15 12:59:28 +-----------+
2020-07-15 12:59:28 | count(id) |
2020-07-15 12:59:28 +-----------+
2020-07-15 12:59:28 |        19 |
2020-07-15 12:59:28 +-----------+
2020-07-15 12:59:30 mysql: [Warning] Using a password on the command line interface can be insecure.
2020-07-15 12:59:30 +-----------+
2020-07-15 12:59:30 | count(id) |
2020-07-15 12:59:30 +-----------+
2020-07-15 12:59:30 |        19 |
2020-07-15 12:59:30 +-----------+
2020-07-15 12:59:31 mysql: [Warning] Using a password on the command line interface can be insecure.
2020-07-15 12:59:31 +-----------+
2020-07-15 12:59:31 | count(id) |
2020-07-15 12:59:31 +-----------+
2020-07-15 12:59:31 |        19 |
2020-07-15 12:59:31 +-----------+
2020-07-15 12:59:33 mysql: [Warning] Using a password on the command line interface can be insecure.
2020-07-15 12:59:33 +-----------+
2020-07-15 12:59:33 | count(id) |
2020-07-15 12:59:33 +-----------+
2020-07-15 12:59:33 |        19 |
2020-07-15 12:59:33 +-----------+
2020-07-15 12:59:35 mysql: [Warning] Using a password on the command line interface can be insecure.
2020-07-15 12:59:35 +-----------+
2020-07-15 12:59:35 | count(id) |
2020-07-15 12:59:35 +-----------+
2020-07-15 12:59:35 |        19 |
2020-07-15 12:59:35 +-----------+
2020-07-15 12:59:37 mysql: [Warning] Using a password on the command line interface can be insecure.
2020-07-15 12:59:37 +-----------+
2020-07-15 12:59:37 | count(id) |
2020-07-15 12:59:37 +-----------+
2020-07-15 12:59:37 |        19 |
2020-07-15 12:59:37 +-----------+
2020-07-15 12:59:38 mysql: [Warning] Using a password on the command line interface can be insecure.
2020-07-15 12:59:38 +-----------+
2020-07-15 12:59:38 | count(id) |
2020-07-15 12:59:38 +-----------+
2020-07-15 12:59:38 |        19 |
2020-07-15 12:59:38 +-----------+
2020-07-15 12:59:40 mysql: [Warning] Using a password on the command line interface can be insecure.
2020-07-15 12:59:40 +-----------+
2020-07-15 12:59:40 | count(id) |
2020-07-15 12:59:40 +-----------+
2020-07-15 12:59:40 |        19 |
2020-07-15 12:59:40 +-----------+
2020-07-15 12:59:42 mysql: [Warning] Using a password on the command line interface can be insecure.
2020-07-15 12:59:42 +-----------+
2020-07-15 12:59:42 | count(id) |
2020-07-15 12:59:42 +-----------+
2020-07-15 12:59:42 |        19 |
2020-07-15 12:59:42 +-----------+
2020-07-15 12:59:43 mysql: [Warning] Using a password on the command line interface can be insecure.
2020-07-15 12:59:43 +-----------+
2020-07-15 12:59:43 | count(id) |
2020-07-15 12:59:43 +-----------+
2020-07-15 12:59:43 |        19 |
2020-07-15 12:59:43 +-----------+
2020-07-15 12:59:45 mysql: [Warning] Using a password on the command line interface can be insecure.
2020-07-15 12:59:45 +-----------+
2020-07-15 12:59:45 | count(id) |
2020-07-15 12:59:45 +-----------+
2020-07-15 12:59:45 |        19 |
2020-07-15 12:59:45 +-----------+
2020-07-15 12:59:47 mysql: [Warning] Using a password on the command line interface can be insecure.
2020-07-15 12:59:47 +-----------+
2020-07-15 12:59:47 | count(id) |
2020-07-15 12:59:47 +-----------+
2020-07-15 12:59:47 |        19 |
2020-07-15 12:59:47 +-----------+
2020-07-15 12:59:49 mysql: [Warning] Using a password on the command line interface can be insecure.
2020-07-15 12:59:49 +-----------+
2020-07-15 12:59:49 | count(id) |
2020-07-15 12:59:49 +-----------+
2020-07-15 12:59:49 |        19 |
2020-07-15 12:59:49 +-----------+
2020-07-15 12:59:50 mysql: [Warning] Using a password on the command line interface can be insecure.
2020-07-15 12:59:50 +-----------+
2020-07-15 12:59:50 | count(id) |
2020-07-15 12:59:50 +-----------+
2020-07-15 12:59:50 |        45 |
2020-07-15 12:59:50 +-----------+
2020-07-15 12:59:52 mysql: [Warning] Using a password on the command line interface can be insecure.
2020-07-15 12:59:52 +-----------+
2020-07-15 12:59:52 | count(id) |
2020-07-15 12:59:52 +-----------+
2020-07-15 12:59:52 |        48 |
2020-07-15 12:59:52 +-----------+
2020-07-15 12:59:54 mysql: [Warning] Using a password on the command line interface can be insecure.
2020-07-15 12:59:54 +-----------+
2020-07-15 12:59:54 | count(id) |
2020-07-15 12:59:54 +-----------+
2020-07-15 12:59:54 |        50 |
2020-07-15 12:59:54 +-----------+
2020-07-15 12:59:56 mysql: [Warning] Using a password on the command line interface can be insecure.
2020-07-15 12:59:56 +-----------+
2020-07-15 12:59:56 | count(id) |
2020-07-15 12:59:56 +-----------+
2020-07-15 12:59:56 |        50 |
2020-07-15 12:59:56 +-----------+
2020-07-15 12:59:57 mysql: [Warning] Using a password on the command line interface can be insecure.
2020-07-15 12:59:57 +-----------+
2020-07-15 12:59:57 | count(id) |
2020-07-15 12:59:57 +-----------+
2020-07-15 12:59:57 |        50 |
2020-07-15 12:59:57 +-----------+
2020-07-15 12:59:59 mysql: [Warning] Using a password on the command line interface can be insecure.
2020-07-15 12:59:59 +-----------+
2020-07-15 12:59:59 | count(id) |
2020-07-15 12:59:59 +-----------+
2020-07-15 12:59:59 |        50 |
2020-07-15 12:59:59 +-----------+
2020-07-15 13:00:01 mysql: [Warning] Using a password on the command line interface can be insecure.
2020-07-15 13:00:01 ^C2020-07-15 13:00:02 mysql: [Warning] Using a password on the command line interface can be insecure.
2020-07-15 13:00:02 +-----------+
2020-07-15 13:00:02 | count(id) |
2020-07-15 13:00:02 +-----------+
2020-07-15 13:00:02 |        50 |
2020-07-15 13:00:02 +-----------+
2020-07-15 13:00:04 mysql: [Warning] Using a password on the command line interface can be insecure.
2020-07-15 13:00:04 +-----------+
2020-07-15 13:00:04 | count(id) |
2020-07-15 13:00:04 +-----------+
2020-07-15 13:00:04 |        50 |
2020-07-15 13:00:04 +-----------+
2020-07-15 13:00:06 mysql: [Warning] Using a password on the command line interface can be insecure.
2020-07-15 13:00:06 +-----------+
2020-07-15 13:00:06 | count(id) |
2020-07-15 13:00:06 +-----------+
2020-07-15 13:00:06 |        50 |
2020-07-15 13:00:06 +-----------+
2020-07-15 13:00:07 mysql: [Warning] Using a password on the command line interface can be insecure.
2020-07-15 13:00:07 +-----------+
2020-07-15 13:00:07 | count(id) |
2020-07-15 13:00:07 +-----------+
2020-07-15 13:00:07 |        50 |
2020-07-15 13:00:07 +-----------+
2020-07-15 13:00:09 mysql: [Warning] Using a password on the command line interface can be insecure.
2020-07-15 13:00:09 +-----------+
2020-07-15 13:00:09 | count(id) |
2020-07-15 13:00:09 +-----------+
2020-07-15 13:00:09 |        50 |
2020-07-15 13:00:09 +-----------+
2020-07-15 13:00:11 mysql: [Warning] Using a password on the command line interface can be insecure.
2020-07-15 13:00:11 +-----------+
2020-07-15 13:00:11 | count(id) |
2020-07-15 13:00:11 +-----------+
2020-07-15 13:00:11 |        50 |
2020-07-15 13:00:11 +-----------+
2020-07-15 13:00:12 mysql: [Warning] Using a password on the command line interface can be insecure.
2020-07-15 13:00:12 +-----------+
2020-07-15 13:00:12 | count(id) |
2020-07-15 13:00:12 +-----------+
2020-07-15 13:00:12 |        50 |
2020-07-15 13:00:12 +-----------+
2020-07-15 13:00:14 mysql: [Warning] Using a password on the command line interface can be insecure.
2020-07-15 13:00:14 +-----------+
2020-07-15 13:00:14 | count(id) |
2020-07-15 13:00:14 +-----------+
2020-07-15 13:00:14 |        50 |
2020-07-15 13:00:14 +-----------+
2020-07-15 13:00:16 mysql: [Warning] Using a password on the command line interface can be insecure.
2020-07-15 13:00:16 +-----------+
2020-07-15 13:00:16 | count(id) |
2020-07-15 13:00:16 +-----------+
2020-07-15 13:00:16 |        50 |
2020-07-15 13:00:16 +-----------+
2020-07-15 13:00:17 mysql: [Warning] Using a password on the command line interface can be insecure.
2020-07-15 13:00:17 +-----------+
2020-07-15 13:00:17 | count(id) |
2020-07-15 13:00:17 +-----------+
2020-07-15 13:00:17 |        50 |
2020-07-15 13:00:17 +-----------+
2020-07-15 13:00:19 mysql: [Warning] Using a password on the command line interface can be insecure.
2020-07-15 13:00:19 +-----------+
2020-07-15 13:00:19 | count(id) |
2020-07-15 13:00:19 +-----------+
2020-07-15 13:00:19 |        50 |
2020-07-15 13:00:19 +-----------+
2020-07-15 13:00:21 mysql: [Warning] Using a password on the command line interface can be insecure.
2020-07-15 13:00:21 +-----------+
2020-07-15 13:00:21 | count(id) |
2020-07-15 13:00:21 +-----------+
2020-07-15 13:00:21 |        50 |
2020-07-15 13:00:21 +-----------+
2020-07-15 13:00:23 mysql: [Warning] Using a password on the command line interface can be insecure.
2020-07-15 13:00:23 +-----------+
2020-07-15 13:00:23 | count(id) |
2020-07-15 13:00:23 +-----------+
2020-07-15 13:00:23 |        50 |
2020-07-15 13:00:23 +-----------+
