2020-07-15 13:47:02 NAME                                          READY     STATUS      RESTARTS   AGE
2020-07-15 13:47:02 my-cluster-entity-operator-676d44468b-kjrvk   3/3       Running     0          6d7h
2020-07-15 13:47:02 my-cluster-kafka-0                            2/2       Running     0          26m
2020-07-15 13:47:02 my-cluster-kafka-1                            2/2       Running     0          6d7h
2020-07-15 13:47:02 my-cluster-kafka-2                            2/2       Running     0          6d7h
2020-07-15 13:47:02 my-cluster-zookeeper-0                        1/1       Running     0          16m
2020-07-15 13:47:02 my-cluster-zookeeper-1                        1/1       Running     0          6d7h
2020-07-15 13:47:02 my-cluster-zookeeper-2                        1/1       Running     0          6d7h
2020-07-15 13:47:02 my-connect-cluster-connect-1-deploy           0/1       Completed   0          6d11h
2020-07-15 13:47:02 my-connect-cluster-connect-2-deploy           0/1       Completed   0          6d11h
2020-07-15 13:47:02 my-connect-cluster-connect-3-deploy           0/1       Completed   0          6h6m
2020-07-15 13:47:02 my-connect-cluster-connect-3-xcwkf            1/1       Running     0          47m
2020-07-15 13:47:02 mysql-1-deploy                                0/1       Completed   0          6d8h
2020-07-15 13:47:02 mysql-2-deploy                                0/1       Completed   0          6d8h
2020-07-15 13:47:02 mysql-2-khmsf                                 1/1       Running     0          6d8h

2020-07-15 13:47:03 NAME                                          READY     STATUS      RESTARTS   AGE
2020-07-15 13:47:03 my-cluster-entity-operator-676d44468b-kjrvk   3/3       Running     0          6d7h
2020-07-15 13:47:03 my-cluster-kafka-0                            2/2       Running     0          26m
2020-07-15 13:47:03 my-cluster-kafka-1                            2/2       Running     0          6d7h
2020-07-15 13:47:03 my-cluster-kafka-2                            2/2       Running     0          6d7h
2020-07-15 13:47:03 my-cluster-zookeeper-0                        1/1       Running     0          16m
2020-07-15 13:47:03 my-cluster-zookeeper-1                        1/1       Running     0          6d7h
2020-07-15 13:47:03 my-cluster-zookeeper-2                        1/1       Running     0          6d7h
2020-07-15 13:47:03 my-connect-cluster-connect-1-deploy           0/1       Completed   0          6d11h
2020-07-15 13:47:03 my-connect-cluster-connect-2-deploy           0/1       Completed   0          6d11h
2020-07-15 13:47:03 my-connect-cluster-connect-3-deploy           0/1       Completed   0          6h6m
2020-07-15 13:47:03 my-connect-cluster-connect-3-xcwkf            1/1       Running     0          47m
2020-07-15 13:47:03 mysql-1-deploy                                0/1       Completed   0          6d8h
2020-07-15 13:47:03 mysql-2-deploy                                0/1       Completed   0          6d8h
2020-07-15 13:47:03 mysql-2-khmsf                                 1/1       Running     0          6d8h

2020-07-15 13:47:05 NAME                                          READY     STATUS      RESTARTS   AGE
2020-07-15 13:47:05 my-cluster-entity-operator-676d44468b-kjrvk   3/3       Running     0          6d7h
2020-07-15 13:47:05 my-cluster-kafka-0                            2/2       Running     0          26m
2020-07-15 13:47:05 my-cluster-kafka-1                            2/2       Running     0          6d7h
2020-07-15 13:47:05 my-cluster-kafka-2                            2/2       Running     0          6d7h
2020-07-15 13:47:05 my-cluster-zookeeper-0                        1/1       Running     0          16m
2020-07-15 13:47:05 my-cluster-zookeeper-1                        1/1       Running     0          6d7h
2020-07-15 13:47:05 my-cluster-zookeeper-2                        1/1       Running     0          6d7h
2020-07-15 13:47:05 my-connect-cluster-connect-1-deploy           0/1       Completed   0          6d11h
2020-07-15 13:47:05 my-connect-cluster-connect-2-deploy           0/1       Completed   0          6d11h
2020-07-15 13:47:05 my-connect-cluster-connect-3-deploy           0/1       Completed   0          6h6m
2020-07-15 13:47:05 my-connect-cluster-connect-3-xcwkf            1/1       Running     0          47m
2020-07-15 13:47:05 mysql-1-deploy                                0/1       Completed   0          6d8h
2020-07-15 13:47:05 mysql-2-deploy                                0/1       Completed   0          6d8h
2020-07-15 13:47:05 mysql-2-khmsf                                 1/1       Running     0          6d8h

2020-07-15 13:47:06 NAME                                          READY     STATUS      RESTARTS   AGE
2020-07-15 13:47:06 my-cluster-entity-operator-676d44468b-kjrvk   3/3       Running     0          6d7h
2020-07-15 13:47:06 my-cluster-kafka-0                            2/2       Running     0          26m
2020-07-15 13:47:06 my-cluster-kafka-1                            2/2       Running     0          6d7h
2020-07-15 13:47:06 my-cluster-kafka-2                            2/2       Running     0          6d7h
2020-07-15 13:47:06 my-cluster-zookeeper-0                        1/1       Running     0          16m
2020-07-15 13:47:06 my-cluster-zookeeper-1                        1/1       Running     0          6d7h
2020-07-15 13:47:06 my-cluster-zookeeper-2                        1/1       Running     0          6d7h
2020-07-15 13:47:06 my-connect-cluster-connect-1-deploy           0/1       Completed   0          6d11h
2020-07-15 13:47:06 my-connect-cluster-connect-2-deploy           0/1       Completed   0          6d11h
2020-07-15 13:47:06 my-connect-cluster-connect-3-deploy           0/1       Completed   0          6h6m
2020-07-15 13:47:06 my-connect-cluster-connect-3-xcwkf            1/1       Running     0          47m
2020-07-15 13:47:06 mysql-1-deploy                                0/1       Completed   0          6d8h
2020-07-15 13:47:06 mysql-2-deploy                                0/1       Completed   0          6d8h
2020-07-15 13:47:06 mysql-2-khmsf                                 1/1       Running     0          6d8h

2020-07-15 13:47:07 NAME                                          READY     STATUS      RESTARTS   AGE
2020-07-15 13:47:07 my-cluster-entity-operator-676d44468b-kjrvk   3/3       Running     0          6d7h
2020-07-15 13:47:07 my-cluster-kafka-0                            2/2       Running     0          26m
2020-07-15 13:47:07 my-cluster-kafka-1                            2/2       Running     0          6d7h
2020-07-15 13:47:07 my-cluster-kafka-2                            2/2       Running     0          6d7h
2020-07-15 13:47:07 my-cluster-zookeeper-0                        1/1       Running     0          16m
2020-07-15 13:47:07 my-cluster-zookeeper-1                        1/1       Running     0          6d7h
2020-07-15 13:47:07 my-cluster-zookeeper-2                        1/1       Running     0          6d7h
2020-07-15 13:47:07 my-connect-cluster-connect-1-deploy           0/1       Completed   0          6d11h
2020-07-15 13:47:07 my-connect-cluster-connect-2-deploy           0/1       Completed   0          6d11h
2020-07-15 13:47:07 my-connect-cluster-connect-3-deploy           0/1       Completed   0          6h6m
2020-07-15 13:47:07 my-connect-cluster-connect-3-xcwkf            1/1       Running     0          47m
2020-07-15 13:47:07 mysql-1-deploy                                0/1       Completed   0          6d8h
2020-07-15 13:47:07 mysql-2-deploy                                0/1       Completed   0          6d8h
2020-07-15 13:47:07 mysql-2-khmsf                                 1/1       Running     0          6d8h

2020-07-15 13:47:08 NAME                                          READY     STATUS      RESTARTS   AGE
2020-07-15 13:47:08 my-cluster-entity-operator-676d44468b-kjrvk   3/3       Running     0          6d7h
2020-07-15 13:47:08 my-cluster-kafka-0                            2/2       Running     0          26m
2020-07-15 13:47:08 my-cluster-kafka-1                            2/2       Running     0          6d7h
2020-07-15 13:47:08 my-cluster-kafka-2                            2/2       Running     0          6d7h
2020-07-15 13:47:08 my-cluster-zookeeper-0                        1/1       Running     0          16m
2020-07-15 13:47:08 my-cluster-zookeeper-1                        1/1       Running     0          6d7h
2020-07-15 13:47:08 my-cluster-zookeeper-2                        1/1       Running     0          6d7h
2020-07-15 13:47:08 my-connect-cluster-connect-1-deploy           0/1       Completed   0          6d11h
2020-07-15 13:47:08 my-connect-cluster-connect-2-deploy           0/1       Completed   0          6d11h
2020-07-15 13:47:08 my-connect-cluster-connect-3-deploy           0/1       Completed   0          6h6m
2020-07-15 13:47:08 my-connect-cluster-connect-3-xcwkf            1/1       Running     0          47m
2020-07-15 13:47:08 mysql-1-deploy                                0/1       Completed   0          6d8h
2020-07-15 13:47:08 mysql-2-deploy                                0/1       Completed   0          6d8h
2020-07-15 13:47:08 mysql-2-khmsf                                 1/1       Running     0          6d8h

2020-07-15 13:47:10 NAME                                          READY     STATUS      RESTARTS   AGE
2020-07-15 13:47:10 my-cluster-entity-operator-676d44468b-kjrvk   3/3       Running     0          6d7h
2020-07-15 13:47:10 my-cluster-kafka-0                            2/2       Running     0          26m
2020-07-15 13:47:10 my-cluster-kafka-1                            2/2       Running     0          6d7h
2020-07-15 13:47:10 my-cluster-kafka-2                            2/2       Running     0          6d7h
2020-07-15 13:47:10 my-cluster-zookeeper-0                        1/1       Running     0          16m
2020-07-15 13:47:10 my-cluster-zookeeper-1                        1/1       Running     0          6d7h
2020-07-15 13:47:10 my-cluster-zookeeper-2                        1/1       Running     0          6d7h
2020-07-15 13:47:10 my-connect-cluster-connect-1-deploy           0/1       Completed   0          6d11h
2020-07-15 13:47:10 my-connect-cluster-connect-2-deploy           0/1       Completed   0          6d11h
2020-07-15 13:47:10 my-connect-cluster-connect-3-deploy           0/1       Completed   0          6h6m
2020-07-15 13:47:10 my-connect-cluster-connect-3-xcwkf            1/1       Running     0          47m
2020-07-15 13:47:10 mysql-1-deploy                                0/1       Completed   0          6d8h
2020-07-15 13:47:10 mysql-2-deploy                                0/1       Completed   0          6d8h
2020-07-15 13:47:10 mysql-2-khmsf                                 1/1       Running     0          6d8h

2020-07-15 13:47:11 NAME                                          READY     STATUS      RESTARTS   AGE
2020-07-15 13:47:11 my-cluster-entity-operator-676d44468b-kjrvk   3/3       Running     0          6d7h
2020-07-15 13:47:11 my-cluster-kafka-0                            2/2       Running     0          26m
2020-07-15 13:47:11 my-cluster-kafka-1                            2/2       Running     0          6d7h
2020-07-15 13:47:11 my-cluster-kafka-2                            2/2       Running     0          6d7h
2020-07-15 13:47:11 my-cluster-zookeeper-0                        1/1       Running     0          16m
2020-07-15 13:47:11 my-cluster-zookeeper-1                        1/1       Running     0          6d7h
2020-07-15 13:47:11 my-cluster-zookeeper-2                        1/1       Running     0          6d7h
2020-07-15 13:47:11 my-connect-cluster-connect-1-deploy           0/1       Completed   0          6d11h
2020-07-15 13:47:11 my-connect-cluster-connect-2-deploy           0/1       Completed   0          6d11h
2020-07-15 13:47:11 my-connect-cluster-connect-3-deploy           0/1       Completed   0          6h6m
2020-07-15 13:47:11 my-connect-cluster-connect-3-xcwkf            1/1       Running     0          47m
2020-07-15 13:47:11 mysql-1-deploy                                0/1       Completed   0          6d8h
2020-07-15 13:47:11 mysql-2-deploy                                0/1       Completed   0          6d8h
2020-07-15 13:47:11 mysql-2-khmsf                                 1/1       Running     0          6d8h

2020-07-15 13:47:12 NAME                                          READY     STATUS      RESTARTS   AGE
2020-07-15 13:47:12 my-cluster-entity-operator-676d44468b-kjrvk   3/3       Running     0          6d7h
2020-07-15 13:47:12 my-cluster-kafka-0                            2/2       Running     0          26m
2020-07-15 13:47:12 my-cluster-kafka-1                            2/2       Running     0          6d7h
2020-07-15 13:47:12 my-cluster-kafka-2                            2/2       Running     0          6d7h
2020-07-15 13:47:12 my-cluster-zookeeper-0                        1/1       Running     0          16m
2020-07-15 13:47:12 my-cluster-zookeeper-1                        1/1       Running     0          6d7h
2020-07-15 13:47:12 my-cluster-zookeeper-2                        1/1       Running     0          6d7h
2020-07-15 13:47:12 my-connect-cluster-connect-1-deploy           0/1       Completed   0          6d11h
2020-07-15 13:47:12 my-connect-cluster-connect-2-deploy           0/1       Completed   0          6d11h
2020-07-15 13:47:12 my-connect-cluster-connect-3-deploy           0/1       Completed   0          6h6m
2020-07-15 13:47:12 my-connect-cluster-connect-3-xcwkf            1/1       Running     0          47m
2020-07-15 13:47:12 mysql-1-deploy                                0/1       Completed   0          6d8h
2020-07-15 13:47:12 mysql-2-deploy                                0/1       Completed   0          6d8h
2020-07-15 13:47:12 mysql-2-khmsf                                 1/1       Running     0          6d8h

2020-07-15 13:47:14 NAME                                          READY     STATUS      RESTARTS   AGE
2020-07-15 13:47:14 my-cluster-entity-operator-676d44468b-kjrvk   3/3       Running     0          6d7h
2020-07-15 13:47:14 my-cluster-kafka-0                            2/2       Running     0          26m
2020-07-15 13:47:14 my-cluster-kafka-1                            2/2       Running     0          6d7h
2020-07-15 13:47:14 my-cluster-kafka-2                            2/2       Running     0          6d7h
2020-07-15 13:47:14 my-cluster-zookeeper-0                        1/1       Running     0          16m
2020-07-15 13:47:14 my-cluster-zookeeper-1                        1/1       Running     0          6d7h
2020-07-15 13:47:14 my-cluster-zookeeper-2                        1/1       Running     0          6d7h
2020-07-15 13:47:14 my-connect-cluster-connect-1-deploy           0/1       Completed   0          6d11h
2020-07-15 13:47:14 my-connect-cluster-connect-2-deploy           0/1       Completed   0          6d11h
2020-07-15 13:47:14 my-connect-cluster-connect-3-deploy           0/1       Completed   0          6h6m
2020-07-15 13:47:14 my-connect-cluster-connect-3-xcwkf            1/1       Running     0          47m
2020-07-15 13:47:14 mysql-1-deploy                                0/1       Completed   0          6d8h
2020-07-15 13:47:14 mysql-2-deploy                                0/1       Completed   0          6d8h
2020-07-15 13:47:14 mysql-2-khmsf                                 1/1       Running     0          6d8h

2020-07-15 13:47:15 NAME                                          READY     STATUS      RESTARTS   AGE
2020-07-15 13:47:15 my-cluster-entity-operator-676d44468b-kjrvk   3/3       Running     0          6d7h
2020-07-15 13:47:15 my-cluster-kafka-0                            2/2       Running     0          26m
2020-07-15 13:47:15 my-cluster-kafka-1                            2/2       Running     0          6d7h
2020-07-15 13:47:15 my-cluster-kafka-2                            2/2       Running     0          6d7h
2020-07-15 13:47:15 my-cluster-zookeeper-0                        1/1       Running     0          16m
2020-07-15 13:47:15 my-cluster-zookeeper-1                        1/1       Running     0          6d7h
2020-07-15 13:47:15 my-cluster-zookeeper-2                        1/1       Running     0          6d7h
2020-07-15 13:47:15 my-connect-cluster-connect-1-deploy           0/1       Completed   0          6d11h
2020-07-15 13:47:15 my-connect-cluster-connect-2-deploy           0/1       Completed   0          6d11h
2020-07-15 13:47:15 my-connect-cluster-connect-3-deploy           0/1       Completed   0          6h6m
2020-07-15 13:47:15 my-connect-cluster-connect-3-xcwkf            1/1       Running     0          47m
2020-07-15 13:47:15 mysql-1-deploy                                0/1       Completed   0          6d8h
2020-07-15 13:47:15 mysql-2-deploy                                0/1       Completed   0          6d8h
2020-07-15 13:47:15 mysql-2-khmsf                                 1/1       Running     0          6d8h

2020-07-15 13:47:16 NAME                                          READY     STATUS      RESTARTS   AGE
2020-07-15 13:47:16 my-cluster-entity-operator-676d44468b-kjrvk   3/3       Running     0          6d7h
2020-07-15 13:47:16 my-cluster-kafka-0                            2/2       Running     0          26m
2020-07-15 13:47:16 my-cluster-kafka-1                            2/2       Running     0          6d7h
2020-07-15 13:47:16 my-cluster-kafka-2                            2/2       Running     0          6d7h
2020-07-15 13:47:16 my-cluster-zookeeper-0                        1/1       Running     0          16m
2020-07-15 13:47:16 my-cluster-zookeeper-1                        1/1       Running     0          6d7h
2020-07-15 13:47:16 my-cluster-zookeeper-2                        1/1       Running     0          6d7h
2020-07-15 13:47:16 my-connect-cluster-connect-1-deploy           0/1       Completed   0          6d11h
2020-07-15 13:47:16 my-connect-cluster-connect-2-deploy           0/1       Completed   0          6d11h
2020-07-15 13:47:16 my-connect-cluster-connect-3-deploy           0/1       Completed   0          6h6m
2020-07-15 13:47:16 my-connect-cluster-connect-3-xcwkf            1/1       Running     0          47m
2020-07-15 13:47:16 mysql-1-deploy                                0/1       Completed   0          6d8h
2020-07-15 13:47:16 mysql-2-deploy                                0/1       Completed   0          6d8h
2020-07-15 13:47:16 mysql-2-khmsf                                 1/1       Running     0          6d8h

2020-07-15 13:47:17 NAME                                          READY     STATUS      RESTARTS   AGE
2020-07-15 13:47:17 my-cluster-entity-operator-676d44468b-kjrvk   3/3       Running     0          6d7h
2020-07-15 13:47:17 my-cluster-kafka-0                            2/2       Running     0          26m
2020-07-15 13:47:17 my-cluster-kafka-1                            2/2       Running     0          6d7h
2020-07-15 13:47:17 my-cluster-kafka-2                            2/2       Running     0          6d7h
2020-07-15 13:47:17 my-cluster-zookeeper-0                        1/1       Running     0          16m
2020-07-15 13:47:17 my-cluster-zookeeper-1                        1/1       Running     0          6d7h
2020-07-15 13:47:17 my-cluster-zookeeper-2                        1/1       Running     0          6d7h
2020-07-15 13:47:17 my-connect-cluster-connect-1-deploy           0/1       Completed   0          6d11h
2020-07-15 13:47:17 my-connect-cluster-connect-2-deploy           0/1       Completed   0          6d11h
2020-07-15 13:47:17 my-connect-cluster-connect-3-deploy           0/1       Completed   0          6h6m
2020-07-15 13:47:17 my-connect-cluster-connect-3-xcwkf            1/1       Running     0          47m
2020-07-15 13:47:17 mysql-1-deploy                                0/1       Completed   0          6d8h
2020-07-15 13:47:17 mysql-2-deploy                                0/1       Completed   0          6d8h
2020-07-15 13:47:17 mysql-2-khmsf                                 1/1       Running     0          6d8h

2020-07-15 13:47:19 NAME                                          READY     STATUS      RESTARTS   AGE
2020-07-15 13:47:19 my-cluster-entity-operator-676d44468b-kjrvk   3/3       Running     0          6d7h
2020-07-15 13:47:19 my-cluster-kafka-0                            2/2       Running     0          26m
2020-07-15 13:47:19 my-cluster-kafka-1                            2/2       Running     0          6d7h
2020-07-15 13:47:19 my-cluster-kafka-2                            2/2       Running     0          6d7h
2020-07-15 13:47:19 my-cluster-zookeeper-0                        1/1       Running     0          16m
2020-07-15 13:47:19 my-cluster-zookeeper-1                        1/1       Running     0          6d7h
2020-07-15 13:47:19 my-cluster-zookeeper-2                        1/1       Running     0          6d7h
2020-07-15 13:47:19 my-connect-cluster-connect-1-deploy           0/1       Completed   0          6d11h
2020-07-15 13:47:19 my-connect-cluster-connect-2-deploy           0/1       Completed   0          6d11h
2020-07-15 13:47:19 my-connect-cluster-connect-3-deploy           0/1       Completed   0          6h6m
2020-07-15 13:47:19 my-connect-cluster-connect-3-xcwkf            1/1       Running     0          47m
2020-07-15 13:47:19 mysql-1-deploy                                0/1       Completed   0          6d8h
2020-07-15 13:47:19 mysql-2-deploy                                0/1       Completed   0          6d8h
2020-07-15 13:47:19 mysql-2-khmsf                                 1/1       Running     0          6d8h

2020-07-15 13:47:20 NAME                                          READY     STATUS      RESTARTS   AGE
2020-07-15 13:47:20 my-cluster-entity-operator-676d44468b-kjrvk   3/3       Running     0          6d7h
2020-07-15 13:47:20 my-cluster-kafka-0                            2/2       Running     0          26m
2020-07-15 13:47:20 my-cluster-kafka-1                            2/2       Running     0          6d7h
2020-07-15 13:47:20 my-cluster-kafka-2                            2/2       Running     0          6d7h
2020-07-15 13:47:20 my-cluster-zookeeper-0                        1/1       Running     0          16m
2020-07-15 13:47:20 my-cluster-zookeeper-1                        1/1       Running     0          6d7h
2020-07-15 13:47:20 my-cluster-zookeeper-2                        1/1       Running     0          6d7h
2020-07-15 13:47:20 my-connect-cluster-connect-1-deploy           0/1       Completed   0          6d11h
2020-07-15 13:47:20 my-connect-cluster-connect-2-deploy           0/1       Completed   0          6d11h
2020-07-15 13:47:20 my-connect-cluster-connect-3-deploy           0/1       Completed   0          6h6m
2020-07-15 13:47:20 my-connect-cluster-connect-3-xcwkf            1/1       Running     0          47m
2020-07-15 13:47:20 mysql-1-deploy                                0/1       Completed   0          6d8h
2020-07-15 13:47:20 mysql-2-deploy                                0/1       Completed   0          6d8h
2020-07-15 13:47:20 mysql-2-khmsf                                 1/1       Running     0          6d8h

2020-07-15 13:47:21 NAME                                          READY     STATUS      RESTARTS   AGE
2020-07-15 13:47:21 my-cluster-entity-operator-676d44468b-kjrvk   3/3       Running     0          6d7h
2020-07-15 13:47:21 my-cluster-kafka-0                            2/2       Running     0          26m
2020-07-15 13:47:21 my-cluster-kafka-1                            2/2       Running     0          6d7h
2020-07-15 13:47:21 my-cluster-kafka-2                            2/2       Running     0          6d7h
2020-07-15 13:47:21 my-cluster-zookeeper-0                        1/1       Running     0          16m
2020-07-15 13:47:21 my-cluster-zookeeper-1                        1/1       Running     0          6d7h
2020-07-15 13:47:21 my-cluster-zookeeper-2                        1/1       Running     0          6d7h
2020-07-15 13:47:21 my-connect-cluster-connect-1-deploy           0/1       Completed   0          6d11h
2020-07-15 13:47:21 my-connect-cluster-connect-2-deploy           0/1       Completed   0          6d11h
2020-07-15 13:47:21 my-connect-cluster-connect-3-deploy           0/1       Completed   0          6h6m
2020-07-15 13:47:21 my-connect-cluster-connect-3-xcwkf            1/1       Running     0          47m
2020-07-15 13:47:21 mysql-1-deploy                                0/1       Completed   0          6d8h
2020-07-15 13:47:21 mysql-2-deploy                                0/1       Completed   0          6d8h
2020-07-15 13:47:21 mysql-2-khmsf                                 1/1       Running     0          6d8h

2020-07-15 13:47:23 NAME                                          READY     STATUS      RESTARTS   AGE
2020-07-15 13:47:23 my-cluster-entity-operator-676d44468b-kjrvk   3/3       Running     0          6d7h
2020-07-15 13:47:23 my-cluster-kafka-0                            2/2       Running     0          26m
2020-07-15 13:47:23 my-cluster-kafka-1                            2/2       Running     0          6d7h
2020-07-15 13:47:23 my-cluster-kafka-2                            2/2       Running     0          6d7h
2020-07-15 13:47:23 my-cluster-zookeeper-0                        1/1       Running     0          16m
2020-07-15 13:47:23 my-cluster-zookeeper-1                        1/1       Running     0          6d7h
2020-07-15 13:47:23 my-cluster-zookeeper-2                        1/1       Running     0          6d7h
2020-07-15 13:47:23 my-connect-cluster-connect-1-deploy           0/1       Completed   0          6d11h
2020-07-15 13:47:23 my-connect-cluster-connect-2-deploy           0/1       Completed   0          6d11h
2020-07-15 13:47:23 my-connect-cluster-connect-3-deploy           0/1       Completed   0          6h6m
2020-07-15 13:47:23 my-connect-cluster-connect-3-xcwkf            1/1       Running     0          47m
2020-07-15 13:47:23 mysql-1-deploy                                0/1       Completed   0          6d8h
2020-07-15 13:47:23 mysql-2-deploy                                0/1       Completed   0          6d8h
2020-07-15 13:47:23 mysql-2-khmsf                                 1/1       Running     0          6d8h

2020-07-15 13:47:24 NAME                                          READY     STATUS      RESTARTS   AGE
2020-07-15 13:47:24 my-cluster-entity-operator-676d44468b-kjrvk   3/3       Running     0          6d7h
2020-07-15 13:47:24 my-cluster-kafka-0                            2/2       Running     0          26m
2020-07-15 13:47:24 my-cluster-kafka-1                            2/2       Running     0          6d7h
2020-07-15 13:47:24 my-cluster-kafka-2                            2/2       Running     0          6d7h
2020-07-15 13:47:24 my-cluster-zookeeper-0                        1/1       Running     0          16m
2020-07-15 13:47:24 my-cluster-zookeeper-1                        1/1       Running     0          6d7h
2020-07-15 13:47:24 my-cluster-zookeeper-2                        1/1       Running     0          6d7h
2020-07-15 13:47:24 my-connect-cluster-connect-1-deploy           0/1       Completed   0          6d11h
2020-07-15 13:47:24 my-connect-cluster-connect-2-deploy           0/1       Completed   0          6d11h
2020-07-15 13:47:24 my-connect-cluster-connect-3-deploy           0/1       Completed   0          6h6m
2020-07-15 13:47:24 my-connect-cluster-connect-3-xcwkf            1/1       Running     0          47m
2020-07-15 13:47:24 mysql-1-deploy                                0/1       Completed   0          6d8h
2020-07-15 13:47:24 mysql-2-deploy                                0/1       Completed   0          6d8h
2020-07-15 13:47:24 mysql-2-khmsf                                 1/1       Running     0          6d8h

2020-07-15 13:47:25 NAME                                          READY     STATUS      RESTARTS   AGE
2020-07-15 13:47:25 my-cluster-entity-operator-676d44468b-kjrvk   3/3       Running     0          6d7h
2020-07-15 13:47:25 my-cluster-kafka-0                            2/2       Running     0          26m
2020-07-15 13:47:25 my-cluster-kafka-1                            2/2       Running     0          6d7h
2020-07-15 13:47:25 my-cluster-kafka-2                            2/2       Running     0          6d7h
2020-07-15 13:47:25 my-cluster-zookeeper-0                        1/1       Running     0          16m
2020-07-15 13:47:25 my-cluster-zookeeper-1                        1/1       Running     0          6d7h
2020-07-15 13:47:25 my-cluster-zookeeper-2                        1/1       Running     0          6d7h
2020-07-15 13:47:25 my-connect-cluster-connect-1-deploy           0/1       Completed   0          6d11h
2020-07-15 13:47:25 my-connect-cluster-connect-2-deploy           0/1       Completed   0          6d11h
2020-07-15 13:47:25 my-connect-cluster-connect-3-deploy           0/1       Completed   0          6h6m
2020-07-15 13:47:25 my-connect-cluster-connect-3-xcwkf            1/1       Running     0          47m
2020-07-15 13:47:25 mysql-1-deploy                                0/1       Completed   0          6d8h
2020-07-15 13:47:25 mysql-2-deploy                                0/1       Completed   0          6d8h
2020-07-15 13:47:25 mysql-2-khmsf                                 1/1       Running     0          6d8h

2020-07-15 13:47:27 NAME                                          READY     STATUS      RESTARTS   AGE
2020-07-15 13:47:27 my-cluster-entity-operator-676d44468b-kjrvk   3/3       Running     0          6d7h
2020-07-15 13:47:27 my-cluster-kafka-0                            2/2       Running     0          26m
2020-07-15 13:47:27 my-cluster-kafka-1                            2/2       Running     0          6d7h
2020-07-15 13:47:27 my-cluster-kafka-2                            2/2       Running     0          6d7h
2020-07-15 13:47:27 my-cluster-zookeeper-0                        1/1       Running     0          16m
2020-07-15 13:47:27 my-cluster-zookeeper-1                        1/1       Running     0          6d7h
2020-07-15 13:47:27 my-cluster-zookeeper-2                        1/1       Running     0          6d7h
2020-07-15 13:47:27 my-connect-cluster-connect-1-deploy           0/1       Completed   0          6d11h
2020-07-15 13:47:27 my-connect-cluster-connect-2-deploy           0/1       Completed   0          6d11h
2020-07-15 13:47:27 my-connect-cluster-connect-3-deploy           0/1       Completed   0          6h6m
2020-07-15 13:47:27 my-connect-cluster-connect-3-xcwkf            1/1       Running     0          47m
2020-07-15 13:47:27 mysql-1-deploy                                0/1       Completed   0          6d8h
2020-07-15 13:47:27 mysql-2-deploy                                0/1       Completed   0          6d8h
2020-07-15 13:47:27 mysql-2-khmsf                                 1/1       Running     0          6d8h

2020-07-15 13:47:28 NAME                                          READY     STATUS      RESTARTS   AGE
2020-07-15 13:47:28 my-cluster-entity-operator-676d44468b-kjrvk   3/3       Running     0          6d7h
2020-07-15 13:47:28 my-cluster-kafka-0                            2/2       Running     0          26m
2020-07-15 13:47:28 my-cluster-kafka-1                            2/2       Running     0          6d7h
2020-07-15 13:47:28 my-cluster-kafka-2                            2/2       Running     0          6d7h
2020-07-15 13:47:28 my-cluster-zookeeper-0                        1/1       Running     0          16m
2020-07-15 13:47:28 my-cluster-zookeeper-1                        1/1       Running     0          6d7h
2020-07-15 13:47:28 my-cluster-zookeeper-2                        1/1       Running     0          6d7h
2020-07-15 13:47:28 my-connect-cluster-connect-1-deploy           0/1       Completed   0          6d11h
2020-07-15 13:47:28 my-connect-cluster-connect-2-deploy           0/1       Completed   0          6d11h
2020-07-15 13:47:28 my-connect-cluster-connect-3-deploy           0/1       Completed   0          6h6m
2020-07-15 13:47:28 my-connect-cluster-connect-3-xcwkf            1/1       Running     0          47m
2020-07-15 13:47:28 mysql-1-deploy                                0/1       Completed   0          6d8h
2020-07-15 13:47:28 mysql-2-deploy                                0/1       Completed   0          6d8h
2020-07-15 13:47:28 mysql-2-khmsf                                 1/1       Running     0          6d8h

2020-07-15 13:47:29 NAME                                          READY     STATUS      RESTARTS   AGE
2020-07-15 13:47:29 my-cluster-entity-operator-676d44468b-kjrvk   3/3       Running     0          6d7h
2020-07-15 13:47:29 my-cluster-kafka-0                            2/2       Running     0          26m
2020-07-15 13:47:29 my-cluster-kafka-1                            2/2       Running     0          6d7h
2020-07-15 13:47:29 my-cluster-kafka-2                            2/2       Running     0          6d7h
2020-07-15 13:47:29 my-cluster-zookeeper-0                        1/1       Running     0          16m
2020-07-15 13:47:29 my-cluster-zookeeper-1                        1/1       Running     0          6d7h
2020-07-15 13:47:29 my-cluster-zookeeper-2                        1/1       Running     0          6d7h
2020-07-15 13:47:29 my-connect-cluster-connect-1-deploy           0/1       Completed   0          6d11h
2020-07-15 13:47:29 my-connect-cluster-connect-2-deploy           0/1       Completed   0          6d11h
2020-07-15 13:47:29 my-connect-cluster-connect-3-deploy           0/1       Completed   0          6h6m
2020-07-15 13:47:29 my-connect-cluster-connect-3-xcwkf            1/1       Running     0          48m
2020-07-15 13:47:29 mysql-1-deploy                                0/1       Completed   0          6d8h
2020-07-15 13:47:29 mysql-2-deploy                                0/1       Completed   0          6d8h
2020-07-15 13:47:29 mysql-2-khmsf                                 1/1       Running     0          6d8h

2020-07-15 13:47:30 NAME                                          READY     STATUS      RESTARTS   AGE
2020-07-15 13:47:30 my-cluster-entity-operator-676d44468b-kjrvk   3/3       Running     0          6d7h
2020-07-15 13:47:30 my-cluster-kafka-0                            2/2       Running     0          26m
2020-07-15 13:47:30 my-cluster-kafka-1                            2/2       Running     0          6d7h
2020-07-15 13:47:30 my-cluster-kafka-2                            2/2       Running     0          6d7h
2020-07-15 13:47:30 my-cluster-zookeeper-0                        1/1       Running     0          16m
2020-07-15 13:47:30 my-cluster-zookeeper-1                        1/1       Running     0          6d7h
2020-07-15 13:47:30 my-cluster-zookeeper-2                        1/1       Running     0          6d7h
2020-07-15 13:47:30 my-connect-cluster-connect-1-deploy           0/1       Completed   0          6d11h
2020-07-15 13:47:30 my-connect-cluster-connect-2-deploy           0/1       Completed   0          6d11h
2020-07-15 13:47:30 my-connect-cluster-connect-3-deploy           0/1       Completed   0          6h6m
2020-07-15 13:47:30 my-connect-cluster-connect-3-xcwkf            1/1       Running     0          48m
2020-07-15 13:47:30 mysql-1-deploy                                0/1       Completed   0          6d8h
2020-07-15 13:47:30 mysql-2-deploy                                0/1       Completed   0          6d8h
2020-07-15 13:47:30 mysql-2-khmsf                                 1/1       Running     0          6d8h

2020-07-15 13:47:32 NAME                                          READY     STATUS      RESTARTS   AGE
2020-07-15 13:47:32 my-cluster-entity-operator-676d44468b-kjrvk   3/3       Running     0          6d7h
2020-07-15 13:47:32 my-cluster-kafka-0                            2/2       Running     0          26m
2020-07-15 13:47:32 my-cluster-kafka-1                            2/2       Running     0          6d7h
2020-07-15 13:47:32 my-cluster-kafka-2                            2/2       Running     0          6d7h
2020-07-15 13:47:32 my-cluster-zookeeper-0                        1/1       Running     0          16m
2020-07-15 13:47:32 my-cluster-zookeeper-1                        1/1       Running     0          6d7h
2020-07-15 13:47:32 my-cluster-zookeeper-2                        1/1       Running     0          6d7h
2020-07-15 13:47:32 my-connect-cluster-connect-1-deploy           0/1       Completed   0          6d11h
2020-07-15 13:47:32 my-connect-cluster-connect-2-deploy           0/1       Completed   0          6d11h
2020-07-15 13:47:32 my-connect-cluster-connect-3-deploy           0/1       Completed   0          6h7m
2020-07-15 13:47:32 my-connect-cluster-connect-3-xcwkf            1/1       Running     0          48m
2020-07-15 13:47:32 mysql-1-deploy                                0/1       Completed   0          6d8h
2020-07-15 13:47:32 mysql-2-deploy                                0/1       Completed   0          6d8h
2020-07-15 13:47:32 mysql-2-khmsf                                 1/1       Running     0          6d8h

2020-07-15 13:47:33 NAME                                          READY     STATUS      RESTARTS   AGE
2020-07-15 13:47:33 my-cluster-entity-operator-676d44468b-kjrvk   3/3       Running     0          6d7h
2020-07-15 13:47:33 my-cluster-kafka-0                            2/2       Running     0          26m
2020-07-15 13:47:33 my-cluster-kafka-1                            2/2       Running     0          6d7h
2020-07-15 13:47:33 my-cluster-kafka-2                            2/2       Running     0          6d7h
2020-07-15 13:47:33 my-cluster-zookeeper-0                        1/1       Running     0          16m
2020-07-15 13:47:33 my-cluster-zookeeper-1                        1/1       Running     0          6d7h
2020-07-15 13:47:33 my-cluster-zookeeper-2                        1/1       Running     0          6d7h
2020-07-15 13:47:33 my-connect-cluster-connect-1-deploy           0/1       Completed   0          6d11h
2020-07-15 13:47:33 my-connect-cluster-connect-2-deploy           0/1       Completed   0          6d11h
2020-07-15 13:47:33 my-connect-cluster-connect-3-deploy           0/1       Completed   0          6h7m
2020-07-15 13:47:33 my-connect-cluster-connect-3-xcwkf            1/1       Running     0          48m
2020-07-15 13:47:33 mysql-1-deploy                                0/1       Completed   0          6d8h
2020-07-15 13:47:33 mysql-2-deploy                                0/1       Completed   0          6d8h
2020-07-15 13:47:33 mysql-2-khmsf                                 1/1       Running     0          6d8h

2020-07-15 13:47:34 NAME                                          READY     STATUS      RESTARTS   AGE
2020-07-15 13:47:34 my-cluster-entity-operator-676d44468b-kjrvk   3/3       Running     0          6d7h
2020-07-15 13:47:34 my-cluster-kafka-0                            2/2       Running     0          26m
2020-07-15 13:47:34 my-cluster-kafka-1                            2/2       Running     0          6d7h
2020-07-15 13:47:34 my-cluster-kafka-2                            2/2       Running     0          6d7h
2020-07-15 13:47:34 my-cluster-zookeeper-0                        1/1       Running     0          16m
2020-07-15 13:47:34 my-cluster-zookeeper-1                        1/1       Running     0          6d7h
2020-07-15 13:47:34 my-cluster-zookeeper-2                        1/1       Running     0          6d7h
2020-07-15 13:47:34 my-connect-cluster-connect-1-deploy           0/1       Completed   0          6d11h
2020-07-15 13:47:34 my-connect-cluster-connect-2-deploy           0/1       Completed   0          6d11h
2020-07-15 13:47:34 my-connect-cluster-connect-3-deploy           0/1       Completed   0          6h7m
2020-07-15 13:47:34 my-connect-cluster-connect-3-xcwkf            1/1       Running     0          48m
2020-07-15 13:47:34 mysql-1-deploy                                0/1       Completed   0          6d8h
2020-07-15 13:47:34 mysql-2-deploy                                0/1       Completed   0          6d8h
2020-07-15 13:47:34 mysql-2-khmsf                                 1/1       Running     0          6d8h

2020-07-15 13:47:36 NAME                                          READY     STATUS      RESTARTS   AGE
2020-07-15 13:47:36 my-cluster-entity-operator-676d44468b-kjrvk   3/3       Running     0          6d7h
2020-07-15 13:47:36 my-cluster-kafka-0                            2/2       Running     0          26m
2020-07-15 13:47:36 my-cluster-kafka-1                            2/2       Running     0          6d7h
2020-07-15 13:47:36 my-cluster-kafka-2                            2/2       Running     0          6d7h
2020-07-15 13:47:36 my-cluster-zookeeper-0                        1/1       Running     0          16m
2020-07-15 13:47:36 my-cluster-zookeeper-1                        1/1       Running     0          6d7h
2020-07-15 13:47:36 my-cluster-zookeeper-2                        1/1       Running     0          6d7h
2020-07-15 13:47:36 my-connect-cluster-connect-1-deploy           0/1       Completed   0          6d11h
2020-07-15 13:47:36 my-connect-cluster-connect-2-deploy           0/1       Completed   0          6d11h
2020-07-15 13:47:36 my-connect-cluster-connect-3-deploy           0/1       Completed   0          6h7m
2020-07-15 13:47:36 my-connect-cluster-connect-3-xcwkf            1/1       Running     0          48m
2020-07-15 13:47:36 mysql-1-deploy                                0/1       Completed   0          6d8h
2020-07-15 13:47:36 mysql-2-deploy                                0/1       Completed   0          6d8h
2020-07-15 13:47:36 mysql-2-khmsf                                 1/1       Running     0          6d8h

2020-07-15 13:47:37 NAME                                          READY     STATUS      RESTARTS   AGE
2020-07-15 13:47:37 my-cluster-entity-operator-676d44468b-kjrvk   3/3       Running     0          6d7h
2020-07-15 13:47:37 my-cluster-kafka-0                            2/2       Running     0          26m
2020-07-15 13:47:37 my-cluster-kafka-1                            2/2       Running     0          6d7h
2020-07-15 13:47:37 my-cluster-kafka-2                            2/2       Running     0          6d7h
2020-07-15 13:47:37 my-cluster-zookeeper-0                        1/1       Running     0          16m
2020-07-15 13:47:37 my-cluster-zookeeper-1                        1/1       Running     0          6d7h
2020-07-15 13:47:37 my-cluster-zookeeper-2                        1/1       Running     0          6d7h
2020-07-15 13:47:37 my-connect-cluster-connect-1-deploy           0/1       Completed   0          6d11h
2020-07-15 13:47:37 my-connect-cluster-connect-2-deploy           0/1       Completed   0          6d11h
2020-07-15 13:47:37 my-connect-cluster-connect-3-deploy           0/1       Completed   0          6h7m
2020-07-15 13:47:37 my-connect-cluster-connect-3-xcwkf            1/1       Running     0          48m
2020-07-15 13:47:37 mysql-1-deploy                                0/1       Completed   0          6d8h
2020-07-15 13:47:37 mysql-2-deploy                                0/1       Completed   0          6d8h
2020-07-15 13:47:37 mysql-2-khmsf                                 1/1       Running     0          6d8h

2020-07-15 13:47:38 NAME                                          READY     STATUS      RESTARTS   AGE
2020-07-15 13:47:38 my-cluster-entity-operator-676d44468b-kjrvk   3/3       Running     0          6d7h
2020-07-15 13:47:38 my-cluster-kafka-0                            2/2       Running     0          26m
2020-07-15 13:47:38 my-cluster-kafka-1                            2/2       Running     0          6d7h
2020-07-15 13:47:38 my-cluster-kafka-2                            2/2       Running     0          6d7h
2020-07-15 13:47:38 my-cluster-zookeeper-0                        1/1       Running     0          16m
2020-07-15 13:47:38 my-cluster-zookeeper-1                        1/1       Running     0          6d7h
2020-07-15 13:47:38 my-cluster-zookeeper-2                        1/1       Running     0          6d7h
2020-07-15 13:47:38 my-connect-cluster-connect-1-deploy           0/1       Completed   0          6d11h
2020-07-15 13:47:38 my-connect-cluster-connect-2-deploy           0/1       Completed   0          6d11h
2020-07-15 13:47:38 my-connect-cluster-connect-3-deploy           0/1       Completed   0          6h7m
2020-07-15 13:47:38 my-connect-cluster-connect-3-xcwkf            1/1       Running     0          48m
2020-07-15 13:47:38 mysql-1-deploy                                0/1       Completed   0          6d8h
2020-07-15 13:47:38 mysql-2-deploy                                0/1       Completed   0          6d8h
2020-07-15 13:47:38 mysql-2-khmsf                                 1/1       Running     0          6d8h

2020-07-15 13:47:39 NAME                                          READY     STATUS      RESTARTS   AGE
2020-07-15 13:47:39 my-cluster-entity-operator-676d44468b-kjrvk   3/3       Running     0          6d7h
2020-07-15 13:47:39 my-cluster-kafka-0                            2/2       Running     0          26m
2020-07-15 13:47:39 my-cluster-kafka-1                            2/2       Running     0          6d7h
2020-07-15 13:47:39 my-cluster-kafka-2                            2/2       Running     0          6d7h
2020-07-15 13:47:39 my-cluster-zookeeper-0                        1/1       Running     0          16m
2020-07-15 13:47:39 my-cluster-zookeeper-1                        1/1       Running     0          6d7h
2020-07-15 13:47:39 my-cluster-zookeeper-2                        1/1       Running     0          6d7h
2020-07-15 13:47:39 my-connect-cluster-connect-1-deploy           0/1       Completed   0          6d11h
2020-07-15 13:47:39 my-connect-cluster-connect-2-deploy           0/1       Completed   0          6d11h
2020-07-15 13:47:39 my-connect-cluster-connect-3-deploy           0/1       Completed   0          6h7m
2020-07-15 13:47:39 my-connect-cluster-connect-3-xcwkf            1/1       Running     0          48m
2020-07-15 13:47:39 mysql-1-deploy                                0/1       Completed   0          6d8h
2020-07-15 13:47:39 mysql-2-deploy                                0/1       Completed   0          6d8h
2020-07-15 13:47:39 mysql-2-khmsf                                 1/1       Running     0          6d8h

2020-07-15 13:47:41 NAME                                          READY     STATUS      RESTARTS   AGE
2020-07-15 13:47:41 my-cluster-entity-operator-676d44468b-kjrvk   3/3       Running     0          6d7h
2020-07-15 13:47:41 my-cluster-kafka-0                            2/2       Running     0          26m
2020-07-15 13:47:41 my-cluster-kafka-1                            2/2       Running     0          6d7h
2020-07-15 13:47:41 my-cluster-kafka-2                            2/2       Running     0          6d7h
2020-07-15 13:47:41 my-cluster-zookeeper-0                        1/1       Running     0          17m
2020-07-15 13:47:41 my-cluster-zookeeper-1                        1/1       Running     0          6d7h
2020-07-15 13:47:41 my-cluster-zookeeper-2                        1/1       Running     0          6d7h
2020-07-15 13:47:41 my-connect-cluster-connect-1-deploy           0/1       Completed   0          6d11h
2020-07-15 13:47:41 my-connect-cluster-connect-2-deploy           0/1       Completed   0          6d11h
2020-07-15 13:47:41 my-connect-cluster-connect-3-deploy           0/1       Completed   0          6h7m
2020-07-15 13:47:41 my-connect-cluster-connect-3-xcwkf            1/1       Running     0          48m
2020-07-15 13:47:41 mysql-1-deploy                                0/1       Completed   0          6d8h
2020-07-15 13:47:41 mysql-2-deploy                                0/1       Completed   0          6d8h
2020-07-15 13:47:41 mysql-2-khmsf                                 1/1       Running     0          6d8h

2020-07-15 13:47:42 NAME                                          READY     STATUS      RESTARTS   AGE
2020-07-15 13:47:42 my-cluster-entity-operator-676d44468b-kjrvk   3/3       Running     0          6d7h
2020-07-15 13:47:42 my-cluster-kafka-0                            2/2       Running     0          26m
2020-07-15 13:47:42 my-cluster-kafka-1                            2/2       Running     0          6d7h
2020-07-15 13:47:42 my-cluster-kafka-2                            2/2       Running     0          6d7h
2020-07-15 13:47:42 my-cluster-zookeeper-0                        1/1       Running     0          17m
2020-07-15 13:47:42 my-cluster-zookeeper-1                        1/1       Running     0          6d7h
2020-07-15 13:47:42 my-cluster-zookeeper-2                        1/1       Running     0          6d7h
2020-07-15 13:47:42 my-connect-cluster-connect-1-deploy           0/1       Completed   0          6d11h
2020-07-15 13:47:42 my-connect-cluster-connect-2-deploy           0/1       Completed   0          6d11h
2020-07-15 13:47:42 my-connect-cluster-connect-3-deploy           0/1       Completed   0          6h7m
2020-07-15 13:47:42 my-connect-cluster-connect-3-xcwkf            1/1       Running     0          48m
2020-07-15 13:47:42 mysql-1-deploy                                0/1       Completed   0          6d8h
2020-07-15 13:47:42 mysql-2-deploy                                0/1       Completed   0          6d8h
2020-07-15 13:47:42 mysql-2-khmsf                                 1/1       Running     0          6d8h

2020-07-15 13:47:43 NAME                                          READY     STATUS      RESTARTS   AGE
2020-07-15 13:47:43 my-cluster-entity-operator-676d44468b-kjrvk   3/3       Running     0          6d7h
2020-07-15 13:47:43 my-cluster-kafka-0                            2/2       Running     0          26m
2020-07-15 13:47:43 my-cluster-kafka-1                            2/2       Running     0          6d7h
2020-07-15 13:47:43 my-cluster-kafka-2                            2/2       Running     0          6d7h
2020-07-15 13:47:43 my-cluster-zookeeper-0                        1/1       Running     0          17m
2020-07-15 13:47:43 my-cluster-zookeeper-1                        1/1       Running     0          6d7h
2020-07-15 13:47:43 my-cluster-zookeeper-2                        1/1       Running     0          6d7h
2020-07-15 13:47:43 my-connect-cluster-connect-1-deploy           0/1       Completed   0          6d11h
2020-07-15 13:47:43 my-connect-cluster-connect-2-deploy           0/1       Completed   0          6d11h
2020-07-15 13:47:43 my-connect-cluster-connect-3-deploy           0/1       Completed   0          6h7m
2020-07-15 13:47:43 my-connect-cluster-connect-3-xcwkf            1/1       Running     0          48m
2020-07-15 13:47:43 mysql-1-deploy                                0/1       Completed   0          6d8h
2020-07-15 13:47:43 mysql-2-deploy                                0/1       Completed   0          6d8h
2020-07-15 13:47:43 mysql-2-khmsf                                 1/1       Running     0          6d8h

2020-07-15 13:47:45 NAME                                          READY     STATUS      RESTARTS   AGE
2020-07-15 13:47:45 my-cluster-entity-operator-676d44468b-kjrvk   3/3       Running     0          6d7h
2020-07-15 13:47:45 my-cluster-kafka-0                            2/2       Running     0          26m
2020-07-15 13:47:45 my-cluster-kafka-1                            2/2       Running     0          6d7h
2020-07-15 13:47:45 my-cluster-kafka-2                            2/2       Running     0          6d7h
2020-07-15 13:47:45 my-cluster-zookeeper-0                        1/1       Running     0          17m
2020-07-15 13:47:45 my-cluster-zookeeper-1                        1/1       Running     0          6d7h
2020-07-15 13:47:45 my-cluster-zookeeper-2                        1/1       Running     0          6d7h
2020-07-15 13:47:45 my-connect-cluster-connect-1-deploy           0/1       Completed   0          6d11h
2020-07-15 13:47:45 my-connect-cluster-connect-2-deploy           0/1       Completed   0          6d11h
2020-07-15 13:47:45 my-connect-cluster-connect-3-deploy           0/1       Completed   0          6h7m
2020-07-15 13:47:45 my-connect-cluster-connect-3-xcwkf            1/1       Running     0          48m
2020-07-15 13:47:45 mysql-1-deploy                                0/1       Completed   0          6d8h
2020-07-15 13:47:45 mysql-2-deploy                                0/1       Completed   0          6d8h
2020-07-15 13:47:45 mysql-2-khmsf                                 1/1       Running     0          6d8h

2020-07-15 13:47:46 NAME                                          READY     STATUS      RESTARTS   AGE
2020-07-15 13:47:46 my-cluster-entity-operator-676d44468b-kjrvk   3/3       Running     0          6d7h
2020-07-15 13:47:46 my-cluster-kafka-0                            2/2       Running     0          26m
2020-07-15 13:47:46 my-cluster-kafka-1                            2/2       Running     0          6d7h
2020-07-15 13:47:46 my-cluster-kafka-2                            2/2       Running     0          6d7h
2020-07-15 13:47:46 my-cluster-zookeeper-0                        1/1       Running     0          17m
2020-07-15 13:47:46 my-cluster-zookeeper-1                        1/1       Running     0          6d7h
2020-07-15 13:47:46 my-cluster-zookeeper-2                        1/1       Running     0          6d7h
2020-07-15 13:47:46 my-connect-cluster-connect-1-deploy           0/1       Completed   0          6d11h
2020-07-15 13:47:46 my-connect-cluster-connect-2-deploy           0/1       Completed   0          6d11h
2020-07-15 13:47:46 my-connect-cluster-connect-3-deploy           0/1       Completed   0          6h7m
2020-07-15 13:47:46 my-connect-cluster-connect-3-xcwkf            1/1       Running     0          48m
2020-07-15 13:47:46 mysql-1-deploy                                0/1       Completed   0          6d8h
2020-07-15 13:47:46 mysql-2-deploy                                0/1       Completed   0          6d8h
2020-07-15 13:47:46 mysql-2-khmsf                                 1/1       Running     0          6d8h

2020-07-15 13:47:47 NAME                                          READY     STATUS      RESTARTS   AGE
2020-07-15 13:47:47 my-cluster-entity-operator-676d44468b-kjrvk   3/3       Running     0          6d7h
2020-07-15 13:47:47 my-cluster-kafka-0                            2/2       Running     0          26m
2020-07-15 13:47:47 my-cluster-kafka-1                            2/2       Running     0          6d7h
2020-07-15 13:47:47 my-cluster-kafka-2                            2/2       Running     0          6d7h
2020-07-15 13:47:47 my-cluster-zookeeper-0                        1/1       Running     0          17m
2020-07-15 13:47:47 my-cluster-zookeeper-1                        1/1       Running     0          6d7h
2020-07-15 13:47:47 my-cluster-zookeeper-2                        1/1       Running     0          6d7h
2020-07-15 13:47:47 my-connect-cluster-connect-1-deploy           0/1       Completed   0          6d11h
2020-07-15 13:47:47 my-connect-cluster-connect-2-deploy           0/1       Completed   0          6d11h
2020-07-15 13:47:47 my-connect-cluster-connect-3-deploy           0/1       Completed   0          6h7m
2020-07-15 13:47:47 my-connect-cluster-connect-3-xcwkf            1/1       Running     0          48m
2020-07-15 13:47:47 mysql-1-deploy                                0/1       Completed   0          6d8h
2020-07-15 13:47:47 mysql-2-deploy                                0/1       Completed   0          6d8h
2020-07-15 13:47:47 mysql-2-khmsf                                 1/1       Running     0          6d8h

2020-07-15 13:47:49 NAME                                          READY     STATUS      RESTARTS   AGE
2020-07-15 13:47:49 my-cluster-entity-operator-676d44468b-kjrvk   3/3       Running     0          6d7h
2020-07-15 13:47:49 my-cluster-kafka-0                            2/2       Running     0          26m
2020-07-15 13:47:49 my-cluster-kafka-1                            2/2       Running     0          6d7h
2020-07-15 13:47:49 my-cluster-kafka-2                            2/2       Running     0          6d7h
2020-07-15 13:47:49 my-cluster-zookeeper-0                        1/1       Running     0          17m
2020-07-15 13:47:49 my-cluster-zookeeper-1                        1/1       Running     0          6d7h
2020-07-15 13:47:49 my-cluster-zookeeper-2                        1/1       Running     0          6d7h
2020-07-15 13:47:49 my-connect-cluster-connect-1-deploy           0/1       Completed   0          6d11h
2020-07-15 13:47:49 my-connect-cluster-connect-2-deploy           0/1       Completed   0          6d11h
2020-07-15 13:47:49 my-connect-cluster-connect-3-deploy           0/1       Completed   0          6h7m
2020-07-15 13:47:49 my-connect-cluster-connect-3-xcwkf            1/1       Running     0          48m
2020-07-15 13:47:49 mysql-1-deploy                                0/1       Completed   0          6d8h
2020-07-15 13:47:49 mysql-2-deploy                                0/1       Completed   0          6d8h
2020-07-15 13:47:49 mysql-2-khmsf                                 1/1       Running     0          6d8h

2020-07-15 13:47:50 NAME                                          READY     STATUS      RESTARTS   AGE
2020-07-15 13:47:50 my-cluster-entity-operator-676d44468b-kjrvk   3/3       Running     0          6d7h
2020-07-15 13:47:50 my-cluster-kafka-0                            2/2       Running     0          26m
2020-07-15 13:47:50 my-cluster-kafka-1                            2/2       Running     0          6d7h
2020-07-15 13:47:50 my-cluster-kafka-2                            2/2       Running     0          6d7h
2020-07-15 13:47:50 my-cluster-zookeeper-0                        1/1       Running     0          17m
2020-07-15 13:47:50 my-cluster-zookeeper-1                        1/1       Running     0          6d7h
2020-07-15 13:47:50 my-cluster-zookeeper-2                        1/1       Running     0          6d7h
2020-07-15 13:47:50 my-connect-cluster-connect-1-deploy           0/1       Completed   0          6d11h
2020-07-15 13:47:50 my-connect-cluster-connect-2-deploy           0/1       Completed   0          6d11h
2020-07-15 13:47:50 my-connect-cluster-connect-3-deploy           0/1       Completed   0          6h7m
2020-07-15 13:47:50 my-connect-cluster-connect-3-xcwkf            1/1       Running     0          48m
2020-07-15 13:47:50 mysql-1-deploy                                0/1       Completed   0          6d8h
2020-07-15 13:47:50 mysql-2-deploy                                0/1       Completed   0          6d8h
2020-07-15 13:47:50 mysql-2-khmsf                                 1/1       Running     0          6d8h

2020-07-15 13:47:51 NAME                                          READY     STATUS      RESTARTS   AGE
2020-07-15 13:47:51 my-cluster-entity-operator-676d44468b-kjrvk   3/3       Running     0          6d7h
2020-07-15 13:47:51 my-cluster-kafka-0                            2/2       Running     0          26m
2020-07-15 13:47:51 my-cluster-kafka-1                            2/2       Running     0          6d7h
2020-07-15 13:47:51 my-cluster-kafka-2                            2/2       Running     0          6d7h
2020-07-15 13:47:51 my-cluster-zookeeper-0                        1/1       Running     0          17m
2020-07-15 13:47:51 my-cluster-zookeeper-1                        1/1       Running     0          6d7h
2020-07-15 13:47:51 my-cluster-zookeeper-2                        1/1       Running     0          6d7h
2020-07-15 13:47:51 my-connect-cluster-connect-1-deploy           0/1       Completed   0          6d11h
2020-07-15 13:47:51 my-connect-cluster-connect-2-deploy           0/1       Completed   0          6d11h
2020-07-15 13:47:51 my-connect-cluster-connect-3-deploy           0/1       Completed   0          6h7m
2020-07-15 13:47:51 my-connect-cluster-connect-3-xcwkf            1/1       Running     0          48m
2020-07-15 13:47:51 mysql-1-deploy                                0/1       Completed   0          6d8h
2020-07-15 13:47:51 mysql-2-deploy                                0/1       Completed   0          6d8h
2020-07-15 13:47:51 mysql-2-khmsf                                 1/1       Running     0          6d8h

2020-07-15 13:47:52 NAME                                          READY     STATUS      RESTARTS   AGE
2020-07-15 13:47:52 my-cluster-entity-operator-676d44468b-kjrvk   3/3       Running     0          6d7h
2020-07-15 13:47:52 my-cluster-kafka-0                            2/2       Running     0          26m
2020-07-15 13:47:52 my-cluster-kafka-1                            2/2       Running     0          6d7h
2020-07-15 13:47:52 my-cluster-kafka-2                            2/2       Running     0          6d7h
2020-07-15 13:47:52 my-cluster-zookeeper-0                        1/1       Running     0          17m
2020-07-15 13:47:52 my-cluster-zookeeper-1                        1/1       Running     0          6d7h
2020-07-15 13:47:52 my-cluster-zookeeper-2                        1/1       Running     0          6d7h
2020-07-15 13:47:52 my-connect-cluster-connect-1-deploy           0/1       Completed   0          6d11h
2020-07-15 13:47:52 my-connect-cluster-connect-2-deploy           0/1       Completed   0          6d11h
2020-07-15 13:47:52 my-connect-cluster-connect-3-deploy           0/1       Completed   0          6h7m
2020-07-15 13:47:52 my-connect-cluster-connect-3-xcwkf            1/1       Running     0          48m
2020-07-15 13:47:52 mysql-1-deploy                                0/1       Completed   0          6d8h
2020-07-15 13:47:52 mysql-2-deploy                                0/1       Completed   0          6d8h
2020-07-15 13:47:52 mysql-2-khmsf                                 1/1       Running     0          6d8h

2020-07-15 13:47:54 NAME                                          READY     STATUS      RESTARTS   AGE
2020-07-15 13:47:54 my-cluster-entity-operator-676d44468b-kjrvk   3/3       Running     0          6d7h
2020-07-15 13:47:54 my-cluster-kafka-0                            2/2       Running     0          26m
2020-07-15 13:47:54 my-cluster-kafka-1                            2/2       Running     0          6d7h
2020-07-15 13:47:54 my-cluster-kafka-2                            2/2       Running     0          6d7h
2020-07-15 13:47:54 my-cluster-zookeeper-0                        1/1       Running     0          17m
2020-07-15 13:47:54 my-cluster-zookeeper-1                        1/1       Running     0          6d7h
2020-07-15 13:47:54 my-cluster-zookeeper-2                        1/1       Running     0          6d7h
2020-07-15 13:47:54 my-connect-cluster-connect-1-deploy           0/1       Completed   0          6d11h
2020-07-15 13:47:54 my-connect-cluster-connect-2-deploy           0/1       Completed   0          6d11h
2020-07-15 13:47:54 my-connect-cluster-connect-3-deploy           0/1       Completed   0          6h7m
2020-07-15 13:47:54 my-connect-cluster-connect-3-xcwkf            1/1       Running     0          48m
2020-07-15 13:47:54 mysql-1-deploy                                0/1       Completed   0          6d8h
2020-07-15 13:47:54 mysql-2-deploy                                0/1       Completed   0          6d8h
2020-07-15 13:47:54 mysql-2-khmsf                                 1/1       Running     0          6d8h

2020-07-15 13:47:55 NAME                                          READY     STATUS      RESTARTS   AGE
2020-07-15 13:47:55 my-cluster-entity-operator-676d44468b-kjrvk   3/3       Running     0          6d7h
2020-07-15 13:47:55 my-cluster-kafka-0                            2/2       Running     0          26m
2020-07-15 13:47:55 my-cluster-kafka-1                            2/2       Running     0          6d7h
2020-07-15 13:47:55 my-cluster-kafka-2                            2/2       Running     0          6d7h
2020-07-15 13:47:55 my-cluster-zookeeper-0                        1/1       Running     0          17m
2020-07-15 13:47:55 my-cluster-zookeeper-1                        1/1       Running     0          6d7h
2020-07-15 13:47:55 my-cluster-zookeeper-2                        1/1       Running     0          6d7h
2020-07-15 13:47:55 my-connect-cluster-connect-1-deploy           0/1       Completed   0          6d11h
2020-07-15 13:47:55 my-connect-cluster-connect-2-deploy           0/1       Completed   0          6d11h
2020-07-15 13:47:55 my-connect-cluster-connect-3-deploy           0/1       Completed   0          6h7m
2020-07-15 13:47:55 my-connect-cluster-connect-3-xcwkf            1/1       Running     0          48m
2020-07-15 13:47:55 mysql-1-deploy                                0/1       Completed   0          6d8h
2020-07-15 13:47:55 mysql-2-deploy                                0/1       Completed   0          6d8h
2020-07-15 13:47:55 mysql-2-khmsf                                 1/1       Running     0          6d8h

2020-07-15 13:47:56 NAME                                          READY     STATUS      RESTARTS   AGE
2020-07-15 13:47:56 my-cluster-entity-operator-676d44468b-kjrvk   3/3       Running     0          6d7h
2020-07-15 13:47:56 my-cluster-kafka-0                            2/2       Running     0          26m
2020-07-15 13:47:56 my-cluster-kafka-1                            2/2       Running     0          6d7h
2020-07-15 13:47:56 my-cluster-kafka-2                            2/2       Running     0          6d7h
2020-07-15 13:47:56 my-cluster-zookeeper-0                        1/1       Running     0          17m
2020-07-15 13:47:56 my-cluster-zookeeper-1                        1/1       Running     0          6d7h
2020-07-15 13:47:56 my-cluster-zookeeper-2                        1/1       Running     0          6d7h
2020-07-15 13:47:56 my-connect-cluster-connect-1-deploy           0/1       Completed   0          6d11h
2020-07-15 13:47:56 my-connect-cluster-connect-2-deploy           0/1       Completed   0          6d11h
2020-07-15 13:47:56 my-connect-cluster-connect-3-deploy           0/1       Completed   0          6h7m
2020-07-15 13:47:56 my-connect-cluster-connect-3-xcwkf            1/1       Running     0          48m
2020-07-15 13:47:56 mysql-1-deploy                                0/1       Completed   0          6d8h
2020-07-15 13:47:56 mysql-2-deploy                                0/1       Completed   0          6d8h
2020-07-15 13:47:56 mysql-2-khmsf                                 1/1       Running     0          6d8h

2020-07-15 13:47:58 NAME                                          READY     STATUS      RESTARTS   AGE
2020-07-15 13:47:58 my-cluster-entity-operator-676d44468b-kjrvk   3/3       Running     0          6d7h
2020-07-15 13:47:58 my-cluster-kafka-0                            2/2       Running     0          26m
2020-07-15 13:47:58 my-cluster-kafka-1                            2/2       Running     0          6d7h
2020-07-15 13:47:58 my-cluster-kafka-2                            2/2       Running     0          6d7h
2020-07-15 13:47:58 my-cluster-zookeeper-0                        1/1       Running     0          17m
2020-07-15 13:47:58 my-cluster-zookeeper-1                        1/1       Running     0          6d7h
2020-07-15 13:47:58 my-cluster-zookeeper-2                        1/1       Running     0          6d7h
2020-07-15 13:47:58 my-connect-cluster-connect-1-deploy           0/1       Completed   0          6d11h
2020-07-15 13:47:58 my-connect-cluster-connect-2-deploy           0/1       Completed   0          6d11h
2020-07-15 13:47:58 my-connect-cluster-connect-3-deploy           0/1       Completed   0          6h7m
2020-07-15 13:47:58 my-connect-cluster-connect-3-xcwkf            1/1       Running     0          48m
2020-07-15 13:47:58 mysql-1-deploy                                0/1       Completed   0          6d8h
2020-07-15 13:47:58 mysql-2-deploy                                0/1       Completed   0          6d8h
2020-07-15 13:47:58 mysql-2-khmsf                                 1/1       Running     0          6d8h

2020-07-15 13:47:59 NAME                                          READY     STATUS      RESTARTS   AGE
2020-07-15 13:47:59 my-cluster-entity-operator-676d44468b-kjrvk   3/3       Running     0          6d7h
2020-07-15 13:47:59 my-cluster-kafka-0                            2/2       Running     0          27m
2020-07-15 13:47:59 my-cluster-kafka-1                            2/2       Running     0          6d7h
2020-07-15 13:47:59 my-cluster-kafka-2                            2/2       Running     0          6d7h
2020-07-15 13:47:59 my-cluster-zookeeper-0                        1/1       Running     0          17m
2020-07-15 13:47:59 my-cluster-zookeeper-1                        1/1       Running     0          6d7h
2020-07-15 13:47:59 my-cluster-zookeeper-2                        1/1       Running     0          6d7h
2020-07-15 13:47:59 my-connect-cluster-connect-1-deploy           0/1       Completed   0          6d11h
2020-07-15 13:47:59 my-connect-cluster-connect-2-deploy           0/1       Completed   0          6d11h
2020-07-15 13:47:59 my-connect-cluster-connect-3-deploy           0/1       Completed   0          6h7m
2020-07-15 13:47:59 my-connect-cluster-connect-3-xcwkf            1/1       Running     0          48m
2020-07-15 13:47:59 mysql-1-deploy                                0/1       Completed   0          6d8h
2020-07-15 13:47:59 mysql-2-deploy                                0/1       Completed   0          6d8h
2020-07-15 13:47:59 mysql-2-khmsf                                 1/1       Running     0          6d8h

2020-07-15 13:48:00 NAME                                          READY     STATUS      RESTARTS   AGE
2020-07-15 13:48:00 my-cluster-entity-operator-676d44468b-kjrvk   3/3       Running     0          6d7h
2020-07-15 13:48:00 my-cluster-kafka-0                            2/2       Running     0          27m
2020-07-15 13:48:00 my-cluster-kafka-1                            2/2       Running     0          6d7h
2020-07-15 13:48:00 my-cluster-kafka-2                            2/2       Running     0          6d7h
2020-07-15 13:48:00 my-cluster-zookeeper-0                        1/1       Running     0          17m
2020-07-15 13:48:00 my-cluster-zookeeper-1                        1/1       Running     0          6d7h
2020-07-15 13:48:00 my-cluster-zookeeper-2                        1/1       Running     0          6d7h
2020-07-15 13:48:00 my-connect-cluster-connect-1-deploy           0/1       Completed   0          6d11h
2020-07-15 13:48:00 my-connect-cluster-connect-2-deploy           0/1       Completed   0          6d11h
2020-07-15 13:48:00 my-connect-cluster-connect-3-deploy           0/1       Completed   0          6h7m
2020-07-15 13:48:00 my-connect-cluster-connect-3-xcwkf            1/1       Running     0          48m
2020-07-15 13:48:00 mysql-1-deploy                                0/1       Completed   0          6d8h
2020-07-15 13:48:00 mysql-2-deploy                                0/1       Completed   0          6d8h
2020-07-15 13:48:00 mysql-2-khmsf                                 1/1       Running     0          6d8h

2020-07-15 13:48:01 NAME                                          READY     STATUS      RESTARTS   AGE
2020-07-15 13:48:01 my-cluster-entity-operator-676d44468b-kjrvk   3/3       Running     0          6d7h
2020-07-15 13:48:01 my-cluster-kafka-0                            2/2       Running     0          27m
2020-07-15 13:48:01 my-cluster-kafka-1                            2/2       Running     0          6d7h
2020-07-15 13:48:01 my-cluster-kafka-2                            2/2       Running     0          6d7h
2020-07-15 13:48:01 my-cluster-zookeeper-0                        1/1       Running     0          17m
2020-07-15 13:48:01 my-cluster-zookeeper-1                        1/1       Running     0          6d7h
2020-07-15 13:48:01 my-cluster-zookeeper-2                        1/1       Running     0          6d7h
2020-07-15 13:48:01 my-connect-cluster-connect-1-deploy           0/1       Completed   0          6d11h
2020-07-15 13:48:01 my-connect-cluster-connect-2-deploy           0/1       Completed   0          6d11h
2020-07-15 13:48:01 my-connect-cluster-connect-3-deploy           0/1       Completed   0          6h7m
2020-07-15 13:48:01 my-connect-cluster-connect-3-xcwkf            1/1       Running     0          48m
2020-07-15 13:48:01 mysql-1-deploy                                0/1       Completed   0          6d8h
2020-07-15 13:48:01 mysql-2-deploy                                0/1       Completed   0          6d8h
2020-07-15 13:48:01 mysql-2-khmsf                                 1/1       Running     0          6d8h

2020-07-15 13:48:03 NAME                                          READY     STATUS      RESTARTS   AGE
2020-07-15 13:48:03 my-cluster-entity-operator-676d44468b-kjrvk   3/3       Running     0          6d7h
2020-07-15 13:48:03 my-cluster-kafka-0                            2/2       Running     0          27m
2020-07-15 13:48:03 my-cluster-kafka-1                            2/2       Running     0          6d7h
2020-07-15 13:48:03 my-cluster-kafka-2                            2/2       Running     0          6d7h
2020-07-15 13:48:03 my-cluster-zookeeper-0                        1/1       Running     0          17m
2020-07-15 13:48:03 my-cluster-zookeeper-1                        1/1       Running     0          6d7h
2020-07-15 13:48:03 my-cluster-zookeeper-2                        1/1       Running     0          6d7h
2020-07-15 13:48:03 my-connect-cluster-connect-1-deploy           0/1       Completed   0          6d11h
2020-07-15 13:48:03 my-connect-cluster-connect-2-deploy           0/1       Completed   0          6d11h
2020-07-15 13:48:03 my-connect-cluster-connect-3-deploy           0/1       Completed   0          6h7m
2020-07-15 13:48:03 my-connect-cluster-connect-3-xcwkf            1/1       Running     0          48m
2020-07-15 13:48:03 mysql-1-deploy                                0/1       Completed   0          6d8h
2020-07-15 13:48:03 mysql-2-deploy                                0/1       Completed   0          6d8h
2020-07-15 13:48:03 mysql-2-khmsf                                 1/1       Running     0          6d8h

