2020-07-15 13:47:04 NAME                                          READY     STATUS      RESTARTS   AGE
2020-07-15 13:47:04 my-cluster-entity-operator-7cbb484468-ntv9q   3/3       Running     0          6h30m
2020-07-15 13:47:04 my-cluster-kafka-0                            2/2       Running     0          2m12s
2020-07-15 13:47:04 my-cluster-kafka-1                            2/2       Running     0          6h31m
2020-07-15 13:47:04 my-cluster-kafka-2                            2/2       Running     0          6h31m
2020-07-15 13:47:04 my-cluster-zookeeper-0                        1/1       Running     0          6h31m
2020-07-15 13:47:04 my-cluster-zookeeper-1                        1/1       Running     0          6h31m
2020-07-15 13:47:04 my-cluster-zookeeper-2                        1/1       Running     0          6h31m
2020-07-15 13:47:04 my-connect-cluster-connect-1-deploy           0/1       Completed   0          6h8m
2020-07-15 13:47:04 my-connect-cluster-connect-2-66cc9            1/1       Running     0          5m21s
2020-07-15 13:47:04 my-connect-cluster-connect-2-deploy           0/1       Completed   0          6h4m
2020-07-15 13:47:04 my-mm2-cluster-mirrormaker2-b9765f446-l7s7r   1/1       Running     0          34m
2020-07-15 13:47:04 mysql-1-deploy                                0/1       Completed   0          7h20m
2020-07-15 13:47:04 mysql-1-hxk6p                                 1/1       Running     0          155m

2020-07-15 13:47:05 NAME                                          READY     STATUS      RESTARTS   AGE
2020-07-15 13:47:05 my-cluster-entity-operator-7cbb484468-ntv9q   3/3       Running     0          6h30m
2020-07-15 13:47:05 my-cluster-kafka-0                            2/2       Running     0          2m14s
2020-07-15 13:47:05 my-cluster-kafka-1                            2/2       Running     0          6h31m
2020-07-15 13:47:05 my-cluster-kafka-2                            2/2       Running     0          6h31m
2020-07-15 13:47:05 my-cluster-zookeeper-0                        1/1       Running     0          6h31m
2020-07-15 13:47:05 my-cluster-zookeeper-1                        1/1       Running     0          6h31m
2020-07-15 13:47:05 my-cluster-zookeeper-2                        1/1       Running     0          6h31m
2020-07-15 13:47:05 my-connect-cluster-connect-1-deploy           0/1       Completed   0          6h8m
2020-07-15 13:47:05 my-connect-cluster-connect-2-66cc9            1/1       Running     0          5m23s
2020-07-15 13:47:05 my-connect-cluster-connect-2-deploy           0/1       Completed   0          6h4m
2020-07-15 13:47:05 my-mm2-cluster-mirrormaker2-b9765f446-l7s7r   1/1       Running     0          34m
2020-07-15 13:47:05 mysql-1-deploy                                0/1       Completed   0          7h20m
2020-07-15 13:47:05 mysql-1-hxk6p                                 1/1       Running     0          155m

2020-07-15 13:47:07 NAME                                          READY     STATUS      RESTARTS   AGE
2020-07-15 13:47:07 my-cluster-entity-operator-7cbb484468-ntv9q   3/3       Running     0          6h30m
2020-07-15 13:47:07 my-cluster-kafka-0                            2/2       Running     0          2m15s
2020-07-15 13:47:07 my-cluster-kafka-1                            2/2       Running     0          6h31m
2020-07-15 13:47:07 my-cluster-kafka-2                            2/2       Running     0          6h31m
2020-07-15 13:47:07 my-cluster-zookeeper-0                        1/1       Running     0          6h31m
2020-07-15 13:47:07 my-cluster-zookeeper-1                        1/1       Running     0          6h31m
2020-07-15 13:47:07 my-cluster-zookeeper-2                        1/1       Running     0          6h31m
2020-07-15 13:47:07 my-connect-cluster-connect-1-deploy           0/1       Completed   0          6h8m
2020-07-15 13:47:07 my-connect-cluster-connect-2-66cc9            1/1       Running     0          5m24s
2020-07-15 13:47:07 my-connect-cluster-connect-2-deploy           0/1       Completed   0          6h4m
2020-07-15 13:47:07 my-mm2-cluster-mirrormaker2-b9765f446-l7s7r   1/1       Running     0          34m
2020-07-15 13:47:07 mysql-1-deploy                                0/1       Completed   0          7h20m
2020-07-15 13:47:07 mysql-1-hxk6p                                 1/1       Running     0          155m

2020-07-15 13:47:08 NAME                                          READY     STATUS      RESTARTS   AGE
2020-07-15 13:47:08 my-cluster-entity-operator-7cbb484468-ntv9q   3/3       Running     0          6h30m
2020-07-15 13:47:08 my-cluster-kafka-0                            2/2       Running     0          2m16s
2020-07-15 13:47:08 my-cluster-kafka-1                            2/2       Running     0          6h31m
2020-07-15 13:47:08 my-cluster-kafka-2                            2/2       Running     0          6h31m
2020-07-15 13:47:08 my-cluster-zookeeper-0                        1/1       Running     0          6h31m
2020-07-15 13:47:08 my-cluster-zookeeper-1                        1/1       Running     0          6h31m
2020-07-15 13:47:08 my-cluster-zookeeper-2                        1/1       Running     0          6h31m
2020-07-15 13:47:08 my-connect-cluster-connect-1-deploy           0/1       Completed   0          6h8m
2020-07-15 13:47:08 my-connect-cluster-connect-2-66cc9            1/1       Running     0          5m25s
2020-07-15 13:47:08 my-connect-cluster-connect-2-deploy           0/1       Completed   0          6h4m
2020-07-15 13:47:08 my-mm2-cluster-mirrormaker2-b9765f446-l7s7r   1/1       Running     0          34m
2020-07-15 13:47:08 mysql-1-deploy                                0/1       Completed   0          7h20m
2020-07-15 13:47:08 mysql-1-hxk6p                                 1/1       Running     0          155m

2020-07-15 13:47:09 NAME                                          READY     STATUS      RESTARTS   AGE
2020-07-15 13:47:09 my-cluster-entity-operator-7cbb484468-ntv9q   3/3       Running     0          6h30m
2020-07-15 13:47:09 my-cluster-kafka-0                            2/2       Running     0          2m17s
2020-07-15 13:47:09 my-cluster-kafka-1                            2/2       Running     0          6h31m
2020-07-15 13:47:09 my-cluster-kafka-2                            2/2       Running     0          6h31m
2020-07-15 13:47:09 my-cluster-zookeeper-0                        1/1       Running     0          6h31m
2020-07-15 13:47:09 my-cluster-zookeeper-1                        1/1       Running     0          6h31m
2020-07-15 13:47:09 my-cluster-zookeeper-2                        1/1       Running     0          6h31m
2020-07-15 13:47:09 my-connect-cluster-connect-1-deploy           0/1       Completed   0          6h8m
2020-07-15 13:47:09 my-connect-cluster-connect-2-66cc9            1/1       Running     0          5m26s
2020-07-15 13:47:09 my-connect-cluster-connect-2-deploy           0/1       Completed   0          6h4m
2020-07-15 13:47:09 my-mm2-cluster-mirrormaker2-b9765f446-l7s7r   1/1       Running     0          34m
2020-07-15 13:47:09 mysql-1-deploy                                0/1       Completed   0          7h20m
2020-07-15 13:47:09 mysql-1-hxk6p                                 1/1       Running     0          155m

2020-07-15 13:47:10 NAME                                          READY     STATUS      RESTARTS   AGE
2020-07-15 13:47:10 my-cluster-entity-operator-7cbb484468-ntv9q   3/3       Running     0          6h30m
2020-07-15 13:47:10 my-cluster-kafka-0                            2/2       Running     0          2m19s
2020-07-15 13:47:10 my-cluster-kafka-1                            2/2       Running     0          6h31m
2020-07-15 13:47:10 my-cluster-kafka-2                            2/2       Running     0          6h31m
2020-07-15 13:47:10 my-cluster-zookeeper-0                        1/1       Running     0          6h31m
2020-07-15 13:47:10 my-cluster-zookeeper-1                        1/1       Running     0          6h31m
2020-07-15 13:47:10 my-cluster-zookeeper-2                        1/1       Running     0          6h31m
2020-07-15 13:47:10 my-connect-cluster-connect-1-deploy           0/1       Completed   0          6h8m
2020-07-15 13:47:10 my-connect-cluster-connect-2-66cc9            1/1       Running     0          5m28s
2020-07-15 13:47:10 my-connect-cluster-connect-2-deploy           0/1       Completed   0          6h4m
2020-07-15 13:47:10 my-mm2-cluster-mirrormaker2-b9765f446-l7s7r   1/1       Running     0          34m
2020-07-15 13:47:10 mysql-1-deploy                                0/1       Completed   0          7h20m
2020-07-15 13:47:10 mysql-1-hxk6p                                 1/1       Running     0          155m

2020-07-15 13:47:12 NAME                                          READY     STATUS      RESTARTS   AGE
2020-07-15 13:47:12 my-cluster-entity-operator-7cbb484468-ntv9q   3/3       Running     0          6h30m
2020-07-15 13:47:12 my-cluster-kafka-0                            2/2       Running     0          2m20s
2020-07-15 13:47:12 my-cluster-kafka-1                            2/2       Running     0          6h31m
2020-07-15 13:47:12 my-cluster-kafka-2                            2/2       Running     0          6h31m
2020-07-15 13:47:12 my-cluster-zookeeper-0                        1/1       Running     0          6h31m
2020-07-15 13:47:12 my-cluster-zookeeper-1                        1/1       Running     0          6h31m
2020-07-15 13:47:12 my-cluster-zookeeper-2                        1/1       Running     0          6h31m
2020-07-15 13:47:12 my-connect-cluster-connect-1-deploy           0/1       Completed   0          6h8m
2020-07-15 13:47:12 my-connect-cluster-connect-2-66cc9            1/1       Running     0          5m29s
2020-07-15 13:47:12 my-connect-cluster-connect-2-deploy           0/1       Completed   0          6h4m
2020-07-15 13:47:12 my-mm2-cluster-mirrormaker2-b9765f446-l7s7r   1/1       Running     0          34m
2020-07-15 13:47:12 mysql-1-deploy                                0/1       Completed   0          7h20m
2020-07-15 13:47:12 mysql-1-hxk6p                                 1/1       Running     0          155m

2020-07-15 13:47:13 NAME                                          READY     STATUS      RESTARTS   AGE
2020-07-15 13:47:13 my-cluster-entity-operator-7cbb484468-ntv9q   3/3       Running     0          6h30m
2020-07-15 13:47:13 my-cluster-kafka-0                            2/2       Running     0          2m21s
2020-07-15 13:47:13 my-cluster-kafka-1                            2/2       Running     0          6h31m
2020-07-15 13:47:13 my-cluster-kafka-2                            2/2       Running     0          6h31m
2020-07-15 13:47:13 my-cluster-zookeeper-0                        1/1       Running     0          6h31m
2020-07-15 13:47:13 my-cluster-zookeeper-1                        1/1       Running     0          6h31m
2020-07-15 13:47:13 my-cluster-zookeeper-2                        1/1       Running     0          6h31m
2020-07-15 13:47:13 my-connect-cluster-connect-1-deploy           0/1       Completed   0          6h8m
2020-07-15 13:47:13 my-connect-cluster-connect-2-66cc9            1/1       Running     0          5m30s
2020-07-15 13:47:13 my-connect-cluster-connect-2-deploy           0/1       Completed   0          6h4m
2020-07-15 13:47:13 my-mm2-cluster-mirrormaker2-b9765f446-l7s7r   1/1       Running     0          34m
2020-07-15 13:47:13 mysql-1-deploy                                0/1       Completed   0          7h20m
2020-07-15 13:47:13 mysql-1-hxk6p                                 1/1       Running     0          155m

2020-07-15 13:47:14 NAME                                          READY     STATUS      RESTARTS   AGE
2020-07-15 13:47:14 my-cluster-entity-operator-7cbb484468-ntv9q   3/3       Running     0          6h30m
2020-07-15 13:47:14 my-cluster-kafka-0                            2/2       Running     0          2m22s
2020-07-15 13:47:14 my-cluster-kafka-1                            2/2       Running     0          6h31m
2020-07-15 13:47:14 my-cluster-kafka-2                            2/2       Running     0          6h31m
2020-07-15 13:47:14 my-cluster-zookeeper-0                        1/1       Running     0          6h32m
2020-07-15 13:47:14 my-cluster-zookeeper-1                        1/1       Running     0          6h32m
2020-07-15 13:47:14 my-cluster-zookeeper-2                        1/1       Running     0          6h32m
2020-07-15 13:47:14 my-connect-cluster-connect-1-deploy           0/1       Completed   0          6h8m
2020-07-15 13:47:14 my-connect-cluster-connect-2-66cc9            1/1       Running     0          5m31s
2020-07-15 13:47:14 my-connect-cluster-connect-2-deploy           0/1       Completed   0          6h4m
2020-07-15 13:47:14 my-mm2-cluster-mirrormaker2-b9765f446-l7s7r   1/1       Running     0          34m
2020-07-15 13:47:14 mysql-1-deploy                                0/1       Completed   0          7h20m
2020-07-15 13:47:14 mysql-1-hxk6p                                 1/1       Running     0          155m

2020-07-15 13:47:15 NAME                                          READY     STATUS      RESTARTS   AGE
2020-07-15 13:47:15 my-cluster-entity-operator-7cbb484468-ntv9q   3/3       Running     0          6h30m
2020-07-15 13:47:15 my-cluster-kafka-0                            2/2       Running     0          2m24s
2020-07-15 13:47:15 my-cluster-kafka-1                            2/2       Running     0          6h31m
2020-07-15 13:47:15 my-cluster-kafka-2                            2/2       Running     0          6h31m
2020-07-15 13:47:15 my-cluster-zookeeper-0                        1/1       Running     0          6h32m
2020-07-15 13:47:15 my-cluster-zookeeper-1                        1/1       Running     0          6h32m
2020-07-15 13:47:15 my-cluster-zookeeper-2                        1/1       Running     0          6h32m
2020-07-15 13:47:15 my-connect-cluster-connect-1-deploy           0/1       Completed   0          6h9m
2020-07-15 13:47:15 my-connect-cluster-connect-2-66cc9            1/1       Running     0          5m33s
2020-07-15 13:47:15 my-connect-cluster-connect-2-deploy           0/1       Completed   0          6h4m
2020-07-15 13:47:15 my-mm2-cluster-mirrormaker2-b9765f446-l7s7r   1/1       Running     0          34m
2020-07-15 13:47:15 mysql-1-deploy                                0/1       Completed   0          7h20m
2020-07-15 13:47:15 mysql-1-hxk6p                                 1/1       Running     0          155m

2020-07-15 13:47:17 NAME                                          READY     STATUS      RESTARTS   AGE
2020-07-15 13:47:17 my-cluster-entity-operator-7cbb484468-ntv9q   3/3       Running     0          6h30m
2020-07-15 13:47:17 my-cluster-kafka-0                            2/2       Running     0          2m25s
2020-07-15 13:47:17 my-cluster-kafka-1                            2/2       Running     0          6h31m
2020-07-15 13:47:17 my-cluster-kafka-2                            2/2       Running     0          6h31m
2020-07-15 13:47:17 my-cluster-zookeeper-0                        1/1       Running     0          6h32m
2020-07-15 13:47:17 my-cluster-zookeeper-1                        1/1       Running     0          6h32m
2020-07-15 13:47:17 my-cluster-zookeeper-2                        1/1       Running     0          6h32m
2020-07-15 13:47:17 my-connect-cluster-connect-1-deploy           0/1       Completed   0          6h9m
2020-07-15 13:47:17 my-connect-cluster-connect-2-66cc9            1/1       Running     0          5m34s
2020-07-15 13:47:17 my-connect-cluster-connect-2-deploy           0/1       Completed   0          6h4m
2020-07-15 13:47:17 my-mm2-cluster-mirrormaker2-b9765f446-l7s7r   1/1       Running     0          34m
2020-07-15 13:47:17 mysql-1-deploy                                0/1       Completed   0          7h20m
2020-07-15 13:47:17 mysql-1-hxk6p                                 1/1       Running     0          155m

2020-07-15 13:47:18 NAME                                          READY     STATUS      RESTARTS   AGE
2020-07-15 13:47:18 my-cluster-entity-operator-7cbb484468-ntv9q   3/3       Running     0          6h30m
2020-07-15 13:47:18 my-cluster-kafka-0                            2/2       Running     0          2m26s
2020-07-15 13:47:18 my-cluster-kafka-1                            2/2       Running     0          6h31m
2020-07-15 13:47:18 my-cluster-kafka-2                            2/2       Running     0          6h31m
2020-07-15 13:47:18 my-cluster-zookeeper-0                        1/1       Running     0          6h32m
2020-07-15 13:47:18 my-cluster-zookeeper-1                        1/1       Running     0          6h32m
2020-07-15 13:47:18 my-cluster-zookeeper-2                        1/1       Running     0          6h32m
2020-07-15 13:47:18 my-connect-cluster-connect-1-deploy           0/1       Completed   0          6h9m
2020-07-15 13:47:18 my-connect-cluster-connect-2-66cc9            1/1       Running     0          5m35s
2020-07-15 13:47:18 my-connect-cluster-connect-2-deploy           0/1       Completed   0          6h4m
2020-07-15 13:47:18 my-mm2-cluster-mirrormaker2-b9765f446-l7s7r   1/1       Running     0          34m
2020-07-15 13:47:18 mysql-1-deploy                                0/1       Completed   0          7h20m
2020-07-15 13:47:18 mysql-1-hxk6p                                 1/1       Running     0          155m

2020-07-15 13:47:19 NAME                                          READY     STATUS      RESTARTS   AGE
2020-07-15 13:47:19 my-cluster-entity-operator-7cbb484468-ntv9q   3/3       Running     0          6h30m
2020-07-15 13:47:19 my-cluster-kafka-0                            2/2       Running     0          2m28s
2020-07-15 13:47:19 my-cluster-kafka-1                            2/2       Running     0          6h31m
2020-07-15 13:47:19 my-cluster-kafka-2                            2/2       Running     0          6h31m
2020-07-15 13:47:19 my-cluster-zookeeper-0                        1/1       Running     0          6h32m
2020-07-15 13:47:19 my-cluster-zookeeper-1                        1/1       Running     0          6h32m
2020-07-15 13:47:19 my-cluster-zookeeper-2                        1/1       Running     0          6h32m
2020-07-15 13:47:19 my-connect-cluster-connect-1-deploy           0/1       Completed   0          6h9m
2020-07-15 13:47:19 my-connect-cluster-connect-2-66cc9            1/1       Running     0          5m37s
2020-07-15 13:47:19 my-connect-cluster-connect-2-deploy           0/1       Completed   0          6h4m
2020-07-15 13:47:19 my-mm2-cluster-mirrormaker2-b9765f446-l7s7r   1/1       Running     0          34m
2020-07-15 13:47:19 mysql-1-deploy                                0/1       Completed   0          7h20m
2020-07-15 13:47:19 mysql-1-hxk6p                                 1/1       Running     0          155m

2020-07-15 13:47:21 NAME                                          READY     STATUS      RESTARTS   AGE
2020-07-15 13:47:21 my-cluster-entity-operator-7cbb484468-ntv9q   3/3       Running     0          6h30m
2020-07-15 13:47:21 my-cluster-kafka-0                            2/2       Running     0          2m29s
2020-07-15 13:47:21 my-cluster-kafka-1                            2/2       Running     0          6h31m
2020-07-15 13:47:21 my-cluster-kafka-2                            2/2       Running     0          6h31m
2020-07-15 13:47:21 my-cluster-zookeeper-0                        1/1       Running     0          6h32m
2020-07-15 13:47:21 my-cluster-zookeeper-1                        1/1       Running     0          6h32m
2020-07-15 13:47:21 my-cluster-zookeeper-2                        1/1       Running     0          6h32m
2020-07-15 13:47:21 my-connect-cluster-connect-1-deploy           0/1       Completed   0          6h9m
2020-07-15 13:47:21 my-connect-cluster-connect-2-66cc9            1/1       Running     0          5m38s
2020-07-15 13:47:21 my-connect-cluster-connect-2-deploy           0/1       Completed   0          6h4m
2020-07-15 13:47:21 my-mm2-cluster-mirrormaker2-b9765f446-l7s7r   1/1       Running     0          34m
2020-07-15 13:47:21 mysql-1-deploy                                0/1       Completed   0          7h20m
2020-07-15 13:47:21 mysql-1-hxk6p                                 1/1       Running     0          155m

2020-07-15 13:47:22 NAME                                          READY     STATUS              RESTARTS   AGE
2020-07-15 13:47:22 my-cluster-entity-operator-7cbb484468-ntv9q   3/3       Running             0          6h30m
2020-07-15 13:47:22 my-cluster-kafka-0                            2/2       Running             0          2m30s
2020-07-15 13:47:22 my-cluster-kafka-1                            2/2       Running             0          6h31m
2020-07-15 13:47:22 my-cluster-kafka-2                            2/2       Running             0          6h31m
2020-07-15 13:47:22 my-cluster-zookeeper-0                        0/1       ContainerCreating   0          0s
2020-07-15 13:47:22 my-cluster-zookeeper-1                        1/1       Running             0          6h32m
2020-07-15 13:47:22 my-cluster-zookeeper-2                        1/1       Running             0          6h32m
2020-07-15 13:47:22 my-connect-cluster-connect-1-deploy           0/1       Completed           0          6h9m
2020-07-15 13:47:22 my-connect-cluster-connect-2-66cc9            1/1       Running             0          5m39s
2020-07-15 13:47:22 my-connect-cluster-connect-2-deploy           0/1       Completed           0          6h4m
2020-07-15 13:47:22 my-mm2-cluster-mirrormaker2-b9765f446-l7s7r   1/1       Running             0          34m
2020-07-15 13:47:22 mysql-1-deploy                                0/1       Completed           0          7h20m
2020-07-15 13:47:22 mysql-1-hxk6p                                 1/1       Running             0          155m

2020-07-15 13:47:23 NAME                                          READY     STATUS              RESTARTS   AGE
2020-07-15 13:47:23 my-cluster-entity-operator-7cbb484468-ntv9q   3/3       Running             0          6h30m
2020-07-15 13:47:23 my-cluster-kafka-0                            2/2       Running             0          2m32s
2020-07-15 13:47:23 my-cluster-kafka-1                            2/2       Running             0          6h31m
2020-07-15 13:47:23 my-cluster-kafka-2                            2/2       Running             0          6h31m
2020-07-15 13:47:23 my-cluster-zookeeper-0                        0/1       ContainerCreating   0          2s
2020-07-15 13:47:23 my-cluster-zookeeper-1                        1/1       Running             0          6h32m
2020-07-15 13:47:23 my-cluster-zookeeper-2                        1/1       Running             0          6h32m
2020-07-15 13:47:23 my-connect-cluster-connect-1-deploy           0/1       Completed           0          6h9m
2020-07-15 13:47:23 my-connect-cluster-connect-2-66cc9            1/1       Running             0          5m41s
2020-07-15 13:47:23 my-connect-cluster-connect-2-deploy           0/1       Completed           0          6h4m
2020-07-15 13:47:23 my-mm2-cluster-mirrormaker2-b9765f446-l7s7r   1/1       Running             0          34m
2020-07-15 13:47:23 mysql-1-deploy                                0/1       Completed           0          7h20m
2020-07-15 13:47:23 mysql-1-hxk6p                                 1/1       Running             0          155m

2020-07-15 13:47:25 NAME                                          READY     STATUS              RESTARTS   AGE
2020-07-15 13:47:25 my-cluster-entity-operator-7cbb484468-ntv9q   3/3       Running             0          6h30m
2020-07-15 13:47:25 my-cluster-kafka-0                            2/2       Running             0          2m33s
2020-07-15 13:47:25 my-cluster-kafka-1                            2/2       Running             0          6h31m
2020-07-15 13:47:25 my-cluster-kafka-2                            2/2       Running             0          6h31m
2020-07-15 13:47:25 my-cluster-zookeeper-0                        0/1       ContainerCreating   0          3s
2020-07-15 13:47:25 my-cluster-zookeeper-1                        1/1       Running             0          6h32m
2020-07-15 13:47:25 my-cluster-zookeeper-2                        1/1       Running             0          6h32m
2020-07-15 13:47:25 my-connect-cluster-connect-1-deploy           0/1       Completed           0          6h9m
2020-07-15 13:47:25 my-connect-cluster-connect-2-66cc9            1/1       Running             0          5m42s
2020-07-15 13:47:25 my-connect-cluster-connect-2-deploy           0/1       Completed           0          6h4m
2020-07-15 13:47:25 my-mm2-cluster-mirrormaker2-b9765f446-l7s7r   1/1       Running             0          34m
2020-07-15 13:47:25 mysql-1-deploy                                0/1       Completed           0          7h20m
2020-07-15 13:47:25 mysql-1-hxk6p                                 1/1       Running             0          156m

2020-07-15 13:47:26 NAME                                          READY     STATUS      RESTARTS   AGE
2020-07-15 13:47:26 my-cluster-entity-operator-7cbb484468-ntv9q   3/3       Running     0          6h30m
2020-07-15 13:47:26 my-cluster-kafka-0                            2/2       Running     0          2m34s
2020-07-15 13:47:26 my-cluster-kafka-1                            2/2       Running     0          6h31m
2020-07-15 13:47:26 my-cluster-kafka-2                            2/2       Running     0          6h31m
2020-07-15 13:47:26 my-cluster-zookeeper-0                        0/1       Running     0          4s
2020-07-15 13:47:26 my-cluster-zookeeper-1                        1/1       Running     0          6h32m
2020-07-15 13:47:26 my-cluster-zookeeper-2                        1/1       Running     0          6h32m
2020-07-15 13:47:26 my-connect-cluster-connect-1-deploy           0/1       Completed   0          6h9m
2020-07-15 13:47:26 my-connect-cluster-connect-2-66cc9            1/1       Running     0          5m43s
2020-07-15 13:47:26 my-connect-cluster-connect-2-deploy           0/1       Completed   0          6h4m
2020-07-15 13:47:26 my-mm2-cluster-mirrormaker2-b9765f446-l7s7r   1/1       Running     0          34m
2020-07-15 13:47:26 mysql-1-deploy                                0/1       Completed   0          7h20m
2020-07-15 13:47:26 mysql-1-hxk6p                                 1/1       Running     0          156m

2020-07-15 13:47:27 NAME                                          READY     STATUS      RESTARTS   AGE
2020-07-15 13:47:27 my-cluster-entity-operator-7cbb484468-ntv9q   3/3       Running     0          6h30m
2020-07-15 13:47:27 my-cluster-kafka-0                            2/2       Running     0          2m36s
2020-07-15 13:47:27 my-cluster-kafka-1                            2/2       Running     0          6h31m
2020-07-15 13:47:27 my-cluster-kafka-2                            2/2       Running     0          6h31m
2020-07-15 13:47:27 my-cluster-zookeeper-0                        0/1       Running     0          6s
2020-07-15 13:47:27 my-cluster-zookeeper-1                        1/1       Running     0          6h32m
2020-07-15 13:47:27 my-cluster-zookeeper-2                        1/1       Running     0          6h32m
2020-07-15 13:47:27 my-connect-cluster-connect-1-deploy           0/1       Completed   0          6h9m
2020-07-15 13:47:27 my-connect-cluster-connect-2-66cc9            1/1       Running     0          5m45s
2020-07-15 13:47:27 my-connect-cluster-connect-2-deploy           0/1       Completed   0          6h4m
2020-07-15 13:47:27 my-mm2-cluster-mirrormaker2-b9765f446-l7s7r   1/1       Running     0          34m
2020-07-15 13:47:27 mysql-1-deploy                                0/1       Completed   0          7h20m
2020-07-15 13:47:27 mysql-1-hxk6p                                 1/1       Running     0          156m

2020-07-15 13:47:29 NAME                                          READY     STATUS      RESTARTS   AGE
2020-07-15 13:47:29 my-cluster-entity-operator-7cbb484468-ntv9q   3/3       Running     0          6h30m
2020-07-15 13:47:29 my-cluster-kafka-0                            2/2       Running     0          2m37s
2020-07-15 13:47:29 my-cluster-kafka-1                            2/2       Running     0          6h31m
2020-07-15 13:47:29 my-cluster-kafka-2                            2/2       Running     0          6h31m
2020-07-15 13:47:29 my-cluster-zookeeper-0                        0/1       Running     0          7s
2020-07-15 13:47:29 my-cluster-zookeeper-1                        1/1       Running     0          6h32m
2020-07-15 13:47:29 my-cluster-zookeeper-2                        1/1       Running     0          6h32m
2020-07-15 13:47:29 my-connect-cluster-connect-1-deploy           0/1       Completed   0          6h9m
2020-07-15 13:47:29 my-connect-cluster-connect-2-66cc9            1/1       Running     0          5m46s
2020-07-15 13:47:29 my-connect-cluster-connect-2-deploy           0/1       Completed   0          6h4m
2020-07-15 13:47:29 my-mm2-cluster-mirrormaker2-b9765f446-l7s7r   1/1       Running     0          34m
2020-07-15 13:47:29 mysql-1-deploy                                0/1       Completed   0          7h20m
2020-07-15 13:47:29 mysql-1-hxk6p                                 1/1       Running     0          156m

2020-07-15 13:47:30 NAME                                          READY     STATUS      RESTARTS   AGE
2020-07-15 13:47:30 my-cluster-entity-operator-7cbb484468-ntv9q   3/3       Running     0          6h30m
2020-07-15 13:47:30 my-cluster-kafka-0                            2/2       Running     0          2m38s
2020-07-15 13:47:30 my-cluster-kafka-1                            2/2       Running     0          6h31m
2020-07-15 13:47:30 my-cluster-kafka-2                            2/2       Running     0          6h31m
2020-07-15 13:47:30 my-cluster-zookeeper-0                        0/1       Running     0          8s
2020-07-15 13:47:30 my-cluster-zookeeper-1                        1/1       Running     0          6h32m
2020-07-15 13:47:30 my-cluster-zookeeper-2                        1/1       Running     0          6h32m
2020-07-15 13:47:30 my-connect-cluster-connect-1-deploy           0/1       Completed   0          6h9m
2020-07-15 13:47:30 my-connect-cluster-connect-2-66cc9            1/1       Running     0          5m47s
2020-07-15 13:47:30 my-connect-cluster-connect-2-deploy           0/1       Completed   0          6h4m
2020-07-15 13:47:30 my-mm2-cluster-mirrormaker2-b9765f446-l7s7r   1/1       Running     0          35m
2020-07-15 13:47:30 mysql-1-deploy                                0/1       Completed   0          7h20m
2020-07-15 13:47:30 mysql-1-hxk6p                                 1/1       Running     0          156m

2020-07-15 13:47:31 NAME                                          READY     STATUS      RESTARTS   AGE
2020-07-15 13:47:31 my-cluster-entity-operator-7cbb484468-ntv9q   3/3       Running     0          6h30m
2020-07-15 13:47:31 my-cluster-kafka-0                            2/2       Running     0          2m40s
2020-07-15 13:47:31 my-cluster-kafka-1                            2/2       Running     0          6h31m
2020-07-15 13:47:31 my-cluster-kafka-2                            2/2       Running     0          6h31m
2020-07-15 13:47:31 my-cluster-zookeeper-0                        0/1       Running     0          10s
2020-07-15 13:47:31 my-cluster-zookeeper-1                        1/1       Running     0          6h32m
2020-07-15 13:47:31 my-cluster-zookeeper-2                        1/1       Running     0          6h32m
2020-07-15 13:47:31 my-connect-cluster-connect-1-deploy           0/1       Completed   0          6h9m
2020-07-15 13:47:31 my-connect-cluster-connect-2-66cc9            1/1       Running     0          5m49s
2020-07-15 13:47:31 my-connect-cluster-connect-2-deploy           0/1       Completed   0          6h4m
2020-07-15 13:47:31 my-mm2-cluster-mirrormaker2-b9765f446-l7s7r   1/1       Running     0          35m
2020-07-15 13:47:31 mysql-1-deploy                                0/1       Completed   0          7h20m
2020-07-15 13:47:31 mysql-1-hxk6p                                 1/1       Running     0          156m

2020-07-15 13:47:33 NAME                                          READY     STATUS      RESTARTS   AGE
2020-07-15 13:47:33 my-cluster-entity-operator-7cbb484468-ntv9q   3/3       Running     0          6h30m
2020-07-15 13:47:33 my-cluster-kafka-0                            2/2       Running     0          2m41s
2020-07-15 13:47:33 my-cluster-kafka-1                            2/2       Running     0          6h31m
2020-07-15 13:47:33 my-cluster-kafka-2                            2/2       Running     0          6h31m
2020-07-15 13:47:33 my-cluster-zookeeper-0                        0/1       Running     0          11s
2020-07-15 13:47:33 my-cluster-zookeeper-1                        1/1       Running     0          6h32m
2020-07-15 13:47:33 my-cluster-zookeeper-2                        1/1       Running     0          6h32m
2020-07-15 13:47:33 my-connect-cluster-connect-1-deploy           0/1       Completed   0          6h9m
2020-07-15 13:47:33 my-connect-cluster-connect-2-66cc9            1/1       Running     0          5m50s
2020-07-15 13:47:33 my-connect-cluster-connect-2-deploy           0/1       Completed   0          6h4m
2020-07-15 13:47:33 my-mm2-cluster-mirrormaker2-b9765f446-l7s7r   1/1       Running     0          35m
2020-07-15 13:47:33 mysql-1-deploy                                0/1       Completed   0          7h20m
2020-07-15 13:47:33 mysql-1-hxk6p                                 1/1       Running     0          156m

2020-07-15 13:47:34 NAME                                          READY     STATUS      RESTARTS   AGE
2020-07-15 13:47:34 my-cluster-entity-operator-7cbb484468-ntv9q   3/3       Running     0          6h30m
2020-07-15 13:47:34 my-cluster-kafka-0                            2/2       Running     0          2m42s
2020-07-15 13:47:34 my-cluster-kafka-1                            2/2       Running     0          6h31m
2020-07-15 13:47:34 my-cluster-kafka-2                            2/2       Running     0          6h31m
2020-07-15 13:47:34 my-cluster-zookeeper-0                        0/1       Running     0          12s
2020-07-15 13:47:34 my-cluster-zookeeper-1                        1/1       Running     0          6h32m
2020-07-15 13:47:34 my-cluster-zookeeper-2                        1/1       Running     0          6h32m
2020-07-15 13:47:34 my-connect-cluster-connect-1-deploy           0/1       Completed   0          6h9m
2020-07-15 13:47:34 my-connect-cluster-connect-2-66cc9            1/1       Running     0          5m51s
2020-07-15 13:47:34 my-connect-cluster-connect-2-deploy           0/1       Completed   0          6h4m
2020-07-15 13:47:34 my-mm2-cluster-mirrormaker2-b9765f446-l7s7r   1/1       Running     0          35m
2020-07-15 13:47:34 mysql-1-deploy                                0/1       Completed   0          7h20m
2020-07-15 13:47:34 mysql-1-hxk6p                                 1/1       Running     0          156m

2020-07-15 13:47:35 NAME                                          READY     STATUS      RESTARTS   AGE
2020-07-15 13:47:35 my-cluster-entity-operator-7cbb484468-ntv9q   3/3       Running     0          6h30m
2020-07-15 13:47:35 my-cluster-kafka-0                            2/2       Running     0          2m43s
2020-07-15 13:47:35 my-cluster-kafka-1                            2/2       Running     0          6h31m
2020-07-15 13:47:35 my-cluster-kafka-2                            2/2       Running     0          6h31m
2020-07-15 13:47:35 my-cluster-zookeeper-0                        0/1       Running     0          13s
2020-07-15 13:47:35 my-cluster-zookeeper-1                        1/1       Running     0          6h32m
2020-07-15 13:47:35 my-cluster-zookeeper-2                        1/1       Running     0          6h32m
2020-07-15 13:47:35 my-connect-cluster-connect-1-deploy           0/1       Completed   0          6h9m
2020-07-15 13:47:35 my-connect-cluster-connect-2-66cc9            1/1       Running     0          5m52s
2020-07-15 13:47:35 my-connect-cluster-connect-2-deploy           0/1       Completed   0          6h4m
2020-07-15 13:47:35 my-mm2-cluster-mirrormaker2-b9765f446-l7s7r   1/1       Running     0          35m
2020-07-15 13:47:35 mysql-1-deploy                                0/1       Completed   0          7h21m
2020-07-15 13:47:35 mysql-1-hxk6p                                 1/1       Running     0          156m

2020-07-15 13:47:36 NAME                                          READY     STATUS      RESTARTS   AGE
2020-07-15 13:47:36 my-cluster-entity-operator-7cbb484468-ntv9q   3/3       Running     0          6h30m
2020-07-15 13:47:36 my-cluster-kafka-0                            2/2       Running     0          2m45s
2020-07-15 13:47:36 my-cluster-kafka-1                            2/2       Running     0          6h31m
2020-07-15 13:47:36 my-cluster-kafka-2                            2/2       Running     0          6h31m
2020-07-15 13:47:36 my-cluster-zookeeper-0                        0/1       Running     0          15s
2020-07-15 13:47:36 my-cluster-zookeeper-1                        1/1       Running     0          6h32m
2020-07-15 13:47:36 my-cluster-zookeeper-2                        1/1       Running     0          6h32m
2020-07-15 13:47:36 my-connect-cluster-connect-1-deploy           0/1       Completed   0          6h9m
2020-07-15 13:47:36 my-connect-cluster-connect-2-66cc9            1/1       Running     0          5m54s
2020-07-15 13:47:36 my-connect-cluster-connect-2-deploy           0/1       Completed   0          6h4m
2020-07-15 13:47:36 my-mm2-cluster-mirrormaker2-b9765f446-l7s7r   1/1       Running     0          35m
2020-07-15 13:47:36 mysql-1-deploy                                0/1       Completed   0          7h21m
2020-07-15 13:47:36 mysql-1-hxk6p                                 1/1       Running     0          156m

2020-07-15 13:47:38 NAME                                          READY     STATUS      RESTARTS   AGE
2020-07-15 13:47:38 my-cluster-entity-operator-7cbb484468-ntv9q   3/3       Running     0          6h30m
2020-07-15 13:47:38 my-cluster-kafka-0                            2/2       Running     0          2m46s
2020-07-15 13:47:38 my-cluster-kafka-1                            2/2       Running     0          6h31m
2020-07-15 13:47:38 my-cluster-kafka-2                            2/2       Running     0          6h31m
2020-07-15 13:47:38 my-cluster-zookeeper-0                        0/1       Running     0          16s
2020-07-15 13:47:38 my-cluster-zookeeper-1                        1/1       Running     0          6h32m
2020-07-15 13:47:38 my-cluster-zookeeper-2                        1/1       Running     0          6h32m
2020-07-15 13:47:38 my-connect-cluster-connect-1-deploy           0/1       Completed   0          6h9m
2020-07-15 13:47:38 my-connect-cluster-connect-2-66cc9            1/1       Running     0          5m55s
2020-07-15 13:47:38 my-connect-cluster-connect-2-deploy           0/1       Completed   0          6h4m
2020-07-15 13:47:38 my-mm2-cluster-mirrormaker2-b9765f446-l7s7r   1/1       Running     0          35m
2020-07-15 13:47:38 mysql-1-deploy                                0/1       Completed   0          7h21m
2020-07-15 13:47:38 mysql-1-hxk6p                                 1/1       Running     0          156m

2020-07-15 13:47:39 NAME                                          READY     STATUS      RESTARTS   AGE
2020-07-15 13:47:39 my-cluster-entity-operator-7cbb484468-ntv9q   3/3       Running     0          6h30m
2020-07-15 13:47:39 my-cluster-kafka-0                            2/2       Running     0          2m47s
2020-07-15 13:47:39 my-cluster-kafka-1                            2/2       Running     0          6h31m
2020-07-15 13:47:39 my-cluster-kafka-2                            2/2       Running     0          6h31m
2020-07-15 13:47:39 my-cluster-zookeeper-0                        0/1       Running     0          17s
2020-07-15 13:47:39 my-cluster-zookeeper-1                        1/1       Running     0          6h32m
2020-07-15 13:47:39 my-cluster-zookeeper-2                        1/1       Running     0          6h32m
2020-07-15 13:47:39 my-connect-cluster-connect-1-deploy           0/1       Completed   0          6h9m
2020-07-15 13:47:39 my-connect-cluster-connect-2-66cc9            1/1       Running     0          5m56s
2020-07-15 13:47:39 my-connect-cluster-connect-2-deploy           0/1       Completed   0          6h4m
2020-07-15 13:47:39 my-mm2-cluster-mirrormaker2-b9765f446-l7s7r   1/1       Running     0          35m
2020-07-15 13:47:39 mysql-1-deploy                                0/1       Completed   0          7h21m
2020-07-15 13:47:39 mysql-1-hxk6p                                 1/1       Running     0          156m

2020-07-15 13:47:40 NAME                                          READY     STATUS      RESTARTS   AGE
2020-07-15 13:47:40 my-cluster-entity-operator-7cbb484468-ntv9q   3/3       Running     0          6h31m
2020-07-15 13:47:40 my-cluster-kafka-0                            2/2       Running     0          2m49s
2020-07-15 13:47:40 my-cluster-kafka-1                            2/2       Running     0          6h31m
2020-07-15 13:47:40 my-cluster-kafka-2                            2/2       Running     0          6h31m
2020-07-15 13:47:40 my-cluster-zookeeper-0                        0/1       Running     0          19s
2020-07-15 13:47:40 my-cluster-zookeeper-1                        1/1       Running     0          6h32m
2020-07-15 13:47:40 my-cluster-zookeeper-2                        1/1       Running     0          6h32m
2020-07-15 13:47:40 my-connect-cluster-connect-1-deploy           0/1       Completed   0          6h9m
2020-07-15 13:47:40 my-connect-cluster-connect-2-66cc9            1/1       Running     0          5m58s
2020-07-15 13:47:40 my-connect-cluster-connect-2-deploy           0/1       Completed   0          6h4m
2020-07-15 13:47:40 my-mm2-cluster-mirrormaker2-b9765f446-l7s7r   1/1       Running     0          35m
2020-07-15 13:47:40 mysql-1-deploy                                0/1       Completed   0          7h21m
2020-07-15 13:47:40 mysql-1-hxk6p                                 1/1       Running     0          156m

2020-07-15 13:47:42 NAME                                          READY     STATUS      RESTARTS   AGE
2020-07-15 13:47:42 my-cluster-entity-operator-7cbb484468-ntv9q   3/3       Running     0          6h31m
2020-07-15 13:47:42 my-cluster-kafka-0                            2/2       Running     0          2m50s
2020-07-15 13:47:42 my-cluster-kafka-1                            2/2       Running     0          6h31m
2020-07-15 13:47:42 my-cluster-kafka-2                            2/2       Running     0          6h31m
2020-07-15 13:47:42 my-cluster-zookeeper-0                        0/1       Running     0          20s
2020-07-15 13:47:42 my-cluster-zookeeper-1                        1/1       Running     0          6h32m
2020-07-15 13:47:42 my-cluster-zookeeper-2                        1/1       Running     0          6h32m
2020-07-15 13:47:42 my-connect-cluster-connect-1-deploy           0/1       Completed   0          6h9m
2020-07-15 13:47:42 my-connect-cluster-connect-2-66cc9            1/1       Running     0          5m59s
2020-07-15 13:47:42 my-connect-cluster-connect-2-deploy           0/1       Completed   0          6h4m
2020-07-15 13:47:42 my-mm2-cluster-mirrormaker2-b9765f446-l7s7r   1/1       Running     0          35m
2020-07-15 13:47:42 mysql-1-deploy                                0/1       Completed   0          7h21m
2020-07-15 13:47:42 mysql-1-hxk6p                                 1/1       Running     0          156m

2020-07-15 13:47:43 NAME                                          READY     STATUS      RESTARTS   AGE
2020-07-15 13:47:43 my-cluster-entity-operator-7cbb484468-ntv9q   3/3       Running     0          6h31m
2020-07-15 13:47:43 my-cluster-kafka-0                            2/2       Running     0          2m51s
2020-07-15 13:47:43 my-cluster-kafka-1                            2/2       Running     0          6h31m
2020-07-15 13:47:43 my-cluster-kafka-2                            2/2       Running     0          6h31m
2020-07-15 13:47:43 my-cluster-zookeeper-0                        0/1       Running     0          21s
2020-07-15 13:47:43 my-cluster-zookeeper-1                        1/1       Running     0          6h32m
2020-07-15 13:47:43 my-cluster-zookeeper-2                        1/1       Running     0          6h32m
2020-07-15 13:47:43 my-connect-cluster-connect-1-deploy           0/1       Completed   0          6h9m
2020-07-15 13:47:43 my-connect-cluster-connect-2-66cc9            1/1       Running     0          6m
2020-07-15 13:47:43 my-connect-cluster-connect-2-deploy           0/1       Completed   0          6h4m
2020-07-15 13:47:43 my-mm2-cluster-mirrormaker2-b9765f446-l7s7r   1/1       Running     0          35m
2020-07-15 13:47:43 mysql-1-deploy                                0/1       Completed   0          7h21m
2020-07-15 13:47:43 mysql-1-hxk6p                                 1/1       Running     0          156m

2020-07-15 13:47:44 NAME                                          READY     STATUS      RESTARTS   AGE
2020-07-15 13:47:44 my-cluster-entity-operator-7cbb484468-ntv9q   3/3       Running     0          6h31m
2020-07-15 13:47:44 my-cluster-kafka-0                            2/2       Running     0          2m52s
2020-07-15 13:47:44 my-cluster-kafka-1                            2/2       Running     0          6h31m
2020-07-15 13:47:44 my-cluster-kafka-2                            2/2       Running     0          6h31m
2020-07-15 13:47:44 my-cluster-zookeeper-0                        0/1       Running     0          22s
2020-07-15 13:47:44 my-cluster-zookeeper-1                        1/1       Running     0          6h32m
2020-07-15 13:47:44 my-cluster-zookeeper-2                        1/1       Running     0          6h32m
2020-07-15 13:47:44 my-connect-cluster-connect-1-deploy           0/1       Completed   0          6h9m
2020-07-15 13:47:44 my-connect-cluster-connect-2-66cc9            1/1       Running     0          6m1s
2020-07-15 13:47:44 my-connect-cluster-connect-2-deploy           0/1       Completed   0          6h4m
2020-07-15 13:47:44 my-mm2-cluster-mirrormaker2-b9765f446-l7s7r   1/1       Running     0          35m
2020-07-15 13:47:44 mysql-1-deploy                                0/1       Completed   0          7h21m
2020-07-15 13:47:44 mysql-1-hxk6p                                 1/1       Running     0          156m

2020-07-15 13:47:45 NAME                                          READY     STATUS      RESTARTS   AGE
2020-07-15 13:47:45 my-cluster-entity-operator-7cbb484468-ntv9q   3/3       Running     0          6h31m
2020-07-15 13:47:45 my-cluster-kafka-0                            2/2       Running     0          2m54s
2020-07-15 13:47:45 my-cluster-kafka-1                            2/2       Running     0          6h31m
2020-07-15 13:47:45 my-cluster-kafka-2                            2/2       Running     0          6h31m
2020-07-15 13:47:45 my-cluster-zookeeper-0                        1/1       Running     0          24s
2020-07-15 13:47:45 my-cluster-zookeeper-1                        1/1       Running     0          6h32m
2020-07-15 13:47:45 my-cluster-zookeeper-2                        1/1       Running     0          6h32m
2020-07-15 13:47:45 my-connect-cluster-connect-1-deploy           0/1       Completed   0          6h9m
2020-07-15 13:47:45 my-connect-cluster-connect-2-66cc9            1/1       Running     0          6m3s
2020-07-15 13:47:45 my-connect-cluster-connect-2-deploy           0/1       Completed   0          6h4m
2020-07-15 13:47:45 my-mm2-cluster-mirrormaker2-b9765f446-l7s7r   1/1       Running     0          35m
2020-07-15 13:47:45 mysql-1-deploy                                0/1       Completed   0          7h21m
2020-07-15 13:47:45 mysql-1-hxk6p                                 1/1       Running     0          156m

2020-07-15 13:47:47 NAME                                          READY     STATUS      RESTARTS   AGE
2020-07-15 13:47:47 my-cluster-entity-operator-7cbb484468-ntv9q   3/3       Running     0          6h31m
2020-07-15 13:47:47 my-cluster-kafka-0                            2/2       Running     0          2m55s
2020-07-15 13:47:47 my-cluster-kafka-1                            2/2       Running     0          6h31m
2020-07-15 13:47:47 my-cluster-kafka-2                            2/2       Running     0          6h31m
2020-07-15 13:47:47 my-cluster-zookeeper-0                        1/1       Running     0          25s
2020-07-15 13:47:47 my-cluster-zookeeper-1                        1/1       Running     0          6h32m
2020-07-15 13:47:47 my-cluster-zookeeper-2                        1/1       Running     0          6h32m
2020-07-15 13:47:47 my-connect-cluster-connect-1-deploy           0/1       Completed   0          6h9m
2020-07-15 13:47:47 my-connect-cluster-connect-2-66cc9            1/1       Running     0          6m4s
2020-07-15 13:47:47 my-connect-cluster-connect-2-deploy           0/1       Completed   0          6h4m
2020-07-15 13:47:47 my-mm2-cluster-mirrormaker2-b9765f446-l7s7r   1/1       Running     0          35m
2020-07-15 13:47:47 mysql-1-deploy                                0/1       Completed   0          7h21m
2020-07-15 13:47:47 mysql-1-hxk6p                                 1/1       Running     0          156m

2020-07-15 13:47:48 NAME                                          READY     STATUS      RESTARTS   AGE
2020-07-15 13:47:48 my-cluster-entity-operator-7cbb484468-ntv9q   3/3       Running     0          6h31m
2020-07-15 13:47:48 my-cluster-kafka-0                            2/2       Running     0          2m56s
2020-07-15 13:47:48 my-cluster-kafka-1                            2/2       Running     0          6h31m
2020-07-15 13:47:48 my-cluster-kafka-2                            2/2       Running     0          6h31m
2020-07-15 13:47:48 my-cluster-zookeeper-0                        1/1       Running     0          26s
2020-07-15 13:47:48 my-cluster-zookeeper-1                        1/1       Running     0          6h32m
2020-07-15 13:47:48 my-cluster-zookeeper-2                        1/1       Running     0          6h32m
2020-07-15 13:47:48 my-connect-cluster-connect-1-deploy           0/1       Completed   0          6h9m
2020-07-15 13:47:48 my-connect-cluster-connect-2-66cc9            1/1       Running     0          6m5s
2020-07-15 13:47:48 my-connect-cluster-connect-2-deploy           0/1       Completed   0          6h4m
2020-07-15 13:47:48 my-mm2-cluster-mirrormaker2-b9765f446-l7s7r   1/1       Running     0          35m
2020-07-15 13:47:48 mysql-1-deploy                                0/1       Completed   0          7h21m
2020-07-15 13:47:48 mysql-1-hxk6p                                 1/1       Running     0          156m

2020-07-15 13:47:49 NAME                                          READY     STATUS      RESTARTS   AGE
2020-07-15 13:47:49 my-cluster-entity-operator-7cbb484468-ntv9q   3/3       Running     0          6h31m
2020-07-15 13:47:49 my-cluster-kafka-0                            2/2       Running     0          2m58s
2020-07-15 13:47:49 my-cluster-kafka-1                            2/2       Running     0          6h31m
2020-07-15 13:47:49 my-cluster-kafka-2                            2/2       Running     0          6h31m
2020-07-15 13:47:49 my-cluster-zookeeper-0                        1/1       Running     0          28s
2020-07-15 13:47:49 my-cluster-zookeeper-1                        1/1       Running     0          6h32m
2020-07-15 13:47:49 my-cluster-zookeeper-2                        1/1       Running     0          6h32m
2020-07-15 13:47:49 my-connect-cluster-connect-1-deploy           0/1       Completed   0          6h9m
2020-07-15 13:47:49 my-connect-cluster-connect-2-66cc9            1/1       Running     0          6m7s
2020-07-15 13:47:49 my-connect-cluster-connect-2-deploy           0/1       Completed   0          6h4m
2020-07-15 13:47:49 my-mm2-cluster-mirrormaker2-b9765f446-l7s7r   1/1       Running     0          35m
2020-07-15 13:47:49 mysql-1-deploy                                0/1       Completed   0          7h21m
2020-07-15 13:47:49 mysql-1-hxk6p                                 1/1       Running     0          156m

2020-07-15 13:47:51 NAME                                          READY     STATUS      RESTARTS   AGE
2020-07-15 13:47:51 my-cluster-entity-operator-7cbb484468-ntv9q   3/3       Running     0          6h31m
2020-07-15 13:47:51 my-cluster-kafka-0                            2/2       Running     0          2m59s
2020-07-15 13:47:51 my-cluster-kafka-1                            2/2       Running     0          6h31m
2020-07-15 13:47:51 my-cluster-kafka-2                            2/2       Running     0          6h31m
2020-07-15 13:47:51 my-cluster-zookeeper-0                        1/1       Running     0          29s
2020-07-15 13:47:51 my-cluster-zookeeper-1                        1/1       Running     0          6h32m
2020-07-15 13:47:51 my-cluster-zookeeper-2                        1/1       Running     0          6h32m
2020-07-15 13:47:51 my-connect-cluster-connect-1-deploy           0/1       Completed   0          6h9m
2020-07-15 13:47:51 my-connect-cluster-connect-2-66cc9            1/1       Running     0          6m8s
2020-07-15 13:47:51 my-connect-cluster-connect-2-deploy           0/1       Completed   0          6h5m
2020-07-15 13:47:51 my-mm2-cluster-mirrormaker2-b9765f446-l7s7r   1/1       Running     0          35m
2020-07-15 13:47:51 mysql-1-deploy                                0/1       Completed   0          7h21m
2020-07-15 13:47:51 mysql-1-hxk6p                                 1/1       Running     0          156m

2020-07-15 13:47:52 NAME                                          READY     STATUS      RESTARTS   AGE
2020-07-15 13:47:52 my-cluster-entity-operator-7cbb484468-ntv9q   3/3       Running     0          6h31m
2020-07-15 13:47:52 my-cluster-kafka-0                            2/2       Running     0          3m
2020-07-15 13:47:52 my-cluster-kafka-1                            2/2       Running     0          6h31m
2020-07-15 13:47:52 my-cluster-kafka-2                            2/2       Running     0          6h31m
2020-07-15 13:47:52 my-cluster-zookeeper-0                        1/1       Running     0          30s
2020-07-15 13:47:52 my-cluster-zookeeper-1                        1/1       Running     0          6h32m
2020-07-15 13:47:52 my-cluster-zookeeper-2                        1/1       Running     0          6h32m
2020-07-15 13:47:52 my-connect-cluster-connect-1-deploy           0/1       Completed   0          6h9m
2020-07-15 13:47:52 my-connect-cluster-connect-2-66cc9            1/1       Running     0          6m9s
2020-07-15 13:47:52 my-connect-cluster-connect-2-deploy           0/1       Completed   0          6h5m
2020-07-15 13:47:52 my-mm2-cluster-mirrormaker2-b9765f446-l7s7r   1/1       Running     0          35m
2020-07-15 13:47:52 mysql-1-deploy                                0/1       Completed   0          7h21m
2020-07-15 13:47:52 mysql-1-hxk6p                                 1/1       Running     0          156m

2020-07-15 13:47:53 NAME                                          READY     STATUS      RESTARTS   AGE
2020-07-15 13:47:53 my-cluster-entity-operator-7cbb484468-ntv9q   3/3       Running     0          6h31m
2020-07-15 13:47:53 my-cluster-kafka-0                            2/2       Running     0          3m2s
2020-07-15 13:47:53 my-cluster-kafka-1                            2/2       Running     0          6h31m
2020-07-15 13:47:53 my-cluster-kafka-2                            2/2       Running     0          6h31m
2020-07-15 13:47:53 my-cluster-zookeeper-0                        1/1       Running     0          32s
2020-07-15 13:47:53 my-cluster-zookeeper-1                        1/1       Running     0          6h32m
2020-07-15 13:47:53 my-cluster-zookeeper-2                        1/1       Running     0          6h32m
2020-07-15 13:47:53 my-connect-cluster-connect-1-deploy           0/1       Completed   0          6h9m
2020-07-15 13:47:53 my-connect-cluster-connect-2-66cc9            1/1       Running     0          6m11s
2020-07-15 13:47:53 my-connect-cluster-connect-2-deploy           0/1       Completed   0          6h5m
2020-07-15 13:47:53 my-mm2-cluster-mirrormaker2-b9765f446-l7s7r   1/1       Running     0          35m
2020-07-15 13:47:53 mysql-1-deploy                                0/1       Completed   0          7h21m
2020-07-15 13:47:53 mysql-1-hxk6p                                 1/1       Running     0          156m

2020-07-15 13:47:55 NAME                                          READY     STATUS      RESTARTS   AGE
2020-07-15 13:47:55 my-cluster-entity-operator-7cbb484468-ntv9q   3/3       Running     0          6h31m
2020-07-15 13:47:55 my-cluster-kafka-0                            2/2       Running     0          3m3s
2020-07-15 13:47:55 my-cluster-kafka-1                            2/2       Running     0          6h31m
2020-07-15 13:47:55 my-cluster-kafka-2                            2/2       Running     0          6h31m
2020-07-15 13:47:55 my-cluster-zookeeper-0                        1/1       Running     0          33s
2020-07-15 13:47:55 my-cluster-zookeeper-1                        1/1       Running     0          6h32m
2020-07-15 13:47:55 my-cluster-zookeeper-2                        1/1       Running     0          6h32m
2020-07-15 13:47:55 my-connect-cluster-connect-1-deploy           0/1       Completed   0          6h9m
2020-07-15 13:47:55 my-connect-cluster-connect-2-66cc9            1/1       Running     0          6m12s
2020-07-15 13:47:55 my-connect-cluster-connect-2-deploy           0/1       Completed   0          6h5m
2020-07-15 13:47:55 my-mm2-cluster-mirrormaker2-b9765f446-l7s7r   1/1       Running     0          35m
2020-07-15 13:47:55 mysql-1-deploy                                0/1       Completed   0          7h21m
2020-07-15 13:47:55 mysql-1-hxk6p                                 1/1       Running     0          156m

2020-07-15 13:47:56 NAME                                          READY     STATUS      RESTARTS   AGE
2020-07-15 13:47:56 my-cluster-entity-operator-7cbb484468-ntv9q   3/3       Running     0          6h31m
2020-07-15 13:47:56 my-cluster-kafka-0                            2/2       Running     0          3m4s
2020-07-15 13:47:56 my-cluster-kafka-1                            2/2       Running     0          6h31m
2020-07-15 13:47:56 my-cluster-kafka-2                            2/2       Running     0          6h31m
2020-07-15 13:47:56 my-cluster-zookeeper-0                        1/1       Running     0          34s
2020-07-15 13:47:56 my-cluster-zookeeper-1                        1/1       Running     0          6h32m
2020-07-15 13:47:56 my-cluster-zookeeper-2                        1/1       Running     0          6h32m
2020-07-15 13:47:56 my-connect-cluster-connect-1-deploy           0/1       Completed   0          6h9m
2020-07-15 13:47:56 my-connect-cluster-connect-2-66cc9            1/1       Running     0          6m13s
2020-07-15 13:47:56 my-connect-cluster-connect-2-deploy           0/1       Completed   0          6h5m
2020-07-15 13:47:56 my-mm2-cluster-mirrormaker2-b9765f446-l7s7r   1/1       Running     0          35m
2020-07-15 13:47:56 mysql-1-deploy                                0/1       Completed   0          7h21m
2020-07-15 13:47:56 mysql-1-hxk6p                                 1/1       Running     0          156m

2020-07-15 13:47:57 NAME                                          READY     STATUS      RESTARTS   AGE
2020-07-15 13:47:57 my-cluster-entity-operator-7cbb484468-ntv9q   3/3       Running     0          6h31m
2020-07-15 13:47:57 my-cluster-kafka-0                            2/2       Running     0          3m5s
2020-07-15 13:47:57 my-cluster-kafka-1                            2/2       Running     0          6h31m
2020-07-15 13:47:57 my-cluster-kafka-2                            2/2       Running     0          6h31m
2020-07-15 13:47:57 my-cluster-zookeeper-0                        1/1       Running     0          35s
2020-07-15 13:47:57 my-cluster-zookeeper-1                        1/1       Running     0          6h32m
2020-07-15 13:47:57 my-cluster-zookeeper-2                        1/1       Running     0          6h32m
2020-07-15 13:47:57 my-connect-cluster-connect-1-deploy           0/1       Completed   0          6h9m
2020-07-15 13:47:57 my-connect-cluster-connect-2-66cc9            1/1       Running     0          6m14s
2020-07-15 13:47:57 my-connect-cluster-connect-2-deploy           0/1       Completed   0          6h5m
2020-07-15 13:47:57 my-mm2-cluster-mirrormaker2-b9765f446-l7s7r   1/1       Running     0          35m
2020-07-15 13:47:57 mysql-1-deploy                                0/1       Completed   0          7h21m
2020-07-15 13:47:57 mysql-1-hxk6p                                 1/1       Running     0          156m

2020-07-15 13:47:58 NAME                                          READY     STATUS      RESTARTS   AGE
2020-07-15 13:47:58 my-cluster-entity-operator-7cbb484468-ntv9q   3/3       Running     0          6h31m
2020-07-15 13:47:58 my-cluster-kafka-0                            2/2       Running     0          3m7s
2020-07-15 13:47:58 my-cluster-kafka-1                            2/2       Running     0          6h32m
2020-07-15 13:47:58 my-cluster-kafka-2                            2/2       Running     0          6h32m
2020-07-15 13:47:58 my-cluster-zookeeper-0                        1/1       Running     0          37s
2020-07-15 13:47:58 my-cluster-zookeeper-1                        1/1       Running     0          6h32m
2020-07-15 13:47:58 my-cluster-zookeeper-2                        1/1       Running     0          6h32m
2020-07-15 13:47:58 my-connect-cluster-connect-1-deploy           0/1       Completed   0          6h9m
2020-07-15 13:47:58 my-connect-cluster-connect-2-66cc9            1/1       Running     0          6m16s
2020-07-15 13:47:58 my-connect-cluster-connect-2-deploy           0/1       Completed   0          6h5m
2020-07-15 13:47:58 my-mm2-cluster-mirrormaker2-b9765f446-l7s7r   1/1       Running     0          35m
2020-07-15 13:47:58 mysql-1-deploy                                0/1       Completed   0          7h21m
2020-07-15 13:47:58 mysql-1-hxk6p                                 1/1       Running     0          156m

2020-07-15 13:48:00 NAME                                          READY     STATUS      RESTARTS   AGE
2020-07-15 13:48:00 my-cluster-entity-operator-7cbb484468-ntv9q   3/3       Running     0          6h31m
2020-07-15 13:48:00 my-cluster-kafka-0                            2/2       Running     0          3m8s
2020-07-15 13:48:00 my-cluster-kafka-1                            2/2       Running     0          6h32m
2020-07-15 13:48:00 my-cluster-kafka-2                            2/2       Running     0          6h32m
2020-07-15 13:48:00 my-cluster-zookeeper-0                        1/1       Running     0          38s
2020-07-15 13:48:00 my-cluster-zookeeper-1                        1/1       Running     0          6h32m
2020-07-15 13:48:00 my-cluster-zookeeper-2                        1/1       Running     0          6h32m
2020-07-15 13:48:00 my-connect-cluster-connect-1-deploy           0/1       Completed   0          6h9m
2020-07-15 13:48:00 my-connect-cluster-connect-2-66cc9            1/1       Running     0          6m17s
2020-07-15 13:48:00 my-connect-cluster-connect-2-deploy           0/1       Completed   0          6h5m
2020-07-15 13:48:00 my-mm2-cluster-mirrormaker2-b9765f446-l7s7r   1/1       Running     0          35m
2020-07-15 13:48:00 mysql-1-deploy                                0/1       Completed   0          7h21m
2020-07-15 13:48:00 mysql-1-hxk6p                                 1/1       Running     0          156m

2020-07-15 13:48:01 NAME                                          READY     STATUS      RESTARTS   AGE
2020-07-15 13:48:01 my-cluster-entity-operator-7cbb484468-ntv9q   3/3       Running     0          6h31m
2020-07-15 13:48:01 my-cluster-kafka-0                            2/2       Running     0          3m9s
2020-07-15 13:48:01 my-cluster-kafka-1                            2/2       Running     0          6h32m
2020-07-15 13:48:01 my-cluster-kafka-2                            2/2       Running     0          6h32m
2020-07-15 13:48:01 my-cluster-zookeeper-0                        1/1       Running     0          39s
2020-07-15 13:48:01 my-cluster-zookeeper-1                        1/1       Running     0          6h32m
2020-07-15 13:48:01 my-cluster-zookeeper-2                        1/1       Running     0          6h32m
2020-07-15 13:48:01 my-connect-cluster-connect-1-deploy           0/1       Completed   0          6h9m
2020-07-15 13:48:01 my-connect-cluster-connect-2-66cc9            1/1       Running     0          6m18s
2020-07-15 13:48:01 my-connect-cluster-connect-2-deploy           0/1       Completed   0          6h5m
2020-07-15 13:48:01 my-mm2-cluster-mirrormaker2-b9765f446-l7s7r   1/1       Running     0          35m
2020-07-15 13:48:01 mysql-1-deploy                                0/1       Completed   0          7h21m
2020-07-15 13:48:01 mysql-1-hxk6p                                 1/1       Running     0          156m

