2020-07-15 13:49:08 mysql: [Warning] Using a password on the command line interface can be insecure.
2020-07-15 13:49:08 +-----------+
2020-07-15 13:49:08 | count(id) |
2020-07-15 13:49:08 +-----------+
2020-07-15 13:49:08 |         0 |
2020-07-15 13:49:08 +-----------+
2020-07-15 13:49:10 mysql: [Warning] Using a password on the command line interface can be insecure.
2020-07-15 13:49:10 +-----------+
2020-07-15 13:49:10 | count(id) |
2020-07-15 13:49:10 +-----------+
2020-07-15 13:49:10 |         0 |
2020-07-15 13:49:10 +-----------+
2020-07-15 13:49:12 mysql: [Warning] Using a password on the command line interface can be insecure.
2020-07-15 13:49:12 +-----------+
2020-07-15 13:49:12 | count(id) |
2020-07-15 13:49:12 +-----------+
2020-07-15 13:49:12 |         0 |
2020-07-15 13:49:12 +-----------+
2020-07-15 13:49:13 mysql: [Warning] Using a password on the command line interface can be insecure.
2020-07-15 13:49:13 +-----------+
2020-07-15 13:49:13 | count(id) |
2020-07-15 13:49:13 +-----------+
2020-07-15 13:49:13 |         2 |
2020-07-15 13:49:13 +-----------+
2020-07-15 13:49:15 mysql: [Warning] Using a password on the command line interface can be insecure.
2020-07-15 13:49:15 +-----------+
2020-07-15 13:49:15 | count(id) |
2020-07-15 13:49:15 +-----------+
2020-07-15 13:49:15 |         5 |
2020-07-15 13:49:15 +-----------+
2020-07-15 13:49:16 mysql: [Warning] Using a password on the command line interface can be insecure.
2020-07-15 13:49:16 +-----------+
2020-07-15 13:49:16 | count(id) |
2020-07-15 13:49:16 +-----------+
2020-07-15 13:49:16 |         7 |
2020-07-15 13:49:16 +-----------+
2020-07-15 13:49:18 mysql: [Warning] Using a password on the command line interface can be insecure.
2020-07-15 13:49:18 +-----------+
2020-07-15 13:49:18 | count(id) |
2020-07-15 13:49:18 +-----------+
2020-07-15 13:49:18 |        10 |
2020-07-15 13:49:18 +-----------+
2020-07-15 13:49:20 mysql: [Warning] Using a password on the command line interface can be insecure.
2020-07-15 13:49:20 +-----------+
2020-07-15 13:49:20 | count(id) |
2020-07-15 13:49:20 +-----------+
2020-07-15 13:49:20 |        12 |
2020-07-15 13:49:20 +-----------+
2020-07-15 13:49:21 mysql: [Warning] Using a password on the command line interface can be insecure.
2020-07-15 13:49:21 +-----------+
2020-07-15 13:49:21 | count(id) |
2020-07-15 13:49:21 +-----------+
2020-07-15 13:49:21 |        14 |
2020-07-15 13:49:21 +-----------+
2020-07-15 13:49:23 mysql: [Warning] Using a password on the command line interface can be insecure.
2020-07-15 13:49:23 +-----------+
2020-07-15 13:49:23 | count(id) |
2020-07-15 13:49:23 +-----------+
2020-07-15 13:49:23 |        17 |
2020-07-15 13:49:23 +-----------+
2020-07-15 13:49:25 mysql: [Warning] Using a password on the command line interface can be insecure.
2020-07-15 13:49:25 +-----------+
2020-07-15 13:49:25 | count(id) |
2020-07-15 13:49:25 +-----------+
2020-07-15 13:49:25 |        19 |
2020-07-15 13:49:25 +-----------+
2020-07-15 13:49:27 mysql: [Warning] Using a password on the command line interface can be insecure.
2020-07-15 13:49:27 +-----------+
2020-07-15 13:49:27 | count(id) |
2020-07-15 13:49:27 +-----------+
2020-07-15 13:49:27 |        21 |
2020-07-15 13:49:27 +-----------+
2020-07-15 13:49:28 mysql: [Warning] Using a password on the command line interface can be insecure.
2020-07-15 13:49:28 +-----------+
2020-07-15 13:49:28 | count(id) |
2020-07-15 13:49:28 +-----------+
2020-07-15 13:49:28 |        24 |
2020-07-15 13:49:28 +-----------+
2020-07-15 13:49:33 mysql: [Warning] Using a password on the command line interface can be insecure.
2020-07-15 13:49:33 ERROR 2002 (HY000): Can't connect to local MySQL server through socket '/var/lib/mysql/mysql.sock' (2)
2020-07-15 13:49:35 mysql: [Warning] Using a password on the command line interface can be insecure.
2020-07-15 13:49:35 ERROR 2002 (HY000): Can't connect to local MySQL server through socket '/var/lib/mysql/mysql.sock' (2)
2020-07-15 13:49:37 mysql: [Warning] Using a password on the command line interface can be insecure.
2020-07-15 13:49:37 +-----------+
2020-07-15 13:49:37 | count(id) |
2020-07-15 13:49:37 +-----------+
2020-07-15 13:49:37 |        26 |
2020-07-15 13:49:37 +-----------+
2020-07-15 13:49:38 mysql: [Warning] Using a password on the command line interface can be insecure.
2020-07-15 13:49:38 +-----------+
2020-07-15 13:49:38 | count(id) |
2020-07-15 13:49:38 +-----------+
2020-07-15 13:49:38 |        26 |
2020-07-15 13:49:38 +-----------+
2020-07-15 13:49:40 mysql: [Warning] Using a password on the command line interface can be insecure.
2020-07-15 13:49:40 +-----------+
2020-07-15 13:49:40 | count(id) |
2020-07-15 13:49:40 +-----------+
2020-07-15 13:49:40 |        41 |
2020-07-15 13:49:40 +-----------+
2020-07-15 13:49:42 mysql: [Warning] Using a password on the command line interface can be insecure.
2020-07-15 13:49:42 +-----------+
2020-07-15 13:49:42 | count(id) |
2020-07-15 13:49:42 +-----------+
2020-07-15 13:49:42 |        44 |
2020-07-15 13:49:42 +-----------+
2020-07-15 13:49:44 mysql: [Warning] Using a password on the command line interface can be insecure.
2020-07-15 13:49:44 +-----------+
2020-07-15 13:49:44 | count(id) |
2020-07-15 13:49:44 +-----------+
2020-07-15 13:49:44 |        46 |
2020-07-15 13:49:44 +-----------+
2020-07-15 13:49:45 mysql: [Warning] Using a password on the command line interface can be insecure.
2020-07-15 13:49:45 +-----------+
2020-07-15 13:49:45 | count(id) |
2020-07-15 13:49:45 +-----------+
2020-07-15 13:49:45 |        49 |
2020-07-15 13:49:45 +-----------+
2020-07-15 13:49:47 mysql: [Warning] Using a password on the command line interface can be insecure.
2020-07-15 13:49:47 +-----------+
2020-07-15 13:49:47 | count(id) |
2020-07-15 13:49:47 +-----------+
2020-07-15 13:49:47 |        50 |
2020-07-15 13:49:47 +-----------+
2020-07-15 13:49:49 mysql: [Warning] Using a password on the command line interface can be insecure.
2020-07-15 13:49:49 +-----------+
2020-07-15 13:49:49 | count(id) |
2020-07-15 13:49:49 +-----------+
2020-07-15 13:49:49 |        50 |
2020-07-15 13:49:49 +-----------+
2020-07-15 13:49:50 mysql: [Warning] Using a password on the command line interface can be insecure.
2020-07-15 13:49:50 +-----------+
2020-07-15 13:49:50 | count(id) |
2020-07-15 13:49:50 +-----------+
2020-07-15 13:49:50 |        50 |
2020-07-15 13:49:50 +-----------+
2020-07-15 13:49:52 mysql: [Warning] Using a password on the command line interface can be insecure.
2020-07-15 13:49:52 +-----------+
2020-07-15 13:49:52 | count(id) |
2020-07-15 13:49:52 +-----------+
2020-07-15 13:49:52 |        50 |
2020-07-15 13:49:52 +-----------+
2020-07-15 13:49:54 mysql: [Warning] Using a password on the command line interface can be insecure.
2020-07-15 13:49:54 +-----------+
2020-07-15 13:49:54 | count(id) |
2020-07-15 13:49:54 +-----------+
2020-07-15 13:49:54 |        50 |
2020-07-15 13:49:54 +-----------+
2020-07-15 13:49:55 mysql: [Warning] Using a password on the command line interface can be insecure.
2020-07-15 13:49:55 +-----------+
2020-07-15 13:49:55 | count(id) |
2020-07-15 13:49:55 +-----------+
2020-07-15 13:49:55 |        50 |
2020-07-15 13:49:55 +-----------+
