2020-07-15 13:41:13 mysql: [Warning] Using a password on the command line interface can be insecure.
2020-07-15 13:41:13 +-----------+
2020-07-15 13:41:13 | count(id) |
2020-07-15 13:41:13 +-----------+
2020-07-15 13:41:13 |         0 |
2020-07-15 13:41:13 +-----------+
2020-07-15 13:41:15 mysql: [Warning] Using a password on the command line interface can be insecure.
2020-07-15 13:41:15 +-----------+
2020-07-15 13:41:15 | count(id) |
2020-07-15 13:41:15 +-----------+
2020-07-15 13:41:15 |         0 |
2020-07-15 13:41:15 +-----------+
2020-07-15 13:41:16 mysql: [Warning] Using a password on the command line interface can be insecure.
2020-07-15 13:41:16 +-----------+
2020-07-15 13:41:16 | count(id) |
2020-07-15 13:41:16 +-----------+
2020-07-15 13:41:16 |         0 |
2020-07-15 13:41:16 +-----------+
2020-07-15 13:41:23 mysql: [Warning] Using a password on the command line interface can be insecure.
2020-07-15 13:41:23 +-----------+
2020-07-15 13:41:23 | count(id) |
2020-07-15 13:41:23 +-----------+
2020-07-15 13:41:23 |         0 |
2020-07-15 13:41:23 +-----------+
2020-07-15 13:41:25 mysql: [Warning] Using a password on the command line interface can be insecure.
2020-07-15 13:41:25 +-----------+
2020-07-15 13:41:25 | count(id) |
2020-07-15 13:41:25 +-----------+
2020-07-15 13:41:25 |         0 |
2020-07-15 13:41:25 +-----------+
2020-07-15 13:41:27 mysql: [Warning] Using a password on the command line interface can be insecure.
2020-07-15 13:41:27 +-----------+
2020-07-15 13:41:27 | count(id) |
2020-07-15 13:41:27 +-----------+
2020-07-15 13:41:27 |         0 |
2020-07-15 13:41:27 +-----------+
2020-07-15 13:41:28 mysql: [Warning] Using a password on the command line interface can be insecure.
2020-07-15 13:41:28 +-----------+
2020-07-15 13:41:28 | count(id) |
2020-07-15 13:41:28 +-----------+
2020-07-15 13:41:28 |         2 |
2020-07-15 13:41:28 +-----------+
2020-07-15 13:41:30 mysql: [Warning] Using a password on the command line interface can be insecure.
2020-07-15 13:41:30 +-----------+
2020-07-15 13:41:30 | count(id) |
2020-07-15 13:41:30 +-----------+
2020-07-15 13:41:30 |         5 |
2020-07-15 13:41:30 +-----------+
2020-07-15 13:41:32 mysql: [Warning] Using a password on the command line interface can be insecure.
2020-07-15 13:41:32 +-----------+
2020-07-15 13:41:32 | count(id) |
2020-07-15 13:41:32 +-----------+
2020-07-15 13:41:32 |         7 |
2020-07-15 13:41:32 +-----------+
2020-07-15 13:41:33 mysql: [Warning] Using a password on the command line interface can be insecure.
2020-07-15 13:41:33 +-----------+
2020-07-15 13:41:33 | count(id) |
2020-07-15 13:41:33 +-----------+
2020-07-15 13:41:33 |        10 |
2020-07-15 13:41:33 +-----------+
2020-07-15 13:41:35 mysql: [Warning] Using a password on the command line interface can be insecure.
2020-07-15 13:41:35 +-----------+
2020-07-15 13:41:35 | count(id) |
2020-07-15 13:41:35 +-----------+
2020-07-15 13:41:35 |        12 |
2020-07-15 13:41:35 +-----------+
2020-07-15 13:41:37 mysql: [Warning] Using a password on the command line interface can be insecure.
2020-07-15 13:41:37 +-----------+
2020-07-15 13:41:37 | count(id) |
2020-07-15 13:41:37 +-----------+
2020-07-15 13:41:37 |        15 |
2020-07-15 13:41:37 +-----------+
2020-07-15 13:41:39 mysql: [Warning] Using a password on the command line interface can be insecure.
2020-07-15 13:41:39 +-----------+
2020-07-15 13:41:39 | count(id) |
2020-07-15 13:41:39 +-----------+
2020-07-15 13:41:39 |        17 |
2020-07-15 13:41:39 +-----------+
2020-07-15 13:41:40 mysql: [Warning] Using a password on the command line interface can be insecure.
2020-07-15 13:41:40 +-----------+
2020-07-15 13:41:40 | count(id) |
2020-07-15 13:41:40 +-----------+
2020-07-15 13:41:40 |        20 |
2020-07-15 13:41:40 +-----------+
2020-07-15 13:41:42 mysql: [Warning] Using a password on the command line interface can be insecure.
2020-07-15 13:41:42 +-----------+
2020-07-15 13:41:42 | count(id) |
2020-07-15 13:41:42 +-----------+
2020-07-15 13:41:42 |        22 |
2020-07-15 13:41:42 +-----------+
2020-07-15 13:41:44 mysql: [Warning] Using a password on the command line interface can be insecure.
2020-07-15 13:41:44 +-----------+
2020-07-15 13:41:44 | count(id) |
2020-07-15 13:41:44 +-----------+
2020-07-15 13:41:44 |        25 |
2020-07-15 13:41:44 +-----------+
2020-07-15 13:41:46 mysql: [Warning] Using a password on the command line interface can be insecure.
2020-07-15 13:41:46 +-----------+
2020-07-15 13:41:46 | count(id) |
2020-07-15 13:41:46 +-----------+
2020-07-15 13:41:46 |        26 |
2020-07-15 13:41:46 +-----------+
2020-07-15 13:41:47 mysql: [Warning] Using a password on the command line interface can be insecure.
2020-07-15 13:41:47 +-----------+
2020-07-15 13:41:47 | count(id) |
2020-07-15 13:41:47 +-----------+
2020-07-15 13:41:47 |        26 |
2020-07-15 13:41:47 +-----------+
2020-07-15 13:41:49 mysql: [Warning] Using a password on the command line interface can be insecure.
2020-07-15 13:41:49 +-----------+
2020-07-15 13:41:49 | count(id) |
2020-07-15 13:41:49 +-----------+
2020-07-15 13:41:49 |        26 |
2020-07-15 13:41:49 +-----------+
2020-07-15 13:41:51 mysql: [Warning] Using a password on the command line interface can be insecure.
2020-07-15 13:41:51 +-----------+
2020-07-15 13:41:51 | count(id) |
2020-07-15 13:41:51 +-----------+
2020-07-15 13:41:51 |        26 |
2020-07-15 13:41:51 +-----------+
2020-07-15 13:41:52 mysql: [Warning] Using a password on the command line interface can be insecure.
2020-07-15 13:41:52 +-----------+
2020-07-15 13:41:52 | count(id) |
2020-07-15 13:41:52 +-----------+
2020-07-15 13:41:52 |        26 |
2020-07-15 13:41:52 +-----------+
2020-07-15 13:41:54 mysql: [Warning] Using a password on the command line interface can be insecure.
2020-07-15 13:41:54 +-----------+
2020-07-15 13:41:54 | count(id) |
2020-07-15 13:41:54 +-----------+
2020-07-15 13:41:54 |        26 |
2020-07-15 13:41:54 +-----------+
2020-07-15 13:41:56 mysql: [Warning] Using a password on the command line interface can be insecure.
2020-07-15 13:41:56 +-----------+
2020-07-15 13:41:56 | count(id) |
2020-07-15 13:41:56 +-----------+
2020-07-15 13:41:56 |        26 |
2020-07-15 13:41:56 +-----------+
2020-07-15 13:41:57 mysql: [Warning] Using a password on the command line interface can be insecure.
2020-07-15 13:41:57 +-----------+
2020-07-15 13:41:57 | count(id) |
2020-07-15 13:41:57 +-----------+
2020-07-15 13:41:57 |        26 |
2020-07-15 13:41:57 +-----------+
2020-07-15 13:41:59 mysql: [Warning] Using a password on the command line interface can be insecure.
2020-07-15 13:41:59 +-----------+
2020-07-15 13:41:59 | count(id) |
2020-07-15 13:41:59 +-----------+
2020-07-15 13:41:59 |        26 |
2020-07-15 13:41:59 +-----------+
2020-07-15 13:42:01 mysql: [Warning] Using a password on the command line interface can be insecure.
2020-07-15 13:42:01 +-----------+
2020-07-15 13:42:01 | count(id) |
2020-07-15 13:42:01 +-----------+
2020-07-15 13:42:01 |        26 |
2020-07-15 13:42:01 +-----------+
2020-07-15 13:42:02 mysql: [Warning] Using a password on the command line interface can be insecure.
2020-07-15 13:42:02 +-----------+
2020-07-15 13:42:02 | count(id) |
2020-07-15 13:42:02 +-----------+
2020-07-15 13:42:02 |        26 |
2020-07-15 13:42:02 +-----------+
2020-07-15 13:42:04 mysql: [Warning] Using a password on the command line interface can be insecure.
2020-07-15 13:42:04 +-----------+
2020-07-15 13:42:04 | count(id) |
2020-07-15 13:42:04 +-----------+
2020-07-15 13:42:04 |        26 |
2020-07-15 13:42:04 +-----------+
2020-07-15 13:42:06 mysql: [Warning] Using a password on the command line interface can be insecure.
2020-07-15 13:42:06 +-----------+
2020-07-15 13:42:06 | count(id) |
2020-07-15 13:42:06 +-----------+
2020-07-15 13:42:06 |        26 |
2020-07-15 13:42:06 +-----------+
2020-07-15 13:42:07 mysql: [Warning] Using a password on the command line interface can be insecure.
2020-07-15 13:42:07 +-----------+
2020-07-15 13:42:07 | count(id) |
2020-07-15 13:42:07 +-----------+
2020-07-15 13:42:07 |        50 |
2020-07-15 13:42:07 +-----------+
2020-07-15 13:42:09 mysql: [Warning] Using a password on the command line interface can be insecure.
2020-07-15 13:42:09 +-----------+
2020-07-15 13:42:09 | count(id) |
2020-07-15 13:42:09 +-----------+
2020-07-15 13:42:09 |        50 |
2020-07-15 13:42:09 +-----------+
2020-07-15 13:42:10 mysql: [Warning] Using a password on the command line interface can be insecure.
2020-07-15 13:42:10 +-----------+
2020-07-15 13:42:10 | count(id) |
2020-07-15 13:42:10 +-----------+
2020-07-15 13:42:10 |        50 |
2020-07-15 13:42:10 +-----------+
2020-07-15 13:42:12 mysql: [Warning] Using a password on the command line interface can be insecure.
2020-07-15 13:42:12 +-----------+
2020-07-15 13:42:12 | count(id) |
2020-07-15 13:42:12 +-----------+
2020-07-15 13:42:12 |        50 |
2020-07-15 13:42:12 +-----------+
2020-07-15 13:42:14 mysql: [Warning] Using a password on the command line interface can be insecure.
2020-07-15 13:42:14 +-----------+
2020-07-15 13:42:14 | count(id) |
2020-07-15 13:42:14 +-----------+
2020-07-15 13:42:14 |        50 |
2020-07-15 13:42:14 +-----------+
2020-07-15 13:42:15 mysql: [Warning] Using a password on the command line interface can be insecure.
2020-07-15 13:42:15 +-----------+
2020-07-15 13:42:15 | count(id) |
2020-07-15 13:42:15 +-----------+
2020-07-15 13:42:15 |        50 |
2020-07-15 13:42:15 +-----------+
2020-07-15 13:42:17 mysql: [Warning] Using a password on the command line interface can be insecure.
2020-07-15 13:42:17 +-----------+
2020-07-15 13:42:17 | count(id) |
2020-07-15 13:42:17 +-----------+
2020-07-15 13:42:17 |        50 |
2020-07-15 13:42:17 +-----------+
2020-07-15 13:42:19 mysql: [Warning] Using a password on the command line interface can be insecure.
2020-07-15 13:42:19 +-----------+
2020-07-15 13:42:19 | count(id) |
2020-07-15 13:42:19 +-----------+
2020-07-15 13:42:19 |        50 |
2020-07-15 13:42:19 +-----------+
2020-07-15 13:42:20 mysql: [Warning] Using a password on the command line interface can be insecure.
2020-07-15 13:42:20 +-----------+
2020-07-15 13:42:20 | count(id) |
2020-07-15 13:42:20 +-----------+
2020-07-15 13:42:20 |        50 |
2020-07-15 13:42:20 +-----------+
2020-07-15 13:42:22 mysql: [Warning] Using a password on the command line interface can be insecure.
2020-07-15 13:42:22 +-----------+
2020-07-15 13:42:22 | count(id) |
2020-07-15 13:42:22 +-----------+
2020-07-15 13:42:22 |        50 |
2020-07-15 13:42:22 +-----------+
2020-07-15 13:42:24 mysql: [Warning] Using a password on the command line interface can be insecure.
2020-07-15 13:42:24 +-----------+
2020-07-15 13:42:24 | count(id) |
2020-07-15 13:42:24 +-----------+
2020-07-15 13:42:24 |        50 |
2020-07-15 13:42:24 +-----------+
2020-07-15 13:42:26 mysql: [Warning] Using a password on the command line interface can be insecure.
2020-07-15 13:42:26 +-----------+
2020-07-15 13:42:26 | count(id) |
2020-07-15 13:42:26 +-----------+
2020-07-15 13:42:26 |        50 |
2020-07-15 13:42:26 +-----------+
2020-07-15 13:42:27 mysql: [Warning] Using a password on the command line interface can be insecure.
2020-07-15 13:42:27 +-----------+
2020-07-15 13:42:27 | count(id) |
2020-07-15 13:42:27 +-----------+
2020-07-15 13:42:27 |        50 |
2020-07-15 13:42:27 +-----------+
2020-07-15 13:42:29 mysql: [Warning] Using a password on the command line interface can be insecure.
2020-07-15 13:42:29 +-----------+
2020-07-15 13:42:29 | count(id) |
2020-07-15 13:42:29 +-----------+
2020-07-15 13:42:29 |        50 |
2020-07-15 13:42:29 +-----------+
2020-07-15 13:42:31 mysql: [Warning] Using a password on the command line interface can be insecure.
2020-07-15 13:42:31 +-----------+
2020-07-15 13:42:31 | count(id) |
2020-07-15 13:42:31 +-----------+
2020-07-15 13:42:31 |        50 |
2020-07-15 13:42:31 +-----------+
2020-07-15 13:42:33 mysql: [Warning] Using a password on the command line interface can be insecure.
2020-07-15 13:42:33 +-----------+
2020-07-15 13:42:33 | count(id) |
2020-07-15 13:42:33 +-----------+
2020-07-15 13:42:33 |        50 |
2020-07-15 13:42:33 +-----------+
2020-07-15 13:42:34 mysql: [Warning] Using a password on the command line interface can be insecure.
2020-07-15 13:42:34 +-----------+
2020-07-15 13:42:34 | count(id) |
2020-07-15 13:42:34 +-----------+
2020-07-15 13:42:34 |        50 |
2020-07-15 13:42:34 +-----------+
2020-07-15 13:42:36 mysql: [Warning] Using a password on the command line interface can be insecure.
2020-07-15 13:42:36 +-----------+
2020-07-15 13:42:36 | count(id) |
2020-07-15 13:42:36 +-----------+
2020-07-15 13:42:36 |        50 |
2020-07-15 13:42:36 +-----------+
2020-07-15 13:42:37 mysql: [Warning] Using a password on the command line interface can be insecure.
2020-07-15 13:42:37 +-----------+
2020-07-15 13:42:37 | count(id) |
2020-07-15 13:42:37 +-----------+
2020-07-15 13:42:37 |        50 |
2020-07-15 13:42:37 +-----------+
2020-07-15 13:42:39 mysql: [Warning] Using a password on the command line interface can be insecure.
2020-07-15 13:42:39 +-----------+
2020-07-15 13:42:39 | count(id) |
2020-07-15 13:42:39 +-----------+
2020-07-15 13:42:39 |        50 |
2020-07-15 13:42:39 +-----------+
2020-07-15 13:42:41 mysql: [Warning] Using a password on the command line interface can be insecure.
2020-07-15 13:42:41 +-----------+
2020-07-15 13:42:41 | count(id) |
2020-07-15 13:42:41 +-----------+
2020-07-15 13:42:41 |        50 |
2020-07-15 13:42:41 +-----------+
2020-07-15 13:42:42 mysql: [Warning] Using a password on the command line interface can be insecure.
2020-07-15 13:42:42 +-----------+
2020-07-15 13:42:42 | count(id) |
2020-07-15 13:42:42 +-----------+
2020-07-15 13:42:42 |        50 |
2020-07-15 13:42:42 +-----------+
2020-07-15 13:42:44 mysql: [Warning] Using a password on the command line interface can be insecure.
2020-07-15 13:42:44 +-----------+
2020-07-15 13:42:44 | count(id) |
2020-07-15 13:42:44 +-----------+
2020-07-15 13:42:44 |        50 |
2020-07-15 13:42:44 +-----------+
2020-07-15 13:42:46 mysql: [Warning] Using a password on the command line interface can be insecure.
2020-07-15 13:42:46 +-----------+
2020-07-15 13:42:46 | count(id) |
2020-07-15 13:42:46 +-----------+
2020-07-15 13:42:46 |        50 |
2020-07-15 13:42:46 +-----------+
2020-07-15 13:42:47 mysql: [Warning] Using a password on the command line interface can be insecure.
2020-07-15 13:42:47 +-----------+
2020-07-15 13:42:47 | count(id) |
2020-07-15 13:42:47 +-----------+
2020-07-15 13:42:47 |        50 |
2020-07-15 13:42:47 +-----------+
2020-07-15 13:42:49 mysql: [Warning] Using a password on the command line interface can be insecure.
2020-07-15 13:42:49 +-----------+
2020-07-15 13:42:49 | count(id) |
2020-07-15 13:42:49 +-----------+
2020-07-15 13:42:49 |        50 |
2020-07-15 13:42:49 +-----------+
2020-07-15 13:42:51 mysql: [Warning] Using a password on the command line interface can be insecure.
2020-07-15 13:42:51 +-----------+
2020-07-15 13:42:51 | count(id) |
2020-07-15 13:42:51 +-----------+
2020-07-15 13:42:51 |        50 |
2020-07-15 13:42:51 +-----------+
2020-07-15 13:42:52 mysql: [Warning] Using a password on the command line interface can be insecure.
2020-07-15 13:42:52 +-----------+
2020-07-15 13:42:52 | count(id) |
2020-07-15 13:42:52 +-----------+
2020-07-15 13:42:52 |        50 |
2020-07-15 13:42:52 +-----------+
2020-07-15 13:42:54 mysql: [Warning] Using a password on the command line interface can be insecure.
2020-07-15 13:42:54 +-----------+
2020-07-15 13:42:54 | count(id) |
2020-07-15 13:42:54 +-----------+
2020-07-15 13:42:54 |        50 |
2020-07-15 13:42:54 +-----------+
2020-07-15 13:42:56 mysql: [Warning] Using a password on the command line interface can be insecure.
2020-07-15 13:42:56 +-----------+
2020-07-15 13:42:56 | count(id) |
2020-07-15 13:42:56 +-----------+
2020-07-15 13:42:56 |        50 |
2020-07-15 13:42:56 +-----------+
