2020-07-15 13:37:00 mysql: [Warning] Using a password on the command line interface can be insecure.
2020-07-15 13:37:00 +-----------+
2020-07-15 13:37:00 | count(id) |
2020-07-15 13:37:00 +-----------+
2020-07-15 13:37:00 |         0 |
2020-07-15 13:37:00 +-----------+
2020-07-15 13:37:02 mysql: [Warning] Using a password on the command line interface can be insecure.
2020-07-15 13:37:02 +-----------+
2020-07-15 13:37:02 | count(id) |
2020-07-15 13:37:02 +-----------+
2020-07-15 13:37:02 |         0 |
2020-07-15 13:37:02 +-----------+
2020-07-15 13:37:03 mysql: [Warning] Using a password on the command line interface can be insecure.
2020-07-15 13:37:03 +-----------+
2020-07-15 13:37:03 | count(id) |
2020-07-15 13:37:03 +-----------+
2020-07-15 13:37:03 |         0 |
2020-07-15 13:37:03 +-----------+
2020-07-15 13:37:05 mysql: [Warning] Using a password on the command line interface can be insecure.
2020-07-15 13:37:05 +-----------+
2020-07-15 13:37:05 | count(id) |
2020-07-15 13:37:05 +-----------+
2020-07-15 13:37:05 |         0 |
2020-07-15 13:37:05 +-----------+
2020-07-15 13:37:07 mysql: [Warning] Using a password on the command line interface can be insecure.
2020-07-15 13:37:07 +-----------+
2020-07-15 13:37:07 | count(id) |
2020-07-15 13:37:07 +-----------+
2020-07-15 13:37:07 |         0 |
2020-07-15 13:37:07 +-----------+
2020-07-15 13:37:09 mysql: [Warning] Using a password on the command line interface can be insecure.
2020-07-15 13:37:09 +-----------+
2020-07-15 13:37:09 | count(id) |
2020-07-15 13:37:09 +-----------+
2020-07-15 13:37:09 |         1 |
2020-07-15 13:37:09 +-----------+
2020-07-15 13:37:10 mysql: [Warning] Using a password on the command line interface can be insecure.
2020-07-15 13:37:10 +-----------+
2020-07-15 13:37:10 | count(id) |
2020-07-15 13:37:10 +-----------+
2020-07-15 13:37:10 |         4 |
2020-07-15 13:37:10 +-----------+
2020-07-15 13:37:12 mysql: [Warning] Using a password on the command line interface can be insecure.
2020-07-15 13:37:12 +-----------+
2020-07-15 13:37:12 | count(id) |
2020-07-15 13:37:12 +-----------+
2020-07-15 13:37:12 |         6 |
2020-07-15 13:37:12 +-----------+
2020-07-15 13:37:14 mysql: [Warning] Using a password on the command line interface can be insecure.
2020-07-15 13:37:14 +-----------+
2020-07-15 13:37:14 | count(id) |
2020-07-15 13:37:14 +-----------+
2020-07-15 13:37:14 |         9 |
2020-07-15 13:37:14 +-----------+
2020-07-15 13:37:16 mysql: [Warning] Using a password on the command line interface can be insecure.
2020-07-15 13:37:16 +-----------+
2020-07-15 13:37:16 | count(id) |
2020-07-15 13:37:16 +-----------+
2020-07-15 13:37:16 |        11 |
2020-07-15 13:37:16 +-----------+
2020-07-15 13:37:17 mysql: [Warning] Using a password on the command line interface can be insecure.
2020-07-15 13:37:17 +-----------+
2020-07-15 13:37:17 | count(id) |
2020-07-15 13:37:17 +-----------+
2020-07-15 13:37:17 |        14 |
2020-07-15 13:37:17 +-----------+
2020-07-15 13:37:19 mysql: [Warning] Using a password on the command line interface can be insecure.
2020-07-15 13:37:19 +-----------+
2020-07-15 13:37:19 | count(id) |
2020-07-15 13:37:19 +-----------+
2020-07-15 13:37:19 |        17 |
2020-07-15 13:37:19 +-----------+
2020-07-15 13:37:21 mysql: [Warning] Using a password on the command line interface can be insecure.
2020-07-15 13:37:21 +-----------+
2020-07-15 13:37:21 | count(id) |
2020-07-15 13:37:21 +-----------+
2020-07-15 13:37:21 |        19 |
2020-07-15 13:37:21 +-----------+
2020-07-15 13:37:23 mysql: [Warning] Using a password on the command line interface can be insecure.
2020-07-15 13:37:23 +-----------+
2020-07-15 13:37:23 | count(id) |
2020-07-15 13:37:23 +-----------+
2020-07-15 13:37:23 |        22 |
2020-07-15 13:37:23 +-----------+
2020-07-15 13:37:25 mysql: [Warning] Using a password on the command line interface can be insecure.
2020-07-15 13:37:25 +-----------+
2020-07-15 13:37:25 | count(id) |
2020-07-15 13:37:25 +-----------+
2020-07-15 13:37:25 |        24 |
2020-07-15 13:37:25 +-----------+
2020-07-15 13:37:27 mysql: [Warning] Using a password on the command line interface can be insecure.
2020-07-15 13:37:27 +-----------+
2020-07-15 13:37:27 | count(id) |
2020-07-15 13:37:27 +-----------+
2020-07-15 13:37:27 |        27 |
2020-07-15 13:37:27 +-----------+
2020-07-15 13:37:29 mysql: [Warning] Using a password on the command line interface can be insecure.
2020-07-15 13:37:29 +-----------+
2020-07-15 13:37:29 | count(id) |
2020-07-15 13:37:29 +-----------+
2020-07-15 13:37:29 |        30 |
2020-07-15 13:37:29 +-----------+
2020-07-15 13:37:31 mysql: [Warning] Using a password on the command line interface can be insecure.
2020-07-15 13:37:31 +-----------+
2020-07-15 13:37:31 | count(id) |
2020-07-15 13:37:31 +-----------+
2020-07-15 13:37:31 |        33 |
2020-07-15 13:37:31 +-----------+
2020-07-15 13:37:33 mysql: [Warning] Using a password on the command line interface can be insecure.
2020-07-15 13:37:33 +-----------+
2020-07-15 13:37:33 | count(id) |
2020-07-15 13:37:33 +-----------+
2020-07-15 13:37:33 |        35 |
2020-07-15 13:37:33 +-----------+
2020-07-15 13:37:34 mysql: [Warning] Using a password on the command line interface can be insecure.
2020-07-15 13:37:34 +-----------+
2020-07-15 13:37:34 | count(id) |
2020-07-15 13:37:34 +-----------+
2020-07-15 13:37:34 |        37 |
2020-07-15 13:37:34 +-----------+
2020-07-15 13:37:36 mysql: [Warning] Using a password on the command line interface can be insecure.
2020-07-15 13:37:36 +-----------+
2020-07-15 13:37:36 | count(id) |
2020-07-15 13:37:36 +-----------+
2020-07-15 13:37:36 |        40 |
2020-07-15 13:37:36 +-----------+
2020-07-15 13:37:38 mysql: [Warning] Using a password on the command line interface can be insecure.
2020-07-15 13:37:38 +-----------+
2020-07-15 13:37:38 | count(id) |
2020-07-15 13:37:38 +-----------+
2020-07-15 13:37:38 |        43 |
2020-07-15 13:37:38 +-----------+
2020-07-15 13:37:40 mysql: [Warning] Using a password on the command line interface can be insecure.
2020-07-15 13:37:40 +-----------+
2020-07-15 13:37:40 | count(id) |
2020-07-15 13:37:40 +-----------+
2020-07-15 13:37:40 |        45 |
2020-07-15 13:37:40 +-----------+
2020-07-15 13:37:41 mysql: [Warning] Using a password on the command line interface can be insecure.
2020-07-15 13:37:41 +-----------+
2020-07-15 13:37:41 | count(id) |
2020-07-15 13:37:41 +-----------+
2020-07-15 13:37:41 |        48 |
2020-07-15 13:37:41 +-----------+
2020-07-15 13:37:43 mysql: [Warning] Using a password on the command line interface can be insecure.
2020-07-15 13:37:43 +-----------+
2020-07-15 13:37:43 | count(id) |
2020-07-15 13:37:43 +-----------+
2020-07-15 13:37:43 |        50 |
2020-07-15 13:37:43 +-----------+
2020-07-15 13:37:45 mysql: [Warning] Using a password on the command line interface can be insecure.
2020-07-15 13:37:45 +-----------+
2020-07-15 13:37:45 | count(id) |
2020-07-15 13:37:45 +-----------+
2020-07-15 13:37:45 |        50 |
2020-07-15 13:37:45 +-----------+
2020-07-15 13:37:47 mysql: [Warning] Using a password on the command line interface can be insecure.
2020-07-15 13:37:47 +-----------+
2020-07-15 13:37:47 | count(id) |
2020-07-15 13:37:47 +-----------+
2020-07-15 13:37:47 |        50 |
2020-07-15 13:37:47 +-----------+
2020-07-15 13:37:48 mysql: [Warning] Using a password on the command line interface can be insecure.
2020-07-15 13:37:48 +-----------+
2020-07-15 13:37:48 | count(id) |
2020-07-15 13:37:48 +-----------+
2020-07-15 13:37:48 |        50 |
2020-07-15 13:37:48 +-----------+
2020-07-15 13:37:50 mysql: [Warning] Using a password on the command line interface can be insecure.
2020-07-15 13:37:50 +-----------+
2020-07-15 13:37:50 | count(id) |
2020-07-15 13:37:50 +-----------+
2020-07-15 13:37:50 |        50 |
2020-07-15 13:37:50 +-----------+
2020-07-15 13:37:52 mysql: [Warning] Using a password on the command line interface can be insecure.
2020-07-15 13:37:52 +-----------+
2020-07-15 13:37:52 | count(id) |
2020-07-15 13:37:52 +-----------+
2020-07-15 13:37:52 |        50 |
2020-07-15 13:37:52 +-----------+
2020-07-15 13:37:54 ^C2020-07-15 13:37:55 mysql: [Warning] Using a password on the command line interface can be insecure.
2020-07-15 13:37:55 +-----------+
2020-07-15 13:37:55 | count(id) |
2020-07-15 13:37:55 +-----------+
2020-07-15 13:37:55 |        50 |
2020-07-15 13:37:55 +-----------+
2020-07-15 13:37:57 mysql: [Warning] Using a password on the command line interface can be insecure.
2020-07-15 13:37:57 +-----------+
2020-07-15 13:37:57 | count(id) |
2020-07-15 13:37:57 +-----------+
2020-07-15 13:37:57 |        50 |
2020-07-15 13:37:57 +-----------+
