2020-07-15 13:36:58 NAME                                          READY     STATUS      RESTARTS   AGE
2020-07-15 13:36:58 my-cluster-entity-operator-7cbb484468-ntv9q   3/3       Running     0          6h20m
2020-07-15 13:36:58 my-cluster-kafka-0                            2/2       Running     1          3h2m
2020-07-15 13:36:58 my-cluster-kafka-1                            2/2       Running     0          6h21m
2020-07-15 13:36:58 my-cluster-kafka-2                            2/2       Running     0          6h21m
2020-07-15 13:36:58 my-cluster-zookeeper-0                        1/1       Running     0          6h21m
2020-07-15 13:36:58 my-cluster-zookeeper-1                        1/1       Running     0          6h21m
2020-07-15 13:36:58 my-cluster-zookeeper-2                        1/1       Running     0          6h21m
2020-07-15 13:36:58 my-connect-cluster-connect-1-deploy           0/1       Completed   0          5h58m
2020-07-15 13:36:58 my-connect-cluster-connect-2-cp59c            1/1       Running     0          166m
2020-07-15 13:36:58 my-connect-cluster-connect-2-deploy           0/1       Completed   0          5h54m
2020-07-15 13:36:58 my-mm2-cluster-mirrormaker2-b9765f446-l7s7r   1/1       Running     0          24m
2020-07-15 13:36:58 mysql-1-deploy                                0/1       Completed   0          7h10m
2020-07-15 13:36:58 mysql-1-hxk6p                                 1/1       Running     0          145m

2020-07-15 13:36:59 NAME                                          READY     STATUS      RESTARTS   AGE
2020-07-15 13:36:59 my-cluster-entity-operator-7cbb484468-ntv9q   3/3       Running     0          6h20m
2020-07-15 13:36:59 my-cluster-kafka-0                            2/2       Running     1          3h2m
2020-07-15 13:36:59 my-cluster-kafka-1                            2/2       Running     0          6h21m
2020-07-15 13:36:59 my-cluster-kafka-2                            2/2       Running     0          6h21m
2020-07-15 13:36:59 my-cluster-zookeeper-0                        1/1       Running     0          6h21m
2020-07-15 13:36:59 my-cluster-zookeeper-1                        1/1       Running     0          6h21m
2020-07-15 13:36:59 my-cluster-zookeeper-2                        1/1       Running     0          6h21m
2020-07-15 13:36:59 my-connect-cluster-connect-1-deploy           0/1       Completed   0          5h58m
2020-07-15 13:36:59 my-connect-cluster-connect-2-cp59c            1/1       Running     0          166m
2020-07-15 13:36:59 my-connect-cluster-connect-2-deploy           0/1       Completed   0          5h54m
2020-07-15 13:36:59 my-mm2-cluster-mirrormaker2-b9765f446-l7s7r   1/1       Running     0          24m
2020-07-15 13:36:59 mysql-1-deploy                                0/1       Completed   0          7h10m
2020-07-15 13:36:59 mysql-1-hxk6p                                 1/1       Running     0          145m

2020-07-15 13:37:00 NAME                                          READY     STATUS      RESTARTS   AGE
2020-07-15 13:37:00 my-cluster-entity-operator-7cbb484468-ntv9q   3/3       Running     0          6h20m
2020-07-15 13:37:00 my-cluster-kafka-0                            2/2       Running     1          3h2m
2020-07-15 13:37:00 my-cluster-kafka-1                            2/2       Running     0          6h21m
2020-07-15 13:37:00 my-cluster-kafka-2                            2/2       Running     0          6h21m
2020-07-15 13:37:00 my-cluster-zookeeper-0                        1/1       Running     0          6h21m
2020-07-15 13:37:00 my-cluster-zookeeper-1                        1/1       Running     0          6h21m
2020-07-15 13:37:00 my-cluster-zookeeper-2                        1/1       Running     0          6h21m
2020-07-15 13:37:00 my-connect-cluster-connect-1-deploy           0/1       Completed   0          5h58m
2020-07-15 13:37:00 my-connect-cluster-connect-2-cp59c            1/1       Running     0          166m
2020-07-15 13:37:00 my-connect-cluster-connect-2-deploy           0/1       Completed   0          5h54m
2020-07-15 13:37:00 my-mm2-cluster-mirrormaker2-b9765f446-l7s7r   1/1       Running     0          24m
2020-07-15 13:37:00 mysql-1-deploy                                0/1       Completed   0          7h10m
2020-07-15 13:37:00 mysql-1-hxk6p                                 1/1       Running     0          145m

2020-07-15 13:37:01 NAME                                          READY     STATUS      RESTARTS   AGE
2020-07-15 13:37:01 my-cluster-entity-operator-7cbb484468-ntv9q   3/3       Running     0          6h20m
2020-07-15 13:37:01 my-cluster-kafka-0                            2/2       Running     1          3h2m
2020-07-15 13:37:01 my-cluster-kafka-1                            2/2       Running     0          6h21m
2020-07-15 13:37:01 my-cluster-kafka-2                            2/2       Running     0          6h21m
2020-07-15 13:37:01 my-cluster-zookeeper-0                        1/1       Running     0          6h21m
2020-07-15 13:37:01 my-cluster-zookeeper-1                        1/1       Running     0          6h21m
2020-07-15 13:37:01 my-cluster-zookeeper-2                        1/1       Running     0          6h21m
2020-07-15 13:37:01 my-connect-cluster-connect-1-deploy           0/1       Completed   0          5h58m
2020-07-15 13:37:01 my-connect-cluster-connect-2-cp59c            1/1       Running     0          166m
2020-07-15 13:37:01 my-connect-cluster-connect-2-deploy           0/1       Completed   0          5h54m
2020-07-15 13:37:01 my-mm2-cluster-mirrormaker2-b9765f446-l7s7r   1/1       Running     0          24m
2020-07-15 13:37:01 mysql-1-deploy                                0/1       Completed   0          7h10m
2020-07-15 13:37:01 mysql-1-hxk6p                                 1/1       Running     0          145m

2020-07-15 13:37:03 NAME                                          READY     STATUS      RESTARTS   AGE
2020-07-15 13:37:03 my-cluster-entity-operator-7cbb484468-ntv9q   3/3       Running     0          6h20m
2020-07-15 13:37:03 my-cluster-kafka-0                            2/2       Running     1          3h2m
2020-07-15 13:37:03 my-cluster-kafka-1                            2/2       Running     0          6h21m
2020-07-15 13:37:03 my-cluster-kafka-2                            2/2       Running     0          6h21m
2020-07-15 13:37:03 my-cluster-zookeeper-0                        1/1       Running     0          6h21m
2020-07-15 13:37:03 my-cluster-zookeeper-1                        1/1       Running     0          6h21m
2020-07-15 13:37:03 my-cluster-zookeeper-2                        1/1       Running     0          6h21m
2020-07-15 13:37:03 my-connect-cluster-connect-1-deploy           0/1       Completed   0          5h58m
2020-07-15 13:37:03 my-connect-cluster-connect-2-cp59c            1/1       Running     0          166m
2020-07-15 13:37:03 my-connect-cluster-connect-2-deploy           0/1       Completed   0          5h54m
2020-07-15 13:37:03 my-mm2-cluster-mirrormaker2-b9765f446-l7s7r   1/1       Running     0          24m
2020-07-15 13:37:03 mysql-1-deploy                                0/1       Completed   0          7h10m
2020-07-15 13:37:03 mysql-1-hxk6p                                 1/1       Running     0          145m

2020-07-15 13:37:04 NAME                                          READY     STATUS      RESTARTS   AGE
2020-07-15 13:37:04 my-cluster-entity-operator-7cbb484468-ntv9q   3/3       Running     0          6h20m
2020-07-15 13:37:04 my-cluster-kafka-0                            2/2       Running     1          3h2m
2020-07-15 13:37:04 my-cluster-kafka-1                            2/2       Running     0          6h21m
2020-07-15 13:37:04 my-cluster-kafka-2                            2/2       Running     0          6h21m
2020-07-15 13:37:04 my-cluster-zookeeper-0                        1/1       Running     0          6h21m
2020-07-15 13:37:04 my-cluster-zookeeper-1                        1/1       Running     0          6h21m
2020-07-15 13:37:04 my-cluster-zookeeper-2                        1/1       Running     0          6h21m
2020-07-15 13:37:04 my-connect-cluster-connect-1-deploy           0/1       Completed   0          5h58m
2020-07-15 13:37:04 my-connect-cluster-connect-2-cp59c            1/1       Running     0          166m
2020-07-15 13:37:04 my-connect-cluster-connect-2-deploy           0/1       Completed   0          5h54m
2020-07-15 13:37:04 my-mm2-cluster-mirrormaker2-b9765f446-l7s7r   1/1       Running     0          24m
2020-07-15 13:37:04 mysql-1-deploy                                0/1       Completed   0          7h10m
2020-07-15 13:37:04 mysql-1-hxk6p                                 1/1       Running     0          145m

2020-07-15 13:37:05 NAME                                          READY     STATUS      RESTARTS   AGE
2020-07-15 13:37:05 my-cluster-entity-operator-7cbb484468-ntv9q   3/3       Running     0          6h20m
2020-07-15 13:37:05 my-cluster-kafka-0                            2/2       Running     1          3h2m
2020-07-15 13:37:05 my-cluster-kafka-1                            2/2       Running     0          6h21m
2020-07-15 13:37:05 my-cluster-kafka-2                            2/2       Running     0          6h21m
2020-07-15 13:37:05 my-cluster-zookeeper-0                        1/1       Running     0          6h21m
2020-07-15 13:37:05 my-cluster-zookeeper-1                        1/1       Running     0          6h21m
2020-07-15 13:37:05 my-cluster-zookeeper-2                        1/1       Running     0          6h21m
2020-07-15 13:37:05 my-connect-cluster-connect-1-deploy           0/1       Completed   0          5h58m
2020-07-15 13:37:05 my-connect-cluster-connect-2-cp59c            1/1       Running     0          166m
2020-07-15 13:37:05 my-connect-cluster-connect-2-deploy           0/1       Completed   0          5h54m
2020-07-15 13:37:05 my-mm2-cluster-mirrormaker2-b9765f446-l7s7r   1/1       Running     0          24m
2020-07-15 13:37:05 mysql-1-deploy                                0/1       Completed   0          7h10m
2020-07-15 13:37:05 mysql-1-hxk6p                                 1/1       Running     0          145m

2020-07-15 13:37:07 NAME                                          READY     STATUS      RESTARTS   AGE
2020-07-15 13:37:07 my-cluster-entity-operator-7cbb484468-ntv9q   3/3       Running     0          6h20m
2020-07-15 13:37:07 my-cluster-kafka-0                            2/2       Running     1          3h2m
2020-07-15 13:37:07 my-cluster-kafka-1                            2/2       Running     0          6h21m
2020-07-15 13:37:07 my-cluster-kafka-2                            2/2       Running     0          6h21m
2020-07-15 13:37:07 my-cluster-zookeeper-0                        1/1       Running     0          6h21m
2020-07-15 13:37:07 my-cluster-zookeeper-1                        1/1       Running     0          6h21m
2020-07-15 13:37:07 my-cluster-zookeeper-2                        1/1       Running     0          6h21m
2020-07-15 13:37:07 my-connect-cluster-connect-1-deploy           0/1       Completed   0          5h58m
2020-07-15 13:37:07 my-connect-cluster-connect-2-cp59c            1/1       Running     0          167m
2020-07-15 13:37:07 my-connect-cluster-connect-2-deploy           0/1       Completed   0          5h54m
2020-07-15 13:37:07 my-mm2-cluster-mirrormaker2-b9765f446-l7s7r   1/1       Running     0          24m
2020-07-15 13:37:07 mysql-1-deploy                                0/1       Completed   0          7h10m
2020-07-15 13:37:07 mysql-1-hxk6p                                 1/1       Running     0          145m

2020-07-15 13:37:08 NAME                                          READY     STATUS      RESTARTS   AGE
2020-07-15 13:37:08 my-cluster-entity-operator-7cbb484468-ntv9q   3/3       Running     0          6h20m
2020-07-15 13:37:08 my-cluster-kafka-0                            2/2       Running     1          3h2m
2020-07-15 13:37:08 my-cluster-kafka-1                            2/2       Running     0          6h21m
2020-07-15 13:37:08 my-cluster-kafka-2                            2/2       Running     0          6h21m
2020-07-15 13:37:08 my-cluster-zookeeper-0                        1/1       Running     0          6h21m
2020-07-15 13:37:08 my-cluster-zookeeper-1                        1/1       Running     0          6h21m
2020-07-15 13:37:08 my-cluster-zookeeper-2                        1/1       Running     0          6h21m
2020-07-15 13:37:08 my-connect-cluster-connect-1-deploy           0/1       Completed   0          5h58m
2020-07-15 13:37:08 my-connect-cluster-connect-2-cp59c            1/1       Running     0          167m
2020-07-15 13:37:08 my-connect-cluster-connect-2-deploy           0/1       Completed   0          5h54m
2020-07-15 13:37:08 my-mm2-cluster-mirrormaker2-b9765f446-l7s7r   1/1       Running     0          24m
2020-07-15 13:37:08 mysql-1-deploy                                0/1       Completed   0          7h10m
2020-07-15 13:37:08 mysql-1-hxk6p                                 1/1       Running     0          145m

2020-07-15 13:37:09 NAME                                          READY     STATUS      RESTARTS   AGE
2020-07-15 13:37:09 my-cluster-entity-operator-7cbb484468-ntv9q   3/3       Running     0          6h20m
2020-07-15 13:37:09 my-cluster-kafka-0                            2/2       Running     1          3h2m
2020-07-15 13:37:09 my-cluster-kafka-1                            2/2       Running     0          6h21m
2020-07-15 13:37:09 my-cluster-kafka-2                            2/2       Running     0          6h21m
2020-07-15 13:37:09 my-cluster-zookeeper-0                        1/1       Running     0          6h21m
2020-07-15 13:37:09 my-cluster-zookeeper-1                        1/1       Running     0          6h21m
2020-07-15 13:37:09 my-cluster-zookeeper-2                        1/1       Running     0          6h21m
2020-07-15 13:37:09 my-connect-cluster-connect-1-deploy           0/1       Completed   0          5h58m
2020-07-15 13:37:09 my-connect-cluster-connect-2-cp59c            1/1       Running     0          167m
2020-07-15 13:37:09 my-connect-cluster-connect-2-deploy           0/1       Completed   0          5h54m
2020-07-15 13:37:09 my-mm2-cluster-mirrormaker2-b9765f446-l7s7r   1/1       Running     0          24m
2020-07-15 13:37:09 mysql-1-deploy                                0/1       Completed   0          7h10m
2020-07-15 13:37:09 mysql-1-hxk6p                                 1/1       Running     0          145m

2020-07-15 13:37:10 NAME                                          READY     STATUS      RESTARTS   AGE
2020-07-15 13:37:10 my-cluster-entity-operator-7cbb484468-ntv9q   3/3       Running     0          6h20m
2020-07-15 13:37:10 my-cluster-kafka-0                            2/2       Running     1          3h2m
2020-07-15 13:37:10 my-cluster-kafka-1                            2/2       Running     0          6h21m
2020-07-15 13:37:10 my-cluster-kafka-2                            2/2       Running     0          6h21m
2020-07-15 13:37:10 my-cluster-zookeeper-0                        1/1       Running     0          6h21m
2020-07-15 13:37:10 my-cluster-zookeeper-1                        1/1       Running     0          6h21m
2020-07-15 13:37:10 my-cluster-zookeeper-2                        1/1       Running     0          6h21m
2020-07-15 13:37:10 my-connect-cluster-connect-1-deploy           0/1       Completed   0          5h58m
2020-07-15 13:37:10 my-connect-cluster-connect-2-cp59c            1/1       Running     0          167m
2020-07-15 13:37:10 my-connect-cluster-connect-2-deploy           0/1       Completed   0          5h54m
2020-07-15 13:37:10 my-mm2-cluster-mirrormaker2-b9765f446-l7s7r   1/1       Running     0          24m
2020-07-15 13:37:10 mysql-1-deploy                                0/1       Completed   0          7h10m
2020-07-15 13:37:10 mysql-1-hxk6p                                 1/1       Running     0          145m

2020-07-15 13:37:12 NAME                                          READY     STATUS      RESTARTS   AGE
2020-07-15 13:37:12 my-cluster-entity-operator-7cbb484468-ntv9q   3/3       Running     0          6h20m
2020-07-15 13:37:12 my-cluster-kafka-0                            2/2       Running     1          3h2m
2020-07-15 13:37:12 my-cluster-kafka-1                            2/2       Running     0          6h21m
2020-07-15 13:37:12 my-cluster-kafka-2                            2/2       Running     0          6h21m
2020-07-15 13:37:12 my-cluster-zookeeper-0                        1/1       Running     0          6h21m
2020-07-15 13:37:12 my-cluster-zookeeper-1                        1/1       Running     0          6h21m
2020-07-15 13:37:12 my-cluster-zookeeper-2                        1/1       Running     0          6h21m
2020-07-15 13:37:12 my-connect-cluster-connect-1-deploy           0/1       Completed   0          5h58m
2020-07-15 13:37:12 my-connect-cluster-connect-2-cp59c            1/1       Running     0          167m
2020-07-15 13:37:12 my-connect-cluster-connect-2-deploy           0/1       Completed   0          5h54m
2020-07-15 13:37:12 my-mm2-cluster-mirrormaker2-b9765f446-l7s7r   1/1       Running     0          24m
2020-07-15 13:37:12 mysql-1-deploy                                0/1       Completed   0          7h10m
2020-07-15 13:37:12 mysql-1-hxk6p                                 1/1       Running     0          145m

2020-07-15 13:37:13 NAME                                          READY     STATUS      RESTARTS   AGE
2020-07-15 13:37:13 my-cluster-entity-operator-7cbb484468-ntv9q   3/3       Running     0          6h20m
2020-07-15 13:37:13 my-cluster-kafka-0                            2/2       Running     1          3h2m
2020-07-15 13:37:13 my-cluster-kafka-1                            2/2       Running     0          6h21m
2020-07-15 13:37:13 my-cluster-kafka-2                            2/2       Running     0          6h21m
2020-07-15 13:37:13 my-cluster-zookeeper-0                        1/1       Running     0          6h21m
2020-07-15 13:37:13 my-cluster-zookeeper-1                        1/1       Running     0          6h21m
2020-07-15 13:37:13 my-cluster-zookeeper-2                        1/1       Running     0          6h21m
2020-07-15 13:37:13 my-connect-cluster-connect-1-deploy           0/1       Completed   0          5h58m
2020-07-15 13:37:13 my-connect-cluster-connect-2-cp59c            1/1       Running     0          167m
2020-07-15 13:37:13 my-connect-cluster-connect-2-deploy           0/1       Completed   0          5h54m
2020-07-15 13:37:13 my-mm2-cluster-mirrormaker2-b9765f446-l7s7r   1/1       Running     0          24m
2020-07-15 13:37:13 mysql-1-deploy                                0/1       Completed   0          7h10m
2020-07-15 13:37:13 mysql-1-hxk6p                                 1/1       Running     0          145m

2020-07-15 13:37:14 NAME                                          READY     STATUS      RESTARTS   AGE
2020-07-15 13:37:14 my-cluster-entity-operator-7cbb484468-ntv9q   3/3       Running     0          6h20m
2020-07-15 13:37:14 my-cluster-kafka-0                            2/2       Running     1          3h2m
2020-07-15 13:37:14 my-cluster-kafka-1                            2/2       Running     0          6h21m
2020-07-15 13:37:14 my-cluster-kafka-2                            2/2       Running     0          6h21m
2020-07-15 13:37:14 my-cluster-zookeeper-0                        1/1       Running     0          6h22m
2020-07-15 13:37:14 my-cluster-zookeeper-1                        1/1       Running     0          6h22m
2020-07-15 13:37:14 my-cluster-zookeeper-2                        1/1       Running     0          6h22m
2020-07-15 13:37:14 my-connect-cluster-connect-1-deploy           0/1       Completed   0          5h58m
2020-07-15 13:37:14 my-connect-cluster-connect-2-cp59c            1/1       Running     0          167m
2020-07-15 13:37:14 my-connect-cluster-connect-2-deploy           0/1       Completed   0          5h54m
2020-07-15 13:37:14 my-mm2-cluster-mirrormaker2-b9765f446-l7s7r   1/1       Running     0          24m
2020-07-15 13:37:14 mysql-1-deploy                                0/1       Completed   0          7h10m
2020-07-15 13:37:14 mysql-1-hxk6p                                 1/1       Running     0          145m

2020-07-15 13:37:15 NAME                                          READY     STATUS      RESTARTS   AGE
2020-07-15 13:37:15 my-cluster-entity-operator-7cbb484468-ntv9q   3/3       Running     0          6h20m
2020-07-15 13:37:15 my-cluster-kafka-0                            2/2       Running     1          3h2m
2020-07-15 13:37:15 my-cluster-kafka-1                            2/2       Running     0          6h21m
2020-07-15 13:37:15 my-cluster-kafka-2                            2/2       Running     0          6h21m
2020-07-15 13:37:15 my-cluster-zookeeper-0                        1/1       Running     0          6h22m
2020-07-15 13:37:15 my-cluster-zookeeper-1                        1/1       Running     0          6h22m
2020-07-15 13:37:15 my-cluster-zookeeper-2                        1/1       Running     0          6h22m
2020-07-15 13:37:15 my-connect-cluster-connect-1-deploy           0/1       Completed   0          5h59m
2020-07-15 13:37:15 my-connect-cluster-connect-2-cp59c            1/1       Running     0          167m
2020-07-15 13:37:15 my-connect-cluster-connect-2-deploy           0/1       Completed   0          5h54m
2020-07-15 13:37:15 my-mm2-cluster-mirrormaker2-b9765f446-l7s7r   1/1       Running     0          24m
2020-07-15 13:37:15 mysql-1-deploy                                0/1       Completed   0          7h10m
2020-07-15 13:37:15 mysql-1-hxk6p                                 1/1       Running     0          145m

2020-07-15 13:37:17 NAME                                          READY     STATUS      RESTARTS   AGE
2020-07-15 13:37:17 my-cluster-entity-operator-7cbb484468-ntv9q   3/3       Running     0          6h20m
2020-07-15 13:37:17 my-cluster-kafka-0                            2/2       Running     1          3h2m
2020-07-15 13:37:17 my-cluster-kafka-1                            2/2       Running     0          6h21m
2020-07-15 13:37:17 my-cluster-kafka-2                            2/2       Running     0          6h21m
2020-07-15 13:37:17 my-cluster-zookeeper-0                        1/1       Running     0          6h22m
2020-07-15 13:37:17 my-cluster-zookeeper-1                        1/1       Running     0          6h22m
2020-07-15 13:37:17 my-cluster-zookeeper-2                        1/1       Running     0          6h22m
2020-07-15 13:37:17 my-connect-cluster-connect-1-deploy           0/1       Completed   0          5h59m
2020-07-15 13:37:17 my-connect-cluster-connect-2-cp59c            1/1       Running     0          167m
2020-07-15 13:37:17 my-connect-cluster-connect-2-deploy           0/1       Completed   0          5h54m
2020-07-15 13:37:17 my-mm2-cluster-mirrormaker2-b9765f446-l7s7r   1/1       Running     0          24m
2020-07-15 13:37:17 mysql-1-deploy                                0/1       Completed   0          7h10m
2020-07-15 13:37:17 mysql-1-hxk6p                                 1/1       Running     0          145m

2020-07-15 13:37:18 NAME                                          READY     STATUS      RESTARTS   AGE
2020-07-15 13:37:18 my-cluster-entity-operator-7cbb484468-ntv9q   3/3       Running     0          6h20m
2020-07-15 13:37:18 my-cluster-kafka-0                            2/2       Running     1          3h2m
2020-07-15 13:37:18 my-cluster-kafka-1                            2/2       Running     0          6h21m
2020-07-15 13:37:18 my-cluster-kafka-2                            2/2       Running     0          6h21m
2020-07-15 13:37:18 my-cluster-zookeeper-0                        1/1       Running     0          6h22m
2020-07-15 13:37:18 my-cluster-zookeeper-1                        1/1       Running     0          6h22m
2020-07-15 13:37:18 my-cluster-zookeeper-2                        1/1       Running     0          6h22m
2020-07-15 13:37:18 my-connect-cluster-connect-1-deploy           0/1       Completed   0          5h59m
2020-07-15 13:37:18 my-connect-cluster-connect-2-cp59c            1/1       Running     0          167m
2020-07-15 13:37:18 my-connect-cluster-connect-2-deploy           0/1       Completed   0          5h54m
2020-07-15 13:37:18 my-mm2-cluster-mirrormaker2-b9765f446-l7s7r   1/1       Running     0          24m
2020-07-15 13:37:18 mysql-1-deploy                                0/1       Completed   0          7h10m
2020-07-15 13:37:18 mysql-1-hxk6p                                 1/1       Running     0          145m

2020-07-15 13:37:19 NAME                                          READY     STATUS      RESTARTS   AGE
2020-07-15 13:37:19 my-cluster-entity-operator-7cbb484468-ntv9q   3/3       Running     0          6h20m
2020-07-15 13:37:19 my-cluster-kafka-0                            2/2       Running     1          3h2m
2020-07-15 13:37:19 my-cluster-kafka-1                            2/2       Running     0          6h21m
2020-07-15 13:37:19 my-cluster-kafka-2                            2/2       Running     0          6h21m
2020-07-15 13:37:19 my-cluster-zookeeper-0                        1/1       Running     0          6h22m
2020-07-15 13:37:19 my-cluster-zookeeper-1                        1/1       Running     0          6h22m
2020-07-15 13:37:19 my-cluster-zookeeper-2                        1/1       Running     0          6h22m
2020-07-15 13:37:19 my-connect-cluster-connect-1-deploy           0/1       Completed   0          5h59m
2020-07-15 13:37:19 my-connect-cluster-connect-2-cp59c            1/1       Running     0          167m
2020-07-15 13:37:19 my-connect-cluster-connect-2-deploy           0/1       Completed   0          5h54m
2020-07-15 13:37:19 my-mm2-cluster-mirrormaker2-b9765f446-l7s7r   1/1       Running     0          24m
2020-07-15 13:37:19 mysql-1-deploy                                0/1       Completed   0          7h10m
2020-07-15 13:37:19 mysql-1-hxk6p                                 1/1       Running     0          145m

2020-07-15 13:37:21 NAME                                          READY     STATUS      RESTARTS   AGE
2020-07-15 13:37:21 my-cluster-entity-operator-7cbb484468-ntv9q   3/3       Running     0          6h20m
2020-07-15 13:37:21 my-cluster-kafka-0                            2/2       Running     1          3h2m
2020-07-15 13:37:21 my-cluster-kafka-1                            2/2       Running     0          6h21m
2020-07-15 13:37:21 my-cluster-kafka-2                            2/2       Running     0          6h21m
2020-07-15 13:37:21 my-cluster-zookeeper-0                        1/1       Running     0          6h22m
2020-07-15 13:37:21 my-cluster-zookeeper-1                        1/1       Running     0          6h22m
2020-07-15 13:37:21 my-cluster-zookeeper-2                        1/1       Running     0          6h22m
2020-07-15 13:37:21 my-connect-cluster-connect-1-deploy           0/1       Completed   0          5h59m
2020-07-15 13:37:21 my-connect-cluster-connect-2-cp59c            1/1       Running     0          167m
2020-07-15 13:37:21 my-connect-cluster-connect-2-deploy           0/1       Completed   0          5h54m
2020-07-15 13:37:21 my-mm2-cluster-mirrormaker2-b9765f446-l7s7r   1/1       Running     0          24m
2020-07-15 13:37:21 mysql-1-deploy                                0/1       Completed   0          7h10m
2020-07-15 13:37:21 mysql-1-hxk6p                                 1/1       Running     0          145m

2020-07-15 13:37:22 NAME                                          READY     STATUS      RESTARTS   AGE
2020-07-15 13:37:22 my-cluster-entity-operator-7cbb484468-ntv9q   3/3       Running     0          6h20m
2020-07-15 13:37:22 my-cluster-kafka-0                            2/2       Running     1          3h3m
2020-07-15 13:37:22 my-cluster-kafka-1                            2/2       Running     0          6h21m
2020-07-15 13:37:22 my-cluster-kafka-2                            2/2       Running     0          6h21m
2020-07-15 13:37:22 my-cluster-zookeeper-0                        1/1       Running     0          6h22m
2020-07-15 13:37:22 my-cluster-zookeeper-1                        1/1       Running     0          6h22m
2020-07-15 13:37:22 my-cluster-zookeeper-2                        1/1       Running     0          6h22m
2020-07-15 13:37:22 my-connect-cluster-connect-1-deploy           0/1       Completed   0          5h59m
2020-07-15 13:37:22 my-connect-cluster-connect-2-cp59c            1/1       Running     0          167m
2020-07-15 13:37:22 my-connect-cluster-connect-2-deploy           0/1       Completed   0          5h54m
2020-07-15 13:37:22 my-mm2-cluster-mirrormaker2-b9765f446-l7s7r   1/1       Running     0          24m
2020-07-15 13:37:22 mysql-1-deploy                                0/1       Completed   0          7h10m
2020-07-15 13:37:22 mysql-1-hxk6p                                 1/1       Running     0          145m

2020-07-15 13:37:24 NAME                                          READY     STATUS      RESTARTS   AGE
2020-07-15 13:37:24 my-cluster-entity-operator-7cbb484468-ntv9q   3/3       Running     0          6h20m
2020-07-15 13:37:24 my-cluster-kafka-0                            2/2       Running     1          3h3m
2020-07-15 13:37:24 my-cluster-kafka-1                            2/2       Running     0          6h21m
2020-07-15 13:37:24 my-cluster-kafka-2                            2/2       Running     0          6h21m
2020-07-15 13:37:24 my-cluster-zookeeper-0                        1/1       Running     0          6h22m
2020-07-15 13:37:24 my-cluster-zookeeper-1                        1/1       Running     0          6h22m
2020-07-15 13:37:24 my-cluster-zookeeper-2                        1/1       Running     0          6h22m
2020-07-15 13:37:24 my-connect-cluster-connect-1-deploy           0/1       Completed   0          5h59m
2020-07-15 13:37:24 my-connect-cluster-connect-2-cp59c            1/1       Running     0          167m
2020-07-15 13:37:24 my-connect-cluster-connect-2-deploy           0/1       Completed   0          5h54m
2020-07-15 13:37:24 my-mm2-cluster-mirrormaker2-b9765f446-l7s7r   1/1       Running     0          24m
2020-07-15 13:37:24 mysql-1-deploy                                0/1       Completed   0          7h10m
2020-07-15 13:37:24 mysql-1-hxk6p                                 1/1       Running     0          145m

2020-07-15 13:37:25 NAME                                          READY     STATUS      RESTARTS   AGE
2020-07-15 13:37:25 my-cluster-entity-operator-7cbb484468-ntv9q   3/3       Running     0          6h20m
2020-07-15 13:37:25 my-cluster-kafka-0                            2/2       Running     1          3h3m
2020-07-15 13:37:25 my-cluster-kafka-1                            2/2       Running     0          6h21m
2020-07-15 13:37:25 my-cluster-kafka-2                            2/2       Running     0          6h21m
2020-07-15 13:37:25 my-cluster-zookeeper-0                        1/1       Running     0          6h22m
2020-07-15 13:37:25 my-cluster-zookeeper-1                        1/1       Running     0          6h22m
2020-07-15 13:37:25 my-cluster-zookeeper-2                        1/1       Running     0          6h22m
2020-07-15 13:37:25 my-connect-cluster-connect-1-deploy           0/1       Completed   0          5h59m
2020-07-15 13:37:25 my-connect-cluster-connect-2-cp59c            1/1       Running     0          167m
2020-07-15 13:37:25 my-connect-cluster-connect-2-deploy           0/1       Completed   0          5h54m
2020-07-15 13:37:25 my-mm2-cluster-mirrormaker2-b9765f446-l7s7r   1/1       Running     0          24m
2020-07-15 13:37:25 mysql-1-deploy                                0/1       Completed   0          7h10m
2020-07-15 13:37:25 mysql-1-hxk6p                                 1/1       Running     0          146m

2020-07-15 13:37:26 NAME                                          READY     STATUS      RESTARTS   AGE
2020-07-15 13:37:26 my-cluster-entity-operator-7cbb484468-ntv9q   3/3       Running     0          6h20m
2020-07-15 13:37:26 my-cluster-kafka-0                            2/2       Running     1          3h3m
2020-07-15 13:37:26 my-cluster-kafka-1                            2/2       Running     0          6h21m
2020-07-15 13:37:26 my-cluster-kafka-2                            2/2       Running     0          6h21m
2020-07-15 13:37:26 my-cluster-zookeeper-0                        1/1       Running     0          6h22m
2020-07-15 13:37:26 my-cluster-zookeeper-1                        1/1       Running     0          6h22m
2020-07-15 13:37:26 my-cluster-zookeeper-2                        1/1       Running     0          6h22m
2020-07-15 13:37:26 my-connect-cluster-connect-1-deploy           0/1       Completed   0          5h59m
2020-07-15 13:37:26 my-connect-cluster-connect-2-cp59c            1/1       Running     0          167m
2020-07-15 13:37:26 my-connect-cluster-connect-2-deploy           0/1       Completed   0          5h54m
2020-07-15 13:37:26 my-mm2-cluster-mirrormaker2-b9765f446-l7s7r   1/1       Running     0          24m
2020-07-15 13:37:26 mysql-1-deploy                                0/1       Completed   0          7h10m
2020-07-15 13:37:26 mysql-1-hxk6p                                 1/1       Running     0          146m

2020-07-15 13:37:28 NAME                                          READY     STATUS      RESTARTS   AGE
2020-07-15 13:37:28 my-cluster-entity-operator-7cbb484468-ntv9q   3/3       Running     0          6h20m
2020-07-15 13:37:28 my-cluster-kafka-0                            2/2       Running     1          3h3m
2020-07-15 13:37:28 my-cluster-kafka-1                            2/2       Running     0          6h21m
2020-07-15 13:37:28 my-cluster-kafka-2                            2/2       Running     0          6h21m
2020-07-15 13:37:28 my-cluster-zookeeper-0                        1/1       Running     0          6h22m
2020-07-15 13:37:28 my-cluster-zookeeper-1                        1/1       Running     0          6h22m
2020-07-15 13:37:28 my-cluster-zookeeper-2                        1/1       Running     0          6h22m
2020-07-15 13:37:28 my-connect-cluster-connect-1-deploy           0/1       Completed   0          5h59m
2020-07-15 13:37:28 my-connect-cluster-connect-2-cp59c            1/1       Running     0          167m
2020-07-15 13:37:28 my-connect-cluster-connect-2-deploy           0/1       Completed   0          5h54m
2020-07-15 13:37:28 my-mm2-cluster-mirrormaker2-b9765f446-l7s7r   1/1       Running     0          24m
2020-07-15 13:37:28 mysql-1-deploy                                0/1       Completed   0          7h10m
2020-07-15 13:37:28 mysql-1-hxk6p                                 1/1       Running     0          146m

2020-07-15 13:37:29 NAME                                          READY     STATUS      RESTARTS   AGE
2020-07-15 13:37:29 my-cluster-entity-operator-7cbb484468-ntv9q   3/3       Running     0          6h20m
2020-07-15 13:37:29 my-cluster-kafka-0                            2/2       Running     1          3h3m
2020-07-15 13:37:29 my-cluster-kafka-1                            2/2       Running     0          6h21m
2020-07-15 13:37:29 my-cluster-kafka-2                            2/2       Running     0          6h21m
2020-07-15 13:37:29 my-cluster-zookeeper-0                        1/1       Running     0          6h22m
2020-07-15 13:37:29 my-cluster-zookeeper-1                        1/1       Running     0          6h22m
2020-07-15 13:37:29 my-cluster-zookeeper-2                        1/1       Running     0          6h22m
2020-07-15 13:37:29 my-connect-cluster-connect-1-deploy           0/1       Completed   0          5h59m
2020-07-15 13:37:29 my-connect-cluster-connect-2-cp59c            1/1       Running     0          167m
2020-07-15 13:37:29 my-connect-cluster-connect-2-deploy           0/1       Completed   0          5h54m
2020-07-15 13:37:29 my-mm2-cluster-mirrormaker2-b9765f446-l7s7r   1/1       Running     0          24m
2020-07-15 13:37:29 mysql-1-deploy                                0/1       Completed   0          7h10m
2020-07-15 13:37:29 mysql-1-hxk6p                                 1/1       Running     0          146m

2020-07-15 13:37:30 NAME                                          READY     STATUS      RESTARTS   AGE
2020-07-15 13:37:30 my-cluster-entity-operator-7cbb484468-ntv9q   3/3       Running     0          6h20m
2020-07-15 13:37:30 my-cluster-kafka-0                            2/2       Running     1          3h3m
2020-07-15 13:37:30 my-cluster-kafka-1                            2/2       Running     0          6h21m
2020-07-15 13:37:30 my-cluster-kafka-2                            2/2       Running     0          6h21m
2020-07-15 13:37:30 my-cluster-zookeeper-0                        1/1       Running     0          6h22m
2020-07-15 13:37:30 my-cluster-zookeeper-1                        1/1       Running     0          6h22m
2020-07-15 13:37:30 my-cluster-zookeeper-2                        1/1       Running     0          6h22m
2020-07-15 13:37:30 my-connect-cluster-connect-1-deploy           0/1       Completed   0          5h59m
2020-07-15 13:37:30 my-connect-cluster-connect-2-cp59c            1/1       Running     0          167m
2020-07-15 13:37:30 my-connect-cluster-connect-2-deploy           0/1       Completed   0          5h54m
2020-07-15 13:37:30 my-mm2-cluster-mirrormaker2-b9765f446-l7s7r   1/1       Running     0          25m
2020-07-15 13:37:30 mysql-1-deploy                                0/1       Completed   0          7h10m
2020-07-15 13:37:30 mysql-1-hxk6p                                 1/1       Running     0          146m

2020-07-15 13:37:32 NAME                                          READY     STATUS      RESTARTS   AGE
2020-07-15 13:37:32 my-cluster-entity-operator-7cbb484468-ntv9q   3/3       Running     0          6h20m
2020-07-15 13:37:32 my-cluster-kafka-0                            2/2       Running     1          3h3m
2020-07-15 13:37:32 my-cluster-kafka-1                            2/2       Running     0          6h21m
2020-07-15 13:37:32 my-cluster-kafka-2                            2/2       Running     0          6h21m
2020-07-15 13:37:32 my-cluster-zookeeper-0                        1/1       Running     0          6h22m
2020-07-15 13:37:32 my-cluster-zookeeper-1                        1/1       Running     0          6h22m
2020-07-15 13:37:32 my-cluster-zookeeper-2                        1/1       Running     0          6h22m
2020-07-15 13:37:32 my-connect-cluster-connect-1-deploy           0/1       Completed   0          5h59m
2020-07-15 13:37:32 my-connect-cluster-connect-2-cp59c            1/1       Running     0          167m
2020-07-15 13:37:32 my-connect-cluster-connect-2-deploy           0/1       Completed   0          5h54m
2020-07-15 13:37:32 my-mm2-cluster-mirrormaker2-b9765f446-l7s7r   1/1       Running     0          25m
2020-07-15 13:37:32 mysql-1-deploy                                0/1       Completed   0          7h10m
2020-07-15 13:37:32 mysql-1-hxk6p                                 1/1       Running     0          146m

2020-07-15 13:37:33 NAME                                          READY     STATUS      RESTARTS   AGE
2020-07-15 13:37:33 my-cluster-entity-operator-7cbb484468-ntv9q   3/3       Running     0          6h20m
2020-07-15 13:37:33 my-cluster-kafka-0                            2/2       Running     1          3h3m
2020-07-15 13:37:33 my-cluster-kafka-1                            2/2       Running     0          6h21m
2020-07-15 13:37:33 my-cluster-kafka-2                            2/2       Running     0          6h21m
2020-07-15 13:37:33 my-cluster-zookeeper-0                        1/1       Running     0          6h22m
2020-07-15 13:37:33 my-cluster-zookeeper-1                        1/1       Running     0          6h22m
2020-07-15 13:37:33 my-cluster-zookeeper-2                        1/1       Running     0          6h22m
2020-07-15 13:37:33 my-connect-cluster-connect-1-deploy           0/1       Completed   0          5h59m
2020-07-15 13:37:33 my-connect-cluster-connect-2-cp59c            1/1       Running     0          167m
2020-07-15 13:37:33 my-connect-cluster-connect-2-deploy           0/1       Completed   0          5h54m
2020-07-15 13:37:33 my-mm2-cluster-mirrormaker2-b9765f446-l7s7r   1/1       Running     0          25m
2020-07-15 13:37:33 mysql-1-deploy                                0/1       Completed   0          7h10m
2020-07-15 13:37:33 mysql-1-hxk6p                                 1/1       Running     0          146m

2020-07-15 13:37:34 NAME                                          READY     STATUS      RESTARTS   AGE
2020-07-15 13:37:34 my-cluster-entity-operator-7cbb484468-ntv9q   3/3       Running     0          6h20m
2020-07-15 13:37:34 my-cluster-kafka-0                            2/2       Running     1          3h3m
2020-07-15 13:37:34 my-cluster-kafka-1                            2/2       Running     0          6h21m
2020-07-15 13:37:34 my-cluster-kafka-2                            2/2       Running     0          6h21m
2020-07-15 13:37:34 my-cluster-zookeeper-0                        1/1       Running     0          6h22m
2020-07-15 13:37:34 my-cluster-zookeeper-1                        1/1       Running     0          6h22m
2020-07-15 13:37:34 my-cluster-zookeeper-2                        1/1       Running     0          6h22m
2020-07-15 13:37:34 my-connect-cluster-connect-1-deploy           0/1       Completed   0          5h59m
2020-07-15 13:37:34 my-connect-cluster-connect-2-cp59c            1/1       Running     0          167m
2020-07-15 13:37:34 my-connect-cluster-connect-2-deploy           0/1       Completed   0          5h54m
2020-07-15 13:37:34 my-mm2-cluster-mirrormaker2-b9765f446-l7s7r   1/1       Running     0          25m
2020-07-15 13:37:34 mysql-1-deploy                                0/1       Completed   0          7h10m
2020-07-15 13:37:34 mysql-1-hxk6p                                 1/1       Running     0          146m

2020-07-15 13:37:35 NAME                                          READY     STATUS      RESTARTS   AGE
2020-07-15 13:37:35 my-cluster-entity-operator-7cbb484468-ntv9q   3/3       Running     0          6h20m
2020-07-15 13:37:35 my-cluster-kafka-0                            2/2       Running     1          3h3m
2020-07-15 13:37:35 my-cluster-kafka-1                            2/2       Running     0          6h21m
2020-07-15 13:37:35 my-cluster-kafka-2                            2/2       Running     0          6h21m
2020-07-15 13:37:35 my-cluster-zookeeper-0                        1/1       Running     0          6h22m
2020-07-15 13:37:35 my-cluster-zookeeper-1                        1/1       Running     0          6h22m
2020-07-15 13:37:35 my-cluster-zookeeper-2                        1/1       Running     0          6h22m
2020-07-15 13:37:35 my-connect-cluster-connect-1-deploy           0/1       Completed   0          5h59m
2020-07-15 13:37:35 my-connect-cluster-connect-2-cp59c            1/1       Running     0          167m
2020-07-15 13:37:35 my-connect-cluster-connect-2-deploy           0/1       Completed   0          5h54m
2020-07-15 13:37:35 my-mm2-cluster-mirrormaker2-b9765f446-l7s7r   1/1       Running     0          25m
2020-07-15 13:37:35 mysql-1-deploy                                0/1       Completed   0          7h11m
2020-07-15 13:37:35 mysql-1-hxk6p                                 1/1       Running     0          146m

2020-07-15 13:37:37 NAME                                          READY     STATUS      RESTARTS   AGE
2020-07-15 13:37:37 my-cluster-entity-operator-7cbb484468-ntv9q   3/3       Running     0          6h20m
2020-07-15 13:37:37 my-cluster-kafka-0                            2/2       Running     1          3h3m
2020-07-15 13:37:37 my-cluster-kafka-1                            2/2       Running     0          6h21m
2020-07-15 13:37:37 my-cluster-kafka-2                            2/2       Running     0          6h21m
2020-07-15 13:37:37 my-cluster-zookeeper-0                        1/1       Running     0          6h22m
2020-07-15 13:37:37 my-cluster-zookeeper-1                        1/1       Running     0          6h22m
2020-07-15 13:37:37 my-cluster-zookeeper-2                        1/1       Running     0          6h22m
2020-07-15 13:37:37 my-connect-cluster-connect-1-deploy           0/1       Completed   0          5h59m
2020-07-15 13:37:37 my-connect-cluster-connect-2-cp59c            1/1       Running     0          167m
2020-07-15 13:37:37 my-connect-cluster-connect-2-deploy           0/1       Completed   0          5h54m
2020-07-15 13:37:37 my-mm2-cluster-mirrormaker2-b9765f446-l7s7r   1/1       Running     0          25m
2020-07-15 13:37:37 mysql-1-deploy                                0/1       Completed   0          7h11m
2020-07-15 13:37:37 mysql-1-hxk6p                                 1/1       Running     0          146m

2020-07-15 13:37:38 NAME                                          READY     STATUS      RESTARTS   AGE
2020-07-15 13:37:38 my-cluster-entity-operator-7cbb484468-ntv9q   3/3       Running     0          6h20m
2020-07-15 13:37:38 my-cluster-kafka-0                            2/2       Running     1          3h3m
2020-07-15 13:37:38 my-cluster-kafka-1                            2/2       Running     0          6h21m
2020-07-15 13:37:38 my-cluster-kafka-2                            2/2       Running     0          6h21m
2020-07-15 13:37:38 my-cluster-zookeeper-0                        1/1       Running     0          6h22m
2020-07-15 13:37:38 my-cluster-zookeeper-1                        1/1       Running     0          6h22m
2020-07-15 13:37:38 my-cluster-zookeeper-2                        1/1       Running     0          6h22m
2020-07-15 13:37:38 my-connect-cluster-connect-1-deploy           0/1       Completed   0          5h59m
2020-07-15 13:37:38 my-connect-cluster-connect-2-cp59c            1/1       Running     0          167m
2020-07-15 13:37:38 my-connect-cluster-connect-2-deploy           0/1       Completed   0          5h54m
2020-07-15 13:37:38 my-mm2-cluster-mirrormaker2-b9765f446-l7s7r   1/1       Running     0          25m
2020-07-15 13:37:38 mysql-1-deploy                                0/1       Completed   0          7h11m
2020-07-15 13:37:38 mysql-1-hxk6p                                 1/1       Running     0          146m

2020-07-15 13:37:39 NAME                                          READY     STATUS      RESTARTS   AGE
2020-07-15 13:37:39 my-cluster-entity-operator-7cbb484468-ntv9q   3/3       Running     0          6h21m
2020-07-15 13:37:39 my-cluster-kafka-0                            2/2       Running     1          3h3m
2020-07-15 13:37:39 my-cluster-kafka-1                            2/2       Running     0          6h21m
2020-07-15 13:37:39 my-cluster-kafka-2                            2/2       Running     0          6h21m
2020-07-15 13:37:39 my-cluster-zookeeper-0                        1/1       Running     0          6h22m
2020-07-15 13:37:39 my-cluster-zookeeper-1                        1/1       Running     0          6h22m
2020-07-15 13:37:39 my-cluster-zookeeper-2                        1/1       Running     0          6h22m
2020-07-15 13:37:39 my-connect-cluster-connect-1-deploy           0/1       Completed   0          5h59m
2020-07-15 13:37:39 my-connect-cluster-connect-2-cp59c            1/1       Running     0          167m
2020-07-15 13:37:39 my-connect-cluster-connect-2-deploy           0/1       Completed   0          5h54m
2020-07-15 13:37:39 my-mm2-cluster-mirrormaker2-b9765f446-l7s7r   1/1       Running     0          25m
2020-07-15 13:37:39 mysql-1-deploy                                0/1       Completed   0          7h11m
2020-07-15 13:37:39 mysql-1-hxk6p                                 1/1       Running     0          146m

2020-07-15 13:37:41 NAME                                          READY     STATUS      RESTARTS   AGE
2020-07-15 13:37:41 my-cluster-entity-operator-7cbb484468-ntv9q   3/3       Running     0          6h21m
2020-07-15 13:37:41 my-cluster-kafka-0                            2/2       Running     1          3h3m
2020-07-15 13:37:41 my-cluster-kafka-1                            2/2       Running     0          6h21m
2020-07-15 13:37:41 my-cluster-kafka-2                            2/2       Running     0          6h21m
2020-07-15 13:37:41 my-cluster-zookeeper-0                        1/1       Running     0          6h22m
2020-07-15 13:37:41 my-cluster-zookeeper-1                        1/1       Running     0          6h22m
2020-07-15 13:37:41 my-cluster-zookeeper-2                        1/1       Running     0          6h22m
2020-07-15 13:37:41 my-connect-cluster-connect-1-deploy           0/1       Completed   0          5h59m
2020-07-15 13:37:41 my-connect-cluster-connect-2-cp59c            1/1       Running     0          167m
2020-07-15 13:37:41 my-connect-cluster-connect-2-deploy           0/1       Completed   0          5h54m
2020-07-15 13:37:41 my-mm2-cluster-mirrormaker2-b9765f446-l7s7r   1/1       Running     0          25m
2020-07-15 13:37:41 mysql-1-deploy                                0/1       Completed   0          7h11m
2020-07-15 13:37:41 mysql-1-hxk6p                                 1/1       Running     0          146m

2020-07-15 13:37:42 NAME                                          READY     STATUS      RESTARTS   AGE
2020-07-15 13:37:42 my-cluster-entity-operator-7cbb484468-ntv9q   3/3       Running     0          6h21m
2020-07-15 13:37:42 my-cluster-kafka-0                            2/2       Running     1          3h3m
2020-07-15 13:37:42 my-cluster-kafka-1                            2/2       Running     0          6h21m
2020-07-15 13:37:42 my-cluster-kafka-2                            2/2       Running     0          6h21m
2020-07-15 13:37:42 my-cluster-zookeeper-0                        1/1       Running     0          6h22m
2020-07-15 13:37:42 my-cluster-zookeeper-1                        1/1       Running     0          6h22m
2020-07-15 13:37:42 my-cluster-zookeeper-2                        1/1       Running     0          6h22m
2020-07-15 13:37:42 my-connect-cluster-connect-1-deploy           0/1       Completed   0          5h59m
2020-07-15 13:37:42 my-connect-cluster-connect-2-cp59c            1/1       Running     0          167m
2020-07-15 13:37:42 my-connect-cluster-connect-2-deploy           0/1       Completed   0          5h54m
2020-07-15 13:37:42 my-mm2-cluster-mirrormaker2-b9765f446-l7s7r   1/1       Running     0          25m
2020-07-15 13:37:42 mysql-1-deploy                                0/1       Completed   0          7h11m
2020-07-15 13:37:42 mysql-1-hxk6p                                 1/1       Running     0          146m

2020-07-15 13:37:43 NAME                                          READY     STATUS      RESTARTS   AGE
2020-07-15 13:37:43 my-cluster-entity-operator-7cbb484468-ntv9q   3/3       Running     0          6h21m
2020-07-15 13:37:43 my-cluster-kafka-0                            2/2       Running     1          3h3m
2020-07-15 13:37:43 my-cluster-kafka-1                            2/2       Running     0          6h21m
2020-07-15 13:37:43 my-cluster-kafka-2                            2/2       Running     0          6h21m
2020-07-15 13:37:43 my-cluster-zookeeper-0                        1/1       Running     0          6h22m
2020-07-15 13:37:43 my-cluster-zookeeper-1                        1/1       Running     0          6h22m
2020-07-15 13:37:43 my-cluster-zookeeper-2                        1/1       Running     0          6h22m
2020-07-15 13:37:43 my-connect-cluster-connect-1-deploy           0/1       Completed   0          5h59m
2020-07-15 13:37:43 my-connect-cluster-connect-2-cp59c            1/1       Running     0          167m
2020-07-15 13:37:43 my-connect-cluster-connect-2-deploy           0/1       Completed   0          5h54m
2020-07-15 13:37:43 my-mm2-cluster-mirrormaker2-b9765f446-l7s7r   1/1       Running     0          25m
2020-07-15 13:37:43 mysql-1-deploy                                0/1       Completed   0          7h11m
2020-07-15 13:37:43 mysql-1-hxk6p                                 1/1       Running     0          146m

2020-07-15 13:37:44 NAME                                          READY     STATUS      RESTARTS   AGE
2020-07-15 13:37:44 my-cluster-entity-operator-7cbb484468-ntv9q   3/3       Running     0          6h21m
2020-07-15 13:37:44 my-cluster-kafka-0                            2/2       Running     1          3h3m
2020-07-15 13:37:44 my-cluster-kafka-1                            2/2       Running     0          6h21m
2020-07-15 13:37:44 my-cluster-kafka-2                            2/2       Running     0          6h21m
2020-07-15 13:37:44 my-cluster-zookeeper-0                        1/1       Running     0          6h22m
2020-07-15 13:37:44 my-cluster-zookeeper-1                        1/1       Running     0          6h22m
2020-07-15 13:37:44 my-cluster-zookeeper-2                        1/1       Running     0          6h22m
2020-07-15 13:37:44 my-connect-cluster-connect-1-deploy           0/1       Completed   0          5h59m
2020-07-15 13:37:44 my-connect-cluster-connect-2-cp59c            1/1       Running     0          167m
2020-07-15 13:37:44 my-connect-cluster-connect-2-deploy           0/1       Completed   0          5h54m
2020-07-15 13:37:44 my-mm2-cluster-mirrormaker2-b9765f446-l7s7r   1/1       Running     0          25m
2020-07-15 13:37:44 mysql-1-deploy                                0/1       Completed   0          7h11m
2020-07-15 13:37:44 mysql-1-hxk6p                                 1/1       Running     0          146m

2020-07-15 13:37:46 NAME                                          READY     STATUS      RESTARTS   AGE
2020-07-15 13:37:46 my-cluster-entity-operator-7cbb484468-ntv9q   3/3       Running     0          6h21m
2020-07-15 13:37:46 my-cluster-kafka-0                            2/2       Running     1          3h3m
2020-07-15 13:37:46 my-cluster-kafka-1                            2/2       Running     0          6h21m
2020-07-15 13:37:46 my-cluster-kafka-2                            2/2       Running     0          6h21m
2020-07-15 13:37:46 my-cluster-zookeeper-0                        1/1       Running     0          6h22m
2020-07-15 13:37:46 my-cluster-zookeeper-1                        1/1       Running     0          6h22m
2020-07-15 13:37:46 my-cluster-zookeeper-2                        1/1       Running     0          6h22m
2020-07-15 13:37:46 my-connect-cluster-connect-1-deploy           0/1       Completed   0          5h59m
2020-07-15 13:37:46 my-connect-cluster-connect-2-cp59c            1/1       Running     0          167m
2020-07-15 13:37:46 my-connect-cluster-connect-2-deploy           0/1       Completed   0          5h54m
2020-07-15 13:37:46 my-mm2-cluster-mirrormaker2-b9765f446-l7s7r   1/1       Running     0          25m
2020-07-15 13:37:46 mysql-1-deploy                                0/1       Completed   0          7h11m
2020-07-15 13:37:46 mysql-1-hxk6p                                 1/1       Running     0          146m

2020-07-15 13:37:47 NAME                                          READY     STATUS      RESTARTS   AGE
2020-07-15 13:37:47 my-cluster-entity-operator-7cbb484468-ntv9q   3/3       Running     0          6h21m
2020-07-15 13:37:47 my-cluster-kafka-0                            2/2       Running     1          3h3m
2020-07-15 13:37:47 my-cluster-kafka-1                            2/2       Running     0          6h21m
2020-07-15 13:37:47 my-cluster-kafka-2                            2/2       Running     0          6h21m
2020-07-15 13:37:47 my-cluster-zookeeper-0                        1/1       Running     0          6h22m
2020-07-15 13:37:47 my-cluster-zookeeper-1                        1/1       Running     0          6h22m
2020-07-15 13:37:47 my-cluster-zookeeper-2                        1/1       Running     0          6h22m
2020-07-15 13:37:47 my-connect-cluster-connect-1-deploy           0/1       Completed   0          5h59m
2020-07-15 13:37:47 my-connect-cluster-connect-2-cp59c            1/1       Running     0          167m
2020-07-15 13:37:47 my-connect-cluster-connect-2-deploy           0/1       Completed   0          5h54m
2020-07-15 13:37:47 my-mm2-cluster-mirrormaker2-b9765f446-l7s7r   1/1       Running     0          25m
2020-07-15 13:37:47 mysql-1-deploy                                0/1       Completed   0          7h11m
2020-07-15 13:37:47 mysql-1-hxk6p                                 1/1       Running     0          146m

2020-07-15 13:37:48 NAME                                          READY     STATUS      RESTARTS   AGE
2020-07-15 13:37:48 my-cluster-entity-operator-7cbb484468-ntv9q   3/3       Running     0          6h21m
2020-07-15 13:37:48 my-cluster-kafka-0                            2/2       Running     1          3h3m
2020-07-15 13:37:48 my-cluster-kafka-1                            2/2       Running     0          6h21m
2020-07-15 13:37:48 my-cluster-kafka-2                            2/2       Running     0          6h21m
2020-07-15 13:37:48 my-cluster-zookeeper-0                        1/1       Running     0          6h22m
2020-07-15 13:37:48 my-cluster-zookeeper-1                        1/1       Running     0          6h22m
2020-07-15 13:37:48 my-cluster-zookeeper-2                        1/1       Running     0          6h22m
2020-07-15 13:37:48 my-connect-cluster-connect-1-deploy           0/1       Completed   0          5h59m
2020-07-15 13:37:48 my-connect-cluster-connect-2-cp59c            1/1       Running     0          167m
2020-07-15 13:37:48 my-connect-cluster-connect-2-deploy           0/1       Completed   0          5h54m
2020-07-15 13:37:48 my-mm2-cluster-mirrormaker2-b9765f446-l7s7r   1/1       Running     0          25m
2020-07-15 13:37:48 mysql-1-deploy                                0/1       Completed   0          7h11m
2020-07-15 13:37:48 mysql-1-hxk6p                                 1/1       Running     0          146m

2020-07-15 13:37:50 NAME                                          READY     STATUS      RESTARTS   AGE
2020-07-15 13:37:50 my-cluster-entity-operator-7cbb484468-ntv9q   3/3       Running     0          6h21m
2020-07-15 13:37:50 my-cluster-kafka-0                            2/2       Running     1          3h3m
2020-07-15 13:37:50 my-cluster-kafka-1                            2/2       Running     0          6h21m
2020-07-15 13:37:50 my-cluster-kafka-2                            2/2       Running     0          6h21m
2020-07-15 13:37:50 my-cluster-zookeeper-0                        1/1       Running     0          6h22m
2020-07-15 13:37:50 my-cluster-zookeeper-1                        1/1       Running     0          6h22m
2020-07-15 13:37:50 my-cluster-zookeeper-2                        1/1       Running     0          6h22m
2020-07-15 13:37:50 my-connect-cluster-connect-1-deploy           0/1       Completed   0          5h59m
2020-07-15 13:37:50 my-connect-cluster-connect-2-cp59c            1/1       Running     0          167m
2020-07-15 13:37:50 my-connect-cluster-connect-2-deploy           0/1       Completed   0          5h54m
2020-07-15 13:37:50 my-mm2-cluster-mirrormaker2-b9765f446-l7s7r   1/1       Running     0          25m
2020-07-15 13:37:50 mysql-1-deploy                                0/1       Completed   0          7h11m
2020-07-15 13:37:50 mysql-1-hxk6p                                 1/1       Running     0          146m

2020-07-15 13:37:51 NAME                                          READY     STATUS      RESTARTS   AGE
2020-07-15 13:37:51 my-cluster-entity-operator-7cbb484468-ntv9q   3/3       Running     0          6h21m
2020-07-15 13:37:51 my-cluster-kafka-0                            2/2       Running     1          3h3m
2020-07-15 13:37:51 my-cluster-kafka-1                            2/2       Running     0          6h21m
2020-07-15 13:37:51 my-cluster-kafka-2                            2/2       Running     0          6h21m
2020-07-15 13:37:51 my-cluster-zookeeper-0                        1/1       Running     0          6h22m
2020-07-15 13:37:51 my-cluster-zookeeper-1                        1/1       Running     0          6h22m
2020-07-15 13:37:51 my-cluster-zookeeper-2                        1/1       Running     0          6h22m
2020-07-15 13:37:51 my-connect-cluster-connect-1-deploy           0/1       Completed   0          5h59m
2020-07-15 13:37:51 my-connect-cluster-connect-2-cp59c            1/1       Running     0          167m
2020-07-15 13:37:51 my-connect-cluster-connect-2-deploy           0/1       Completed   0          5h55m
2020-07-15 13:37:51 my-mm2-cluster-mirrormaker2-b9765f446-l7s7r   1/1       Running     0          25m
2020-07-15 13:37:51 mysql-1-deploy                                0/1       Completed   0          7h11m
2020-07-15 13:37:51 mysql-1-hxk6p                                 1/1       Running     0          146m

2020-07-15 13:37:52 NAME                                          READY     STATUS      RESTARTS   AGE
2020-07-15 13:37:52 my-cluster-entity-operator-7cbb484468-ntv9q   3/3       Running     0          6h21m
2020-07-15 13:37:52 my-cluster-kafka-0                            2/2       Running     1          3h3m
2020-07-15 13:37:52 my-cluster-kafka-1                            2/2       Running     0          6h21m
2020-07-15 13:37:52 my-cluster-kafka-2                            2/2       Running     0          6h21m
2020-07-15 13:37:52 my-cluster-zookeeper-0                        1/1       Running     0          6h22m
2020-07-15 13:37:52 my-cluster-zookeeper-1                        1/1       Running     0          6h22m
2020-07-15 13:37:52 my-cluster-zookeeper-2                        1/1       Running     0          6h22m
2020-07-15 13:37:52 my-connect-cluster-connect-1-deploy           0/1       Completed   0          5h59m
2020-07-15 13:37:52 my-connect-cluster-connect-2-cp59c            1/1       Running     0          167m
2020-07-15 13:37:52 my-connect-cluster-connect-2-deploy           0/1       Completed   0          5h55m
2020-07-15 13:37:52 my-mm2-cluster-mirrormaker2-b9765f446-l7s7r   1/1       Running     0          25m
2020-07-15 13:37:52 mysql-1-deploy                                0/1       Completed   0          7h11m
2020-07-15 13:37:52 mysql-1-hxk6p                                 1/1       Running     0          146m

2020-07-15 13:37:53 NAME                                          READY     STATUS      RESTARTS   AGE
2020-07-15 13:37:53 my-cluster-entity-operator-7cbb484468-ntv9q   3/3       Running     0          6h21m
2020-07-15 13:37:53 my-cluster-kafka-0                            2/2       Running     1          3h3m
2020-07-15 13:37:53 my-cluster-kafka-1                            2/2       Running     0          6h21m
2020-07-15 13:37:53 my-cluster-kafka-2                            2/2       Running     0          6h21m
2020-07-15 13:37:53 my-cluster-zookeeper-0                        1/1       Running     0          6h22m
2020-07-15 13:37:53 my-cluster-zookeeper-1                        1/1       Running     0          6h22m
2020-07-15 13:37:53 my-cluster-zookeeper-2                        1/1       Running     0          6h22m
2020-07-15 13:37:53 my-connect-cluster-connect-1-deploy           0/1       Completed   0          5h59m
2020-07-15 13:37:53 my-connect-cluster-connect-2-cp59c            1/1       Running     0          167m
2020-07-15 13:37:53 my-connect-cluster-connect-2-deploy           0/1       Completed   0          5h55m
2020-07-15 13:37:53 my-mm2-cluster-mirrormaker2-b9765f446-l7s7r   1/1       Running     0          25m
2020-07-15 13:37:53 mysql-1-deploy                                0/1       Completed   0          7h11m
2020-07-15 13:37:53 mysql-1-hxk6p                                 1/1       Running     0          146m

2020-07-15 13:37:55 NAME                                          READY     STATUS      RESTARTS   AGE
2020-07-15 13:37:55 my-cluster-entity-operator-7cbb484468-ntv9q   3/3       Running     0          6h21m
2020-07-15 13:37:55 my-cluster-kafka-0                            2/2       Running     1          3h3m
2020-07-15 13:37:55 my-cluster-kafka-1                            2/2       Running     0          6h21m
2020-07-15 13:37:55 my-cluster-kafka-2                            2/2       Running     0          6h21m
2020-07-15 13:37:55 my-cluster-zookeeper-0                        1/1       Running     0          6h22m
2020-07-15 13:37:55 my-cluster-zookeeper-1                        1/1       Running     0          6h22m
2020-07-15 13:37:55 my-cluster-zookeeper-2                        1/1       Running     0          6h22m
2020-07-15 13:37:55 my-connect-cluster-connect-1-deploy           0/1       Completed   0          5h59m
2020-07-15 13:37:55 my-connect-cluster-connect-2-cp59c            1/1       Running     0          167m
2020-07-15 13:37:55 my-connect-cluster-connect-2-deploy           0/1       Completed   0          5h55m
2020-07-15 13:37:55 my-mm2-cluster-mirrormaker2-b9765f446-l7s7r   1/1       Running     0          25m
2020-07-15 13:37:55 mysql-1-deploy                                0/1       Completed   0          7h11m
2020-07-15 13:37:55 mysql-1-hxk6p                                 1/1       Running     0          146m

2020-07-15 13:37:56 NAME                                          READY     STATUS      RESTARTS   AGE
2020-07-15 13:37:56 my-cluster-entity-operator-7cbb484468-ntv9q   3/3       Running     0          6h21m
2020-07-15 13:37:56 my-cluster-kafka-0                            2/2       Running     1          3h3m
2020-07-15 13:37:56 my-cluster-kafka-1                            2/2       Running     0          6h21m
2020-07-15 13:37:56 my-cluster-kafka-2                            2/2       Running     0          6h21m
2020-07-15 13:37:56 my-cluster-zookeeper-0                        1/1       Running     0          6h22m
2020-07-15 13:37:56 my-cluster-zookeeper-1                        1/1       Running     0          6h22m
2020-07-15 13:37:56 my-cluster-zookeeper-2                        1/1       Running     0          6h22m
2020-07-15 13:37:56 my-connect-cluster-connect-1-deploy           0/1       Completed   0          5h59m
2020-07-15 13:37:56 my-connect-cluster-connect-2-cp59c            1/1       Running     0          167m
2020-07-15 13:37:56 my-connect-cluster-connect-2-deploy           0/1       Completed   0          5h55m
2020-07-15 13:37:56 my-mm2-cluster-mirrormaker2-b9765f446-l7s7r   1/1       Running     0          25m
2020-07-15 13:37:56 mysql-1-deploy                                0/1       Completed   0          7h11m
2020-07-15 13:37:56 mysql-1-hxk6p                                 1/1       Running     0          146m

2020-07-15 13:37:57 NAME                                          READY     STATUS      RESTARTS   AGE
2020-07-15 13:37:57 my-cluster-entity-operator-7cbb484468-ntv9q   3/3       Running     0          6h21m
2020-07-15 13:37:57 my-cluster-kafka-0                            2/2       Running     1          3h3m
2020-07-15 13:37:57 my-cluster-kafka-1                            2/2       Running     0          6h21m
2020-07-15 13:37:57 my-cluster-kafka-2                            2/2       Running     0          6h21m
2020-07-15 13:37:57 my-cluster-zookeeper-0                        1/1       Running     0          6h22m
2020-07-15 13:37:57 my-cluster-zookeeper-1                        1/1       Running     0          6h22m
2020-07-15 13:37:57 my-cluster-zookeeper-2                        1/1       Running     0          6h22m
2020-07-15 13:37:57 my-connect-cluster-connect-1-deploy           0/1       Completed   0          5h59m
2020-07-15 13:37:57 my-connect-cluster-connect-2-cp59c            1/1       Running     0          167m
2020-07-15 13:37:57 my-connect-cluster-connect-2-deploy           0/1       Completed   0          5h55m
2020-07-15 13:37:57 my-mm2-cluster-mirrormaker2-b9765f446-l7s7r   1/1       Running     0          25m
2020-07-15 13:37:57 mysql-1-deploy                                0/1       Completed   0          7h11m
2020-07-15 13:37:57 mysql-1-hxk6p                                 1/1       Running     0          146m

2020-07-15 13:37:58 NAME                                          READY     STATUS      RESTARTS   AGE
2020-07-15 13:37:58 my-cluster-entity-operator-7cbb484468-ntv9q   3/3       Running     0          6h21m
2020-07-15 13:37:58 my-cluster-kafka-0                            2/2       Running     1          3h3m
2020-07-15 13:37:58 my-cluster-kafka-1                            2/2       Running     0          6h22m
2020-07-15 13:37:58 my-cluster-kafka-2                            2/2       Running     0          6h22m
2020-07-15 13:37:58 my-cluster-zookeeper-0                        1/1       Running     0          6h22m
2020-07-15 13:37:58 my-cluster-zookeeper-1                        1/1       Running     0          6h22m
2020-07-15 13:37:58 my-cluster-zookeeper-2                        1/1       Running     0          6h22m
2020-07-15 13:37:58 my-connect-cluster-connect-1-deploy           0/1       Completed   0          5h59m
2020-07-15 13:37:58 my-connect-cluster-connect-2-cp59c            1/1       Running     0          167m
2020-07-15 13:37:58 my-connect-cluster-connect-2-deploy           0/1       Completed   0          5h55m
2020-07-15 13:37:58 my-mm2-cluster-mirrormaker2-b9765f446-l7s7r   1/1       Running     0          25m
2020-07-15 13:37:58 mysql-1-deploy                                0/1       Completed   0          7h11m
2020-07-15 13:37:58 mysql-1-hxk6p                                 1/1       Running     0          146m

