2020-07-15 13:36:56 NAME                                          READY     STATUS      RESTARTS   AGE
2020-07-15 13:36:56 my-cluster-entity-operator-676d44468b-kjrvk   3/3       Running     0          6d7h
2020-07-15 13:36:56 my-cluster-kafka-0                            2/2       Running     0          15m
2020-07-15 13:36:56 my-cluster-kafka-1                            2/2       Running     0          6d7h
2020-07-15 13:36:56 my-cluster-kafka-2                            2/2       Running     0          6d7h
2020-07-15 13:36:56 my-cluster-zookeeper-0                        1/1       Running     0          6m15s
2020-07-15 13:36:56 my-cluster-zookeeper-1                        1/1       Running     0          6d7h
2020-07-15 13:36:56 my-cluster-zookeeper-2                        1/1       Running     0          6d7h
2020-07-15 13:36:56 my-connect-cluster-connect-1-deploy           0/1       Completed   0          6d10h
2020-07-15 13:36:56 my-connect-cluster-connect-2-deploy           0/1       Completed   0          6d10h
2020-07-15 13:36:56 my-connect-cluster-connect-3-deploy           0/1       Completed   0          5h56m
2020-07-15 13:36:56 my-connect-cluster-connect-3-xcwkf            1/1       Running     0          37m
2020-07-15 13:36:56 mysql-1-deploy                                0/1       Completed   0          6d8h
2020-07-15 13:36:56 mysql-2-deploy                                0/1       Completed   0          6d7h
2020-07-15 13:36:56 mysql-2-khmsf                                 1/1       Running     0          6d7h

2020-07-15 13:36:57 NAME                                          READY     STATUS      RESTARTS   AGE
2020-07-15 13:36:57 my-cluster-entity-operator-676d44468b-kjrvk   3/3       Running     0          6d7h
2020-07-15 13:36:57 my-cluster-kafka-0                            2/2       Running     0          15m
2020-07-15 13:36:57 my-cluster-kafka-1                            2/2       Running     0          6d7h
2020-07-15 13:36:57 my-cluster-kafka-2                            2/2       Running     0          6d7h
2020-07-15 13:36:57 my-cluster-zookeeper-0                        1/1       Running     0          6m16s
2020-07-15 13:36:57 my-cluster-zookeeper-1                        1/1       Running     0          6d7h
2020-07-15 13:36:57 my-cluster-zookeeper-2                        1/1       Running     0          6d7h
2020-07-15 13:36:57 my-connect-cluster-connect-1-deploy           0/1       Completed   0          6d10h
2020-07-15 13:36:57 my-connect-cluster-connect-2-deploy           0/1       Completed   0          6d10h
2020-07-15 13:36:57 my-connect-cluster-connect-3-deploy           0/1       Completed   0          5h56m
2020-07-15 13:36:57 my-connect-cluster-connect-3-xcwkf            1/1       Running     0          37m
2020-07-15 13:36:57 mysql-1-deploy                                0/1       Completed   0          6d8h
2020-07-15 13:36:57 mysql-2-deploy                                0/1       Completed   0          6d7h
2020-07-15 13:36:57 mysql-2-khmsf                                 1/1       Running     0          6d7h

2020-07-15 13:36:58 NAME                                          READY     STATUS      RESTARTS   AGE
2020-07-15 13:36:58 my-cluster-entity-operator-676d44468b-kjrvk   3/3       Running     0          6d7h
2020-07-15 13:36:58 my-cluster-kafka-0                            2/2       Running     0          16m
2020-07-15 13:36:58 my-cluster-kafka-1                            2/2       Running     0          6d7h
2020-07-15 13:36:58 my-cluster-kafka-2                            2/2       Running     0          6d7h
2020-07-15 13:36:58 my-cluster-zookeeper-0                        1/1       Running     0          6m18s
2020-07-15 13:36:58 my-cluster-zookeeper-1                        1/1       Running     0          6d7h
2020-07-15 13:36:58 my-cluster-zookeeper-2                        1/1       Running     0          6d7h
2020-07-15 13:36:58 my-connect-cluster-connect-1-deploy           0/1       Completed   0          6d10h
2020-07-15 13:36:58 my-connect-cluster-connect-2-deploy           0/1       Completed   0          6d10h
2020-07-15 13:36:58 my-connect-cluster-connect-3-deploy           0/1       Completed   0          5h56m
2020-07-15 13:36:58 my-connect-cluster-connect-3-xcwkf            1/1       Running     0          37m
2020-07-15 13:36:58 mysql-1-deploy                                0/1       Completed   0          6d8h
2020-07-15 13:36:58 mysql-2-deploy                                0/1       Completed   0          6d7h
2020-07-15 13:36:58 mysql-2-khmsf                                 1/1       Running     0          6d7h

2020-07-15 13:37:00 NAME                                          READY     STATUS      RESTARTS   AGE
2020-07-15 13:37:00 my-cluster-entity-operator-676d44468b-kjrvk   3/3       Running     0          6d7h
2020-07-15 13:37:00 my-cluster-kafka-0                            2/2       Running     0          16m
2020-07-15 13:37:00 my-cluster-kafka-1                            2/2       Running     0          6d7h
2020-07-15 13:37:00 my-cluster-kafka-2                            2/2       Running     0          6d7h
2020-07-15 13:37:00 my-cluster-zookeeper-0                        1/1       Running     0          6m19s
2020-07-15 13:37:00 my-cluster-zookeeper-1                        1/1       Running     0          6d7h
2020-07-15 13:37:00 my-cluster-zookeeper-2                        1/1       Running     0          6d7h
2020-07-15 13:37:00 my-connect-cluster-connect-1-deploy           0/1       Completed   0          6d10h
2020-07-15 13:37:00 my-connect-cluster-connect-2-deploy           0/1       Completed   0          6d10h
2020-07-15 13:37:00 my-connect-cluster-connect-3-deploy           0/1       Completed   0          5h56m
2020-07-15 13:37:00 my-connect-cluster-connect-3-xcwkf            1/1       Running     0          37m
2020-07-15 13:37:00 mysql-1-deploy                                0/1       Completed   0          6d8h
2020-07-15 13:37:00 mysql-2-deploy                                0/1       Completed   0          6d7h
2020-07-15 13:37:00 mysql-2-khmsf                                 1/1       Running     0          6d7h

2020-07-15 13:37:01 NAME                                          READY     STATUS      RESTARTS   AGE
2020-07-15 13:37:01 my-cluster-entity-operator-676d44468b-kjrvk   3/3       Running     0          6d7h
2020-07-15 13:37:01 my-cluster-kafka-0                            2/2       Running     0          16m
2020-07-15 13:37:01 my-cluster-kafka-1                            2/2       Running     0          6d7h
2020-07-15 13:37:01 my-cluster-kafka-2                            2/2       Running     0          6d7h
2020-07-15 13:37:01 my-cluster-zookeeper-0                        1/1       Running     0          6m20s
2020-07-15 13:37:01 my-cluster-zookeeper-1                        1/1       Running     0          6d7h
2020-07-15 13:37:01 my-cluster-zookeeper-2                        1/1       Running     0          6d7h
2020-07-15 13:37:01 my-connect-cluster-connect-1-deploy           0/1       Completed   0          6d10h
2020-07-15 13:37:01 my-connect-cluster-connect-2-deploy           0/1       Completed   0          6d10h
2020-07-15 13:37:01 my-connect-cluster-connect-3-deploy           0/1       Completed   0          5h56m
2020-07-15 13:37:01 my-connect-cluster-connect-3-xcwkf            1/1       Running     0          37m
2020-07-15 13:37:01 mysql-1-deploy                                0/1       Completed   0          6d8h
2020-07-15 13:37:01 mysql-2-deploy                                0/1       Completed   0          6d7h
2020-07-15 13:37:01 mysql-2-khmsf                                 1/1       Running     0          6d7h

2020-07-15 13:37:02 NAME                                          READY     STATUS      RESTARTS   AGE
2020-07-15 13:37:02 my-cluster-entity-operator-676d44468b-kjrvk   3/3       Running     0          6d7h
2020-07-15 13:37:02 my-cluster-kafka-0                            2/2       Running     0          16m
2020-07-15 13:37:02 my-cluster-kafka-1                            2/2       Running     0          6d7h
2020-07-15 13:37:02 my-cluster-kafka-2                            2/2       Running     0          6d7h
2020-07-15 13:37:02 my-cluster-zookeeper-0                        1/1       Running     0          6m21s
2020-07-15 13:37:02 my-cluster-zookeeper-1                        1/1       Running     0          6d7h
2020-07-15 13:37:02 my-cluster-zookeeper-2                        1/1       Running     0          6d7h
2020-07-15 13:37:02 my-connect-cluster-connect-1-deploy           0/1       Completed   0          6d10h
2020-07-15 13:37:02 my-connect-cluster-connect-2-deploy           0/1       Completed   0          6d10h
2020-07-15 13:37:02 my-connect-cluster-connect-3-deploy           0/1       Completed   0          5h56m
2020-07-15 13:37:02 my-connect-cluster-connect-3-xcwkf            1/1       Running     0          37m
2020-07-15 13:37:02 mysql-1-deploy                                0/1       Completed   0          6d8h
2020-07-15 13:37:02 mysql-2-deploy                                0/1       Completed   0          6d7h
2020-07-15 13:37:02 mysql-2-khmsf                                 1/1       Running     0          6d7h

2020-07-15 13:37:03 NAME                                          READY     STATUS      RESTARTS   AGE
2020-07-15 13:37:03 my-cluster-entity-operator-676d44468b-kjrvk   3/3       Running     0          6d7h
2020-07-15 13:37:03 my-cluster-kafka-0                            2/2       Running     0          16m
2020-07-15 13:37:03 my-cluster-kafka-1                            2/2       Running     0          6d7h
2020-07-15 13:37:03 my-cluster-kafka-2                            2/2       Running     0          6d7h
2020-07-15 13:37:03 my-cluster-zookeeper-0                        1/1       Running     0          6m23s
2020-07-15 13:37:03 my-cluster-zookeeper-1                        1/1       Running     0          6d7h
2020-07-15 13:37:03 my-cluster-zookeeper-2                        1/1       Running     0          6d7h
2020-07-15 13:37:03 my-connect-cluster-connect-1-deploy           0/1       Completed   0          6d10h
2020-07-15 13:37:03 my-connect-cluster-connect-2-deploy           0/1       Completed   0          6d10h
2020-07-15 13:37:03 my-connect-cluster-connect-3-deploy           0/1       Completed   0          5h56m
2020-07-15 13:37:03 my-connect-cluster-connect-3-xcwkf            1/1       Running     0          37m
2020-07-15 13:37:03 mysql-1-deploy                                0/1       Completed   0          6d8h
2020-07-15 13:37:03 mysql-2-deploy                                0/1       Completed   0          6d7h
2020-07-15 13:37:03 mysql-2-khmsf                                 1/1       Running     0          6d7h

2020-07-15 13:37:05 NAME                                          READY     STATUS      RESTARTS   AGE
2020-07-15 13:37:05 my-cluster-entity-operator-676d44468b-kjrvk   3/3       Running     0          6d7h
2020-07-15 13:37:05 my-cluster-kafka-0                            2/2       Running     0          16m
2020-07-15 13:37:05 my-cluster-kafka-1                            2/2       Running     0          6d7h
2020-07-15 13:37:05 my-cluster-kafka-2                            2/2       Running     0          6d7h
2020-07-15 13:37:05 my-cluster-zookeeper-0                        1/1       Running     0          6m24s
2020-07-15 13:37:05 my-cluster-zookeeper-1                        1/1       Running     0          6d7h
2020-07-15 13:37:05 my-cluster-zookeeper-2                        1/1       Running     0          6d7h
2020-07-15 13:37:05 my-connect-cluster-connect-1-deploy           0/1       Completed   0          6d10h
2020-07-15 13:37:05 my-connect-cluster-connect-2-deploy           0/1       Completed   0          6d10h
2020-07-15 13:37:05 my-connect-cluster-connect-3-deploy           0/1       Completed   0          5h56m
2020-07-15 13:37:05 my-connect-cluster-connect-3-xcwkf            1/1       Running     0          37m
2020-07-15 13:37:05 mysql-1-deploy                                0/1       Completed   0          6d8h
2020-07-15 13:37:05 mysql-2-deploy                                0/1       Completed   0          6d7h
2020-07-15 13:37:05 mysql-2-khmsf                                 1/1       Running     0          6d7h

2020-07-15 13:37:06 NAME                                          READY     STATUS      RESTARTS   AGE
2020-07-15 13:37:06 my-cluster-entity-operator-676d44468b-kjrvk   3/3       Running     0          6d7h
2020-07-15 13:37:06 my-cluster-kafka-0                            2/2       Running     0          16m
2020-07-15 13:37:06 my-cluster-kafka-1                            2/2       Running     0          6d7h
2020-07-15 13:37:06 my-cluster-kafka-2                            2/2       Running     0          6d7h
2020-07-15 13:37:06 my-cluster-zookeeper-0                        1/1       Running     0          6m25s
2020-07-15 13:37:06 my-cluster-zookeeper-1                        1/1       Running     0          6d7h
2020-07-15 13:37:06 my-cluster-zookeeper-2                        1/1       Running     0          6d7h
2020-07-15 13:37:06 my-connect-cluster-connect-1-deploy           0/1       Completed   0          6d10h
2020-07-15 13:37:06 my-connect-cluster-connect-2-deploy           0/1       Completed   0          6d10h
2020-07-15 13:37:06 my-connect-cluster-connect-3-deploy           0/1       Completed   0          5h56m
2020-07-15 13:37:06 my-connect-cluster-connect-3-xcwkf            1/1       Running     0          37m
2020-07-15 13:37:06 mysql-1-deploy                                0/1       Completed   0          6d8h
2020-07-15 13:37:06 mysql-2-deploy                                0/1       Completed   0          6d7h
2020-07-15 13:37:06 mysql-2-khmsf                                 1/1       Running     0          6d7h

2020-07-15 13:37:07 NAME                                          READY     STATUS      RESTARTS   AGE
2020-07-15 13:37:07 my-cluster-entity-operator-676d44468b-kjrvk   3/3       Running     0          6d7h
2020-07-15 13:37:07 my-cluster-kafka-0                            2/2       Running     0          16m
2020-07-15 13:37:07 my-cluster-kafka-1                            2/2       Running     0          6d7h
2020-07-15 13:37:07 my-cluster-kafka-2                            2/2       Running     0          6d7h
2020-07-15 13:37:07 my-cluster-zookeeper-0                        1/1       Running     0          6m26s
2020-07-15 13:37:07 my-cluster-zookeeper-1                        1/1       Running     0          6d7h
2020-07-15 13:37:07 my-cluster-zookeeper-2                        1/1       Running     0          6d7h
2020-07-15 13:37:07 my-connect-cluster-connect-1-deploy           0/1       Completed   0          6d10h
2020-07-15 13:37:07 my-connect-cluster-connect-2-deploy           0/1       Completed   0          6d10h
2020-07-15 13:37:07 my-connect-cluster-connect-3-deploy           0/1       Completed   0          5h56m
2020-07-15 13:37:07 my-connect-cluster-connect-3-xcwkf            1/1       Running     0          37m
2020-07-15 13:37:07 mysql-1-deploy                                0/1       Completed   0          6d8h
2020-07-15 13:37:07 mysql-2-deploy                                0/1       Completed   0          6d7h
2020-07-15 13:37:07 mysql-2-khmsf                                 1/1       Running     0          6d7h

2020-07-15 13:37:08 NAME                                          READY     STATUS      RESTARTS   AGE
2020-07-15 13:37:08 my-cluster-entity-operator-676d44468b-kjrvk   3/3       Running     0          6d7h
2020-07-15 13:37:08 my-cluster-kafka-0                            2/2       Running     0          16m
2020-07-15 13:37:08 my-cluster-kafka-1                            2/2       Running     0          6d7h
2020-07-15 13:37:08 my-cluster-kafka-2                            2/2       Running     0          6d7h
2020-07-15 13:37:08 my-cluster-zookeeper-0                        1/1       Running     0          6m28s
2020-07-15 13:37:08 my-cluster-zookeeper-1                        1/1       Running     0          6d7h
2020-07-15 13:37:08 my-cluster-zookeeper-2                        1/1       Running     0          6d7h
2020-07-15 13:37:08 my-connect-cluster-connect-1-deploy           0/1       Completed   0          6d10h
2020-07-15 13:37:08 my-connect-cluster-connect-2-deploy           0/1       Completed   0          6d10h
2020-07-15 13:37:08 my-connect-cluster-connect-3-deploy           0/1       Completed   0          5h56m
2020-07-15 13:37:08 my-connect-cluster-connect-3-xcwkf            1/1       Running     0          37m
2020-07-15 13:37:08 mysql-1-deploy                                0/1       Completed   0          6d8h
2020-07-15 13:37:08 mysql-2-deploy                                0/1       Completed   0          6d7h
2020-07-15 13:37:08 mysql-2-khmsf                                 1/1       Running     0          6d7h

2020-07-15 13:37:10 NAME                                          READY     STATUS      RESTARTS   AGE
2020-07-15 13:37:10 my-cluster-entity-operator-676d44468b-kjrvk   3/3       Running     0          6d7h
2020-07-15 13:37:10 my-cluster-kafka-0                            2/2       Running     0          16m
2020-07-15 13:37:10 my-cluster-kafka-1                            2/2       Running     0          6d7h
2020-07-15 13:37:10 my-cluster-kafka-2                            2/2       Running     0          6d7h
2020-07-15 13:37:10 my-cluster-zookeeper-0                        1/1       Running     0          6m29s
2020-07-15 13:37:10 my-cluster-zookeeper-1                        1/1       Running     0          6d7h
2020-07-15 13:37:10 my-cluster-zookeeper-2                        1/1       Running     0          6d7h
2020-07-15 13:37:10 my-connect-cluster-connect-1-deploy           0/1       Completed   0          6d10h
2020-07-15 13:37:10 my-connect-cluster-connect-2-deploy           0/1       Completed   0          6d10h
2020-07-15 13:37:10 my-connect-cluster-connect-3-deploy           0/1       Completed   0          5h56m
2020-07-15 13:37:10 my-connect-cluster-connect-3-xcwkf            1/1       Running     0          37m
2020-07-15 13:37:10 mysql-1-deploy                                0/1       Completed   0          6d8h
2020-07-15 13:37:10 mysql-2-deploy                                0/1       Completed   0          6d7h
2020-07-15 13:37:10 mysql-2-khmsf                                 1/1       Running     0          6d7h

2020-07-15 13:37:11 NAME                                          READY     STATUS      RESTARTS   AGE
2020-07-15 13:37:11 my-cluster-entity-operator-676d44468b-kjrvk   3/3       Running     0          6d7h
2020-07-15 13:37:11 my-cluster-kafka-0                            2/2       Running     0          16m
2020-07-15 13:37:11 my-cluster-kafka-1                            2/2       Running     0          6d7h
2020-07-15 13:37:11 my-cluster-kafka-2                            2/2       Running     0          6d7h
2020-07-15 13:37:11 my-cluster-zookeeper-0                        1/1       Running     0          6m30s
2020-07-15 13:37:11 my-cluster-zookeeper-1                        1/1       Running     0          6d7h
2020-07-15 13:37:11 my-cluster-zookeeper-2                        1/1       Running     0          6d7h
2020-07-15 13:37:11 my-connect-cluster-connect-1-deploy           0/1       Completed   0          6d10h
2020-07-15 13:37:11 my-connect-cluster-connect-2-deploy           0/1       Completed   0          6d10h
2020-07-15 13:37:11 my-connect-cluster-connect-3-deploy           0/1       Completed   0          5h56m
2020-07-15 13:37:11 my-connect-cluster-connect-3-xcwkf            1/1       Running     0          37m
2020-07-15 13:37:11 mysql-1-deploy                                0/1       Completed   0          6d8h
2020-07-15 13:37:11 mysql-2-deploy                                0/1       Completed   0          6d7h
2020-07-15 13:37:11 mysql-2-khmsf                                 1/1       Running     0          6d7h

2020-07-15 13:37:12 NAME                                          READY     STATUS      RESTARTS   AGE
2020-07-15 13:37:12 my-cluster-entity-operator-676d44468b-kjrvk   3/3       Running     0          6d7h
2020-07-15 13:37:12 my-cluster-kafka-0                            2/2       Running     0          16m
2020-07-15 13:37:12 my-cluster-kafka-1                            2/2       Running     0          6d7h
2020-07-15 13:37:12 my-cluster-kafka-2                            2/2       Running     0          6d7h
2020-07-15 13:37:12 my-cluster-zookeeper-0                        1/1       Running     0          6m32s
2020-07-15 13:37:12 my-cluster-zookeeper-1                        1/1       Running     0          6d7h
2020-07-15 13:37:12 my-cluster-zookeeper-2                        1/1       Running     0          6d7h
2020-07-15 13:37:12 my-connect-cluster-connect-1-deploy           0/1       Completed   0          6d10h
2020-07-15 13:37:12 my-connect-cluster-connect-2-deploy           0/1       Completed   0          6d10h
2020-07-15 13:37:12 my-connect-cluster-connect-3-deploy           0/1       Completed   0          5h56m
2020-07-15 13:37:12 my-connect-cluster-connect-3-xcwkf            1/1       Running     0          37m
2020-07-15 13:37:12 mysql-1-deploy                                0/1       Completed   0          6d8h
2020-07-15 13:37:12 mysql-2-deploy                                0/1       Completed   0          6d7h
2020-07-15 13:37:12 mysql-2-khmsf                                 1/1       Running     0          6d7h

2020-07-15 13:37:14 NAME                                          READY     STATUS      RESTARTS   AGE
2020-07-15 13:37:14 my-cluster-entity-operator-676d44468b-kjrvk   3/3       Running     0          6d7h
2020-07-15 13:37:14 my-cluster-kafka-0                            2/2       Running     0          16m
2020-07-15 13:37:14 my-cluster-kafka-1                            2/2       Running     0          6d7h
2020-07-15 13:37:14 my-cluster-kafka-2                            2/2       Running     0          6d7h
2020-07-15 13:37:14 my-cluster-zookeeper-0                        1/1       Running     0          6m33s
2020-07-15 13:37:14 my-cluster-zookeeper-1                        1/1       Running     0          6d7h
2020-07-15 13:37:14 my-cluster-zookeeper-2                        1/1       Running     0          6d7h
2020-07-15 13:37:14 my-connect-cluster-connect-1-deploy           0/1       Completed   0          6d10h
2020-07-15 13:37:14 my-connect-cluster-connect-2-deploy           0/1       Completed   0          6d10h
2020-07-15 13:37:14 my-connect-cluster-connect-3-deploy           0/1       Completed   0          5h56m
2020-07-15 13:37:14 my-connect-cluster-connect-3-xcwkf            1/1       Running     0          37m
2020-07-15 13:37:14 mysql-1-deploy                                0/1       Completed   0          6d8h
2020-07-15 13:37:14 mysql-2-deploy                                0/1       Completed   0          6d7h
2020-07-15 13:37:14 mysql-2-khmsf                                 1/1       Running     0          6d7h

2020-07-15 13:37:15 NAME                                          READY     STATUS      RESTARTS   AGE
2020-07-15 13:37:15 my-cluster-entity-operator-676d44468b-kjrvk   3/3       Running     0          6d7h
2020-07-15 13:37:15 my-cluster-kafka-0                            2/2       Running     0          16m
2020-07-15 13:37:15 my-cluster-kafka-1                            2/2       Running     0          6d7h
2020-07-15 13:37:15 my-cluster-kafka-2                            2/2       Running     0          6d7h
2020-07-15 13:37:15 my-cluster-zookeeper-0                        1/1       Running     0          6m34s
2020-07-15 13:37:15 my-cluster-zookeeper-1                        1/1       Running     0          6d7h
2020-07-15 13:37:15 my-cluster-zookeeper-2                        1/1       Running     0          6d7h
2020-07-15 13:37:15 my-connect-cluster-connect-1-deploy           0/1       Completed   0          6d10h
2020-07-15 13:37:15 my-connect-cluster-connect-2-deploy           0/1       Completed   0          6d10h
2020-07-15 13:37:15 my-connect-cluster-connect-3-deploy           0/1       Completed   0          5h56m
2020-07-15 13:37:15 my-connect-cluster-connect-3-xcwkf            1/1       Running     0          37m
2020-07-15 13:37:15 mysql-1-deploy                                0/1       Completed   0          6d8h
2020-07-15 13:37:15 mysql-2-deploy                                0/1       Completed   0          6d7h
2020-07-15 13:37:15 mysql-2-khmsf                                 1/1       Running     0          6d7h

2020-07-15 13:37:16 NAME                                          READY     STATUS      RESTARTS   AGE
2020-07-15 13:37:16 my-cluster-entity-operator-676d44468b-kjrvk   3/3       Running     0          6d7h
2020-07-15 13:37:16 my-cluster-kafka-0                            2/2       Running     0          16m
2020-07-15 13:37:16 my-cluster-kafka-1                            2/2       Running     0          6d7h
2020-07-15 13:37:16 my-cluster-kafka-2                            2/2       Running     0          6d7h
2020-07-15 13:37:16 my-cluster-zookeeper-0                        1/1       Running     0          6m36s
2020-07-15 13:37:16 my-cluster-zookeeper-1                        1/1       Running     0          6d7h
2020-07-15 13:37:16 my-cluster-zookeeper-2                        1/1       Running     0          6d7h
2020-07-15 13:37:16 my-connect-cluster-connect-1-deploy           0/1       Completed   0          6d10h
2020-07-15 13:37:16 my-connect-cluster-connect-2-deploy           0/1       Completed   0          6d10h
2020-07-15 13:37:16 my-connect-cluster-connect-3-deploy           0/1       Completed   0          5h56m
2020-07-15 13:37:16 my-connect-cluster-connect-3-xcwkf            1/1       Running     0          37m
2020-07-15 13:37:16 mysql-1-deploy                                0/1       Completed   0          6d8h
2020-07-15 13:37:16 mysql-2-deploy                                0/1       Completed   0          6d7h
2020-07-15 13:37:16 mysql-2-khmsf                                 1/1       Running     0          6d7h

2020-07-15 13:37:18 NAME                                          READY     STATUS      RESTARTS   AGE
2020-07-15 13:37:18 my-cluster-entity-operator-676d44468b-kjrvk   3/3       Running     0          6d7h
2020-07-15 13:37:18 my-cluster-kafka-0                            2/2       Running     0          16m
2020-07-15 13:37:18 my-cluster-kafka-1                            2/2       Running     0          6d7h
2020-07-15 13:37:18 my-cluster-kafka-2                            2/2       Running     0          6d7h
2020-07-15 13:37:18 my-cluster-zookeeper-0                        1/1       Running     0          6m37s
2020-07-15 13:37:18 my-cluster-zookeeper-1                        1/1       Running     0          6d7h
2020-07-15 13:37:18 my-cluster-zookeeper-2                        1/1       Running     0          6d7h
2020-07-15 13:37:18 my-connect-cluster-connect-1-deploy           0/1       Completed   0          6d10h
2020-07-15 13:37:18 my-connect-cluster-connect-2-deploy           0/1       Completed   0          6d10h
2020-07-15 13:37:18 my-connect-cluster-connect-3-deploy           0/1       Completed   0          5h56m
2020-07-15 13:37:18 my-connect-cluster-connect-3-xcwkf            1/1       Running     0          37m
2020-07-15 13:37:18 mysql-1-deploy                                0/1       Completed   0          6d8h
2020-07-15 13:37:18 mysql-2-deploy                                0/1       Completed   0          6d7h
2020-07-15 13:37:18 mysql-2-khmsf                                 1/1       Running     0          6d7h

2020-07-15 13:37:19 NAME                                          READY     STATUS      RESTARTS   AGE
2020-07-15 13:37:19 my-cluster-entity-operator-676d44468b-kjrvk   3/3       Running     0          6d7h
2020-07-15 13:37:19 my-cluster-kafka-0                            2/2       Running     0          16m
2020-07-15 13:37:19 my-cluster-kafka-1                            2/2       Running     0          6d7h
2020-07-15 13:37:19 my-cluster-kafka-2                            2/2       Running     0          6d7h
2020-07-15 13:37:19 my-cluster-zookeeper-0                        1/1       Running     0          6m38s
2020-07-15 13:37:19 my-cluster-zookeeper-1                        1/1       Running     0          6d7h
2020-07-15 13:37:19 my-cluster-zookeeper-2                        1/1       Running     0          6d7h
2020-07-15 13:37:19 my-connect-cluster-connect-1-deploy           0/1       Completed   0          6d10h
2020-07-15 13:37:19 my-connect-cluster-connect-2-deploy           0/1       Completed   0          6d10h
2020-07-15 13:37:19 my-connect-cluster-connect-3-deploy           0/1       Completed   0          5h56m
2020-07-15 13:37:19 my-connect-cluster-connect-3-xcwkf            1/1       Running     0          37m
2020-07-15 13:37:19 mysql-1-deploy                                0/1       Completed   0          6d8h
2020-07-15 13:37:19 mysql-2-deploy                                0/1       Completed   0          6d7h
2020-07-15 13:37:19 mysql-2-khmsf                                 1/1       Running     0          6d7h

2020-07-15 13:37:20 NAME                                          READY     STATUS      RESTARTS   AGE
2020-07-15 13:37:20 my-cluster-entity-operator-676d44468b-kjrvk   3/3       Running     0          6d7h
2020-07-15 13:37:20 my-cluster-kafka-0                            2/2       Running     0          16m
2020-07-15 13:37:20 my-cluster-kafka-1                            2/2       Running     0          6d7h
2020-07-15 13:37:20 my-cluster-kafka-2                            2/2       Running     0          6d7h
2020-07-15 13:37:20 my-cluster-zookeeper-0                        1/1       Running     0          6m39s
2020-07-15 13:37:20 my-cluster-zookeeper-1                        1/1       Running     0          6d7h
2020-07-15 13:37:20 my-cluster-zookeeper-2                        1/1       Running     0          6d7h
2020-07-15 13:37:20 my-connect-cluster-connect-1-deploy           0/1       Completed   0          6d10h
2020-07-15 13:37:20 my-connect-cluster-connect-2-deploy           0/1       Completed   0          6d10h
2020-07-15 13:37:20 my-connect-cluster-connect-3-deploy           0/1       Completed   0          5h56m
2020-07-15 13:37:20 my-connect-cluster-connect-3-xcwkf            1/1       Running     0          37m
2020-07-15 13:37:20 mysql-1-deploy                                0/1       Completed   0          6d8h
2020-07-15 13:37:20 mysql-2-deploy                                0/1       Completed   0          6d7h
2020-07-15 13:37:20 mysql-2-khmsf                                 1/1       Running     0          6d7h

2020-07-15 13:37:21 NAME                                          READY     STATUS      RESTARTS   AGE
2020-07-15 13:37:21 my-cluster-entity-operator-676d44468b-kjrvk   3/3       Running     0          6d7h
2020-07-15 13:37:21 my-cluster-kafka-0                            2/2       Running     0          16m
2020-07-15 13:37:21 my-cluster-kafka-1                            2/2       Running     0          6d7h
2020-07-15 13:37:21 my-cluster-kafka-2                            2/2       Running     0          6d7h
2020-07-15 13:37:21 my-cluster-zookeeper-0                        1/1       Running     0          6m41s
2020-07-15 13:37:21 my-cluster-zookeeper-1                        1/1       Running     0          6d7h
2020-07-15 13:37:21 my-cluster-zookeeper-2                        1/1       Running     0          6d7h
2020-07-15 13:37:21 my-connect-cluster-connect-1-deploy           0/1       Completed   0          6d10h
2020-07-15 13:37:21 my-connect-cluster-connect-2-deploy           0/1       Completed   0          6d10h
2020-07-15 13:37:21 my-connect-cluster-connect-3-deploy           0/1       Completed   0          5h56m
2020-07-15 13:37:21 my-connect-cluster-connect-3-xcwkf            1/1       Running     0          37m
2020-07-15 13:37:21 mysql-1-deploy                                0/1       Completed   0          6d8h
2020-07-15 13:37:21 mysql-2-deploy                                0/1       Completed   0          6d7h
2020-07-15 13:37:21 mysql-2-khmsf                                 1/1       Running     0          6d7h

2020-07-15 13:37:23 NAME                                          READY     STATUS      RESTARTS   AGE
2020-07-15 13:37:23 my-cluster-entity-operator-676d44468b-kjrvk   3/3       Running     0          6d7h
2020-07-15 13:37:23 my-cluster-kafka-0                            2/2       Running     0          16m
2020-07-15 13:37:23 my-cluster-kafka-1                            2/2       Running     0          6d7h
2020-07-15 13:37:23 my-cluster-kafka-2                            2/2       Running     0          6d7h
2020-07-15 13:37:23 my-cluster-zookeeper-0                        1/1       Running     0          6m42s
2020-07-15 13:37:23 my-cluster-zookeeper-1                        1/1       Running     0          6d7h
2020-07-15 13:37:23 my-cluster-zookeeper-2                        1/1       Running     0          6d7h
2020-07-15 13:37:23 my-connect-cluster-connect-1-deploy           0/1       Completed   0          6d10h
2020-07-15 13:37:23 my-connect-cluster-connect-2-deploy           0/1       Completed   0          6d10h
2020-07-15 13:37:23 my-connect-cluster-connect-3-deploy           0/1       Completed   0          5h56m
2020-07-15 13:37:23 my-connect-cluster-connect-3-xcwkf            1/1       Running     0          37m
2020-07-15 13:37:23 mysql-1-deploy                                0/1       Completed   0          6d8h
2020-07-15 13:37:23 mysql-2-deploy                                0/1       Completed   0          6d7h
2020-07-15 13:37:23 mysql-2-khmsf                                 1/1       Running     0          6d7h

2020-07-15 13:37:24 NAME                                          READY     STATUS      RESTARTS   AGE
2020-07-15 13:37:24 my-cluster-entity-operator-676d44468b-kjrvk   3/3       Running     0          6d7h
2020-07-15 13:37:24 my-cluster-kafka-0                            2/2       Running     0          16m
2020-07-15 13:37:24 my-cluster-kafka-1                            2/2       Running     0          6d7h
2020-07-15 13:37:24 my-cluster-kafka-2                            2/2       Running     0          6d7h
2020-07-15 13:37:24 my-cluster-zookeeper-0                        1/1       Running     0          6m44s
2020-07-15 13:37:24 my-cluster-zookeeper-1                        1/1       Running     0          6d7h
2020-07-15 13:37:24 my-cluster-zookeeper-2                        1/1       Running     0          6d7h
2020-07-15 13:37:24 my-connect-cluster-connect-1-deploy           0/1       Completed   0          6d10h
2020-07-15 13:37:24 my-connect-cluster-connect-2-deploy           0/1       Completed   0          6d10h
2020-07-15 13:37:24 my-connect-cluster-connect-3-deploy           0/1       Completed   0          5h56m
2020-07-15 13:37:24 my-connect-cluster-connect-3-xcwkf            1/1       Running     0          37m
2020-07-15 13:37:24 mysql-1-deploy                                0/1       Completed   0          6d8h
2020-07-15 13:37:24 mysql-2-deploy                                0/1       Completed   0          6d7h
2020-07-15 13:37:24 mysql-2-khmsf                                 1/1       Running     0          6d7h

2020-07-15 13:37:26 NAME                                          READY     STATUS      RESTARTS   AGE
2020-07-15 13:37:26 my-cluster-entity-operator-676d44468b-kjrvk   3/3       Running     0          6d7h
2020-07-15 13:37:26 my-cluster-kafka-0                            2/2       Running     0          16m
2020-07-15 13:37:26 my-cluster-kafka-1                            2/2       Running     0          6d7h
2020-07-15 13:37:26 my-cluster-kafka-2                            2/2       Running     0          6d7h
2020-07-15 13:37:26 my-cluster-zookeeper-0                        1/1       Running     0          6m45s
2020-07-15 13:37:26 my-cluster-zookeeper-1                        1/1       Running     0          6d7h
2020-07-15 13:37:26 my-cluster-zookeeper-2                        1/1       Running     0          6d7h
2020-07-15 13:37:26 my-connect-cluster-connect-1-deploy           0/1       Completed   0          6d10h
2020-07-15 13:37:26 my-connect-cluster-connect-2-deploy           0/1       Completed   0          6d10h
2020-07-15 13:37:26 my-connect-cluster-connect-3-deploy           0/1       Completed   0          5h56m
2020-07-15 13:37:26 my-connect-cluster-connect-3-xcwkf            1/1       Running     0          37m
2020-07-15 13:37:26 mysql-1-deploy                                0/1       Completed   0          6d8h
2020-07-15 13:37:26 mysql-2-deploy                                0/1       Completed   0          6d7h
2020-07-15 13:37:26 mysql-2-khmsf                                 1/1       Running     0          6d7h

2020-07-15 13:37:27 NAME                                          READY     STATUS      RESTARTS   AGE
2020-07-15 13:37:27 my-cluster-entity-operator-676d44468b-kjrvk   3/3       Running     0          6d7h
2020-07-15 13:37:27 my-cluster-kafka-0                            2/2       Running     0          16m
2020-07-15 13:37:27 my-cluster-kafka-1                            2/2       Running     0          6d7h
2020-07-15 13:37:27 my-cluster-kafka-2                            2/2       Running     0          6d7h
2020-07-15 13:37:27 my-cluster-zookeeper-0                        1/1       Running     0          6m46s
2020-07-15 13:37:27 my-cluster-zookeeper-1                        1/1       Running     0          6d7h
2020-07-15 13:37:27 my-cluster-zookeeper-2                        1/1       Running     0          6d7h
2020-07-15 13:37:27 my-connect-cluster-connect-1-deploy           0/1       Completed   0          6d10h
2020-07-15 13:37:27 my-connect-cluster-connect-2-deploy           0/1       Completed   0          6d10h
2020-07-15 13:37:27 my-connect-cluster-connect-3-deploy           0/1       Completed   0          5h56m
2020-07-15 13:37:27 my-connect-cluster-connect-3-xcwkf            1/1       Running     0          37m
2020-07-15 13:37:27 mysql-1-deploy                                0/1       Completed   0          6d8h
2020-07-15 13:37:27 mysql-2-deploy                                0/1       Completed   0          6d7h
2020-07-15 13:37:27 mysql-2-khmsf                                 1/1       Running     0          6d7h

2020-07-15 13:37:28 NAME                                          READY     STATUS      RESTARTS   AGE
2020-07-15 13:37:28 my-cluster-entity-operator-676d44468b-kjrvk   3/3       Running     0          6d7h
2020-07-15 13:37:28 my-cluster-kafka-0                            2/2       Running     0          16m
2020-07-15 13:37:28 my-cluster-kafka-1                            2/2       Running     0          6d7h
2020-07-15 13:37:28 my-cluster-kafka-2                            2/2       Running     0          6d7h
2020-07-15 13:37:28 my-cluster-zookeeper-0                        1/1       Running     0          6m48s
2020-07-15 13:37:28 my-cluster-zookeeper-1                        1/1       Running     0          6d7h
2020-07-15 13:37:28 my-cluster-zookeeper-2                        1/1       Running     0          6d7h
2020-07-15 13:37:28 my-connect-cluster-connect-1-deploy           0/1       Completed   0          6d10h
2020-07-15 13:37:28 my-connect-cluster-connect-2-deploy           0/1       Completed   0          6d10h
2020-07-15 13:37:28 my-connect-cluster-connect-3-deploy           0/1       Completed   0          5h56m
2020-07-15 13:37:28 my-connect-cluster-connect-3-xcwkf            1/1       Running     0          38m
2020-07-15 13:37:28 mysql-1-deploy                                0/1       Completed   0          6d8h
2020-07-15 13:37:28 mysql-2-deploy                                0/1       Completed   0          6d7h
2020-07-15 13:37:28 mysql-2-khmsf                                 1/1       Running     0          6d7h

2020-07-15 13:37:30 NAME                                          READY     STATUS      RESTARTS   AGE
2020-07-15 13:37:30 my-cluster-entity-operator-676d44468b-kjrvk   3/3       Running     0          6d7h
2020-07-15 13:37:30 my-cluster-kafka-0                            2/2       Running     0          16m
2020-07-15 13:37:30 my-cluster-kafka-1                            2/2       Running     0          6d7h
2020-07-15 13:37:30 my-cluster-kafka-2                            2/2       Running     0          6d7h
2020-07-15 13:37:30 my-cluster-zookeeper-0                        1/1       Running     0          6m49s
2020-07-15 13:37:30 my-cluster-zookeeper-1                        1/1       Running     0          6d7h
2020-07-15 13:37:30 my-cluster-zookeeper-2                        1/1       Running     0          6d7h
2020-07-15 13:37:30 my-connect-cluster-connect-1-deploy           0/1       Completed   0          6d10h
2020-07-15 13:37:30 my-connect-cluster-connect-2-deploy           0/1       Completed   0          6d10h
2020-07-15 13:37:30 my-connect-cluster-connect-3-deploy           0/1       Completed   0          5h56m
2020-07-15 13:37:30 my-connect-cluster-connect-3-xcwkf            1/1       Running     0          38m
2020-07-15 13:37:30 mysql-1-deploy                                0/1       Completed   0          6d8h
2020-07-15 13:37:30 mysql-2-deploy                                0/1       Completed   0          6d7h
2020-07-15 13:37:30 mysql-2-khmsf                                 1/1       Running     0          6d7h

2020-07-15 13:37:31 NAME                                          READY     STATUS      RESTARTS   AGE
2020-07-15 13:37:31 my-cluster-entity-operator-676d44468b-kjrvk   3/3       Running     0          6d7h
2020-07-15 13:37:31 my-cluster-kafka-0                            2/2       Running     0          16m
2020-07-15 13:37:31 my-cluster-kafka-1                            2/2       Running     0          6d7h
2020-07-15 13:37:31 my-cluster-kafka-2                            2/2       Running     0          6d7h
2020-07-15 13:37:31 my-cluster-zookeeper-0                        1/1       Running     0          6m50s
2020-07-15 13:37:31 my-cluster-zookeeper-1                        1/1       Running     0          6d7h
2020-07-15 13:37:31 my-cluster-zookeeper-2                        1/1       Running     0          6d7h
2020-07-15 13:37:31 my-connect-cluster-connect-1-deploy           0/1       Completed   0          6d10h
2020-07-15 13:37:31 my-connect-cluster-connect-2-deploy           0/1       Completed   0          6d10h
2020-07-15 13:37:31 my-connect-cluster-connect-3-deploy           0/1       Completed   0          5h56m
2020-07-15 13:37:31 my-connect-cluster-connect-3-xcwkf            1/1       Running     0          38m
2020-07-15 13:37:31 mysql-1-deploy                                0/1       Completed   0          6d8h
2020-07-15 13:37:31 mysql-2-deploy                                0/1       Completed   0          6d7h
2020-07-15 13:37:31 mysql-2-khmsf                                 1/1       Running     0          6d7h

2020-07-15 13:37:32 NAME                                          READY     STATUS      RESTARTS   AGE
2020-07-15 13:37:32 my-cluster-entity-operator-676d44468b-kjrvk   3/3       Running     0          6d7h
2020-07-15 13:37:32 my-cluster-kafka-0                            2/2       Running     0          16m
2020-07-15 13:37:32 my-cluster-kafka-1                            2/2       Running     0          6d7h
2020-07-15 13:37:32 my-cluster-kafka-2                            2/2       Running     0          6d7h
2020-07-15 13:37:32 my-cluster-zookeeper-0                        1/1       Running     0          6m52s
2020-07-15 13:37:32 my-cluster-zookeeper-1                        1/1       Running     0          6d7h
2020-07-15 13:37:32 my-cluster-zookeeper-2                        1/1       Running     0          6d7h
2020-07-15 13:37:32 my-connect-cluster-connect-1-deploy           0/1       Completed   0          6d10h
2020-07-15 13:37:32 my-connect-cluster-connect-2-deploy           0/1       Completed   0          6d10h
2020-07-15 13:37:32 my-connect-cluster-connect-3-deploy           0/1       Completed   0          5h57m
2020-07-15 13:37:32 my-connect-cluster-connect-3-xcwkf            1/1       Running     0          38m
2020-07-15 13:37:32 mysql-1-deploy                                0/1       Completed   0          6d8h
2020-07-15 13:37:32 mysql-2-deploy                                0/1       Completed   0          6d7h
2020-07-15 13:37:32 mysql-2-khmsf                                 1/1       Running     0          6d7h

2020-07-15 13:37:34 NAME                                          READY     STATUS      RESTARTS   AGE
2020-07-15 13:37:34 my-cluster-entity-operator-676d44468b-kjrvk   3/3       Running     0          6d7h
2020-07-15 13:37:34 my-cluster-kafka-0                            2/2       Running     0          16m
2020-07-15 13:37:34 my-cluster-kafka-1                            2/2       Running     0          6d7h
2020-07-15 13:37:34 my-cluster-kafka-2                            2/2       Running     0          6d7h
2020-07-15 13:37:34 my-cluster-zookeeper-0                        1/1       Running     0          6m53s
2020-07-15 13:37:34 my-cluster-zookeeper-1                        1/1       Running     0          6d7h
2020-07-15 13:37:34 my-cluster-zookeeper-2                        1/1       Running     0          6d7h
2020-07-15 13:37:34 my-connect-cluster-connect-1-deploy           0/1       Completed   0          6d10h
2020-07-15 13:37:34 my-connect-cluster-connect-2-deploy           0/1       Completed   0          6d10h
2020-07-15 13:37:34 my-connect-cluster-connect-3-deploy           0/1       Completed   0          5h57m
2020-07-15 13:37:34 my-connect-cluster-connect-3-xcwkf            1/1       Running     0          38m
2020-07-15 13:37:34 mysql-1-deploy                                0/1       Completed   0          6d8h
2020-07-15 13:37:34 mysql-2-deploy                                0/1       Completed   0          6d7h
2020-07-15 13:37:34 mysql-2-khmsf                                 1/1       Running     0          6d7h

2020-07-15 13:37:35 NAME                                          READY     STATUS      RESTARTS   AGE
2020-07-15 13:37:35 my-cluster-entity-operator-676d44468b-kjrvk   3/3       Running     0          6d7h
2020-07-15 13:37:35 my-cluster-kafka-0                            2/2       Running     0          16m
2020-07-15 13:37:35 my-cluster-kafka-1                            2/2       Running     0          6d7h
2020-07-15 13:37:35 my-cluster-kafka-2                            2/2       Running     0          6d7h
2020-07-15 13:37:35 my-cluster-zookeeper-0                        1/1       Running     0          6m54s
2020-07-15 13:37:35 my-cluster-zookeeper-1                        1/1       Running     0          6d7h
2020-07-15 13:37:35 my-cluster-zookeeper-2                        1/1       Running     0          6d7h
2020-07-15 13:37:35 my-connect-cluster-connect-1-deploy           0/1       Completed   0          6d10h
2020-07-15 13:37:35 my-connect-cluster-connect-2-deploy           0/1       Completed   0          6d10h
2020-07-15 13:37:35 my-connect-cluster-connect-3-deploy           0/1       Completed   0          5h57m
2020-07-15 13:37:35 my-connect-cluster-connect-3-xcwkf            1/1       Running     0          38m
2020-07-15 13:37:35 mysql-1-deploy                                0/1       Completed   0          6d8h
2020-07-15 13:37:35 mysql-2-deploy                                0/1       Completed   0          6d7h
2020-07-15 13:37:35 mysql-2-khmsf                                 1/1       Running     0          6d7h

2020-07-15 13:37:36 NAME                                          READY     STATUS      RESTARTS   AGE
2020-07-15 13:37:36 my-cluster-entity-operator-676d44468b-kjrvk   3/3       Running     0          6d7h
2020-07-15 13:37:36 my-cluster-kafka-0                            2/2       Running     0          16m
2020-07-15 13:37:36 my-cluster-kafka-1                            2/2       Running     0          6d7h
2020-07-15 13:37:36 my-cluster-kafka-2                            2/2       Running     0          6d7h
2020-07-15 13:37:36 my-cluster-zookeeper-0                        1/1       Running     0          6m55s
2020-07-15 13:37:36 my-cluster-zookeeper-1                        1/1       Running     0          6d7h
2020-07-15 13:37:36 my-cluster-zookeeper-2                        1/1       Running     0          6d7h
2020-07-15 13:37:36 my-connect-cluster-connect-1-deploy           0/1       Completed   0          6d10h
2020-07-15 13:37:36 my-connect-cluster-connect-2-deploy           0/1       Completed   0          6d10h
2020-07-15 13:37:36 my-connect-cluster-connect-3-deploy           0/1       Completed   0          5h57m
2020-07-15 13:37:36 my-connect-cluster-connect-3-xcwkf            1/1       Running     0          38m
2020-07-15 13:37:36 mysql-1-deploy                                0/1       Completed   0          6d8h
2020-07-15 13:37:36 mysql-2-deploy                                0/1       Completed   0          6d7h
2020-07-15 13:37:36 mysql-2-khmsf                                 1/1       Running     0          6d7h

2020-07-15 13:37:37 NAME                                          READY     STATUS      RESTARTS   AGE
2020-07-15 13:37:37 my-cluster-entity-operator-676d44468b-kjrvk   3/3       Running     0          6d7h
2020-07-15 13:37:37 my-cluster-kafka-0                            2/2       Running     0          16m
2020-07-15 13:37:37 my-cluster-kafka-1                            2/2       Running     0          6d7h
2020-07-15 13:37:37 my-cluster-kafka-2                            2/2       Running     0          6d7h
2020-07-15 13:37:37 my-cluster-zookeeper-0                        1/1       Running     0          6m57s
2020-07-15 13:37:37 my-cluster-zookeeper-1                        1/1       Running     0          6d7h
2020-07-15 13:37:37 my-cluster-zookeeper-2                        1/1       Running     0          6d7h
2020-07-15 13:37:37 my-connect-cluster-connect-1-deploy           0/1       Completed   0          6d10h
2020-07-15 13:37:37 my-connect-cluster-connect-2-deploy           0/1       Completed   0          6d10h
2020-07-15 13:37:37 my-connect-cluster-connect-3-deploy           0/1       Completed   0          5h57m
2020-07-15 13:37:37 my-connect-cluster-connect-3-xcwkf            1/1       Running     0          38m
2020-07-15 13:37:37 mysql-1-deploy                                0/1       Completed   0          6d8h
2020-07-15 13:37:37 mysql-2-deploy                                0/1       Completed   0          6d7h
2020-07-15 13:37:37 mysql-2-khmsf                                 1/1       Running     0          6d7h

2020-07-15 13:37:39 NAME                                          READY     STATUS      RESTARTS   AGE
2020-07-15 13:37:39 my-cluster-entity-operator-676d44468b-kjrvk   3/3       Running     0          6d7h
2020-07-15 13:37:39 my-cluster-kafka-0                            2/2       Running     0          16m
2020-07-15 13:37:39 my-cluster-kafka-1                            2/2       Running     0          6d7h
2020-07-15 13:37:39 my-cluster-kafka-2                            2/2       Running     0          6d7h
2020-07-15 13:37:39 my-cluster-zookeeper-0                        1/1       Running     0          6m58s
2020-07-15 13:37:39 my-cluster-zookeeper-1                        1/1       Running     0          6d7h
2020-07-15 13:37:39 my-cluster-zookeeper-2                        1/1       Running     0          6d7h
2020-07-15 13:37:39 my-connect-cluster-connect-1-deploy           0/1       Completed   0          6d10h
2020-07-15 13:37:39 my-connect-cluster-connect-2-deploy           0/1       Completed   0          6d10h
2020-07-15 13:37:39 my-connect-cluster-connect-3-deploy           0/1       Completed   0          5h57m
2020-07-15 13:37:39 my-connect-cluster-connect-3-xcwkf            1/1       Running     0          38m
2020-07-15 13:37:39 mysql-1-deploy                                0/1       Completed   0          6d8h
2020-07-15 13:37:39 mysql-2-deploy                                0/1       Completed   0          6d7h
2020-07-15 13:37:39 mysql-2-khmsf                                 1/1       Running     0          6d7h

2020-07-15 13:37:40 NAME                                          READY     STATUS      RESTARTS   AGE
2020-07-15 13:37:40 my-cluster-entity-operator-676d44468b-kjrvk   3/3       Running     0          6d7h
2020-07-15 13:37:40 my-cluster-kafka-0                            2/2       Running     0          16m
2020-07-15 13:37:40 my-cluster-kafka-1                            2/2       Running     0          6d7h
2020-07-15 13:37:40 my-cluster-kafka-2                            2/2       Running     0          6d7h
2020-07-15 13:37:40 my-cluster-zookeeper-0                        1/1       Running     0          6m59s
2020-07-15 13:37:40 my-cluster-zookeeper-1                        1/1       Running     0          6d7h
2020-07-15 13:37:40 my-cluster-zookeeper-2                        1/1       Running     0          6d7h
2020-07-15 13:37:40 my-connect-cluster-connect-1-deploy           0/1       Completed   0          6d10h
2020-07-15 13:37:40 my-connect-cluster-connect-2-deploy           0/1       Completed   0          6d10h
2020-07-15 13:37:40 my-connect-cluster-connect-3-deploy           0/1       Completed   0          5h57m
2020-07-15 13:37:40 my-connect-cluster-connect-3-xcwkf            1/1       Running     0          38m
2020-07-15 13:37:40 mysql-1-deploy                                0/1       Completed   0          6d8h
2020-07-15 13:37:40 mysql-2-deploy                                0/1       Completed   0          6d7h
2020-07-15 13:37:40 mysql-2-khmsf                                 1/1       Running     0          6d7h

2020-07-15 13:37:41 NAME                                          READY     STATUS      RESTARTS   AGE
2020-07-15 13:37:41 my-cluster-entity-operator-676d44468b-kjrvk   3/3       Running     0          6d7h
2020-07-15 13:37:41 my-cluster-kafka-0                            2/2       Running     0          16m
2020-07-15 13:37:41 my-cluster-kafka-1                            2/2       Running     0          6d7h
2020-07-15 13:37:41 my-cluster-kafka-2                            2/2       Running     0          6d7h
2020-07-15 13:37:41 my-cluster-zookeeper-0                        1/1       Running     0          7m1s
2020-07-15 13:37:41 my-cluster-zookeeper-1                        1/1       Running     0          6d7h
2020-07-15 13:37:41 my-cluster-zookeeper-2                        1/1       Running     0          6d7h
2020-07-15 13:37:41 my-connect-cluster-connect-1-deploy           0/1       Completed   0          6d10h
2020-07-15 13:37:41 my-connect-cluster-connect-2-deploy           0/1       Completed   0          6d10h
2020-07-15 13:37:41 my-connect-cluster-connect-3-deploy           0/1       Completed   0          5h57m
2020-07-15 13:37:41 my-connect-cluster-connect-3-xcwkf            1/1       Running     0          38m
2020-07-15 13:37:41 mysql-1-deploy                                0/1       Completed   0          6d8h
2020-07-15 13:37:41 mysql-2-deploy                                0/1       Completed   0          6d7h
2020-07-15 13:37:41 mysql-2-khmsf                                 1/1       Running     0          6d7h

2020-07-15 13:37:43 NAME                                          READY     STATUS      RESTARTS   AGE
2020-07-15 13:37:43 my-cluster-entity-operator-676d44468b-kjrvk   3/3       Running     0          6d7h
2020-07-15 13:37:43 my-cluster-kafka-0                            2/2       Running     0          16m
2020-07-15 13:37:43 my-cluster-kafka-1                            2/2       Running     0          6d7h
2020-07-15 13:37:43 my-cluster-kafka-2                            2/2       Running     0          6d7h
2020-07-15 13:37:43 my-cluster-zookeeper-0                        1/1       Running     0          7m2s
2020-07-15 13:37:43 my-cluster-zookeeper-1                        1/1       Running     0          6d7h
2020-07-15 13:37:43 my-cluster-zookeeper-2                        1/1       Running     0          6d7h
2020-07-15 13:37:43 my-connect-cluster-connect-1-deploy           0/1       Completed   0          6d10h
2020-07-15 13:37:43 my-connect-cluster-connect-2-deploy           0/1       Completed   0          6d10h
2020-07-15 13:37:43 my-connect-cluster-connect-3-deploy           0/1       Completed   0          5h57m
2020-07-15 13:37:43 my-connect-cluster-connect-3-xcwkf            1/1       Running     0          38m
2020-07-15 13:37:43 mysql-1-deploy                                0/1       Completed   0          6d8h
2020-07-15 13:37:43 mysql-2-deploy                                0/1       Completed   0          6d7h
2020-07-15 13:37:43 mysql-2-khmsf                                 1/1       Running     0          6d7h

2020-07-15 13:37:44 NAME                                          READY     STATUS      RESTARTS   AGE
2020-07-15 13:37:44 my-cluster-entity-operator-676d44468b-kjrvk   3/3       Running     0          6d7h
2020-07-15 13:37:44 my-cluster-kafka-0                            2/2       Running     0          16m
2020-07-15 13:37:44 my-cluster-kafka-1                            2/2       Running     0          6d7h
2020-07-15 13:37:44 my-cluster-kafka-2                            2/2       Running     0          6d7h
2020-07-15 13:37:44 my-cluster-zookeeper-0                        1/1       Running     0          7m3s
2020-07-15 13:37:44 my-cluster-zookeeper-1                        1/1       Running     0          6d7h
2020-07-15 13:37:44 my-cluster-zookeeper-2                        1/1       Running     0          6d7h
2020-07-15 13:37:44 my-connect-cluster-connect-1-deploy           0/1       Completed   0          6d10h
2020-07-15 13:37:44 my-connect-cluster-connect-2-deploy           0/1       Completed   0          6d10h
2020-07-15 13:37:44 my-connect-cluster-connect-3-deploy           0/1       Completed   0          5h57m
2020-07-15 13:37:44 my-connect-cluster-connect-3-xcwkf            1/1       Running     0          38m
2020-07-15 13:37:44 mysql-1-deploy                                0/1       Completed   0          6d8h
2020-07-15 13:37:44 mysql-2-deploy                                0/1       Completed   0          6d7h
2020-07-15 13:37:44 mysql-2-khmsf                                 1/1       Running     0          6d7h

2020-07-15 13:37:45 NAME                                          READY     STATUS      RESTARTS   AGE
2020-07-15 13:37:45 my-cluster-entity-operator-676d44468b-kjrvk   3/3       Running     0          6d7h
2020-07-15 13:37:45 my-cluster-kafka-0                            2/2       Running     0          16m
2020-07-15 13:37:45 my-cluster-kafka-1                            2/2       Running     0          6d7h
2020-07-15 13:37:45 my-cluster-kafka-2                            2/2       Running     0          6d7h
2020-07-15 13:37:45 my-cluster-zookeeper-0                        1/1       Running     0          7m4s
2020-07-15 13:37:45 my-cluster-zookeeper-1                        1/1       Running     0          6d7h
2020-07-15 13:37:45 my-cluster-zookeeper-2                        1/1       Running     0          6d7h
2020-07-15 13:37:45 my-connect-cluster-connect-1-deploy           0/1       Completed   0          6d10h
2020-07-15 13:37:45 my-connect-cluster-connect-2-deploy           0/1       Completed   0          6d10h
2020-07-15 13:37:45 my-connect-cluster-connect-3-deploy           0/1       Completed   0          5h57m
2020-07-15 13:37:45 my-connect-cluster-connect-3-xcwkf            1/1       Running     0          38m
2020-07-15 13:37:45 mysql-1-deploy                                0/1       Completed   0          6d8h
2020-07-15 13:37:45 mysql-2-deploy                                0/1       Completed   0          6d7h
2020-07-15 13:37:45 mysql-2-khmsf                                 1/1       Running     0          6d7h

2020-07-15 13:37:46 NAME                                          READY     STATUS      RESTARTS   AGE
2020-07-15 13:37:46 my-cluster-entity-operator-676d44468b-kjrvk   3/3       Running     0          6d7h
2020-07-15 13:37:46 my-cluster-kafka-0                            2/2       Running     0          16m
2020-07-15 13:37:46 my-cluster-kafka-1                            2/2       Running     0          6d7h
2020-07-15 13:37:46 my-cluster-kafka-2                            2/2       Running     0          6d7h
2020-07-15 13:37:46 my-cluster-zookeeper-0                        1/1       Running     0          7m6s
2020-07-15 13:37:46 my-cluster-zookeeper-1                        1/1       Running     0          6d7h
2020-07-15 13:37:46 my-cluster-zookeeper-2                        1/1       Running     0          6d7h
2020-07-15 13:37:46 my-connect-cluster-connect-1-deploy           0/1       Completed   0          6d10h
2020-07-15 13:37:46 my-connect-cluster-connect-2-deploy           0/1       Completed   0          6d10h
2020-07-15 13:37:46 my-connect-cluster-connect-3-deploy           0/1       Completed   0          5h57m
2020-07-15 13:37:46 my-connect-cluster-connect-3-xcwkf            1/1       Running     0          38m
2020-07-15 13:37:46 mysql-1-deploy                                0/1       Completed   0          6d8h
2020-07-15 13:37:46 mysql-2-deploy                                0/1       Completed   0          6d7h
2020-07-15 13:37:46 mysql-2-khmsf                                 1/1       Running     0          6d7h

2020-07-15 13:37:48 NAME                                          READY     STATUS      RESTARTS   AGE
2020-07-15 13:37:48 my-cluster-entity-operator-676d44468b-kjrvk   3/3       Running     0          6d7h
2020-07-15 13:37:48 my-cluster-kafka-0                            2/2       Running     0          16m
2020-07-15 13:37:48 my-cluster-kafka-1                            2/2       Running     0          6d7h
2020-07-15 13:37:48 my-cluster-kafka-2                            2/2       Running     0          6d7h
2020-07-15 13:37:48 my-cluster-zookeeper-0                        1/1       Running     0          7m7s
2020-07-15 13:37:48 my-cluster-zookeeper-1                        1/1       Running     0          6d7h
2020-07-15 13:37:48 my-cluster-zookeeper-2                        1/1       Running     0          6d7h
2020-07-15 13:37:48 my-connect-cluster-connect-1-deploy           0/1       Completed   0          6d10h
2020-07-15 13:37:48 my-connect-cluster-connect-2-deploy           0/1       Completed   0          6d10h
2020-07-15 13:37:48 my-connect-cluster-connect-3-deploy           0/1       Completed   0          5h57m
2020-07-15 13:37:48 my-connect-cluster-connect-3-xcwkf            1/1       Running     0          38m
2020-07-15 13:37:48 mysql-1-deploy                                0/1       Completed   0          6d8h
2020-07-15 13:37:48 mysql-2-deploy                                0/1       Completed   0          6d7h
2020-07-15 13:37:48 mysql-2-khmsf                                 1/1       Running     0          6d7h

2020-07-15 13:37:49 NAME                                          READY     STATUS      RESTARTS   AGE
2020-07-15 13:37:49 my-cluster-entity-operator-676d44468b-kjrvk   3/3       Running     0          6d7h
2020-07-15 13:37:49 my-cluster-kafka-0                            2/2       Running     0          16m
2020-07-15 13:37:49 my-cluster-kafka-1                            2/2       Running     0          6d7h
2020-07-15 13:37:49 my-cluster-kafka-2                            2/2       Running     0          6d7h
2020-07-15 13:37:49 my-cluster-zookeeper-0                        1/1       Running     0          7m8s
2020-07-15 13:37:49 my-cluster-zookeeper-1                        1/1       Running     0          6d7h
2020-07-15 13:37:49 my-cluster-zookeeper-2                        1/1       Running     0          6d7h
2020-07-15 13:37:49 my-connect-cluster-connect-1-deploy           0/1       Completed   0          6d10h
2020-07-15 13:37:49 my-connect-cluster-connect-2-deploy           0/1       Completed   0          6d10h
2020-07-15 13:37:49 my-connect-cluster-connect-3-deploy           0/1       Completed   0          5h57m
2020-07-15 13:37:49 my-connect-cluster-connect-3-xcwkf            1/1       Running     0          38m
2020-07-15 13:37:49 mysql-1-deploy                                0/1       Completed   0          6d8h
2020-07-15 13:37:49 mysql-2-deploy                                0/1       Completed   0          6d7h
2020-07-15 13:37:49 mysql-2-khmsf                                 1/1       Running     0          6d7h

2020-07-15 13:37:50 NAME                                          READY     STATUS      RESTARTS   AGE
2020-07-15 13:37:50 my-cluster-entity-operator-676d44468b-kjrvk   3/3       Running     0          6d7h
2020-07-15 13:37:50 my-cluster-kafka-0                            2/2       Running     0          16m
2020-07-15 13:37:50 my-cluster-kafka-1                            2/2       Running     0          6d7h
2020-07-15 13:37:50 my-cluster-kafka-2                            2/2       Running     0          6d7h
2020-07-15 13:37:50 my-cluster-zookeeper-0                        1/1       Running     0          7m10s
2020-07-15 13:37:50 my-cluster-zookeeper-1                        1/1       Running     0          6d7h
2020-07-15 13:37:50 my-cluster-zookeeper-2                        1/1       Running     0          6d7h
2020-07-15 13:37:50 my-connect-cluster-connect-1-deploy           0/1       Completed   0          6d10h
2020-07-15 13:37:50 my-connect-cluster-connect-2-deploy           0/1       Completed   0          6d10h
2020-07-15 13:37:50 my-connect-cluster-connect-3-deploy           0/1       Completed   0          5h57m
2020-07-15 13:37:50 my-connect-cluster-connect-3-xcwkf            1/1       Running     0          38m
2020-07-15 13:37:50 mysql-1-deploy                                0/1       Completed   0          6d8h
2020-07-15 13:37:50 mysql-2-deploy                                0/1       Completed   0          6d7h
2020-07-15 13:37:50 mysql-2-khmsf                                 1/1       Running     0          6d7h

2020-07-15 13:37:52 NAME                                          READY     STATUS      RESTARTS   AGE
2020-07-15 13:37:52 my-cluster-entity-operator-676d44468b-kjrvk   3/3       Running     0          6d7h
2020-07-15 13:37:52 my-cluster-kafka-0                            2/2       Running     0          16m
2020-07-15 13:37:52 my-cluster-kafka-1                            2/2       Running     0          6d7h
2020-07-15 13:37:52 my-cluster-kafka-2                            2/2       Running     0          6d7h
2020-07-15 13:37:52 my-cluster-zookeeper-0                        1/1       Running     0          7m11s
2020-07-15 13:37:52 my-cluster-zookeeper-1                        1/1       Running     0          6d7h
2020-07-15 13:37:52 my-cluster-zookeeper-2                        1/1       Running     0          6d7h
2020-07-15 13:37:52 my-connect-cluster-connect-1-deploy           0/1       Completed   0          6d10h
2020-07-15 13:37:52 my-connect-cluster-connect-2-deploy           0/1       Completed   0          6d10h
2020-07-15 13:37:52 my-connect-cluster-connect-3-deploy           0/1       Completed   0          5h57m
2020-07-15 13:37:52 my-connect-cluster-connect-3-xcwkf            1/1       Running     0          38m
2020-07-15 13:37:52 mysql-1-deploy                                0/1       Completed   0          6d8h
2020-07-15 13:37:52 mysql-2-deploy                                0/1       Completed   0          6d7h
2020-07-15 13:37:52 mysql-2-khmsf                                 1/1       Running     0          6d7h

2020-07-15 13:37:53 NAME                                          READY     STATUS      RESTARTS   AGE
2020-07-15 13:37:53 my-cluster-entity-operator-676d44468b-kjrvk   3/3       Running     0          6d7h
2020-07-15 13:37:53 my-cluster-kafka-0                            2/2       Running     0          16m
2020-07-15 13:37:53 my-cluster-kafka-1                            2/2       Running     0          6d7h
2020-07-15 13:37:53 my-cluster-kafka-2                            2/2       Running     0          6d7h
2020-07-15 13:37:53 my-cluster-zookeeper-0                        1/1       Running     0          7m12s
2020-07-15 13:37:53 my-cluster-zookeeper-1                        1/1       Running     0          6d7h
2020-07-15 13:37:53 my-cluster-zookeeper-2                        1/1       Running     0          6d7h
2020-07-15 13:37:53 my-connect-cluster-connect-1-deploy           0/1       Completed   0          6d10h
2020-07-15 13:37:53 my-connect-cluster-connect-2-deploy           0/1       Completed   0          6d10h
2020-07-15 13:37:53 my-connect-cluster-connect-3-deploy           0/1       Completed   0          5h57m
2020-07-15 13:37:53 my-connect-cluster-connect-3-xcwkf            1/1       Running     0          38m
2020-07-15 13:37:53 mysql-1-deploy                                0/1       Completed   0          6d8h
2020-07-15 13:37:53 mysql-2-deploy                                0/1       Completed   0          6d7h
2020-07-15 13:37:53 mysql-2-khmsf                                 1/1       Running     0          6d7h

2020-07-15 13:37:54 NAME                                          READY     STATUS      RESTARTS   AGE
2020-07-15 13:37:54 my-cluster-entity-operator-676d44468b-kjrvk   3/3       Running     0          6d7h
2020-07-15 13:37:54 my-cluster-kafka-0                            2/2       Running     0          16m
2020-07-15 13:37:54 my-cluster-kafka-1                            2/2       Running     0          6d7h
2020-07-15 13:37:54 my-cluster-kafka-2                            2/2       Running     0          6d7h
2020-07-15 13:37:54 my-cluster-zookeeper-0                        1/1       Running     0          7m13s
2020-07-15 13:37:54 my-cluster-zookeeper-1                        1/1       Running     0          6d7h
2020-07-15 13:37:54 my-cluster-zookeeper-2                        1/1       Running     0          6d7h
2020-07-15 13:37:54 my-connect-cluster-connect-1-deploy           0/1       Completed   0          6d10h
2020-07-15 13:37:54 my-connect-cluster-connect-2-deploy           0/1       Completed   0          6d10h
2020-07-15 13:37:54 my-connect-cluster-connect-3-deploy           0/1       Completed   0          5h57m
2020-07-15 13:37:54 my-connect-cluster-connect-3-xcwkf            1/1       Running     0          38m
2020-07-15 13:37:54 mysql-1-deploy                                0/1       Completed   0          6d8h
2020-07-15 13:37:54 mysql-2-deploy                                0/1       Completed   0          6d7h
2020-07-15 13:37:54 mysql-2-khmsf                                 1/1       Running     0          6d7h

2020-07-15 13:37:55 NAME                                          READY     STATUS      RESTARTS   AGE
2020-07-15 13:37:55 my-cluster-entity-operator-676d44468b-kjrvk   3/3       Running     0          6d7h
2020-07-15 13:37:55 my-cluster-kafka-0                            2/2       Running     0          16m
2020-07-15 13:37:55 my-cluster-kafka-1                            2/2       Running     0          6d7h
2020-07-15 13:37:55 my-cluster-kafka-2                            2/2       Running     0          6d7h
2020-07-15 13:37:55 my-cluster-zookeeper-0                        1/1       Running     0          7m15s
2020-07-15 13:37:55 my-cluster-zookeeper-1                        1/1       Running     0          6d7h
2020-07-15 13:37:55 my-cluster-zookeeper-2                        1/1       Running     0          6d7h
2020-07-15 13:37:55 my-connect-cluster-connect-1-deploy           0/1       Completed   0          6d10h
2020-07-15 13:37:55 my-connect-cluster-connect-2-deploy           0/1       Completed   0          6d10h
2020-07-15 13:37:55 my-connect-cluster-connect-3-deploy           0/1       Completed   0          5h57m
2020-07-15 13:37:55 my-connect-cluster-connect-3-xcwkf            1/1       Running     0          38m
2020-07-15 13:37:55 mysql-1-deploy                                0/1       Completed   0          6d8h
2020-07-15 13:37:55 mysql-2-deploy                                0/1       Completed   0          6d7h
2020-07-15 13:37:55 mysql-2-khmsf                                 1/1       Running     0          6d7h

2020-07-15 13:37:57 NAME                                          READY     STATUS      RESTARTS   AGE
2020-07-15 13:37:57 my-cluster-entity-operator-676d44468b-kjrvk   3/3       Running     0          6d7h
2020-07-15 13:37:57 my-cluster-kafka-0                            2/2       Running     0          16m
2020-07-15 13:37:57 my-cluster-kafka-1                            2/2       Running     0          6d7h
2020-07-15 13:37:57 my-cluster-kafka-2                            2/2       Running     0          6d7h
2020-07-15 13:37:57 my-cluster-zookeeper-0                        1/1       Running     0          7m16s
2020-07-15 13:37:57 my-cluster-zookeeper-1                        1/1       Running     0          6d7h
2020-07-15 13:37:57 my-cluster-zookeeper-2                        1/1       Running     0          6d7h
2020-07-15 13:37:57 my-connect-cluster-connect-1-deploy           0/1       Completed   0          6d10h
2020-07-15 13:37:57 my-connect-cluster-connect-2-deploy           0/1       Completed   0          6d10h
2020-07-15 13:37:57 my-connect-cluster-connect-3-deploy           0/1       Completed   0          5h57m
2020-07-15 13:37:57 my-connect-cluster-connect-3-xcwkf            1/1       Running     0          38m
2020-07-15 13:37:57 mysql-1-deploy                                0/1       Completed   0          6d8h
2020-07-15 13:37:57 mysql-2-deploy                                0/1       Completed   0          6d7h
2020-07-15 13:37:57 mysql-2-khmsf                                 1/1       Running     0          6d7h

2020-07-15 13:37:58 NAME                                          READY     STATUS      RESTARTS   AGE
2020-07-15 13:37:58 my-cluster-entity-operator-676d44468b-kjrvk   3/3       Running     0          6d7h
2020-07-15 13:37:58 my-cluster-kafka-0                            2/2       Running     0          16m
2020-07-15 13:37:58 my-cluster-kafka-1                            2/2       Running     0          6d7h
2020-07-15 13:37:58 my-cluster-kafka-2                            2/2       Running     0          6d7h
2020-07-15 13:37:58 my-cluster-zookeeper-0                        1/1       Running     0          7m17s
2020-07-15 13:37:58 my-cluster-zookeeper-1                        1/1       Running     0          6d7h
2020-07-15 13:37:58 my-cluster-zookeeper-2                        1/1       Running     0          6d7h
2020-07-15 13:37:58 my-connect-cluster-connect-1-deploy           0/1       Completed   0          6d10h
2020-07-15 13:37:58 my-connect-cluster-connect-2-deploy           0/1       Completed   0          6d10h
2020-07-15 13:37:58 my-connect-cluster-connect-3-deploy           0/1       Completed   0          5h57m
2020-07-15 13:37:58 my-connect-cluster-connect-3-xcwkf            1/1       Running     0          38m
2020-07-15 13:37:58 mysql-1-deploy                                0/1       Completed   0          6d8h
2020-07-15 13:37:58 mysql-2-deploy                                0/1       Completed   0          6d7h
2020-07-15 13:37:58 mysql-2-khmsf                                 1/1       Running     0          6d7h

2020-07-15 13:37:59 NAME                                          READY     STATUS      RESTARTS   AGE
2020-07-15 13:37:59 my-cluster-entity-operator-676d44468b-kjrvk   3/3       Running     0          6d7h
2020-07-15 13:37:59 my-cluster-kafka-0                            2/2       Running     0          17m
2020-07-15 13:37:59 my-cluster-kafka-1                            2/2       Running     0          6d7h
2020-07-15 13:37:59 my-cluster-kafka-2                            2/2       Running     0          6d7h
2020-07-15 13:37:59 my-cluster-zookeeper-0                        1/1       Running     0          7m18s
2020-07-15 13:37:59 my-cluster-zookeeper-1                        1/1       Running     0          6d7h
2020-07-15 13:37:59 my-cluster-zookeeper-2                        1/1       Running     0          6d7h
2020-07-15 13:37:59 my-connect-cluster-connect-1-deploy           0/1       Completed   0          6d10h
2020-07-15 13:37:59 my-connect-cluster-connect-2-deploy           0/1       Completed   0          6d10h
2020-07-15 13:37:59 my-connect-cluster-connect-3-deploy           0/1       Completed   0          5h57m
2020-07-15 13:37:59 my-connect-cluster-connect-3-xcwkf            1/1       Running     0          38m
2020-07-15 13:37:59 mysql-1-deploy                                0/1       Completed   0          6d8h
2020-07-15 13:37:59 mysql-2-deploy                                0/1       Completed   0          6d7h
2020-07-15 13:37:59 mysql-2-khmsf                                 1/1       Running     0          6d7h

