2020-07-15 13:44:35 NAME                                          READY     STATUS      RESTARTS   AGE
2020-07-15 13:44:35 my-cluster-entity-operator-7cbb484468-ntv9q   3/3       Running     0          6h27m
2020-07-15 13:44:35 my-cluster-kafka-0                            2/2       Running     1          3h10m
2020-07-15 13:44:35 my-cluster-kafka-1                            2/2       Running     0          6h28m
2020-07-15 13:44:35 my-cluster-kafka-2                            2/2       Running     0          6h28m
2020-07-15 13:44:35 my-cluster-zookeeper-0                        1/1       Running     0          6h29m
2020-07-15 13:44:35 my-cluster-zookeeper-1                        1/1       Running     0          6h29m
2020-07-15 13:44:35 my-cluster-zookeeper-2                        1/1       Running     0          6h29m
2020-07-15 13:44:35 my-connect-cluster-connect-1-deploy           0/1       Completed   0          6h6m
2020-07-15 13:44:35 my-connect-cluster-connect-2-66cc9            1/1       Running     0          2m52s
2020-07-15 13:44:35 my-connect-cluster-connect-2-deploy           0/1       Completed   0          6h1m
2020-07-15 13:44:35 my-mm2-cluster-mirrormaker2-b9765f446-l7s7r   1/1       Running     0          32m
2020-07-15 13:44:35 mysql-1-deploy                                0/1       Completed   0          7h18m
2020-07-15 13:44:35 mysql-1-hxk6p                                 1/1       Running     0          153m

2020-07-15 13:44:36 NAME                                          READY     STATUS      RESTARTS   AGE
2020-07-15 13:44:36 my-cluster-entity-operator-7cbb484468-ntv9q   3/3       Running     0          6h27m
2020-07-15 13:44:36 my-cluster-kafka-0                            2/2       Running     1          3h10m
2020-07-15 13:44:36 my-cluster-kafka-1                            2/2       Running     0          6h28m
2020-07-15 13:44:36 my-cluster-kafka-2                            2/2       Running     0          6h28m
2020-07-15 13:44:36 my-cluster-zookeeper-0                        1/1       Running     0          6h29m
2020-07-15 13:44:36 my-cluster-zookeeper-1                        1/1       Running     0          6h29m
2020-07-15 13:44:36 my-cluster-zookeeper-2                        1/1       Running     0          6h29m
2020-07-15 13:44:36 my-connect-cluster-connect-1-deploy           0/1       Completed   0          6h6m
2020-07-15 13:44:36 my-connect-cluster-connect-2-66cc9            1/1       Running     0          2m53s
2020-07-15 13:44:36 my-connect-cluster-connect-2-deploy           0/1       Completed   0          6h1m
2020-07-15 13:44:36 my-mm2-cluster-mirrormaker2-b9765f446-l7s7r   1/1       Running     0          32m
2020-07-15 13:44:36 mysql-1-deploy                                0/1       Completed   0          7h18m
2020-07-15 13:44:36 mysql-1-hxk6p                                 1/1       Running     0          153m

2020-07-15 13:44:37 NAME                                          READY     STATUS      RESTARTS   AGE
2020-07-15 13:44:37 my-cluster-entity-operator-7cbb484468-ntv9q   3/3       Running     0          6h27m
2020-07-15 13:44:37 my-cluster-kafka-0                            2/2       Running     1          3h10m
2020-07-15 13:44:37 my-cluster-kafka-1                            2/2       Running     0          6h28m
2020-07-15 13:44:37 my-cluster-kafka-2                            2/2       Running     0          6h28m
2020-07-15 13:44:37 my-cluster-zookeeper-0                        1/1       Running     0          6h29m
2020-07-15 13:44:37 my-cluster-zookeeper-1                        1/1       Running     0          6h29m
2020-07-15 13:44:37 my-cluster-zookeeper-2                        1/1       Running     0          6h29m
2020-07-15 13:44:37 my-connect-cluster-connect-1-deploy           0/1       Completed   0          6h6m
2020-07-15 13:44:37 my-connect-cluster-connect-2-66cc9            1/1       Running     0          2m54s
2020-07-15 13:44:37 my-connect-cluster-connect-2-deploy           0/1       Completed   0          6h1m
2020-07-15 13:44:37 my-mm2-cluster-mirrormaker2-b9765f446-l7s7r   1/1       Running     0          32m
2020-07-15 13:44:37 mysql-1-deploy                                0/1       Completed   0          7h18m
2020-07-15 13:44:37 mysql-1-hxk6p                                 1/1       Running     0          153m

2020-07-15 13:44:38 NAME                                          READY     STATUS      RESTARTS   AGE
2020-07-15 13:44:38 my-cluster-entity-operator-7cbb484468-ntv9q   3/3       Running     0          6h27m
2020-07-15 13:44:38 my-cluster-kafka-0                            2/2       Running     1          3h10m
2020-07-15 13:44:38 my-cluster-kafka-1                            2/2       Running     0          6h28m
2020-07-15 13:44:38 my-cluster-kafka-2                            2/2       Running     0          6h28m
2020-07-15 13:44:38 my-cluster-zookeeper-0                        1/1       Running     0          6h29m
2020-07-15 13:44:38 my-cluster-zookeeper-1                        1/1       Running     0          6h29m
2020-07-15 13:44:38 my-cluster-zookeeper-2                        1/1       Running     0          6h29m
2020-07-15 13:44:38 my-connect-cluster-connect-1-deploy           0/1       Completed   0          6h6m
2020-07-15 13:44:38 my-connect-cluster-connect-2-66cc9            1/1       Running     0          2m56s
2020-07-15 13:44:38 my-connect-cluster-connect-2-deploy           0/1       Completed   0          6h1m
2020-07-15 13:44:38 my-mm2-cluster-mirrormaker2-b9765f446-l7s7r   1/1       Running     0          32m
2020-07-15 13:44:38 mysql-1-deploy                                0/1       Completed   0          7h18m
2020-07-15 13:44:38 mysql-1-hxk6p                                 1/1       Running     0          153m

2020-07-15 13:44:40 NAME                                          READY     STATUS      RESTARTS   AGE
2020-07-15 13:44:40 my-cluster-entity-operator-7cbb484468-ntv9q   3/3       Running     0          6h28m
2020-07-15 13:44:40 my-cluster-kafka-0                            2/2       Running     1          3h10m
2020-07-15 13:44:40 my-cluster-kafka-1                            2/2       Running     0          6h28m
2020-07-15 13:44:40 my-cluster-kafka-2                            2/2       Running     0          6h28m
2020-07-15 13:44:40 my-cluster-zookeeper-0                        1/1       Running     0          6h29m
2020-07-15 13:44:40 my-cluster-zookeeper-1                        1/1       Running     0          6h29m
2020-07-15 13:44:40 my-cluster-zookeeper-2                        1/1       Running     0          6h29m
2020-07-15 13:44:40 my-connect-cluster-connect-1-deploy           0/1       Completed   0          6h6m
2020-07-15 13:44:40 my-connect-cluster-connect-2-66cc9            1/1       Running     0          2m57s
2020-07-15 13:44:40 my-connect-cluster-connect-2-deploy           0/1       Completed   0          6h1m
2020-07-15 13:44:40 my-mm2-cluster-mirrormaker2-b9765f446-l7s7r   1/1       Running     0          32m
2020-07-15 13:44:40 mysql-1-deploy                                0/1       Completed   0          7h18m
2020-07-15 13:44:40 mysql-1-hxk6p                                 1/1       Running     0          153m

2020-07-15 13:44:41 NAME                                          READY     STATUS      RESTARTS   AGE
2020-07-15 13:44:41 my-cluster-entity-operator-7cbb484468-ntv9q   3/3       Running     0          6h28m
2020-07-15 13:44:41 my-cluster-kafka-0                            2/2       Running     1          3h10m
2020-07-15 13:44:41 my-cluster-kafka-1                            2/2       Running     0          6h28m
2020-07-15 13:44:41 my-cluster-kafka-2                            2/2       Running     0          6h28m
2020-07-15 13:44:41 my-cluster-zookeeper-0                        1/1       Running     0          6h29m
2020-07-15 13:44:41 my-cluster-zookeeper-1                        1/1       Running     0          6h29m
2020-07-15 13:44:41 my-cluster-zookeeper-2                        1/1       Running     0          6h29m
2020-07-15 13:44:41 my-connect-cluster-connect-1-deploy           0/1       Completed   0          6h6m
2020-07-15 13:44:41 my-connect-cluster-connect-2-66cc9            1/1       Running     0          2m58s
2020-07-15 13:44:41 my-connect-cluster-connect-2-deploy           0/1       Completed   0          6h1m
2020-07-15 13:44:41 my-mm2-cluster-mirrormaker2-b9765f446-l7s7r   1/1       Running     0          32m
2020-07-15 13:44:41 mysql-1-deploy                                0/1       Completed   0          7h18m
2020-07-15 13:44:41 mysql-1-hxk6p                                 1/1       Running     0          153m

2020-07-15 13:44:42 NAME                                          READY     STATUS      RESTARTS   AGE
2020-07-15 13:44:42 my-cluster-entity-operator-7cbb484468-ntv9q   3/3       Running     0          6h28m
2020-07-15 13:44:42 my-cluster-kafka-0                            2/2       Running     1          3h10m
2020-07-15 13:44:42 my-cluster-kafka-1                            2/2       Running     0          6h28m
2020-07-15 13:44:42 my-cluster-kafka-2                            2/2       Running     0          6h28m
2020-07-15 13:44:42 my-cluster-zookeeper-0                        1/1       Running     0          6h29m
2020-07-15 13:44:42 my-cluster-zookeeper-1                        1/1       Running     0          6h29m
2020-07-15 13:44:42 my-cluster-zookeeper-2                        1/1       Running     0          6h29m
2020-07-15 13:44:42 my-connect-cluster-connect-1-deploy           0/1       Completed   0          6h6m
2020-07-15 13:44:42 my-connect-cluster-connect-2-66cc9            1/1       Running     0          3m
2020-07-15 13:44:42 my-connect-cluster-connect-2-deploy           0/1       Completed   0          6h1m
2020-07-15 13:44:42 my-mm2-cluster-mirrormaker2-b9765f446-l7s7r   1/1       Running     0          32m
2020-07-15 13:44:42 mysql-1-deploy                                0/1       Completed   0          7h18m
2020-07-15 13:44:42 mysql-1-hxk6p                                 1/1       Running     0          153m

2020-07-15 13:44:44 NAME                                          READY     STATUS      RESTARTS   AGE
2020-07-15 13:44:44 my-cluster-entity-operator-7cbb484468-ntv9q   3/3       Running     0          6h28m
2020-07-15 13:44:44 my-cluster-kafka-0                            2/2       Running     1          3h10m
2020-07-15 13:44:44 my-cluster-kafka-1                            2/2       Running     0          6h28m
2020-07-15 13:44:44 my-cluster-kafka-2                            2/2       Running     0          6h28m
2020-07-15 13:44:44 my-cluster-zookeeper-0                        1/1       Running     0          6h29m
2020-07-15 13:44:44 my-cluster-zookeeper-1                        1/1       Running     0          6h29m
2020-07-15 13:44:44 my-cluster-zookeeper-2                        1/1       Running     0          6h29m
2020-07-15 13:44:44 my-connect-cluster-connect-1-deploy           0/1       Completed   0          6h6m
2020-07-15 13:44:44 my-connect-cluster-connect-2-66cc9            1/1       Running     0          3m1s
2020-07-15 13:44:44 my-connect-cluster-connect-2-deploy           0/1       Completed   0          6h1m
2020-07-15 13:44:44 my-mm2-cluster-mirrormaker2-b9765f446-l7s7r   1/1       Running     0          32m
2020-07-15 13:44:44 mysql-1-deploy                                0/1       Completed   0          7h18m
2020-07-15 13:44:44 mysql-1-hxk6p                                 1/1       Running     0          153m

2020-07-15 13:44:45 NAME                                          READY     STATUS      RESTARTS   AGE
2020-07-15 13:44:45 my-cluster-entity-operator-7cbb484468-ntv9q   3/3       Running     0          6h28m
2020-07-15 13:44:45 my-cluster-kafka-0                            2/2       Running     1          3h10m
2020-07-15 13:44:45 my-cluster-kafka-1                            2/2       Running     0          6h28m
2020-07-15 13:44:45 my-cluster-kafka-2                            2/2       Running     0          6h28m
2020-07-15 13:44:45 my-cluster-zookeeper-0                        1/1       Running     0          6h29m
2020-07-15 13:44:45 my-cluster-zookeeper-1                        1/1       Running     0          6h29m
2020-07-15 13:44:45 my-cluster-zookeeper-2                        1/1       Running     0          6h29m
2020-07-15 13:44:45 my-connect-cluster-connect-1-deploy           0/1       Completed   0          6h6m
2020-07-15 13:44:45 my-connect-cluster-connect-2-66cc9            1/1       Running     0          3m2s
2020-07-15 13:44:45 my-connect-cluster-connect-2-deploy           0/1       Completed   0          6h1m
2020-07-15 13:44:45 my-mm2-cluster-mirrormaker2-b9765f446-l7s7r   1/1       Running     0          32m
2020-07-15 13:44:45 mysql-1-deploy                                0/1       Completed   0          7h18m
2020-07-15 13:44:45 mysql-1-hxk6p                                 1/1       Running     0          153m

2020-07-15 13:44:46 NAME                                          READY     STATUS      RESTARTS   AGE
2020-07-15 13:44:46 my-cluster-entity-operator-7cbb484468-ntv9q   3/3       Running     0          6h28m
2020-07-15 13:44:46 my-cluster-kafka-0                            2/2       Running     1          3h10m
2020-07-15 13:44:46 my-cluster-kafka-1                            2/2       Running     0          6h28m
2020-07-15 13:44:46 my-cluster-kafka-2                            2/2       Running     0          6h28m
2020-07-15 13:44:46 my-cluster-zookeeper-0                        1/1       Running     0          6h29m
2020-07-15 13:44:46 my-cluster-zookeeper-1                        1/1       Running     0          6h29m
2020-07-15 13:44:46 my-cluster-zookeeper-2                        1/1       Running     0          6h29m
2020-07-15 13:44:46 my-connect-cluster-connect-1-deploy           0/1       Completed   0          6h6m
2020-07-15 13:44:46 my-connect-cluster-connect-2-66cc9            1/1       Running     0          3m4s
2020-07-15 13:44:46 my-connect-cluster-connect-2-deploy           0/1       Completed   0          6h1m
2020-07-15 13:44:46 my-mm2-cluster-mirrormaker2-b9765f446-l7s7r   1/1       Running     0          32m
2020-07-15 13:44:46 mysql-1-deploy                                0/1       Completed   0          7h18m
2020-07-15 13:44:46 mysql-1-hxk6p                                 1/1       Running     0          153m

2020-07-15 13:44:48 NAME                                          READY     STATUS      RESTARTS   AGE
2020-07-15 13:44:48 my-cluster-entity-operator-7cbb484468-ntv9q   3/3       Running     0          6h28m
2020-07-15 13:44:48 my-cluster-kafka-0                            2/2       Running     1          3h10m
2020-07-15 13:44:48 my-cluster-kafka-1                            2/2       Running     0          6h28m
2020-07-15 13:44:48 my-cluster-kafka-2                            2/2       Running     0          6h28m
2020-07-15 13:44:48 my-cluster-zookeeper-0                        1/1       Running     0          6h29m
2020-07-15 13:44:48 my-cluster-zookeeper-1                        1/1       Running     0          6h29m
2020-07-15 13:44:48 my-cluster-zookeeper-2                        1/1       Running     0          6h29m
2020-07-15 13:44:48 my-connect-cluster-connect-1-deploy           0/1       Completed   0          6h6m
2020-07-15 13:44:48 my-connect-cluster-connect-2-66cc9            1/1       Running     0          3m5s
2020-07-15 13:44:48 my-connect-cluster-connect-2-deploy           0/1       Completed   0          6h1m
2020-07-15 13:44:48 my-mm2-cluster-mirrormaker2-b9765f446-l7s7r   1/1       Running     0          32m
2020-07-15 13:44:48 mysql-1-deploy                                0/1       Completed   0          7h18m
2020-07-15 13:44:48 mysql-1-hxk6p                                 1/1       Running     0          153m

2020-07-15 13:44:49 NAME                                          READY     STATUS      RESTARTS   AGE
2020-07-15 13:44:49 my-cluster-entity-operator-7cbb484468-ntv9q   3/3       Running     0          6h28m
2020-07-15 13:44:49 my-cluster-kafka-0                            2/2       Running     1          3h10m
2020-07-15 13:44:49 my-cluster-kafka-1                            2/2       Running     0          6h28m
2020-07-15 13:44:49 my-cluster-kafka-2                            2/2       Running     0          6h28m
2020-07-15 13:44:49 my-cluster-zookeeper-0                        1/1       Running     0          6h29m
2020-07-15 13:44:49 my-cluster-zookeeper-1                        1/1       Running     0          6h29m
2020-07-15 13:44:49 my-cluster-zookeeper-2                        1/1       Running     0          6h29m
2020-07-15 13:44:49 my-connect-cluster-connect-1-deploy           0/1       Completed   0          6h6m
2020-07-15 13:44:49 my-connect-cluster-connect-2-66cc9            1/1       Running     0          3m6s
2020-07-15 13:44:49 my-connect-cluster-connect-2-deploy           0/1       Completed   0          6h1m
2020-07-15 13:44:49 my-mm2-cluster-mirrormaker2-b9765f446-l7s7r   1/1       Running     0          32m
2020-07-15 13:44:49 mysql-1-deploy                                0/1       Completed   0          7h18m
2020-07-15 13:44:49 mysql-1-hxk6p                                 1/1       Running     0          153m

2020-07-15 13:44:50 NAME                                          READY     STATUS      RESTARTS   AGE
2020-07-15 13:44:50 my-cluster-entity-operator-7cbb484468-ntv9q   3/3       Running     0          6h28m
2020-07-15 13:44:50 my-cluster-kafka-0                            2/2       Running     1          3h10m
2020-07-15 13:44:50 my-cluster-kafka-1                            2/2       Running     0          6h28m
2020-07-15 13:44:50 my-cluster-kafka-2                            2/2       Running     0          6h28m
2020-07-15 13:44:50 my-cluster-zookeeper-0                        1/1       Running     0          6h29m
2020-07-15 13:44:50 my-cluster-zookeeper-1                        1/1       Running     0          6h29m
2020-07-15 13:44:50 my-cluster-zookeeper-2                        1/1       Running     0          6h29m
2020-07-15 13:44:50 my-connect-cluster-connect-1-deploy           0/1       Completed   0          6h6m
2020-07-15 13:44:50 my-connect-cluster-connect-2-66cc9            1/1       Running     0          3m8s
2020-07-15 13:44:50 my-connect-cluster-connect-2-deploy           0/1       Completed   0          6h2m
2020-07-15 13:44:50 my-mm2-cluster-mirrormaker2-b9765f446-l7s7r   1/1       Running     0          32m
2020-07-15 13:44:50 mysql-1-deploy                                0/1       Completed   0          7h18m
2020-07-15 13:44:50 mysql-1-hxk6p                                 1/1       Running     0          153m

2020-07-15 13:44:52 NAME                                          READY     STATUS      RESTARTS   AGE
2020-07-15 13:44:52 my-cluster-entity-operator-7cbb484468-ntv9q   3/3       Running     0          6h28m
2020-07-15 13:44:52 my-cluster-kafka-0                            2/2       Running     1          3h10m
2020-07-15 13:44:52 my-cluster-kafka-1                            2/2       Running     0          6h28m
2020-07-15 13:44:52 my-cluster-kafka-2                            2/2       Running     0          6h28m
2020-07-15 13:44:52 my-cluster-zookeeper-0                        1/1       Running     0          6h29m
2020-07-15 13:44:52 my-cluster-zookeeper-1                        1/1       Running     0          6h29m
2020-07-15 13:44:52 my-cluster-zookeeper-2                        1/1       Running     0          6h29m
2020-07-15 13:44:52 my-connect-cluster-connect-1-deploy           0/1       Completed   0          6h6m
2020-07-15 13:44:52 my-connect-cluster-connect-2-66cc9            1/1       Running     0          3m9s
2020-07-15 13:44:52 my-connect-cluster-connect-2-deploy           0/1       Completed   0          6h2m
2020-07-15 13:44:52 my-mm2-cluster-mirrormaker2-b9765f446-l7s7r   1/1       Running     0          32m
2020-07-15 13:44:52 mysql-1-deploy                                0/1       Completed   0          7h18m
2020-07-15 13:44:52 mysql-1-hxk6p                                 1/1       Running     0          153m

2020-07-15 13:44:53 NAME                                          READY     STATUS              RESTARTS   AGE
2020-07-15 13:44:53 my-cluster-entity-operator-7cbb484468-ntv9q   3/3       Running             0          6h28m
2020-07-15 13:44:53 my-cluster-kafka-0                            0/2       ContainerCreating   0          1s
2020-07-15 13:44:53 my-cluster-kafka-1                            2/2       Running             0          6h28m
2020-07-15 13:44:53 my-cluster-kafka-2                            2/2       Running             0          6h28m
2020-07-15 13:44:53 my-cluster-zookeeper-0                        1/1       Running             0          6h29m
2020-07-15 13:44:53 my-cluster-zookeeper-1                        1/1       Running             0          6h29m
2020-07-15 13:44:53 my-cluster-zookeeper-2                        1/1       Running             0          6h29m
2020-07-15 13:44:53 my-connect-cluster-connect-1-deploy           0/1       Completed           0          6h6m
2020-07-15 13:44:53 my-connect-cluster-connect-2-66cc9            1/1       Running             0          3m10s
2020-07-15 13:44:53 my-connect-cluster-connect-2-deploy           0/1       Completed           0          6h2m
2020-07-15 13:44:53 my-mm2-cluster-mirrormaker2-b9765f446-l7s7r   1/1       Running             0          32m
2020-07-15 13:44:53 mysql-1-deploy                                0/1       Completed           0          7h18m
2020-07-15 13:44:53 mysql-1-hxk6p                                 1/1       Running             0          153m

2020-07-15 13:44:54 NAME                                          READY     STATUS              RESTARTS   AGE
2020-07-15 13:44:54 my-cluster-entity-operator-7cbb484468-ntv9q   3/3       Running             0          6h28m
2020-07-15 13:44:54 my-cluster-kafka-0                            0/2       ContainerCreating   0          3s
2020-07-15 13:44:54 my-cluster-kafka-1                            2/2       Running             0          6h28m
2020-07-15 13:44:54 my-cluster-kafka-2                            2/2       Running             0          6h28m
2020-07-15 13:44:54 my-cluster-zookeeper-0                        1/1       Running             0          6h29m
2020-07-15 13:44:54 my-cluster-zookeeper-1                        1/1       Running             0          6h29m
2020-07-15 13:44:54 my-cluster-zookeeper-2                        1/1       Running             0          6h29m
2020-07-15 13:44:54 my-connect-cluster-connect-1-deploy           0/1       Completed           0          6h6m
2020-07-15 13:44:54 my-connect-cluster-connect-2-66cc9            1/1       Running             0          3m12s
2020-07-15 13:44:54 my-connect-cluster-connect-2-deploy           0/1       Completed           0          6h2m
2020-07-15 13:44:54 my-mm2-cluster-mirrormaker2-b9765f446-l7s7r   1/1       Running             0          32m
2020-07-15 13:44:54 mysql-1-deploy                                0/1       Completed           0          7h18m
2020-07-15 13:44:54 mysql-1-hxk6p                                 1/1       Running             0          153m

2020-07-15 13:44:56 NAME                                          READY     STATUS              RESTARTS   AGE
2020-07-15 13:44:56 my-cluster-entity-operator-7cbb484468-ntv9q   3/3       Running             0          6h28m
2020-07-15 13:44:56 my-cluster-kafka-0                            0/2       ContainerCreating   0          4s
2020-07-15 13:44:56 my-cluster-kafka-1                            2/2       Running             0          6h28m
2020-07-15 13:44:56 my-cluster-kafka-2                            2/2       Running             0          6h28m
2020-07-15 13:44:56 my-cluster-zookeeper-0                        1/1       Running             0          6h29m
2020-07-15 13:44:56 my-cluster-zookeeper-1                        1/1       Running             0          6h29m
2020-07-15 13:44:56 my-cluster-zookeeper-2                        1/1       Running             0          6h29m
2020-07-15 13:44:56 my-connect-cluster-connect-1-deploy           0/1       Completed           0          6h6m
2020-07-15 13:44:56 my-connect-cluster-connect-2-66cc9            1/1       Running             0          3m13s
2020-07-15 13:44:56 my-connect-cluster-connect-2-deploy           0/1       Completed           0          6h2m
2020-07-15 13:44:56 my-mm2-cluster-mirrormaker2-b9765f446-l7s7r   1/1       Running             0          32m
2020-07-15 13:44:56 mysql-1-deploy                                0/1       Completed           0          7h18m
2020-07-15 13:44:56 mysql-1-hxk6p                                 1/1       Running             0          153m

2020-07-15 13:44:57 NAME                                          READY     STATUS      RESTARTS   AGE
2020-07-15 13:44:57 my-cluster-entity-operator-7cbb484468-ntv9q   3/3       Running     0          6h28m
2020-07-15 13:44:57 my-cluster-kafka-0                            0/2       Running     0          5s
2020-07-15 13:44:57 my-cluster-kafka-1                            2/2       Running     0          6h28m
2020-07-15 13:44:57 my-cluster-kafka-2                            2/2       Running     0          6h28m
2020-07-15 13:44:57 my-cluster-zookeeper-0                        1/1       Running     0          6h29m
2020-07-15 13:44:57 my-cluster-zookeeper-1                        1/1       Running     0          6h29m
2020-07-15 13:44:57 my-cluster-zookeeper-2                        1/1       Running     0          6h29m
2020-07-15 13:44:57 my-connect-cluster-connect-1-deploy           0/1       Completed   0          6h6m
2020-07-15 13:44:57 my-connect-cluster-connect-2-66cc9            1/1       Running     0          3m14s
2020-07-15 13:44:57 my-connect-cluster-connect-2-deploy           0/1       Completed   0          6h2m
2020-07-15 13:44:57 my-mm2-cluster-mirrormaker2-b9765f446-l7s7r   1/1       Running     0          32m
2020-07-15 13:44:57 mysql-1-deploy                                0/1       Completed   0          7h18m
2020-07-15 13:44:57 mysql-1-hxk6p                                 1/1       Running     0          153m

2020-07-15 13:44:58 NAME                                          READY     STATUS      RESTARTS   AGE
2020-07-15 13:44:58 my-cluster-entity-operator-7cbb484468-ntv9q   3/3       Running     0          6h28m
2020-07-15 13:44:58 my-cluster-kafka-0                            0/2       Running     0          7s
2020-07-15 13:44:58 my-cluster-kafka-1                            2/2       Running     0          6h29m
2020-07-15 13:44:58 my-cluster-kafka-2                            2/2       Running     0          6h29m
2020-07-15 13:44:58 my-cluster-zookeeper-0                        1/1       Running     0          6h29m
2020-07-15 13:44:58 my-cluster-zookeeper-1                        1/1       Running     0          6h29m
2020-07-15 13:44:58 my-cluster-zookeeper-2                        1/1       Running     0          6h29m
2020-07-15 13:44:58 my-connect-cluster-connect-1-deploy           0/1       Completed   0          6h6m
2020-07-15 13:44:58 my-connect-cluster-connect-2-66cc9            1/1       Running     0          3m16s
2020-07-15 13:44:58 my-connect-cluster-connect-2-deploy           0/1       Completed   0          6h2m
2020-07-15 13:44:58 my-mm2-cluster-mirrormaker2-b9765f446-l7s7r   1/1       Running     0          32m
2020-07-15 13:44:58 mysql-1-deploy                                0/1       Completed   0          7h18m
2020-07-15 13:44:58 mysql-1-hxk6p                                 1/1       Running     0          153m

2020-07-15 13:45:00 NAME                                          READY     STATUS      RESTARTS   AGE
2020-07-15 13:45:00 my-cluster-entity-operator-7cbb484468-ntv9q   3/3       Running     0          6h28m
2020-07-15 13:45:00 my-cluster-kafka-0                            0/2       Running     0          8s
2020-07-15 13:45:00 my-cluster-kafka-1                            2/2       Running     0          6h29m
2020-07-15 13:45:00 my-cluster-kafka-2                            2/2       Running     0          6h29m
2020-07-15 13:45:00 my-cluster-zookeeper-0                        1/1       Running     0          6h29m
2020-07-15 13:45:00 my-cluster-zookeeper-1                        1/1       Running     0          6h29m
2020-07-15 13:45:00 my-cluster-zookeeper-2                        1/1       Running     0          6h29m
2020-07-15 13:45:00 my-connect-cluster-connect-1-deploy           0/1       Completed   0          6h6m
2020-07-15 13:45:00 my-connect-cluster-connect-2-66cc9            1/1       Running     0          3m17s
2020-07-15 13:45:00 my-connect-cluster-connect-2-deploy           0/1       Completed   0          6h2m
2020-07-15 13:45:00 my-mm2-cluster-mirrormaker2-b9765f446-l7s7r   1/1       Running     0          32m
2020-07-15 13:45:00 mysql-1-deploy                                0/1       Completed   0          7h18m
2020-07-15 13:45:00 mysql-1-hxk6p                                 1/1       Running     0          153m

2020-07-15 13:45:01 NAME                                          READY     STATUS      RESTARTS   AGE
2020-07-15 13:45:01 my-cluster-entity-operator-7cbb484468-ntv9q   3/3       Running     0          6h28m
2020-07-15 13:45:01 my-cluster-kafka-0                            0/2       Running     0          9s
2020-07-15 13:45:01 my-cluster-kafka-1                            2/2       Running     0          6h29m
2020-07-15 13:45:01 my-cluster-kafka-2                            2/2       Running     0          6h29m
2020-07-15 13:45:01 my-cluster-zookeeper-0                        1/1       Running     0          6h29m
2020-07-15 13:45:01 my-cluster-zookeeper-1                        1/1       Running     0          6h29m
2020-07-15 13:45:01 my-cluster-zookeeper-2                        1/1       Running     0          6h29m
2020-07-15 13:45:01 my-connect-cluster-connect-1-deploy           0/1       Completed   0          6h6m
2020-07-15 13:45:01 my-connect-cluster-connect-2-66cc9            1/1       Running     0          3m18s
2020-07-15 13:45:01 my-connect-cluster-connect-2-deploy           0/1       Completed   0          6h2m
2020-07-15 13:45:01 my-mm2-cluster-mirrormaker2-b9765f446-l7s7r   1/1       Running     0          32m
2020-07-15 13:45:01 mysql-1-deploy                                0/1       Completed   0          7h18m
2020-07-15 13:45:01 mysql-1-hxk6p                                 1/1       Running     0          153m

2020-07-15 13:45:02 NAME                                          READY     STATUS      RESTARTS   AGE
2020-07-15 13:45:02 my-cluster-entity-operator-7cbb484468-ntv9q   3/3       Running     0          6h28m
2020-07-15 13:45:02 my-cluster-kafka-0                            0/2       Running     0          10s
2020-07-15 13:45:02 my-cluster-kafka-1                            2/2       Running     0          6h29m
2020-07-15 13:45:02 my-cluster-kafka-2                            2/2       Running     0          6h29m
2020-07-15 13:45:02 my-cluster-zookeeper-0                        1/1       Running     0          6h29m
2020-07-15 13:45:02 my-cluster-zookeeper-1                        1/1       Running     0          6h29m
2020-07-15 13:45:02 my-cluster-zookeeper-2                        1/1       Running     0          6h29m
2020-07-15 13:45:02 my-connect-cluster-connect-1-deploy           0/1       Completed   0          6h6m
2020-07-15 13:45:02 my-connect-cluster-connect-2-66cc9            1/1       Running     0          3m19s
2020-07-15 13:45:02 my-connect-cluster-connect-2-deploy           0/1       Completed   0          6h2m
2020-07-15 13:45:02 my-mm2-cluster-mirrormaker2-b9765f446-l7s7r   1/1       Running     0          32m
2020-07-15 13:45:02 mysql-1-deploy                                0/1       Completed   0          7h18m
2020-07-15 13:45:02 mysql-1-hxk6p                                 1/1       Running     0          153m

2020-07-15 13:45:03 NAME                                          READY     STATUS      RESTARTS   AGE
2020-07-15 13:45:03 my-cluster-entity-operator-7cbb484468-ntv9q   3/3       Running     0          6h28m
2020-07-15 13:45:03 my-cluster-kafka-0                            0/2       Running     0          12s
2020-07-15 13:45:03 my-cluster-kafka-1                            2/2       Running     0          6h29m
2020-07-15 13:45:03 my-cluster-kafka-2                            2/2       Running     0          6h29m
2020-07-15 13:45:03 my-cluster-zookeeper-0                        1/1       Running     0          6h29m
2020-07-15 13:45:03 my-cluster-zookeeper-1                        1/1       Running     0          6h29m
2020-07-15 13:45:03 my-cluster-zookeeper-2                        1/1       Running     0          6h29m
2020-07-15 13:45:03 my-connect-cluster-connect-1-deploy           0/1       Completed   0          6h6m
2020-07-15 13:45:03 my-connect-cluster-connect-2-66cc9            1/1       Running     0          3m21s
2020-07-15 13:45:03 my-connect-cluster-connect-2-deploy           0/1       Completed   0          6h2m
2020-07-15 13:45:03 my-mm2-cluster-mirrormaker2-b9765f446-l7s7r   1/1       Running     0          32m
2020-07-15 13:45:03 mysql-1-deploy                                0/1       Completed   0          7h18m
2020-07-15 13:45:03 mysql-1-hxk6p                                 1/1       Running     0          153m

2020-07-15 13:45:05 NAME                                          READY     STATUS      RESTARTS   AGE
2020-07-15 13:45:05 my-cluster-entity-operator-7cbb484468-ntv9q   3/3       Running     0          6h28m
2020-07-15 13:45:05 my-cluster-kafka-0                            0/2       Running     0          13s
2020-07-15 13:45:05 my-cluster-kafka-1                            2/2       Running     0          6h29m
2020-07-15 13:45:05 my-cluster-kafka-2                            2/2       Running     0          6h29m
2020-07-15 13:45:05 my-cluster-zookeeper-0                        1/1       Running     0          6h29m
2020-07-15 13:45:05 my-cluster-zookeeper-1                        1/1       Running     0          6h29m
2020-07-15 13:45:05 my-cluster-zookeeper-2                        1/1       Running     0          6h29m
2020-07-15 13:45:05 my-connect-cluster-connect-1-deploy           0/1       Completed   0          6h6m
2020-07-15 13:45:05 my-connect-cluster-connect-2-66cc9            1/1       Running     0          3m22s
2020-07-15 13:45:05 my-connect-cluster-connect-2-deploy           0/1       Completed   0          6h2m
2020-07-15 13:45:05 my-mm2-cluster-mirrormaker2-b9765f446-l7s7r   1/1       Running     0          32m
2020-07-15 13:45:05 mysql-1-deploy                                0/1       Completed   0          7h18m
2020-07-15 13:45:05 mysql-1-hxk6p                                 1/1       Running     0          153m

2020-07-15 13:45:06 NAME                                          READY     STATUS      RESTARTS   AGE
2020-07-15 13:45:06 my-cluster-entity-operator-7cbb484468-ntv9q   3/3       Running     0          6h28m
2020-07-15 13:45:06 my-cluster-kafka-0                            0/2       Running     0          14s
2020-07-15 13:45:06 my-cluster-kafka-1                            2/2       Running     0          6h29m
2020-07-15 13:45:06 my-cluster-kafka-2                            2/2       Running     0          6h29m
2020-07-15 13:45:06 my-cluster-zookeeper-0                        1/1       Running     0          6h29m
2020-07-15 13:45:06 my-cluster-zookeeper-1                        1/1       Running     0          6h29m
2020-07-15 13:45:06 my-cluster-zookeeper-2                        1/1       Running     0          6h29m
2020-07-15 13:45:06 my-connect-cluster-connect-1-deploy           0/1       Completed   0          6h6m
2020-07-15 13:45:06 my-connect-cluster-connect-2-66cc9            1/1       Running     0          3m23s
2020-07-15 13:45:06 my-connect-cluster-connect-2-deploy           0/1       Completed   0          6h2m
2020-07-15 13:45:06 my-mm2-cluster-mirrormaker2-b9765f446-l7s7r   1/1       Running     0          32m
2020-07-15 13:45:06 mysql-1-deploy                                0/1       Completed   0          7h18m
2020-07-15 13:45:06 mysql-1-hxk6p                                 1/1       Running     0          153m

2020-07-15 13:45:07 NAME                                          READY     STATUS      RESTARTS   AGE
2020-07-15 13:45:07 my-cluster-entity-operator-7cbb484468-ntv9q   3/3       Running     0          6h28m
2020-07-15 13:45:07 my-cluster-kafka-0                            0/2       Running     0          15s
2020-07-15 13:45:07 my-cluster-kafka-1                            2/2       Running     0          6h29m
2020-07-15 13:45:07 my-cluster-kafka-2                            2/2       Running     0          6h29m
2020-07-15 13:45:07 my-cluster-zookeeper-0                        1/1       Running     0          6h29m
2020-07-15 13:45:07 my-cluster-zookeeper-1                        1/1       Running     0          6h29m
2020-07-15 13:45:07 my-cluster-zookeeper-2                        1/1       Running     0          6h29m
2020-07-15 13:45:07 my-connect-cluster-connect-1-deploy           0/1       Completed   0          6h6m
2020-07-15 13:45:07 my-connect-cluster-connect-2-66cc9            1/1       Running     0          3m24s
2020-07-15 13:45:07 my-connect-cluster-connect-2-deploy           0/1       Completed   0          6h2m
2020-07-15 13:45:07 my-mm2-cluster-mirrormaker2-b9765f446-l7s7r   1/1       Running     0          32m
2020-07-15 13:45:07 mysql-1-deploy                                0/1       Completed   0          7h18m
2020-07-15 13:45:07 mysql-1-hxk6p                                 1/1       Running     0          153m

2020-07-15 13:45:09 NAME                                          READY     STATUS      RESTARTS   AGE
2020-07-15 13:45:09 my-cluster-entity-operator-7cbb484468-ntv9q   3/3       Running     0          6h28m
2020-07-15 13:45:09 my-cluster-kafka-0                            0/2       Running     0          17s
2020-07-15 13:45:09 my-cluster-kafka-1                            2/2       Running     0          6h29m
2020-07-15 13:45:09 my-cluster-kafka-2                            2/2       Running     0          6h29m
2020-07-15 13:45:09 my-cluster-zookeeper-0                        1/1       Running     0          6h29m
2020-07-15 13:45:09 my-cluster-zookeeper-1                        1/1       Running     0          6h29m
2020-07-15 13:45:09 my-cluster-zookeeper-2                        1/1       Running     0          6h29m
2020-07-15 13:45:09 my-connect-cluster-connect-1-deploy           0/1       Completed   0          6h6m
2020-07-15 13:45:09 my-connect-cluster-connect-2-66cc9            1/1       Running     0          3m26s
2020-07-15 13:45:09 my-connect-cluster-connect-2-deploy           0/1       Completed   0          6h2m
2020-07-15 13:45:09 my-mm2-cluster-mirrormaker2-b9765f446-l7s7r   1/1       Running     0          32m
2020-07-15 13:45:09 mysql-1-deploy                                0/1       Completed   0          7h18m
2020-07-15 13:45:09 mysql-1-hxk6p                                 1/1       Running     0          153m

2020-07-15 13:45:10 NAME                                          READY     STATUS      RESTARTS   AGE
2020-07-15 13:45:10 my-cluster-entity-operator-7cbb484468-ntv9q   3/3       Running     0          6h28m
2020-07-15 13:45:10 my-cluster-kafka-0                            0/2       Running     0          18s
2020-07-15 13:45:10 my-cluster-kafka-1                            2/2       Running     0          6h29m
2020-07-15 13:45:10 my-cluster-kafka-2                            2/2       Running     0          6h29m
2020-07-15 13:45:10 my-cluster-zookeeper-0                        1/1       Running     0          6h29m
2020-07-15 13:45:10 my-cluster-zookeeper-1                        1/1       Running     0          6h29m
2020-07-15 13:45:10 my-cluster-zookeeper-2                        1/1       Running     0          6h29m
2020-07-15 13:45:10 my-connect-cluster-connect-1-deploy           0/1       Completed   0          6h6m
2020-07-15 13:45:10 my-connect-cluster-connect-2-66cc9            1/1       Running     0          3m27s
2020-07-15 13:45:10 my-connect-cluster-connect-2-deploy           0/1       Completed   0          6h2m
2020-07-15 13:45:10 my-mm2-cluster-mirrormaker2-b9765f446-l7s7r   1/1       Running     0          32m
2020-07-15 13:45:10 mysql-1-deploy                                0/1       Completed   0          7h18m
2020-07-15 13:45:10 mysql-1-hxk6p                                 1/1       Running     0          153m

2020-07-15 13:45:11 NAME                                          READY     STATUS      RESTARTS   AGE
2020-07-15 13:45:11 my-cluster-entity-operator-7cbb484468-ntv9q   3/3       Running     0          6h28m
2020-07-15 13:45:11 my-cluster-kafka-0                            0/2       Running     0          19s
2020-07-15 13:45:11 my-cluster-kafka-1                            2/2       Running     0          6h29m
2020-07-15 13:45:11 my-cluster-kafka-2                            2/2       Running     0          6h29m
2020-07-15 13:45:11 my-cluster-zookeeper-0                        1/1       Running     0          6h29m
2020-07-15 13:45:11 my-cluster-zookeeper-1                        1/1       Running     0          6h29m
2020-07-15 13:45:11 my-cluster-zookeeper-2                        1/1       Running     0          6h29m
2020-07-15 13:45:11 my-connect-cluster-connect-1-deploy           0/1       Completed   0          6h6m
2020-07-15 13:45:11 my-connect-cluster-connect-2-66cc9            1/1       Running     0          3m28s
2020-07-15 13:45:11 my-connect-cluster-connect-2-deploy           0/1       Completed   0          6h2m
2020-07-15 13:45:11 my-mm2-cluster-mirrormaker2-b9765f446-l7s7r   1/1       Running     0          32m
2020-07-15 13:45:11 mysql-1-deploy                                0/1       Completed   0          7h18m
2020-07-15 13:45:11 mysql-1-hxk6p                                 1/1       Running     0          153m

2020-07-15 13:45:12 NAME                                          READY     STATUS      RESTARTS   AGE
2020-07-15 13:45:12 my-cluster-entity-operator-7cbb484468-ntv9q   3/3       Running     0          6h28m
2020-07-15 13:45:12 my-cluster-kafka-0                            0/2       Running     0          21s
2020-07-15 13:45:12 my-cluster-kafka-1                            2/2       Running     0          6h29m
2020-07-15 13:45:12 my-cluster-kafka-2                            2/2       Running     0          6h29m
2020-07-15 13:45:12 my-cluster-zookeeper-0                        1/1       Running     0          6h29m
2020-07-15 13:45:12 my-cluster-zookeeper-1                        1/1       Running     0          6h29m
2020-07-15 13:45:12 my-cluster-zookeeper-2                        1/1       Running     0          6h29m
2020-07-15 13:45:12 my-connect-cluster-connect-1-deploy           0/1       Completed   0          6h6m
2020-07-15 13:45:12 my-connect-cluster-connect-2-66cc9            1/1       Running     0          3m30s
2020-07-15 13:45:12 my-connect-cluster-connect-2-deploy           0/1       Completed   0          6h2m
2020-07-15 13:45:12 my-mm2-cluster-mirrormaker2-b9765f446-l7s7r   1/1       Running     0          32m
2020-07-15 13:45:12 mysql-1-deploy                                0/1       Completed   0          7h18m
2020-07-15 13:45:12 mysql-1-hxk6p                                 1/1       Running     0          153m

2020-07-15 13:45:14 NAME                                          READY     STATUS      RESTARTS   AGE
2020-07-15 13:45:14 my-cluster-entity-operator-7cbb484468-ntv9q   3/3       Running     0          6h28m
2020-07-15 13:45:14 my-cluster-kafka-0                            0/2       Running     0          22s
2020-07-15 13:45:14 my-cluster-kafka-1                            2/2       Running     0          6h29m
2020-07-15 13:45:14 my-cluster-kafka-2                            2/2       Running     0          6h29m
2020-07-15 13:45:14 my-cluster-zookeeper-0                        1/1       Running     0          6h30m
2020-07-15 13:45:14 my-cluster-zookeeper-1                        1/1       Running     0          6h30m
2020-07-15 13:45:14 my-cluster-zookeeper-2                        1/1       Running     0          6h30m
2020-07-15 13:45:14 my-connect-cluster-connect-1-deploy           0/1       Completed   0          6h6m
2020-07-15 13:45:14 my-connect-cluster-connect-2-66cc9            1/1       Running     0          3m31s
2020-07-15 13:45:14 my-connect-cluster-connect-2-deploy           0/1       Completed   0          6h2m
2020-07-15 13:45:14 my-mm2-cluster-mirrormaker2-b9765f446-l7s7r   1/1       Running     0          32m
2020-07-15 13:45:14 mysql-1-deploy                                0/1       Completed   0          7h18m
2020-07-15 13:45:14 mysql-1-hxk6p                                 1/1       Running     0          153m

2020-07-15 13:45:15 NAME                                          READY     STATUS      RESTARTS   AGE
2020-07-15 13:45:15 my-cluster-entity-operator-7cbb484468-ntv9q   3/3       Running     0          6h28m
2020-07-15 13:45:15 my-cluster-kafka-0                            0/2       Running     0          23s
2020-07-15 13:45:15 my-cluster-kafka-1                            2/2       Running     0          6h29m
2020-07-15 13:45:15 my-cluster-kafka-2                            2/2       Running     0          6h29m
2020-07-15 13:45:15 my-cluster-zookeeper-0                        1/1       Running     0          6h30m
2020-07-15 13:45:15 my-cluster-zookeeper-1                        1/1       Running     0          6h30m
2020-07-15 13:45:15 my-cluster-zookeeper-2                        1/1       Running     0          6h30m
2020-07-15 13:45:15 my-connect-cluster-connect-1-deploy           0/1       Completed   0          6h6m
2020-07-15 13:45:15 my-connect-cluster-connect-2-66cc9            1/1       Running     0          3m32s
2020-07-15 13:45:15 my-connect-cluster-connect-2-deploy           0/1       Completed   0          6h2m
2020-07-15 13:45:15 my-mm2-cluster-mirrormaker2-b9765f446-l7s7r   1/1       Running     0          32m
2020-07-15 13:45:15 mysql-1-deploy                                0/1       Completed   0          7h18m
2020-07-15 13:45:15 mysql-1-hxk6p                                 1/1       Running     0          153m

2020-07-15 13:45:16 NAME                                          READY     STATUS      RESTARTS   AGE
2020-07-15 13:45:16 my-cluster-entity-operator-7cbb484468-ntv9q   3/3       Running     0          6h28m
2020-07-15 13:45:16 my-cluster-kafka-0                            0/2       Running     0          25s
2020-07-15 13:45:16 my-cluster-kafka-1                            2/2       Running     0          6h29m
2020-07-15 13:45:16 my-cluster-kafka-2                            2/2       Running     0          6h29m
2020-07-15 13:45:16 my-cluster-zookeeper-0                        1/1       Running     0          6h30m
2020-07-15 13:45:16 my-cluster-zookeeper-1                        1/1       Running     0          6h30m
2020-07-15 13:45:16 my-cluster-zookeeper-2                        1/1       Running     0          6h30m
2020-07-15 13:45:16 my-connect-cluster-connect-1-deploy           0/1       Completed   0          6h7m
2020-07-15 13:45:16 my-connect-cluster-connect-2-66cc9            1/1       Running     0          3m34s
2020-07-15 13:45:16 my-connect-cluster-connect-2-deploy           0/1       Completed   0          6h2m
2020-07-15 13:45:16 my-mm2-cluster-mirrormaker2-b9765f446-l7s7r   1/1       Running     0          32m
2020-07-15 13:45:16 mysql-1-deploy                                0/1       Completed   0          7h18m
2020-07-15 13:45:16 mysql-1-hxk6p                                 1/1       Running     0          153m

2020-07-15 13:45:18 NAME                                          READY     STATUS      RESTARTS   AGE
2020-07-15 13:45:18 my-cluster-entity-operator-7cbb484468-ntv9q   3/3       Running     0          6h28m
2020-07-15 13:45:18 my-cluster-kafka-0                            1/2       Running     0          26s
2020-07-15 13:45:18 my-cluster-kafka-1                            2/2       Running     0          6h29m
2020-07-15 13:45:18 my-cluster-kafka-2                            2/2       Running     0          6h29m
2020-07-15 13:45:18 my-cluster-zookeeper-0                        1/1       Running     0          6h30m
2020-07-15 13:45:18 my-cluster-zookeeper-1                        1/1       Running     0          6h30m
2020-07-15 13:45:18 my-cluster-zookeeper-2                        1/1       Running     0          6h30m
2020-07-15 13:45:18 my-connect-cluster-connect-1-deploy           0/1       Completed   0          6h7m
2020-07-15 13:45:18 my-connect-cluster-connect-2-66cc9            1/1       Running     0          3m35s
2020-07-15 13:45:18 my-connect-cluster-connect-2-deploy           0/1       Completed   0          6h2m
2020-07-15 13:45:18 my-mm2-cluster-mirrormaker2-b9765f446-l7s7r   1/1       Running     0          32m
2020-07-15 13:45:18 mysql-1-deploy                                0/1       Completed   0          7h18m
2020-07-15 13:45:18 mysql-1-hxk6p                                 1/1       Running     0          153m

2020-07-15 13:45:19 NAME                                          READY     STATUS      RESTARTS   AGE
2020-07-15 13:45:19 my-cluster-entity-operator-7cbb484468-ntv9q   3/3       Running     0          6h28m
2020-07-15 13:45:19 my-cluster-kafka-0                            1/2       Running     0          27s
2020-07-15 13:45:19 my-cluster-kafka-1                            2/2       Running     0          6h29m
2020-07-15 13:45:19 my-cluster-kafka-2                            2/2       Running     0          6h29m
2020-07-15 13:45:19 my-cluster-zookeeper-0                        1/1       Running     0          6h30m
2020-07-15 13:45:19 my-cluster-zookeeper-1                        1/1       Running     0          6h30m
2020-07-15 13:45:19 my-cluster-zookeeper-2                        1/1       Running     0          6h30m
2020-07-15 13:45:19 my-connect-cluster-connect-1-deploy           0/1       Completed   0          6h7m
2020-07-15 13:45:19 my-connect-cluster-connect-2-66cc9            1/1       Running     0          3m36s
2020-07-15 13:45:19 my-connect-cluster-connect-2-deploy           0/1       Completed   0          6h2m
2020-07-15 13:45:19 my-mm2-cluster-mirrormaker2-b9765f446-l7s7r   1/1       Running     0          32m
2020-07-15 13:45:19 mysql-1-deploy                                0/1       Completed   0          7h18m
2020-07-15 13:45:19 mysql-1-hxk6p                                 1/1       Running     0          153m

2020-07-15 13:45:20 NAME                                          READY     STATUS      RESTARTS   AGE
2020-07-15 13:45:20 my-cluster-entity-operator-7cbb484468-ntv9q   3/3       Running     0          6h28m
2020-07-15 13:45:20 my-cluster-kafka-0                            2/2       Running     0          28s
2020-07-15 13:45:20 my-cluster-kafka-1                            2/2       Running     0          6h29m
2020-07-15 13:45:20 my-cluster-kafka-2                            2/2       Running     0          6h29m
2020-07-15 13:45:20 my-cluster-zookeeper-0                        1/1       Running     0          6h30m
2020-07-15 13:45:20 my-cluster-zookeeper-1                        1/1       Running     0          6h30m
2020-07-15 13:45:20 my-cluster-zookeeper-2                        1/1       Running     0          6h30m
2020-07-15 13:45:20 my-connect-cluster-connect-1-deploy           0/1       Completed   0          6h7m
2020-07-15 13:45:20 my-connect-cluster-connect-2-66cc9            1/1       Running     0          3m37s
2020-07-15 13:45:20 my-connect-cluster-connect-2-deploy           0/1       Completed   0          6h2m
2020-07-15 13:45:20 my-mm2-cluster-mirrormaker2-b9765f446-l7s7r   1/1       Running     0          32m
2020-07-15 13:45:20 mysql-1-deploy                                0/1       Completed   0          7h18m
2020-07-15 13:45:20 mysql-1-hxk6p                                 1/1       Running     0          153m

2020-07-15 13:45:21 NAME                                          READY     STATUS      RESTARTS   AGE
2020-07-15 13:45:21 my-cluster-entity-operator-7cbb484468-ntv9q   3/3       Running     0          6h28m
2020-07-15 13:45:21 my-cluster-kafka-0                            2/2       Running     0          30s
2020-07-15 13:45:21 my-cluster-kafka-1                            2/2       Running     0          6h29m
2020-07-15 13:45:21 my-cluster-kafka-2                            2/2       Running     0          6h29m
2020-07-15 13:45:21 my-cluster-zookeeper-0                        1/1       Running     0          6h30m
2020-07-15 13:45:21 my-cluster-zookeeper-1                        1/1       Running     0          6h30m
2020-07-15 13:45:21 my-cluster-zookeeper-2                        1/1       Running     0          6h30m
2020-07-15 13:45:21 my-connect-cluster-connect-1-deploy           0/1       Completed   0          6h7m
2020-07-15 13:45:21 my-connect-cluster-connect-2-66cc9            1/1       Running     0          3m39s
2020-07-15 13:45:21 my-connect-cluster-connect-2-deploy           0/1       Completed   0          6h2m
2020-07-15 13:45:21 my-mm2-cluster-mirrormaker2-b9765f446-l7s7r   1/1       Running     0          32m
2020-07-15 13:45:21 mysql-1-deploy                                0/1       Completed   0          7h18m
2020-07-15 13:45:21 mysql-1-hxk6p                                 1/1       Running     0          153m

2020-07-15 13:45:23 NAME                                          READY     STATUS      RESTARTS   AGE
2020-07-15 13:45:23 my-cluster-entity-operator-7cbb484468-ntv9q   3/3       Running     0          6h28m
2020-07-15 13:45:23 my-cluster-kafka-0                            2/2       Running     0          31s
2020-07-15 13:45:23 my-cluster-kafka-1                            2/2       Running     0          6h29m
2020-07-15 13:45:23 my-cluster-kafka-2                            2/2       Running     0          6h29m
2020-07-15 13:45:23 my-cluster-zookeeper-0                        1/1       Running     0          6h30m
2020-07-15 13:45:23 my-cluster-zookeeper-1                        1/1       Running     0          6h30m
2020-07-15 13:45:23 my-cluster-zookeeper-2                        1/1       Running     0          6h30m
2020-07-15 13:45:23 my-connect-cluster-connect-1-deploy           0/1       Completed   0          6h7m
2020-07-15 13:45:23 my-connect-cluster-connect-2-66cc9            1/1       Running     0          3m40s
2020-07-15 13:45:23 my-connect-cluster-connect-2-deploy           0/1       Completed   0          6h2m
2020-07-15 13:45:23 my-mm2-cluster-mirrormaker2-b9765f446-l7s7r   1/1       Running     0          32m
2020-07-15 13:45:23 mysql-1-deploy                                0/1       Completed   0          7h18m
2020-07-15 13:45:23 mysql-1-hxk6p                                 1/1       Running     0          153m

2020-07-15 13:45:24 NAME                                          READY     STATUS      RESTARTS   AGE
2020-07-15 13:45:24 my-cluster-entity-operator-7cbb484468-ntv9q   3/3       Running     0          6h28m
2020-07-15 13:45:24 my-cluster-kafka-0                            2/2       Running     0          32s
2020-07-15 13:45:24 my-cluster-kafka-1                            2/2       Running     0          6h29m
2020-07-15 13:45:24 my-cluster-kafka-2                            2/2       Running     0          6h29m
2020-07-15 13:45:24 my-cluster-zookeeper-0                        1/1       Running     0          6h30m
2020-07-15 13:45:24 my-cluster-zookeeper-1                        1/1       Running     0          6h30m
2020-07-15 13:45:24 my-cluster-zookeeper-2                        1/1       Running     0          6h30m
2020-07-15 13:45:24 my-connect-cluster-connect-1-deploy           0/1       Completed   0          6h7m
2020-07-15 13:45:24 my-connect-cluster-connect-2-66cc9            1/1       Running     0          3m41s
2020-07-15 13:45:24 my-connect-cluster-connect-2-deploy           0/1       Completed   0          6h2m
2020-07-15 13:45:24 my-mm2-cluster-mirrormaker2-b9765f446-l7s7r   1/1       Running     0          32m
2020-07-15 13:45:24 mysql-1-deploy                                0/1       Completed   0          7h18m
2020-07-15 13:45:24 mysql-1-hxk6p                                 1/1       Running     0          153m

2020-07-15 13:45:25 NAME                                          READY     STATUS      RESTARTS   AGE
2020-07-15 13:45:25 my-cluster-entity-operator-7cbb484468-ntv9q   3/3       Running     0          6h28m
2020-07-15 13:45:25 my-cluster-kafka-0                            2/2       Running     0          34s
2020-07-15 13:45:25 my-cluster-kafka-1                            2/2       Running     0          6h29m
2020-07-15 13:45:25 my-cluster-kafka-2                            2/2       Running     0          6h29m
2020-07-15 13:45:25 my-cluster-zookeeper-0                        1/1       Running     0          6h30m
2020-07-15 13:45:25 my-cluster-zookeeper-1                        1/1       Running     0          6h30m
2020-07-15 13:45:25 my-cluster-zookeeper-2                        1/1       Running     0          6h30m
2020-07-15 13:45:25 my-connect-cluster-connect-1-deploy           0/1       Completed   0          6h7m
2020-07-15 13:45:25 my-connect-cluster-connect-2-66cc9            1/1       Running     0          3m43s
2020-07-15 13:45:25 my-connect-cluster-connect-2-deploy           0/1       Completed   0          6h2m
2020-07-15 13:45:25 my-mm2-cluster-mirrormaker2-b9765f446-l7s7r   1/1       Running     0          32m
2020-07-15 13:45:25 mysql-1-deploy                                0/1       Completed   0          7h18m
2020-07-15 13:45:25 mysql-1-hxk6p                                 1/1       Running     0          154m

2020-07-15 13:45:27 NAME                                          READY     STATUS      RESTARTS   AGE
2020-07-15 13:45:27 my-cluster-entity-operator-7cbb484468-ntv9q   3/3       Running     0          6h28m
2020-07-15 13:45:27 my-cluster-kafka-0                            2/2       Running     0          35s
2020-07-15 13:45:27 my-cluster-kafka-1                            2/2       Running     0          6h29m
2020-07-15 13:45:27 my-cluster-kafka-2                            2/2       Running     0          6h29m
2020-07-15 13:45:27 my-cluster-zookeeper-0                        1/1       Running     0          6h30m
2020-07-15 13:45:27 my-cluster-zookeeper-1                        1/1       Running     0          6h30m
2020-07-15 13:45:27 my-cluster-zookeeper-2                        1/1       Running     0          6h30m
2020-07-15 13:45:27 my-connect-cluster-connect-1-deploy           0/1       Completed   0          6h7m
2020-07-15 13:45:27 my-connect-cluster-connect-2-66cc9            1/1       Running     0          3m44s
2020-07-15 13:45:27 my-connect-cluster-connect-2-deploy           0/1       Completed   0          6h2m
2020-07-15 13:45:27 my-mm2-cluster-mirrormaker2-b9765f446-l7s7r   1/1       Running     0          32m
2020-07-15 13:45:27 mysql-1-deploy                                0/1       Completed   0          7h18m
2020-07-15 13:45:27 mysql-1-hxk6p                                 1/1       Running     0          154m

2020-07-15 13:45:28 NAME                                          READY     STATUS      RESTARTS   AGE
2020-07-15 13:45:28 my-cluster-entity-operator-7cbb484468-ntv9q   3/3       Running     0          6h28m
2020-07-15 13:45:28 my-cluster-kafka-0                            2/2       Running     0          36s
2020-07-15 13:45:28 my-cluster-kafka-1                            2/2       Running     0          6h29m
2020-07-15 13:45:28 my-cluster-kafka-2                            2/2       Running     0          6h29m
2020-07-15 13:45:28 my-cluster-zookeeper-0                        1/1       Running     0          6h30m
2020-07-15 13:45:28 my-cluster-zookeeper-1                        1/1       Running     0          6h30m
2020-07-15 13:45:28 my-cluster-zookeeper-2                        1/1       Running     0          6h30m
2020-07-15 13:45:28 my-connect-cluster-connect-1-deploy           0/1       Completed   0          6h7m
2020-07-15 13:45:28 my-connect-cluster-connect-2-66cc9            1/1       Running     0          3m45s
2020-07-15 13:45:28 my-connect-cluster-connect-2-deploy           0/1       Completed   0          6h2m
2020-07-15 13:45:28 my-mm2-cluster-mirrormaker2-b9765f446-l7s7r   1/1       Running     0          32m
2020-07-15 13:45:28 mysql-1-deploy                                0/1       Completed   0          7h18m
2020-07-15 13:45:28 mysql-1-hxk6p                                 1/1       Running     0          154m

2020-07-15 13:45:29 NAME                                          READY     STATUS      RESTARTS   AGE
2020-07-15 13:45:29 my-cluster-entity-operator-7cbb484468-ntv9q   3/3       Running     0          6h28m
2020-07-15 13:45:29 my-cluster-kafka-0                            2/2       Running     0          37s
2020-07-15 13:45:29 my-cluster-kafka-1                            2/2       Running     0          6h29m
2020-07-15 13:45:29 my-cluster-kafka-2                            2/2       Running     0          6h29m
2020-07-15 13:45:29 my-cluster-zookeeper-0                        1/1       Running     0          6h30m
2020-07-15 13:45:29 my-cluster-zookeeper-1                        1/1       Running     0          6h30m
2020-07-15 13:45:29 my-cluster-zookeeper-2                        1/1       Running     0          6h30m
2020-07-15 13:45:29 my-connect-cluster-connect-1-deploy           0/1       Completed   0          6h7m
2020-07-15 13:45:29 my-connect-cluster-connect-2-66cc9            1/1       Running     0          3m46s
2020-07-15 13:45:29 my-connect-cluster-connect-2-deploy           0/1       Completed   0          6h2m
2020-07-15 13:45:29 my-mm2-cluster-mirrormaker2-b9765f446-l7s7r   1/1       Running     0          32m
2020-07-15 13:45:29 mysql-1-deploy                                0/1       Completed   0          7h18m
2020-07-15 13:45:29 mysql-1-hxk6p                                 1/1       Running     0          154m

2020-07-15 13:45:30 NAME                                          READY     STATUS      RESTARTS   AGE
2020-07-15 13:45:30 my-cluster-entity-operator-7cbb484468-ntv9q   3/3       Running     0          6h28m
2020-07-15 13:45:30 my-cluster-kafka-0                            2/2       Running     0          39s
2020-07-15 13:45:30 my-cluster-kafka-1                            2/2       Running     0          6h29m
2020-07-15 13:45:30 my-cluster-kafka-2                            2/2       Running     0          6h29m
2020-07-15 13:45:30 my-cluster-zookeeper-0                        1/1       Running     0          6h30m
2020-07-15 13:45:30 my-cluster-zookeeper-1                        1/1       Running     0          6h30m
2020-07-15 13:45:30 my-cluster-zookeeper-2                        1/1       Running     0          6h30m
2020-07-15 13:45:30 my-connect-cluster-connect-1-deploy           0/1       Completed   0          6h7m
2020-07-15 13:45:30 my-connect-cluster-connect-2-66cc9            1/1       Running     0          3m48s
2020-07-15 13:45:30 my-connect-cluster-connect-2-deploy           0/1       Completed   0          6h2m
2020-07-15 13:45:30 my-mm2-cluster-mirrormaker2-b9765f446-l7s7r   1/1       Running     0          33m
2020-07-15 13:45:30 mysql-1-deploy                                0/1       Completed   0          7h18m
2020-07-15 13:45:30 mysql-1-hxk6p                                 1/1       Running     0          154m

2020-07-15 13:45:32 NAME                                          READY     STATUS      RESTARTS   AGE
2020-07-15 13:45:32 my-cluster-entity-operator-7cbb484468-ntv9q   3/3       Running     0          6h28m
2020-07-15 13:45:32 my-cluster-kafka-0                            2/2       Running     0          40s
2020-07-15 13:45:32 my-cluster-kafka-1                            2/2       Running     0          6h29m
2020-07-15 13:45:32 my-cluster-kafka-2                            2/2       Running     0          6h29m
2020-07-15 13:45:32 my-cluster-zookeeper-0                        1/1       Running     0          6h30m
2020-07-15 13:45:32 my-cluster-zookeeper-1                        1/1       Running     0          6h30m
2020-07-15 13:45:32 my-cluster-zookeeper-2                        1/1       Running     0          6h30m
2020-07-15 13:45:32 my-connect-cluster-connect-1-deploy           0/1       Completed   0          6h7m
2020-07-15 13:45:32 my-connect-cluster-connect-2-66cc9            1/1       Running     0          3m49s
2020-07-15 13:45:32 my-connect-cluster-connect-2-deploy           0/1       Completed   0          6h2m
2020-07-15 13:45:32 my-mm2-cluster-mirrormaker2-b9765f446-l7s7r   1/1       Running     0          33m
2020-07-15 13:45:32 mysql-1-deploy                                0/1       Completed   0          7h18m
2020-07-15 13:45:32 mysql-1-hxk6p                                 1/1       Running     0          154m

2020-07-15 13:45:33 NAME                                          READY     STATUS      RESTARTS   AGE
2020-07-15 13:45:33 my-cluster-entity-operator-7cbb484468-ntv9q   3/3       Running     0          6h28m
2020-07-15 13:45:33 my-cluster-kafka-0                            2/2       Running     0          41s
2020-07-15 13:45:33 my-cluster-kafka-1                            2/2       Running     0          6h29m
2020-07-15 13:45:33 my-cluster-kafka-2                            2/2       Running     0          6h29m
2020-07-15 13:45:33 my-cluster-zookeeper-0                        1/1       Running     0          6h30m
2020-07-15 13:45:33 my-cluster-zookeeper-1                        1/1       Running     0          6h30m
2020-07-15 13:45:33 my-cluster-zookeeper-2                        1/1       Running     0          6h30m
2020-07-15 13:45:33 my-connect-cluster-connect-1-deploy           0/1       Completed   0          6h7m
2020-07-15 13:45:33 my-connect-cluster-connect-2-66cc9            1/1       Running     0          3m50s
2020-07-15 13:45:33 my-connect-cluster-connect-2-deploy           0/1       Completed   0          6h2m
2020-07-15 13:45:33 my-mm2-cluster-mirrormaker2-b9765f446-l7s7r   1/1       Running     0          33m
2020-07-15 13:45:33 mysql-1-deploy                                0/1       Completed   0          7h18m
2020-07-15 13:45:33 mysql-1-hxk6p                                 1/1       Running     0          154m

2020-07-15 13:45:34 NAME                                          READY     STATUS      RESTARTS   AGE
2020-07-15 13:45:34 my-cluster-entity-operator-7cbb484468-ntv9q   3/3       Running     0          6h28m
2020-07-15 13:45:34 my-cluster-kafka-0                            2/2       Running     0          42s
2020-07-15 13:45:34 my-cluster-kafka-1                            2/2       Running     0          6h29m
2020-07-15 13:45:34 my-cluster-kafka-2                            2/2       Running     0          6h29m
2020-07-15 13:45:34 my-cluster-zookeeper-0                        1/1       Running     0          6h30m
2020-07-15 13:45:34 my-cluster-zookeeper-1                        1/1       Running     0          6h30m
2020-07-15 13:45:34 my-cluster-zookeeper-2                        1/1       Running     0          6h30m
2020-07-15 13:45:34 my-connect-cluster-connect-1-deploy           0/1       Completed   0          6h7m
2020-07-15 13:45:34 my-connect-cluster-connect-2-66cc9            1/1       Running     0          3m51s
2020-07-15 13:45:34 my-connect-cluster-connect-2-deploy           0/1       Completed   0          6h2m
2020-07-15 13:45:34 my-mm2-cluster-mirrormaker2-b9765f446-l7s7r   1/1       Running     0          33m
2020-07-15 13:45:34 mysql-1-deploy                                0/1       Completed   0          7h18m
2020-07-15 13:45:34 mysql-1-hxk6p                                 1/1       Running     0          154m

2020-07-15 13:45:35 NAME                                          READY     STATUS      RESTARTS   AGE
2020-07-15 13:45:35 my-cluster-entity-operator-7cbb484468-ntv9q   3/3       Running     0          6h28m
2020-07-15 13:45:35 my-cluster-kafka-0                            2/2       Running     0          44s
2020-07-15 13:45:35 my-cluster-kafka-1                            2/2       Running     0          6h29m
2020-07-15 13:45:35 my-cluster-kafka-2                            2/2       Running     0          6h29m
2020-07-15 13:45:35 my-cluster-zookeeper-0                        1/1       Running     0          6h30m
2020-07-15 13:45:35 my-cluster-zookeeper-1                        1/1       Running     0          6h30m
2020-07-15 13:45:35 my-cluster-zookeeper-2                        1/1       Running     0          6h30m
2020-07-15 13:45:35 my-connect-cluster-connect-1-deploy           0/1       Completed   0          6h7m
2020-07-15 13:45:35 my-connect-cluster-connect-2-66cc9            1/1       Running     0          3m53s
2020-07-15 13:45:35 my-connect-cluster-connect-2-deploy           0/1       Completed   0          6h2m
2020-07-15 13:45:35 my-mm2-cluster-mirrormaker2-b9765f446-l7s7r   1/1       Running     0          33m
2020-07-15 13:45:35 mysql-1-deploy                                0/1       Completed   0          7h19m
2020-07-15 13:45:35 mysql-1-hxk6p                                 1/1       Running     0          154m

2020-07-15 13:45:37 NAME                                          READY     STATUS      RESTARTS   AGE
2020-07-15 13:45:37 my-cluster-entity-operator-7cbb484468-ntv9q   3/3       Running     0          6h28m
2020-07-15 13:45:37 my-cluster-kafka-0                            2/2       Running     0          45s
2020-07-15 13:45:37 my-cluster-kafka-1                            2/2       Running     0          6h29m
2020-07-15 13:45:37 my-cluster-kafka-2                            2/2       Running     0          6h29m
2020-07-15 13:45:37 my-cluster-zookeeper-0                        1/1       Running     0          6h30m
2020-07-15 13:45:37 my-cluster-zookeeper-1                        1/1       Running     0          6h30m
2020-07-15 13:45:37 my-cluster-zookeeper-2                        1/1       Running     0          6h30m
2020-07-15 13:45:37 my-connect-cluster-connect-1-deploy           0/1       Completed   0          6h7m
2020-07-15 13:45:37 my-connect-cluster-connect-2-66cc9            1/1       Running     0          3m54s
2020-07-15 13:45:37 my-connect-cluster-connect-2-deploy           0/1       Completed   0          6h2m
2020-07-15 13:45:37 my-mm2-cluster-mirrormaker2-b9765f446-l7s7r   1/1       Running     0          33m
2020-07-15 13:45:37 mysql-1-deploy                                0/1       Completed   0          7h19m
2020-07-15 13:45:37 mysql-1-hxk6p                                 1/1       Running     0          154m

2020-07-15 13:45:38 NAME                                          READY     STATUS      RESTARTS   AGE
2020-07-15 13:45:38 my-cluster-entity-operator-7cbb484468-ntv9q   3/3       Running     0          6h28m
2020-07-15 13:45:38 my-cluster-kafka-0                            2/2       Running     0          46s
2020-07-15 13:45:38 my-cluster-kafka-1                            2/2       Running     0          6h29m
2020-07-15 13:45:38 my-cluster-kafka-2                            2/2       Running     0          6h29m
2020-07-15 13:45:38 my-cluster-zookeeper-0                        1/1       Running     0          6h30m
2020-07-15 13:45:38 my-cluster-zookeeper-1                        1/1       Running     0          6h30m
2020-07-15 13:45:38 my-cluster-zookeeper-2                        1/1       Running     0          6h30m
2020-07-15 13:45:38 my-connect-cluster-connect-1-deploy           0/1       Completed   0          6h7m
2020-07-15 13:45:38 my-connect-cluster-connect-2-66cc9            1/1       Running     0          3m55s
2020-07-15 13:45:38 my-connect-cluster-connect-2-deploy           0/1       Completed   0          6h2m
2020-07-15 13:45:38 my-mm2-cluster-mirrormaker2-b9765f446-l7s7r   1/1       Running     0          33m
2020-07-15 13:45:38 mysql-1-deploy                                0/1       Completed   0          7h19m
2020-07-15 13:45:38 mysql-1-hxk6p                                 1/1       Running     0          154m

2020-07-15 13:45:39 NAME                                          READY     STATUS      RESTARTS   AGE
2020-07-15 13:45:39 my-cluster-entity-operator-7cbb484468-ntv9q   3/3       Running     0          6h28m
2020-07-15 13:45:39 my-cluster-kafka-0                            2/2       Running     0          47s
2020-07-15 13:45:39 my-cluster-kafka-1                            2/2       Running     0          6h29m
2020-07-15 13:45:39 my-cluster-kafka-2                            2/2       Running     0          6h29m
2020-07-15 13:45:39 my-cluster-zookeeper-0                        1/1       Running     0          6h30m
2020-07-15 13:45:39 my-cluster-zookeeper-1                        1/1       Running     0          6h30m
2020-07-15 13:45:39 my-cluster-zookeeper-2                        1/1       Running     0          6h30m
2020-07-15 13:45:39 my-connect-cluster-connect-1-deploy           0/1       Completed   0          6h7m
2020-07-15 13:45:39 my-connect-cluster-connect-2-66cc9            1/1       Running     0          3m56s
2020-07-15 13:45:39 my-connect-cluster-connect-2-deploy           0/1       Completed   0          6h2m
2020-07-15 13:45:39 my-mm2-cluster-mirrormaker2-b9765f446-l7s7r   1/1       Running     0          33m
2020-07-15 13:45:39 mysql-1-deploy                                0/1       Completed   0          7h19m
2020-07-15 13:45:39 mysql-1-hxk6p                                 1/1       Running     0          154m

