2020-07-15 13:44:32 NAME                                          READY     STATUS      RESTARTS   AGE
2020-07-15 13:44:32 my-cluster-entity-operator-676d44468b-kjrvk   3/3       Running     0          6d7h
2020-07-15 13:44:32 my-cluster-kafka-0                            2/2       Running     0          23m
2020-07-15 13:44:32 my-cluster-kafka-1                            2/2       Running     0          6d7h
2020-07-15 13:44:32 my-cluster-kafka-2                            2/2       Running     0          6d7h
2020-07-15 13:44:32 my-cluster-zookeeper-0                        1/1       Running     0          13m
2020-07-15 13:44:32 my-cluster-zookeeper-1                        1/1       Running     0          6d7h
2020-07-15 13:44:32 my-cluster-zookeeper-2                        1/1       Running     0          6d7h
2020-07-15 13:44:32 my-connect-cluster-connect-1-deploy           0/1       Completed   0          6d10h
2020-07-15 13:44:32 my-connect-cluster-connect-2-deploy           0/1       Completed   0          6d10h
2020-07-15 13:44:32 my-connect-cluster-connect-3-deploy           0/1       Completed   0          6h4m
2020-07-15 13:44:32 my-connect-cluster-connect-3-xcwkf            1/1       Running     0          45m
2020-07-15 13:44:32 mysql-1-deploy                                0/1       Completed   0          6d8h
2020-07-15 13:44:32 mysql-2-deploy                                0/1       Completed   0          6d7h
2020-07-15 13:44:32 mysql-2-khmsf                                 1/1       Running     0          6d7h

2020-07-15 13:44:33 NAME                                          READY     STATUS      RESTARTS   AGE
2020-07-15 13:44:33 my-cluster-entity-operator-676d44468b-kjrvk   3/3       Running     0          6d7h
2020-07-15 13:44:33 my-cluster-kafka-0                            2/2       Running     0          23m
2020-07-15 13:44:33 my-cluster-kafka-1                            2/2       Running     0          6d7h
2020-07-15 13:44:33 my-cluster-kafka-2                            2/2       Running     0          6d7h
2020-07-15 13:44:33 my-cluster-zookeeper-0                        1/1       Running     0          13m
2020-07-15 13:44:33 my-cluster-zookeeper-1                        1/1       Running     0          6d7h
2020-07-15 13:44:33 my-cluster-zookeeper-2                        1/1       Running     0          6d7h
2020-07-15 13:44:33 my-connect-cluster-connect-1-deploy           0/1       Completed   0          6d10h
2020-07-15 13:44:33 my-connect-cluster-connect-2-deploy           0/1       Completed   0          6d10h
2020-07-15 13:44:33 my-connect-cluster-connect-3-deploy           0/1       Completed   0          6h4m
2020-07-15 13:44:33 my-connect-cluster-connect-3-xcwkf            1/1       Running     0          45m
2020-07-15 13:44:33 mysql-1-deploy                                0/1       Completed   0          6d8h
2020-07-15 13:44:33 mysql-2-deploy                                0/1       Completed   0          6d7h
2020-07-15 13:44:33 mysql-2-khmsf                                 1/1       Running     0          6d7h

2020-07-15 13:44:35 NAME                                          READY     STATUS      RESTARTS   AGE
2020-07-15 13:44:35 my-cluster-entity-operator-676d44468b-kjrvk   3/3       Running     0          6d7h
2020-07-15 13:44:35 my-cluster-kafka-0                            2/2       Running     0          23m
2020-07-15 13:44:35 my-cluster-kafka-1                            2/2       Running     0          6d7h
2020-07-15 13:44:35 my-cluster-kafka-2                            2/2       Running     0          6d7h
2020-07-15 13:44:35 my-cluster-zookeeper-0                        1/1       Running     0          13m
2020-07-15 13:44:35 my-cluster-zookeeper-1                        1/1       Running     0          6d7h
2020-07-15 13:44:35 my-cluster-zookeeper-2                        1/1       Running     0          6d7h
2020-07-15 13:44:35 my-connect-cluster-connect-1-deploy           0/1       Completed   0          6d10h
2020-07-15 13:44:35 my-connect-cluster-connect-2-deploy           0/1       Completed   0          6d10h
2020-07-15 13:44:35 my-connect-cluster-connect-3-deploy           0/1       Completed   0          6h4m
2020-07-15 13:44:35 my-connect-cluster-connect-3-xcwkf            1/1       Running     0          45m
2020-07-15 13:44:35 mysql-1-deploy                                0/1       Completed   0          6d8h
2020-07-15 13:44:35 mysql-2-deploy                                0/1       Completed   0          6d7h
2020-07-15 13:44:35 mysql-2-khmsf                                 1/1       Running     0          6d7h

2020-07-15 13:44:36 NAME                                          READY     STATUS      RESTARTS   AGE
2020-07-15 13:44:36 my-cluster-entity-operator-676d44468b-kjrvk   3/3       Running     0          6d7h
2020-07-15 13:44:36 my-cluster-kafka-0                            2/2       Running     0          23m
2020-07-15 13:44:36 my-cluster-kafka-1                            2/2       Running     0          6d7h
2020-07-15 13:44:36 my-cluster-kafka-2                            2/2       Running     0          6d7h
2020-07-15 13:44:36 my-cluster-zookeeper-0                        1/1       Running     0          13m
2020-07-15 13:44:36 my-cluster-zookeeper-1                        1/1       Running     0          6d7h
2020-07-15 13:44:36 my-cluster-zookeeper-2                        1/1       Running     0          6d7h
2020-07-15 13:44:36 my-connect-cluster-connect-1-deploy           0/1       Completed   0          6d10h
2020-07-15 13:44:36 my-connect-cluster-connect-2-deploy           0/1       Completed   0          6d10h
2020-07-15 13:44:36 my-connect-cluster-connect-3-deploy           0/1       Completed   0          6h4m
2020-07-15 13:44:36 my-connect-cluster-connect-3-xcwkf            1/1       Running     0          45m
2020-07-15 13:44:36 mysql-1-deploy                                0/1       Completed   0          6d8h
2020-07-15 13:44:36 mysql-2-deploy                                0/1       Completed   0          6d7h
2020-07-15 13:44:36 mysql-2-khmsf                                 1/1       Running     0          6d7h

2020-07-15 13:44:37 NAME                                          READY     STATUS      RESTARTS   AGE
2020-07-15 13:44:37 my-cluster-entity-operator-676d44468b-kjrvk   3/3       Running     0          6d7h
2020-07-15 13:44:37 my-cluster-kafka-0                            2/2       Running     0          23m
2020-07-15 13:44:37 my-cluster-kafka-1                            2/2       Running     0          6d7h
2020-07-15 13:44:37 my-cluster-kafka-2                            2/2       Running     0          6d7h
2020-07-15 13:44:37 my-cluster-zookeeper-0                        1/1       Running     0          13m
2020-07-15 13:44:37 my-cluster-zookeeper-1                        1/1       Running     0          6d7h
2020-07-15 13:44:37 my-cluster-zookeeper-2                        1/1       Running     0          6d7h
2020-07-15 13:44:37 my-connect-cluster-connect-1-deploy           0/1       Completed   0          6d10h
2020-07-15 13:44:37 my-connect-cluster-connect-2-deploy           0/1       Completed   0          6d10h
2020-07-15 13:44:37 my-connect-cluster-connect-3-deploy           0/1       Completed   0          6h4m
2020-07-15 13:44:37 my-connect-cluster-connect-3-xcwkf            1/1       Running     0          45m
2020-07-15 13:44:37 mysql-1-deploy                                0/1       Completed   0          6d8h
2020-07-15 13:44:37 mysql-2-deploy                                0/1       Completed   0          6d7h
2020-07-15 13:44:37 mysql-2-khmsf                                 1/1       Running     0          6d7h

2020-07-15 13:44:38 NAME                                          READY     STATUS      RESTARTS   AGE
2020-07-15 13:44:38 my-cluster-entity-operator-676d44468b-kjrvk   3/3       Running     0          6d7h
2020-07-15 13:44:38 my-cluster-kafka-0                            2/2       Running     0          23m
2020-07-15 13:44:38 my-cluster-kafka-1                            2/2       Running     0          6d7h
2020-07-15 13:44:38 my-cluster-kafka-2                            2/2       Running     0          6d7h
2020-07-15 13:44:38 my-cluster-zookeeper-0                        1/1       Running     0          13m
2020-07-15 13:44:38 my-cluster-zookeeper-1                        1/1       Running     0          6d7h
2020-07-15 13:44:38 my-cluster-zookeeper-2                        1/1       Running     0          6d7h
2020-07-15 13:44:38 my-connect-cluster-connect-1-deploy           0/1       Completed   0          6d10h
2020-07-15 13:44:38 my-connect-cluster-connect-2-deploy           0/1       Completed   0          6d10h
2020-07-15 13:44:38 my-connect-cluster-connect-3-deploy           0/1       Completed   0          6h4m
2020-07-15 13:44:38 my-connect-cluster-connect-3-xcwkf            1/1       Running     0          45m
2020-07-15 13:44:38 mysql-1-deploy                                0/1       Completed   0          6d8h
2020-07-15 13:44:38 mysql-2-deploy                                0/1       Completed   0          6d7h
2020-07-15 13:44:38 mysql-2-khmsf                                 1/1       Running     0          6d7h

2020-07-15 13:44:40 NAME                                          READY     STATUS      RESTARTS   AGE
2020-07-15 13:44:40 my-cluster-entity-operator-676d44468b-kjrvk   3/3       Running     0          6d7h
2020-07-15 13:44:40 my-cluster-kafka-0                            2/2       Running     0          23m
2020-07-15 13:44:40 my-cluster-kafka-1                            2/2       Running     0          6d7h
2020-07-15 13:44:40 my-cluster-kafka-2                            2/2       Running     0          6d7h
2020-07-15 13:44:40 my-cluster-zookeeper-0                        1/1       Running     0          13m
2020-07-15 13:44:40 my-cluster-zookeeper-1                        1/1       Running     0          6d7h
2020-07-15 13:44:40 my-cluster-zookeeper-2                        1/1       Running     0          6d7h
2020-07-15 13:44:40 my-connect-cluster-connect-1-deploy           0/1       Completed   0          6d10h
2020-07-15 13:44:40 my-connect-cluster-connect-2-deploy           0/1       Completed   0          6d10h
2020-07-15 13:44:40 my-connect-cluster-connect-3-deploy           0/1       Completed   0          6h4m
2020-07-15 13:44:40 my-connect-cluster-connect-3-xcwkf            1/1       Running     0          45m
2020-07-15 13:44:40 mysql-1-deploy                                0/1       Completed   0          6d8h
2020-07-15 13:44:40 mysql-2-deploy                                0/1       Completed   0          6d7h
2020-07-15 13:44:40 mysql-2-khmsf                                 1/1       Running     0          6d7h

2020-07-15 13:44:41 NAME                                          READY     STATUS      RESTARTS   AGE
2020-07-15 13:44:41 my-cluster-entity-operator-676d44468b-kjrvk   3/3       Running     0          6d7h
2020-07-15 13:44:41 my-cluster-kafka-0                            2/2       Running     0          23m
2020-07-15 13:44:41 my-cluster-kafka-1                            2/2       Running     0          6d7h
2020-07-15 13:44:41 my-cluster-kafka-2                            2/2       Running     0          6d7h
2020-07-15 13:44:41 my-cluster-zookeeper-0                        1/1       Running     0          14m
2020-07-15 13:44:41 my-cluster-zookeeper-1                        1/1       Running     0          6d7h
2020-07-15 13:44:41 my-cluster-zookeeper-2                        1/1       Running     0          6d7h
2020-07-15 13:44:41 my-connect-cluster-connect-1-deploy           0/1       Completed   0          6d11h
2020-07-15 13:44:41 my-connect-cluster-connect-2-deploy           0/1       Completed   0          6d10h
2020-07-15 13:44:41 my-connect-cluster-connect-3-deploy           0/1       Completed   0          6h4m
2020-07-15 13:44:41 my-connect-cluster-connect-3-xcwkf            1/1       Running     0          45m
2020-07-15 13:44:41 mysql-1-deploy                                0/1       Completed   0          6d8h
2020-07-15 13:44:41 mysql-2-deploy                                0/1       Completed   0          6d7h
2020-07-15 13:44:41 mysql-2-khmsf                                 1/1       Running     0          6d7h

2020-07-15 13:44:43 NAME                                          READY     STATUS      RESTARTS   AGE
2020-07-15 13:44:43 my-cluster-entity-operator-676d44468b-kjrvk   3/3       Running     0          6d7h
2020-07-15 13:44:43 my-cluster-kafka-0                            2/2       Running     0          23m
2020-07-15 13:44:43 my-cluster-kafka-1                            2/2       Running     0          6d7h
2020-07-15 13:44:43 my-cluster-kafka-2                            2/2       Running     0          6d7h
2020-07-15 13:44:43 my-cluster-zookeeper-0                        1/1       Running     0          14m
2020-07-15 13:44:43 my-cluster-zookeeper-1                        1/1       Running     0          6d7h
2020-07-15 13:44:43 my-cluster-zookeeper-2                        1/1       Running     0          6d7h
2020-07-15 13:44:43 my-connect-cluster-connect-1-deploy           0/1       Completed   0          6d11h
2020-07-15 13:44:43 my-connect-cluster-connect-2-deploy           0/1       Completed   0          6d10h
2020-07-15 13:44:43 my-connect-cluster-connect-3-deploy           0/1       Completed   0          6h4m
2020-07-15 13:44:43 my-connect-cluster-connect-3-xcwkf            1/1       Running     0          45m
2020-07-15 13:44:43 mysql-1-deploy                                0/1       Completed   0          6d8h
2020-07-15 13:44:43 mysql-2-deploy                                0/1       Completed   0          6d7h
2020-07-15 13:44:43 mysql-2-khmsf                                 1/1       Running     0          6d7h

2020-07-15 13:44:44 NAME                                          READY     STATUS      RESTARTS   AGE
2020-07-15 13:44:44 my-cluster-entity-operator-676d44468b-kjrvk   3/3       Running     0          6d7h
2020-07-15 13:44:44 my-cluster-kafka-0                            2/2       Running     0          23m
2020-07-15 13:44:44 my-cluster-kafka-1                            2/2       Running     0          6d7h
2020-07-15 13:44:44 my-cluster-kafka-2                            2/2       Running     0          6d7h
2020-07-15 13:44:44 my-cluster-zookeeper-0                        1/1       Running     0          14m
2020-07-15 13:44:44 my-cluster-zookeeper-1                        1/1       Running     0          6d7h
2020-07-15 13:44:44 my-cluster-zookeeper-2                        1/1       Running     0          6d7h
2020-07-15 13:44:44 my-connect-cluster-connect-1-deploy           0/1       Completed   0          6d11h
2020-07-15 13:44:44 my-connect-cluster-connect-2-deploy           0/1       Completed   0          6d10h
2020-07-15 13:44:44 my-connect-cluster-connect-3-deploy           0/1       Completed   0          6h4m
2020-07-15 13:44:44 my-connect-cluster-connect-3-xcwkf            1/1       Running     0          45m
2020-07-15 13:44:44 mysql-1-deploy                                0/1       Completed   0          6d8h
2020-07-15 13:44:44 mysql-2-deploy                                0/1       Completed   0          6d7h
2020-07-15 13:44:44 mysql-2-khmsf                                 1/1       Running     0          6d7h

2020-07-15 13:44:45 NAME                                          READY     STATUS      RESTARTS   AGE
2020-07-15 13:44:45 my-cluster-entity-operator-676d44468b-kjrvk   3/3       Running     0          6d7h
2020-07-15 13:44:45 my-cluster-kafka-0                            2/2       Running     0          23m
2020-07-15 13:44:45 my-cluster-kafka-1                            2/2       Running     0          6d7h
2020-07-15 13:44:45 my-cluster-kafka-2                            2/2       Running     0          6d7h
2020-07-15 13:44:45 my-cluster-zookeeper-0                        1/1       Running     0          14m
2020-07-15 13:44:45 my-cluster-zookeeper-1                        1/1       Running     0          6d7h
2020-07-15 13:44:45 my-cluster-zookeeper-2                        1/1       Running     0          6d7h
2020-07-15 13:44:45 my-connect-cluster-connect-1-deploy           0/1       Completed   0          6d11h
2020-07-15 13:44:45 my-connect-cluster-connect-2-deploy           0/1       Completed   0          6d10h
2020-07-15 13:44:45 my-connect-cluster-connect-3-deploy           0/1       Completed   0          6h4m
2020-07-15 13:44:45 my-connect-cluster-connect-3-xcwkf            1/1       Running     0          45m
2020-07-15 13:44:45 mysql-1-deploy                                0/1       Completed   0          6d8h
2020-07-15 13:44:45 mysql-2-deploy                                0/1       Completed   0          6d7h
2020-07-15 13:44:45 mysql-2-khmsf                                 1/1       Running     0          6d7h

2020-07-15 13:44:47 NAME                                          READY     STATUS      RESTARTS   AGE
2020-07-15 13:44:47 my-cluster-entity-operator-676d44468b-kjrvk   3/3       Running     0          6d7h
2020-07-15 13:44:47 my-cluster-kafka-0                            2/2       Running     0          23m
2020-07-15 13:44:47 my-cluster-kafka-1                            2/2       Running     0          6d7h
2020-07-15 13:44:47 my-cluster-kafka-2                            2/2       Running     0          6d7h
2020-07-15 13:44:47 my-cluster-zookeeper-0                        1/1       Running     0          14m
2020-07-15 13:44:47 my-cluster-zookeeper-1                        1/1       Running     0          6d7h
2020-07-15 13:44:47 my-cluster-zookeeper-2                        1/1       Running     0          6d7h
2020-07-15 13:44:47 my-connect-cluster-connect-1-deploy           0/1       Completed   0          6d11h
2020-07-15 13:44:47 my-connect-cluster-connect-2-deploy           0/1       Completed   0          6d10h
2020-07-15 13:44:47 my-connect-cluster-connect-3-deploy           0/1       Completed   0          6h4m
2020-07-15 13:44:47 my-connect-cluster-connect-3-xcwkf            1/1       Running     0          45m
2020-07-15 13:44:47 mysql-1-deploy                                0/1       Completed   0          6d8h
2020-07-15 13:44:47 mysql-2-deploy                                0/1       Completed   0          6d7h
2020-07-15 13:44:47 mysql-2-khmsf                                 1/1       Running     0          6d7h

2020-07-15 13:44:48 NAME                                          READY     STATUS      RESTARTS   AGE
2020-07-15 13:44:48 my-cluster-entity-operator-676d44468b-kjrvk   3/3       Running     0          6d7h
2020-07-15 13:44:48 my-cluster-kafka-0                            2/2       Running     0          23m
2020-07-15 13:44:48 my-cluster-kafka-1                            2/2       Running     0          6d7h
2020-07-15 13:44:48 my-cluster-kafka-2                            2/2       Running     0          6d7h
2020-07-15 13:44:48 my-cluster-zookeeper-0                        1/1       Running     0          14m
2020-07-15 13:44:48 my-cluster-zookeeper-1                        1/1       Running     0          6d7h
2020-07-15 13:44:48 my-cluster-zookeeper-2                        1/1       Running     0          6d7h
2020-07-15 13:44:48 my-connect-cluster-connect-1-deploy           0/1       Completed   0          6d11h
2020-07-15 13:44:48 my-connect-cluster-connect-2-deploy           0/1       Completed   0          6d10h
2020-07-15 13:44:48 my-connect-cluster-connect-3-deploy           0/1       Completed   0          6h4m
2020-07-15 13:44:48 my-connect-cluster-connect-3-xcwkf            1/1       Running     0          45m
2020-07-15 13:44:48 mysql-1-deploy                                0/1       Completed   0          6d8h
2020-07-15 13:44:48 mysql-2-deploy                                0/1       Completed   0          6d8h
2020-07-15 13:44:48 mysql-2-khmsf                                 1/1       Running     0          6d7h

2020-07-15 13:44:49 NAME                                          READY     STATUS      RESTARTS   AGE
2020-07-15 13:44:49 my-cluster-entity-operator-676d44468b-kjrvk   3/3       Running     0          6d7h
2020-07-15 13:44:49 my-cluster-kafka-0                            2/2       Running     0          23m
2020-07-15 13:44:49 my-cluster-kafka-1                            2/2       Running     0          6d7h
2020-07-15 13:44:49 my-cluster-kafka-2                            2/2       Running     0          6d7h
2020-07-15 13:44:49 my-cluster-zookeeper-0                        1/1       Running     0          14m
2020-07-15 13:44:49 my-cluster-zookeeper-1                        1/1       Running     0          6d7h
2020-07-15 13:44:49 my-cluster-zookeeper-2                        1/1       Running     0          6d7h
2020-07-15 13:44:49 my-connect-cluster-connect-1-deploy           0/1       Completed   0          6d11h
2020-07-15 13:44:49 my-connect-cluster-connect-2-deploy           0/1       Completed   0          6d10h
2020-07-15 13:44:49 my-connect-cluster-connect-3-deploy           0/1       Completed   0          6h4m
2020-07-15 13:44:49 my-connect-cluster-connect-3-xcwkf            1/1       Running     0          45m
2020-07-15 13:44:49 mysql-1-deploy                                0/1       Completed   0          6d8h
2020-07-15 13:44:49 mysql-2-deploy                                0/1       Completed   0          6d8h
2020-07-15 13:44:49 mysql-2-khmsf                                 1/1       Running     0          6d7h

2020-07-15 13:44:51 NAME                                          READY     STATUS      RESTARTS   AGE
2020-07-15 13:44:51 my-cluster-entity-operator-676d44468b-kjrvk   3/3       Running     0          6d7h
2020-07-15 13:44:51 my-cluster-kafka-0                            2/2       Running     0          23m
2020-07-15 13:44:51 my-cluster-kafka-1                            2/2       Running     0          6d7h
2020-07-15 13:44:51 my-cluster-kafka-2                            2/2       Running     0          6d7h
2020-07-15 13:44:51 my-cluster-zookeeper-0                        1/1       Running     0          14m
2020-07-15 13:44:51 my-cluster-zookeeper-1                        1/1       Running     0          6d7h
2020-07-15 13:44:51 my-cluster-zookeeper-2                        1/1       Running     0          6d7h
2020-07-15 13:44:51 my-connect-cluster-connect-1-deploy           0/1       Completed   0          6d11h
2020-07-15 13:44:51 my-connect-cluster-connect-2-deploy           0/1       Completed   0          6d10h
2020-07-15 13:44:51 my-connect-cluster-connect-3-deploy           0/1       Completed   0          6h4m
2020-07-15 13:44:51 my-connect-cluster-connect-3-xcwkf            1/1       Running     0          45m
2020-07-15 13:44:51 mysql-1-deploy                                0/1       Completed   0          6d8h
2020-07-15 13:44:51 mysql-2-deploy                                0/1       Completed   0          6d8h
2020-07-15 13:44:51 mysql-2-khmsf                                 1/1       Running     0          6d7h

2020-07-15 13:44:52 NAME                                          READY     STATUS      RESTARTS   AGE
2020-07-15 13:44:52 my-cluster-entity-operator-676d44468b-kjrvk   3/3       Running     0          6d7h
2020-07-15 13:44:52 my-cluster-kafka-0                            2/2       Running     0          23m
2020-07-15 13:44:52 my-cluster-kafka-1                            2/2       Running     0          6d7h
2020-07-15 13:44:52 my-cluster-kafka-2                            2/2       Running     0          6d7h
2020-07-15 13:44:52 my-cluster-zookeeper-0                        1/1       Running     0          14m
2020-07-15 13:44:52 my-cluster-zookeeper-1                        1/1       Running     0          6d7h
2020-07-15 13:44:52 my-cluster-zookeeper-2                        1/1       Running     0          6d7h
2020-07-15 13:44:52 my-connect-cluster-connect-1-deploy           0/1       Completed   0          6d11h
2020-07-15 13:44:52 my-connect-cluster-connect-2-deploy           0/1       Completed   0          6d10h
2020-07-15 13:44:52 my-connect-cluster-connect-3-deploy           0/1       Completed   0          6h4m
2020-07-15 13:44:52 my-connect-cluster-connect-3-xcwkf            1/1       Running     0          45m
2020-07-15 13:44:52 mysql-1-deploy                                0/1       Completed   0          6d8h
2020-07-15 13:44:52 mysql-2-deploy                                0/1       Completed   0          6d8h
2020-07-15 13:44:52 mysql-2-khmsf                                 1/1       Running     0          6d7h

2020-07-15 13:44:53 NAME                                          READY     STATUS      RESTARTS   AGE
2020-07-15 13:44:53 my-cluster-entity-operator-676d44468b-kjrvk   3/3       Running     0          6d7h
2020-07-15 13:44:53 my-cluster-kafka-0                            2/2       Running     0          23m
2020-07-15 13:44:53 my-cluster-kafka-1                            2/2       Running     0          6d7h
2020-07-15 13:44:53 my-cluster-kafka-2                            2/2       Running     0          6d7h
2020-07-15 13:44:53 my-cluster-zookeeper-0                        1/1       Running     0          14m
2020-07-15 13:44:53 my-cluster-zookeeper-1                        1/1       Running     0          6d7h
2020-07-15 13:44:53 my-cluster-zookeeper-2                        1/1       Running     0          6d7h
2020-07-15 13:44:53 my-connect-cluster-connect-1-deploy           0/1       Completed   0          6d11h
2020-07-15 13:44:53 my-connect-cluster-connect-2-deploy           0/1       Completed   0          6d10h
2020-07-15 13:44:53 my-connect-cluster-connect-3-deploy           0/1       Completed   0          6h4m
2020-07-15 13:44:53 my-connect-cluster-connect-3-xcwkf            1/1       Running     0          45m
2020-07-15 13:44:53 mysql-1-deploy                                0/1       Completed   0          6d8h
2020-07-15 13:44:53 mysql-2-deploy                                0/1       Completed   0          6d8h
2020-07-15 13:44:53 mysql-2-khmsf                                 1/1       Running     0          6d7h

2020-07-15 13:44:55 NAME                                          READY     STATUS      RESTARTS   AGE
2020-07-15 13:44:55 my-cluster-entity-operator-676d44468b-kjrvk   3/3       Running     0          6d7h
2020-07-15 13:44:55 my-cluster-kafka-0                            2/2       Running     0          23m
2020-07-15 13:44:55 my-cluster-kafka-1                            2/2       Running     0          6d7h
2020-07-15 13:44:55 my-cluster-kafka-2                            2/2       Running     0          6d7h
2020-07-15 13:44:55 my-cluster-zookeeper-0                        1/1       Running     0          14m
2020-07-15 13:44:55 my-cluster-zookeeper-1                        1/1       Running     0          6d7h
2020-07-15 13:44:55 my-cluster-zookeeper-2                        1/1       Running     0          6d7h
2020-07-15 13:44:55 my-connect-cluster-connect-1-deploy           0/1       Completed   0          6d11h
2020-07-15 13:44:55 my-connect-cluster-connect-2-deploy           0/1       Completed   0          6d10h
2020-07-15 13:44:55 my-connect-cluster-connect-3-deploy           0/1       Completed   0          6h4m
2020-07-15 13:44:55 my-connect-cluster-connect-3-xcwkf            1/1       Running     0          45m
2020-07-15 13:44:55 mysql-1-deploy                                0/1       Completed   0          6d8h
2020-07-15 13:44:55 mysql-2-deploy                                0/1       Completed   0          6d8h
2020-07-15 13:44:55 mysql-2-khmsf                                 1/1       Running     0          6d8h

2020-07-15 13:44:56 NAME                                          READY     STATUS      RESTARTS   AGE
2020-07-15 13:44:56 my-cluster-entity-operator-676d44468b-kjrvk   3/3       Running     0          6d7h
2020-07-15 13:44:56 my-cluster-kafka-0                            2/2       Running     0          23m
2020-07-15 13:44:56 my-cluster-kafka-1                            2/2       Running     0          6d7h
2020-07-15 13:44:56 my-cluster-kafka-2                            2/2       Running     0          6d7h
2020-07-15 13:44:56 my-cluster-zookeeper-0                        1/1       Running     0          14m
2020-07-15 13:44:56 my-cluster-zookeeper-1                        1/1       Running     0          6d7h
2020-07-15 13:44:56 my-cluster-zookeeper-2                        1/1       Running     0          6d7h
2020-07-15 13:44:56 my-connect-cluster-connect-1-deploy           0/1       Completed   0          6d11h
2020-07-15 13:44:56 my-connect-cluster-connect-2-deploy           0/1       Completed   0          6d10h
2020-07-15 13:44:56 my-connect-cluster-connect-3-deploy           0/1       Completed   0          6h4m
2020-07-15 13:44:56 my-connect-cluster-connect-3-xcwkf            1/1       Running     0          45m
2020-07-15 13:44:56 mysql-1-deploy                                0/1       Completed   0          6d8h
2020-07-15 13:44:56 mysql-2-deploy                                0/1       Completed   0          6d8h
2020-07-15 13:44:56 mysql-2-khmsf                                 1/1       Running     0          6d8h

2020-07-15 13:44:57 NAME                                          READY     STATUS      RESTARTS   AGE
2020-07-15 13:44:57 my-cluster-entity-operator-676d44468b-kjrvk   3/3       Running     0          6d7h
2020-07-15 13:44:57 my-cluster-kafka-0                            2/2       Running     0          23m
2020-07-15 13:44:57 my-cluster-kafka-1                            2/2       Running     0          6d7h
2020-07-15 13:44:57 my-cluster-kafka-2                            2/2       Running     0          6d7h
2020-07-15 13:44:57 my-cluster-zookeeper-0                        1/1       Running     0          14m
2020-07-15 13:44:57 my-cluster-zookeeper-1                        1/1       Running     0          6d7h
2020-07-15 13:44:57 my-cluster-zookeeper-2                        1/1       Running     0          6d7h
2020-07-15 13:44:57 my-connect-cluster-connect-1-deploy           0/1       Completed   0          6d11h
2020-07-15 13:44:57 my-connect-cluster-connect-2-deploy           0/1       Completed   0          6d10h
2020-07-15 13:44:57 my-connect-cluster-connect-3-deploy           0/1       Completed   0          6h4m
2020-07-15 13:44:57 my-connect-cluster-connect-3-xcwkf            1/1       Running     0          45m
2020-07-15 13:44:57 mysql-1-deploy                                0/1       Completed   0          6d8h
2020-07-15 13:44:57 mysql-2-deploy                                0/1       Completed   0          6d8h
2020-07-15 13:44:57 mysql-2-khmsf                                 1/1       Running     0          6d8h

2020-07-15 13:44:59 NAME                                          READY     STATUS      RESTARTS   AGE
2020-07-15 13:44:59 my-cluster-entity-operator-676d44468b-kjrvk   3/3       Running     0          6d7h
2020-07-15 13:44:59 my-cluster-kafka-0                            2/2       Running     0          24m
2020-07-15 13:44:59 my-cluster-kafka-1                            2/2       Running     0          6d7h
2020-07-15 13:44:59 my-cluster-kafka-2                            2/2       Running     0          6d7h
2020-07-15 13:44:59 my-cluster-zookeeper-0                        1/1       Running     0          14m
2020-07-15 13:44:59 my-cluster-zookeeper-1                        1/1       Running     0          6d7h
2020-07-15 13:44:59 my-cluster-zookeeper-2                        1/1       Running     0          6d7h
2020-07-15 13:44:59 my-connect-cluster-connect-1-deploy           0/1       Completed   0          6d11h
2020-07-15 13:44:59 my-connect-cluster-connect-2-deploy           0/1       Completed   0          6d10h
2020-07-15 13:44:59 my-connect-cluster-connect-3-deploy           0/1       Completed   0          6h4m
2020-07-15 13:44:59 my-connect-cluster-connect-3-xcwkf            1/1       Running     0          45m
2020-07-15 13:44:59 mysql-1-deploy                                0/1       Completed   0          6d8h
2020-07-15 13:44:59 mysql-2-deploy                                0/1       Completed   0          6d8h
2020-07-15 13:44:59 mysql-2-khmsf                                 1/1       Running     0          6d8h

2020-07-15 13:45:00 NAME                                          READY     STATUS      RESTARTS   AGE
2020-07-15 13:45:00 my-cluster-entity-operator-676d44468b-kjrvk   3/3       Running     0          6d7h
2020-07-15 13:45:00 my-cluster-kafka-0                            2/2       Running     0          24m
2020-07-15 13:45:00 my-cluster-kafka-1                            2/2       Running     0          6d7h
2020-07-15 13:45:00 my-cluster-kafka-2                            2/2       Running     0          6d7h
2020-07-15 13:45:00 my-cluster-zookeeper-0                        1/1       Running     0          14m
2020-07-15 13:45:00 my-cluster-zookeeper-1                        1/1       Running     0          6d7h
2020-07-15 13:45:00 my-cluster-zookeeper-2                        1/1       Running     0          6d7h
2020-07-15 13:45:00 my-connect-cluster-connect-1-deploy           0/1       Completed   0          6d11h
2020-07-15 13:45:00 my-connect-cluster-connect-2-deploy           0/1       Completed   0          6d10h
2020-07-15 13:45:00 my-connect-cluster-connect-3-deploy           0/1       Completed   0          6h4m
2020-07-15 13:45:00 my-connect-cluster-connect-3-xcwkf            1/1       Running     0          45m
2020-07-15 13:45:00 mysql-1-deploy                                0/1       Completed   0          6d8h
2020-07-15 13:45:00 mysql-2-deploy                                0/1       Completed   0          6d8h
2020-07-15 13:45:00 mysql-2-khmsf                                 1/1       Running     0          6d8h

2020-07-15 13:45:01 NAME                                          READY     STATUS      RESTARTS   AGE
2020-07-15 13:45:01 my-cluster-entity-operator-676d44468b-kjrvk   3/3       Running     0          6d7h
2020-07-15 13:45:01 my-cluster-kafka-0                            2/2       Running     0          24m
2020-07-15 13:45:01 my-cluster-kafka-1                            2/2       Running     0          6d7h
2020-07-15 13:45:01 my-cluster-kafka-2                            2/2       Running     0          6d7h
2020-07-15 13:45:01 my-cluster-zookeeper-0                        1/1       Running     0          14m
2020-07-15 13:45:01 my-cluster-zookeeper-1                        1/1       Running     0          6d7h
2020-07-15 13:45:01 my-cluster-zookeeper-2                        1/1       Running     0          6d7h
2020-07-15 13:45:01 my-connect-cluster-connect-1-deploy           0/1       Completed   0          6d11h
2020-07-15 13:45:01 my-connect-cluster-connect-2-deploy           0/1       Completed   0          6d10h
2020-07-15 13:45:01 my-connect-cluster-connect-3-deploy           0/1       Completed   0          6h4m
2020-07-15 13:45:01 my-connect-cluster-connect-3-xcwkf            1/1       Running     0          45m
2020-07-15 13:45:01 mysql-1-deploy                                0/1       Completed   0          6d8h
2020-07-15 13:45:01 mysql-2-deploy                                0/1       Completed   0          6d8h
2020-07-15 13:45:01 mysql-2-khmsf                                 1/1       Running     0          6d8h

2020-07-15 13:45:03 NAME                                          READY     STATUS      RESTARTS   AGE
2020-07-15 13:45:03 my-cluster-entity-operator-676d44468b-kjrvk   3/3       Running     0          6d7h
2020-07-15 13:45:03 my-cluster-kafka-0                            2/2       Running     0          24m
2020-07-15 13:45:03 my-cluster-kafka-1                            2/2       Running     0          6d7h
2020-07-15 13:45:03 my-cluster-kafka-2                            2/2       Running     0          6d7h
2020-07-15 13:45:03 my-cluster-zookeeper-0                        1/1       Running     0          14m
2020-07-15 13:45:03 my-cluster-zookeeper-1                        1/1       Running     0          6d7h
2020-07-15 13:45:03 my-cluster-zookeeper-2                        1/1       Running     0          6d7h
2020-07-15 13:45:03 my-connect-cluster-connect-1-deploy           0/1       Completed   0          6d11h
2020-07-15 13:45:03 my-connect-cluster-connect-2-deploy           0/1       Completed   0          6d10h
2020-07-15 13:45:03 my-connect-cluster-connect-3-deploy           0/1       Completed   0          6h4m
2020-07-15 13:45:03 my-connect-cluster-connect-3-xcwkf            1/1       Running     0          45m
2020-07-15 13:45:03 mysql-1-deploy                                0/1       Completed   0          6d8h
2020-07-15 13:45:03 mysql-2-deploy                                0/1       Completed   0          6d8h
2020-07-15 13:45:03 mysql-2-khmsf                                 1/1       Running     0          6d8h

2020-07-15 13:45:04 NAME                                          READY     STATUS      RESTARTS   AGE
2020-07-15 13:45:04 my-cluster-entity-operator-676d44468b-kjrvk   3/3       Running     0          6d7h
2020-07-15 13:45:04 my-cluster-kafka-0                            2/2       Running     0          24m
2020-07-15 13:45:04 my-cluster-kafka-1                            2/2       Running     0          6d7h
2020-07-15 13:45:04 my-cluster-kafka-2                            2/2       Running     0          6d7h
2020-07-15 13:45:04 my-cluster-zookeeper-0                        1/1       Running     0          14m
2020-07-15 13:45:04 my-cluster-zookeeper-1                        1/1       Running     0          6d7h
2020-07-15 13:45:04 my-cluster-zookeeper-2                        1/1       Running     0          6d7h
2020-07-15 13:45:04 my-connect-cluster-connect-1-deploy           0/1       Completed   0          6d11h
2020-07-15 13:45:04 my-connect-cluster-connect-2-deploy           0/1       Completed   0          6d10h
2020-07-15 13:45:04 my-connect-cluster-connect-3-deploy           0/1       Completed   0          6h4m
2020-07-15 13:45:04 my-connect-cluster-connect-3-xcwkf            1/1       Running     0          45m
2020-07-15 13:45:04 mysql-1-deploy                                0/1       Completed   0          6d8h
2020-07-15 13:45:04 mysql-2-deploy                                0/1       Completed   0          6d8h
2020-07-15 13:45:04 mysql-2-khmsf                                 1/1       Running     0          6d8h

2020-07-15 13:45:05 NAME                                          READY     STATUS      RESTARTS   AGE
2020-07-15 13:45:05 my-cluster-entity-operator-676d44468b-kjrvk   3/3       Running     0          6d7h
2020-07-15 13:45:05 my-cluster-kafka-0                            2/2       Running     0          24m
2020-07-15 13:45:05 my-cluster-kafka-1                            2/2       Running     0          6d7h
2020-07-15 13:45:05 my-cluster-kafka-2                            2/2       Running     0          6d7h
2020-07-15 13:45:05 my-cluster-zookeeper-0                        1/1       Running     0          14m
2020-07-15 13:45:05 my-cluster-zookeeper-1                        1/1       Running     0          6d7h
2020-07-15 13:45:05 my-cluster-zookeeper-2                        1/1       Running     0          6d7h
2020-07-15 13:45:05 my-connect-cluster-connect-1-deploy           0/1       Completed   0          6d11h
2020-07-15 13:45:05 my-connect-cluster-connect-2-deploy           0/1       Completed   0          6d10h
2020-07-15 13:45:05 my-connect-cluster-connect-3-deploy           0/1       Completed   0          6h4m
2020-07-15 13:45:05 my-connect-cluster-connect-3-xcwkf            1/1       Running     0          45m
2020-07-15 13:45:05 mysql-1-deploy                                0/1       Completed   0          6d8h
2020-07-15 13:45:05 mysql-2-deploy                                0/1       Completed   0          6d8h
2020-07-15 13:45:05 mysql-2-khmsf                                 1/1       Running     0          6d8h

2020-07-15 13:45:07 NAME                                          READY     STATUS      RESTARTS   AGE
2020-07-15 13:45:07 my-cluster-entity-operator-676d44468b-kjrvk   3/3       Running     0          6d7h
2020-07-15 13:45:07 my-cluster-kafka-0                            2/2       Running     0          24m
2020-07-15 13:45:07 my-cluster-kafka-1                            2/2       Running     0          6d7h
2020-07-15 13:45:07 my-cluster-kafka-2                            2/2       Running     0          6d7h
2020-07-15 13:45:07 my-cluster-zookeeper-0                        1/1       Running     0          14m
2020-07-15 13:45:07 my-cluster-zookeeper-1                        1/1       Running     0          6d7h
2020-07-15 13:45:07 my-cluster-zookeeper-2                        1/1       Running     0          6d7h
2020-07-15 13:45:07 my-connect-cluster-connect-1-deploy           0/1       Completed   0          6d11h
2020-07-15 13:45:07 my-connect-cluster-connect-2-deploy           0/1       Completed   0          6d10h
2020-07-15 13:45:07 my-connect-cluster-connect-3-deploy           0/1       Completed   0          6h4m
2020-07-15 13:45:07 my-connect-cluster-connect-3-xcwkf            1/1       Running     0          45m
2020-07-15 13:45:07 mysql-1-deploy                                0/1       Completed   0          6d8h
2020-07-15 13:45:07 mysql-2-deploy                                0/1       Completed   0          6d8h
2020-07-15 13:45:07 mysql-2-khmsf                                 1/1       Running     0          6d8h

2020-07-15 13:45:08 NAME                                          READY     STATUS      RESTARTS   AGE
2020-07-15 13:45:08 my-cluster-entity-operator-676d44468b-kjrvk   3/3       Running     0          6d7h
2020-07-15 13:45:08 my-cluster-kafka-0                            2/2       Running     0          24m
2020-07-15 13:45:08 my-cluster-kafka-1                            2/2       Running     0          6d7h
2020-07-15 13:45:08 my-cluster-kafka-2                            2/2       Running     0          6d7h
2020-07-15 13:45:08 my-cluster-zookeeper-0                        1/1       Running     0          14m
2020-07-15 13:45:08 my-cluster-zookeeper-1                        1/1       Running     0          6d7h
2020-07-15 13:45:08 my-cluster-zookeeper-2                        1/1       Running     0          6d7h
2020-07-15 13:45:08 my-connect-cluster-connect-1-deploy           0/1       Completed   0          6d11h
2020-07-15 13:45:08 my-connect-cluster-connect-2-deploy           0/1       Completed   0          6d10h
2020-07-15 13:45:08 my-connect-cluster-connect-3-deploy           0/1       Completed   0          6h4m
2020-07-15 13:45:08 my-connect-cluster-connect-3-xcwkf            1/1       Running     0          45m
2020-07-15 13:45:08 mysql-1-deploy                                0/1       Completed   0          6d8h
2020-07-15 13:45:08 mysql-2-deploy                                0/1       Completed   0          6d8h
2020-07-15 13:45:08 mysql-2-khmsf                                 1/1       Running     0          6d8h

2020-07-15 13:45:09 NAME                                          READY     STATUS      RESTARTS   AGE
2020-07-15 13:45:09 my-cluster-entity-operator-676d44468b-kjrvk   3/3       Running     0          6d7h
2020-07-15 13:45:09 my-cluster-kafka-0                            2/2       Running     0          24m
2020-07-15 13:45:09 my-cluster-kafka-1                            2/2       Running     0          6d7h
2020-07-15 13:45:09 my-cluster-kafka-2                            2/2       Running     0          6d7h
2020-07-15 13:45:09 my-cluster-zookeeper-0                        1/1       Running     0          14m
2020-07-15 13:45:09 my-cluster-zookeeper-1                        1/1       Running     0          6d7h
2020-07-15 13:45:09 my-cluster-zookeeper-2                        1/1       Running     0          6d7h
2020-07-15 13:45:09 my-connect-cluster-connect-1-deploy           0/1       Completed   0          6d11h
2020-07-15 13:45:09 my-connect-cluster-connect-2-deploy           0/1       Completed   0          6d10h
2020-07-15 13:45:09 my-connect-cluster-connect-3-deploy           0/1       Completed   0          6h4m
2020-07-15 13:45:09 my-connect-cluster-connect-3-xcwkf            1/1       Running     0          45m
2020-07-15 13:45:09 mysql-1-deploy                                0/1       Completed   0          6d8h
2020-07-15 13:45:09 mysql-2-deploy                                0/1       Completed   0          6d8h
2020-07-15 13:45:09 mysql-2-khmsf                                 1/1       Running     0          6d8h

2020-07-15 13:45:10 NAME                                          READY     STATUS      RESTARTS   AGE
2020-07-15 13:45:10 my-cluster-entity-operator-676d44468b-kjrvk   3/3       Running     0          6d7h
2020-07-15 13:45:10 my-cluster-kafka-0                            2/2       Running     0          24m
2020-07-15 13:45:10 my-cluster-kafka-1                            2/2       Running     0          6d7h
2020-07-15 13:45:10 my-cluster-kafka-2                            2/2       Running     0          6d7h
2020-07-15 13:45:10 my-cluster-zookeeper-0                        1/1       Running     0          14m
2020-07-15 13:45:10 my-cluster-zookeeper-1                        1/1       Running     0          6d7h
2020-07-15 13:45:10 my-cluster-zookeeper-2                        1/1       Running     0          6d7h
2020-07-15 13:45:10 my-connect-cluster-connect-1-deploy           0/1       Completed   0          6d11h
2020-07-15 13:45:10 my-connect-cluster-connect-2-deploy           0/1       Completed   0          6d10h
2020-07-15 13:45:10 my-connect-cluster-connect-3-deploy           0/1       Completed   0          6h4m
2020-07-15 13:45:10 my-connect-cluster-connect-3-xcwkf            1/1       Running     0          45m
2020-07-15 13:45:10 mysql-1-deploy                                0/1       Completed   0          6d8h
2020-07-15 13:45:10 mysql-2-deploy                                0/1       Completed   0          6d8h
2020-07-15 13:45:10 mysql-2-khmsf                                 1/1       Running     0          6d8h

2020-07-15 13:45:12 NAME                                          READY     STATUS      RESTARTS   AGE
2020-07-15 13:45:12 my-cluster-entity-operator-676d44468b-kjrvk   3/3       Running     0          6d7h
2020-07-15 13:45:12 my-cluster-kafka-0                            2/2       Running     0          24m
2020-07-15 13:45:12 my-cluster-kafka-1                            2/2       Running     0          6d7h
2020-07-15 13:45:12 my-cluster-kafka-2                            2/2       Running     0          6d7h
2020-07-15 13:45:12 my-cluster-zookeeper-0                        1/1       Running     0          14m
2020-07-15 13:45:12 my-cluster-zookeeper-1                        1/1       Running     0          6d7h
2020-07-15 13:45:12 my-cluster-zookeeper-2                        1/1       Running     0          6d7h
2020-07-15 13:45:12 my-connect-cluster-connect-1-deploy           0/1       Completed   0          6d11h
2020-07-15 13:45:12 my-connect-cluster-connect-2-deploy           0/1       Completed   0          6d10h
2020-07-15 13:45:12 my-connect-cluster-connect-3-deploy           0/1       Completed   0          6h4m
2020-07-15 13:45:12 my-connect-cluster-connect-3-xcwkf            1/1       Running     0          45m
2020-07-15 13:45:12 mysql-1-deploy                                0/1       Completed   0          6d8h
2020-07-15 13:45:12 mysql-2-deploy                                0/1       Completed   0          6d8h
2020-07-15 13:45:12 mysql-2-khmsf                                 1/1       Running     0          6d8h

2020-07-15 13:45:13 NAME                                          READY     STATUS      RESTARTS   AGE
2020-07-15 13:45:13 my-cluster-entity-operator-676d44468b-kjrvk   3/3       Running     0          6d7h
2020-07-15 13:45:13 my-cluster-kafka-0                            2/2       Running     0          24m
2020-07-15 13:45:13 my-cluster-kafka-1                            2/2       Running     0          6d7h
2020-07-15 13:45:13 my-cluster-kafka-2                            2/2       Running     0          6d7h
2020-07-15 13:45:13 my-cluster-zookeeper-0                        1/1       Running     0          14m
2020-07-15 13:45:13 my-cluster-zookeeper-1                        1/1       Running     0          6d7h
2020-07-15 13:45:13 my-cluster-zookeeper-2                        1/1       Running     0          6d7h
2020-07-15 13:45:13 my-connect-cluster-connect-1-deploy           0/1       Completed   0          6d11h
2020-07-15 13:45:13 my-connect-cluster-connect-2-deploy           0/1       Completed   0          6d10h
2020-07-15 13:45:13 my-connect-cluster-connect-3-deploy           0/1       Completed   0          6h4m
2020-07-15 13:45:13 my-connect-cluster-connect-3-xcwkf            1/1       Running     0          45m
2020-07-15 13:45:13 mysql-1-deploy                                0/1       Completed   0          6d8h
2020-07-15 13:45:13 mysql-2-deploy                                0/1       Completed   0          6d8h
2020-07-15 13:45:13 mysql-2-khmsf                                 1/1       Running     0          6d8h

2020-07-15 13:45:14 NAME                                          READY     STATUS      RESTARTS   AGE
2020-07-15 13:45:14 my-cluster-entity-operator-676d44468b-kjrvk   3/3       Running     0          6d7h
2020-07-15 13:45:14 my-cluster-kafka-0                            2/2       Running     0          24m
2020-07-15 13:45:14 my-cluster-kafka-1                            2/2       Running     0          6d7h
2020-07-15 13:45:14 my-cluster-kafka-2                            2/2       Running     0          6d7h
2020-07-15 13:45:14 my-cluster-zookeeper-0                        1/1       Running     0          14m
2020-07-15 13:45:14 my-cluster-zookeeper-1                        1/1       Running     0          6d7h
2020-07-15 13:45:14 my-cluster-zookeeper-2                        1/1       Running     0          6d7h
2020-07-15 13:45:14 my-connect-cluster-connect-1-deploy           0/1       Completed   0          6d11h
2020-07-15 13:45:14 my-connect-cluster-connect-2-deploy           0/1       Completed   0          6d10h
2020-07-15 13:45:14 my-connect-cluster-connect-3-deploy           0/1       Completed   0          6h4m
2020-07-15 13:45:14 my-connect-cluster-connect-3-xcwkf            1/1       Running     0          45m
2020-07-15 13:45:14 mysql-1-deploy                                0/1       Completed   0          6d8h
2020-07-15 13:45:14 mysql-2-deploy                                0/1       Completed   0          6d8h
2020-07-15 13:45:14 mysql-2-khmsf                                 1/1       Running     0          6d8h

2020-07-15 13:45:16 NAME                                          READY     STATUS      RESTARTS   AGE
2020-07-15 13:45:16 my-cluster-entity-operator-676d44468b-kjrvk   3/3       Running     0          6d7h
2020-07-15 13:45:16 my-cluster-kafka-0                            2/2       Running     0          24m
2020-07-15 13:45:16 my-cluster-kafka-1                            2/2       Running     0          6d7h
2020-07-15 13:45:16 my-cluster-kafka-2                            2/2       Running     0          6d7h
2020-07-15 13:45:16 my-cluster-zookeeper-0                        1/1       Running     0          14m
2020-07-15 13:45:16 my-cluster-zookeeper-1                        1/1       Running     0          6d7h
2020-07-15 13:45:16 my-cluster-zookeeper-2                        1/1       Running     0          6d7h
2020-07-15 13:45:16 my-connect-cluster-connect-1-deploy           0/1       Completed   0          6d11h
2020-07-15 13:45:16 my-connect-cluster-connect-2-deploy           0/1       Completed   0          6d10h
2020-07-15 13:45:16 my-connect-cluster-connect-3-deploy           0/1       Completed   0          6h4m
2020-07-15 13:45:16 my-connect-cluster-connect-3-xcwkf            1/1       Running     0          45m
2020-07-15 13:45:16 mysql-1-deploy                                0/1       Completed   0          6d8h
2020-07-15 13:45:16 mysql-2-deploy                                0/1       Completed   0          6d8h
2020-07-15 13:45:16 mysql-2-khmsf                                 1/1       Running     0          6d8h

2020-07-15 13:45:17 NAME                                          READY     STATUS      RESTARTS   AGE
2020-07-15 13:45:17 my-cluster-entity-operator-676d44468b-kjrvk   3/3       Running     0          6d7h
2020-07-15 13:45:17 my-cluster-kafka-0                            2/2       Running     0          24m
2020-07-15 13:45:17 my-cluster-kafka-1                            2/2       Running     0          6d7h
2020-07-15 13:45:17 my-cluster-kafka-2                            2/2       Running     0          6d7h
2020-07-15 13:45:17 my-cluster-zookeeper-0                        1/1       Running     0          14m
2020-07-15 13:45:17 my-cluster-zookeeper-1                        1/1       Running     0          6d7h
2020-07-15 13:45:17 my-cluster-zookeeper-2                        1/1       Running     0          6d7h
2020-07-15 13:45:17 my-connect-cluster-connect-1-deploy           0/1       Completed   0          6d11h
2020-07-15 13:45:17 my-connect-cluster-connect-2-deploy           0/1       Completed   0          6d10h
2020-07-15 13:45:17 my-connect-cluster-connect-3-deploy           0/1       Completed   0          6h4m
2020-07-15 13:45:17 my-connect-cluster-connect-3-xcwkf            1/1       Running     0          45m
2020-07-15 13:45:17 mysql-1-deploy                                0/1       Completed   0          6d8h
2020-07-15 13:45:17 mysql-2-deploy                                0/1       Completed   0          6d8h
2020-07-15 13:45:17 mysql-2-khmsf                                 1/1       Running     0          6d8h

2020-07-15 13:45:18 NAME                                          READY     STATUS      RESTARTS   AGE
2020-07-15 13:45:18 my-cluster-entity-operator-676d44468b-kjrvk   3/3       Running     0          6d7h
2020-07-15 13:45:18 my-cluster-kafka-0                            2/2       Running     0          24m
2020-07-15 13:45:18 my-cluster-kafka-1                            2/2       Running     0          6d7h
2020-07-15 13:45:18 my-cluster-kafka-2                            2/2       Running     0          6d7h
2020-07-15 13:45:18 my-cluster-zookeeper-0                        1/1       Running     0          14m
2020-07-15 13:45:18 my-cluster-zookeeper-1                        1/1       Running     0          6d7h
2020-07-15 13:45:18 my-cluster-zookeeper-2                        1/1       Running     0          6d7h
2020-07-15 13:45:18 my-connect-cluster-connect-1-deploy           0/1       Completed   0          6d11h
2020-07-15 13:45:18 my-connect-cluster-connect-2-deploy           0/1       Completed   0          6d10h
2020-07-15 13:45:18 my-connect-cluster-connect-3-deploy           0/1       Completed   0          6h4m
2020-07-15 13:45:18 my-connect-cluster-connect-3-xcwkf            1/1       Running     0          45m
2020-07-15 13:45:18 mysql-1-deploy                                0/1       Completed   0          6d8h
2020-07-15 13:45:18 mysql-2-deploy                                0/1       Completed   0          6d8h
2020-07-15 13:45:18 mysql-2-khmsf                                 1/1       Running     0          6d8h

2020-07-15 13:45:19 NAME                                          READY     STATUS      RESTARTS   AGE
2020-07-15 13:45:19 my-cluster-entity-operator-676d44468b-kjrvk   3/3       Running     0          6d7h
2020-07-15 13:45:19 my-cluster-kafka-0                            2/2       Running     0          24m
2020-07-15 13:45:19 my-cluster-kafka-1                            2/2       Running     0          6d7h
2020-07-15 13:45:19 my-cluster-kafka-2                            2/2       Running     0          6d7h
2020-07-15 13:45:19 my-cluster-zookeeper-0                        1/1       Running     0          14m
2020-07-15 13:45:19 my-cluster-zookeeper-1                        1/1       Running     0          6d7h
2020-07-15 13:45:19 my-cluster-zookeeper-2                        1/1       Running     0          6d7h
2020-07-15 13:45:19 my-connect-cluster-connect-1-deploy           0/1       Completed   0          6d11h
2020-07-15 13:45:19 my-connect-cluster-connect-2-deploy           0/1       Completed   0          6d10h
2020-07-15 13:45:19 my-connect-cluster-connect-3-deploy           0/1       Completed   0          6h4m
2020-07-15 13:45:19 my-connect-cluster-connect-3-xcwkf            1/1       Running     0          45m
2020-07-15 13:45:19 mysql-1-deploy                                0/1       Completed   0          6d8h
2020-07-15 13:45:19 mysql-2-deploy                                0/1       Completed   0          6d8h
2020-07-15 13:45:19 mysql-2-khmsf                                 1/1       Running     0          6d8h

2020-07-15 13:45:21 NAME                                          READY     STATUS      RESTARTS   AGE
2020-07-15 13:45:21 my-cluster-entity-operator-676d44468b-kjrvk   3/3       Running     0          6d7h
2020-07-15 13:45:21 my-cluster-kafka-0                            2/2       Running     0          24m
2020-07-15 13:45:21 my-cluster-kafka-1                            2/2       Running     0          6d7h
2020-07-15 13:45:21 my-cluster-kafka-2                            2/2       Running     0          6d7h
2020-07-15 13:45:21 my-cluster-zookeeper-0                        1/1       Running     0          14m
2020-07-15 13:45:21 my-cluster-zookeeper-1                        1/1       Running     0          6d7h
2020-07-15 13:45:21 my-cluster-zookeeper-2                        1/1       Running     0          6d7h
2020-07-15 13:45:21 my-connect-cluster-connect-1-deploy           0/1       Completed   0          6d11h
2020-07-15 13:45:21 my-connect-cluster-connect-2-deploy           0/1       Completed   0          6d10h
2020-07-15 13:45:21 my-connect-cluster-connect-3-deploy           0/1       Completed   0          6h4m
2020-07-15 13:45:21 my-connect-cluster-connect-3-xcwkf            1/1       Running     0          45m
2020-07-15 13:45:21 mysql-1-deploy                                0/1       Completed   0          6d8h
2020-07-15 13:45:21 mysql-2-deploy                                0/1       Completed   0          6d8h
2020-07-15 13:45:21 mysql-2-khmsf                                 1/1       Running     0          6d8h

2020-07-15 13:45:22 NAME                                          READY     STATUS      RESTARTS   AGE
2020-07-15 13:45:22 my-cluster-entity-operator-676d44468b-kjrvk   3/3       Running     0          6d7h
2020-07-15 13:45:22 my-cluster-kafka-0                            2/2       Running     0          24m
2020-07-15 13:45:22 my-cluster-kafka-1                            2/2       Running     0          6d7h
2020-07-15 13:45:22 my-cluster-kafka-2                            2/2       Running     0          6d7h
2020-07-15 13:45:22 my-cluster-zookeeper-0                        1/1       Running     0          14m
2020-07-15 13:45:22 my-cluster-zookeeper-1                        1/1       Running     0          6d7h
2020-07-15 13:45:22 my-cluster-zookeeper-2                        1/1       Running     0          6d7h
2020-07-15 13:45:22 my-connect-cluster-connect-1-deploy           0/1       Completed   0          6d11h
2020-07-15 13:45:22 my-connect-cluster-connect-2-deploy           0/1       Completed   0          6d10h
2020-07-15 13:45:22 my-connect-cluster-connect-3-deploy           0/1       Completed   0          6h4m
2020-07-15 13:45:22 my-connect-cluster-connect-3-xcwkf            1/1       Running     0          45m
2020-07-15 13:45:22 mysql-1-deploy                                0/1       Completed   0          6d8h
2020-07-15 13:45:22 mysql-2-deploy                                0/1       Completed   0          6d8h
2020-07-15 13:45:22 mysql-2-khmsf                                 1/1       Running     0          6d8h

2020-07-15 13:45:23 NAME                                          READY     STATUS      RESTARTS   AGE
2020-07-15 13:45:23 my-cluster-entity-operator-676d44468b-kjrvk   3/3       Running     0          6d7h
2020-07-15 13:45:23 my-cluster-kafka-0                            2/2       Running     0          24m
2020-07-15 13:45:23 my-cluster-kafka-1                            2/2       Running     0          6d7h
2020-07-15 13:45:23 my-cluster-kafka-2                            2/2       Running     0          6d7h
2020-07-15 13:45:23 my-cluster-zookeeper-0                        1/1       Running     0          14m
2020-07-15 13:45:23 my-cluster-zookeeper-1                        1/1       Running     0          6d7h
2020-07-15 13:45:23 my-cluster-zookeeper-2                        1/1       Running     0          6d7h
2020-07-15 13:45:23 my-connect-cluster-connect-1-deploy           0/1       Completed   0          6d11h
2020-07-15 13:45:23 my-connect-cluster-connect-2-deploy           0/1       Completed   0          6d10h
2020-07-15 13:45:23 my-connect-cluster-connect-3-deploy           0/1       Completed   0          6h4m
2020-07-15 13:45:23 my-connect-cluster-connect-3-xcwkf            1/1       Running     0          45m
2020-07-15 13:45:23 mysql-1-deploy                                0/1       Completed   0          6d8h
2020-07-15 13:45:23 mysql-2-deploy                                0/1       Completed   0          6d8h
2020-07-15 13:45:23 mysql-2-khmsf                                 1/1       Running     0          6d8h

2020-07-15 13:45:25 NAME                                          READY     STATUS      RESTARTS   AGE
2020-07-15 13:45:25 my-cluster-entity-operator-676d44468b-kjrvk   3/3       Running     0          6d7h
2020-07-15 13:45:25 my-cluster-kafka-0                            2/2       Running     0          24m
2020-07-15 13:45:25 my-cluster-kafka-1                            2/2       Running     0          6d7h
2020-07-15 13:45:25 my-cluster-kafka-2                            2/2       Running     0          6d7h
2020-07-15 13:45:25 my-cluster-zookeeper-0                        1/1       Running     0          14m
2020-07-15 13:45:25 my-cluster-zookeeper-1                        1/1       Running     0          6d7h
2020-07-15 13:45:25 my-cluster-zookeeper-2                        1/1       Running     0          6d7h
2020-07-15 13:45:25 my-connect-cluster-connect-1-deploy           0/1       Completed   0          6d11h
2020-07-15 13:45:25 my-connect-cluster-connect-2-deploy           0/1       Completed   0          6d10h
2020-07-15 13:45:25 my-connect-cluster-connect-3-deploy           0/1       Completed   0          6h4m
2020-07-15 13:45:25 my-connect-cluster-connect-3-xcwkf            1/1       Running     0          45m
2020-07-15 13:45:25 mysql-1-deploy                                0/1       Completed   0          6d8h
2020-07-15 13:45:25 mysql-2-deploy                                0/1       Completed   0          6d8h
2020-07-15 13:45:25 mysql-2-khmsf                                 1/1       Running     0          6d8h

2020-07-15 13:45:26 NAME                                          READY     STATUS      RESTARTS   AGE
2020-07-15 13:45:26 my-cluster-entity-operator-676d44468b-kjrvk   3/3       Running     0          6d7h
2020-07-15 13:45:26 my-cluster-kafka-0                            2/2       Running     0          24m
2020-07-15 13:45:26 my-cluster-kafka-1                            2/2       Running     0          6d7h
2020-07-15 13:45:26 my-cluster-kafka-2                            2/2       Running     0          6d7h
2020-07-15 13:45:26 my-cluster-zookeeper-0                        1/1       Running     0          14m
2020-07-15 13:45:26 my-cluster-zookeeper-1                        1/1       Running     0          6d7h
2020-07-15 13:45:26 my-cluster-zookeeper-2                        1/1       Running     0          6d7h
2020-07-15 13:45:26 my-connect-cluster-connect-1-deploy           0/1       Completed   0          6d11h
2020-07-15 13:45:26 my-connect-cluster-connect-2-deploy           0/1       Completed   0          6d10h
2020-07-15 13:45:26 my-connect-cluster-connect-3-deploy           0/1       Completed   0          6h4m
2020-07-15 13:45:26 my-connect-cluster-connect-3-xcwkf            1/1       Running     0          45m
2020-07-15 13:45:26 mysql-1-deploy                                0/1       Completed   0          6d8h
2020-07-15 13:45:26 mysql-2-deploy                                0/1       Completed   0          6d8h
2020-07-15 13:45:26 mysql-2-khmsf                                 1/1       Running     0          6d8h

2020-07-15 13:45:27 NAME                                          READY     STATUS      RESTARTS   AGE
2020-07-15 13:45:27 my-cluster-entity-operator-676d44468b-kjrvk   3/3       Running     0          6d7h
2020-07-15 13:45:27 my-cluster-kafka-0                            2/2       Running     0          24m
2020-07-15 13:45:27 my-cluster-kafka-1                            2/2       Running     0          6d7h
2020-07-15 13:45:27 my-cluster-kafka-2                            2/2       Running     0          6d7h
2020-07-15 13:45:27 my-cluster-zookeeper-0                        1/1       Running     0          14m
2020-07-15 13:45:27 my-cluster-zookeeper-1                        1/1       Running     0          6d7h
2020-07-15 13:45:27 my-cluster-zookeeper-2                        1/1       Running     0          6d7h
2020-07-15 13:45:27 my-connect-cluster-connect-1-deploy           0/1       Completed   0          6d11h
2020-07-15 13:45:27 my-connect-cluster-connect-2-deploy           0/1       Completed   0          6d10h
2020-07-15 13:45:27 my-connect-cluster-connect-3-deploy           0/1       Completed   0          6h4m
2020-07-15 13:45:27 my-connect-cluster-connect-3-xcwkf            1/1       Running     0          45m
2020-07-15 13:45:27 mysql-1-deploy                                0/1       Completed   0          6d8h
2020-07-15 13:45:27 mysql-2-deploy                                0/1       Completed   0          6d8h
2020-07-15 13:45:27 mysql-2-khmsf                                 1/1       Running     0          6d8h

2020-07-15 13:45:28 NAME                                          READY     STATUS      RESTARTS   AGE
2020-07-15 13:45:28 my-cluster-entity-operator-676d44468b-kjrvk   3/3       Running     0          6d7h
2020-07-15 13:45:28 my-cluster-kafka-0                            2/2       Running     0          24m
2020-07-15 13:45:28 my-cluster-kafka-1                            2/2       Running     0          6d7h
2020-07-15 13:45:28 my-cluster-kafka-2                            2/2       Running     0          6d7h
2020-07-15 13:45:28 my-cluster-zookeeper-0                        1/1       Running     0          14m
2020-07-15 13:45:28 my-cluster-zookeeper-1                        1/1       Running     0          6d7h
2020-07-15 13:45:28 my-cluster-zookeeper-2                        1/1       Running     0          6d7h
2020-07-15 13:45:28 my-connect-cluster-connect-1-deploy           0/1       Completed   0          6d11h
2020-07-15 13:45:28 my-connect-cluster-connect-2-deploy           0/1       Completed   0          6d10h
2020-07-15 13:45:28 my-connect-cluster-connect-3-deploy           0/1       Completed   0          6h4m
2020-07-15 13:45:28 my-connect-cluster-connect-3-xcwkf            1/1       Running     0          46m
2020-07-15 13:45:28 mysql-1-deploy                                0/1       Completed   0          6d8h
2020-07-15 13:45:28 mysql-2-deploy                                0/1       Completed   0          6d8h
2020-07-15 13:45:28 mysql-2-khmsf                                 1/1       Running     0          6d8h

2020-07-15 13:45:30 NAME                                          READY     STATUS      RESTARTS   AGE
2020-07-15 13:45:30 my-cluster-entity-operator-676d44468b-kjrvk   3/3       Running     0          6d7h
2020-07-15 13:45:30 my-cluster-kafka-0                            2/2       Running     0          24m
2020-07-15 13:45:30 my-cluster-kafka-1                            2/2       Running     0          6d7h
2020-07-15 13:45:30 my-cluster-kafka-2                            2/2       Running     0          6d7h
2020-07-15 13:45:30 my-cluster-zookeeper-0                        1/1       Running     0          14m
2020-07-15 13:45:30 my-cluster-zookeeper-1                        1/1       Running     0          6d7h
2020-07-15 13:45:30 my-cluster-zookeeper-2                        1/1       Running     0          6d7h
2020-07-15 13:45:30 my-connect-cluster-connect-1-deploy           0/1       Completed   0          6d11h
2020-07-15 13:45:30 my-connect-cluster-connect-2-deploy           0/1       Completed   0          6d10h
2020-07-15 13:45:30 my-connect-cluster-connect-3-deploy           0/1       Completed   0          6h4m
2020-07-15 13:45:30 my-connect-cluster-connect-3-xcwkf            1/1       Running     0          46m
2020-07-15 13:45:30 mysql-1-deploy                                0/1       Completed   0          6d8h
2020-07-15 13:45:30 mysql-2-deploy                                0/1       Completed   0          6d8h
2020-07-15 13:45:30 mysql-2-khmsf                                 1/1       Running     0          6d8h

2020-07-15 13:45:31 NAME                                          READY     STATUS      RESTARTS   AGE
2020-07-15 13:45:31 my-cluster-entity-operator-676d44468b-kjrvk   3/3       Running     0          6d7h
2020-07-15 13:45:31 my-cluster-kafka-0                            2/2       Running     0          24m
2020-07-15 13:45:31 my-cluster-kafka-1                            2/2       Running     0          6d7h
2020-07-15 13:45:31 my-cluster-kafka-2                            2/2       Running     0          6d7h
2020-07-15 13:45:31 my-cluster-zookeeper-0                        1/1       Running     0          14m
2020-07-15 13:45:31 my-cluster-zookeeper-1                        1/1       Running     0          6d7h
2020-07-15 13:45:31 my-cluster-zookeeper-2                        1/1       Running     0          6d7h
2020-07-15 13:45:31 my-connect-cluster-connect-1-deploy           0/1       Completed   0          6d11h
2020-07-15 13:45:31 my-connect-cluster-connect-2-deploy           0/1       Completed   0          6d10h
2020-07-15 13:45:31 my-connect-cluster-connect-3-deploy           0/1       Completed   0          6h4m
2020-07-15 13:45:31 my-connect-cluster-connect-3-xcwkf            1/1       Running     0          46m
2020-07-15 13:45:31 mysql-1-deploy                                0/1       Completed   0          6d8h
2020-07-15 13:45:31 mysql-2-deploy                                0/1       Completed   0          6d8h
2020-07-15 13:45:31 mysql-2-khmsf                                 1/1       Running     0          6d8h

2020-07-15 13:45:32 NAME                                          READY     STATUS      RESTARTS   AGE
2020-07-15 13:45:32 my-cluster-entity-operator-676d44468b-kjrvk   3/3       Running     0          6d7h
2020-07-15 13:45:32 my-cluster-kafka-0                            2/2       Running     0          24m
2020-07-15 13:45:32 my-cluster-kafka-1                            2/2       Running     0          6d7h
2020-07-15 13:45:32 my-cluster-kafka-2                            2/2       Running     0          6d7h
2020-07-15 13:45:32 my-cluster-zookeeper-0                        1/1       Running     0          14m
2020-07-15 13:45:32 my-cluster-zookeeper-1                        1/1       Running     0          6d7h
2020-07-15 13:45:32 my-cluster-zookeeper-2                        1/1       Running     0          6d7h
2020-07-15 13:45:32 my-connect-cluster-connect-1-deploy           0/1       Completed   0          6d11h
2020-07-15 13:45:32 my-connect-cluster-connect-2-deploy           0/1       Completed   0          6d10h
2020-07-15 13:45:32 my-connect-cluster-connect-3-deploy           0/1       Completed   0          6h5m
2020-07-15 13:45:32 my-connect-cluster-connect-3-xcwkf            1/1       Running     0          46m
2020-07-15 13:45:32 mysql-1-deploy                                0/1       Completed   0          6d8h
2020-07-15 13:45:32 mysql-2-deploy                                0/1       Completed   0          6d8h
2020-07-15 13:45:32 mysql-2-khmsf                                 1/1       Running     0          6d8h

2020-07-15 13:45:34 NAME                                          READY     STATUS      RESTARTS   AGE
2020-07-15 13:45:34 my-cluster-entity-operator-676d44468b-kjrvk   3/3       Running     0          6d7h
2020-07-15 13:45:34 my-cluster-kafka-0                            2/2       Running     0          24m
2020-07-15 13:45:34 my-cluster-kafka-1                            2/2       Running     0          6d7h
2020-07-15 13:45:34 my-cluster-kafka-2                            2/2       Running     0          6d7h
2020-07-15 13:45:34 my-cluster-zookeeper-0                        1/1       Running     0          14m
2020-07-15 13:45:34 my-cluster-zookeeper-1                        1/1       Running     0          6d7h
2020-07-15 13:45:34 my-cluster-zookeeper-2                        1/1       Running     0          6d7h
2020-07-15 13:45:34 my-connect-cluster-connect-1-deploy           0/1       Completed   0          6d11h
2020-07-15 13:45:34 my-connect-cluster-connect-2-deploy           0/1       Completed   0          6d10h
2020-07-15 13:45:34 my-connect-cluster-connect-3-deploy           0/1       Completed   0          6h5m
2020-07-15 13:45:34 my-connect-cluster-connect-3-xcwkf            1/1       Running     0          46m
2020-07-15 13:45:34 mysql-1-deploy                                0/1       Completed   0          6d8h
2020-07-15 13:45:34 mysql-2-deploy                                0/1       Completed   0          6d8h
2020-07-15 13:45:34 mysql-2-khmsf                                 1/1       Running     0          6d8h

2020-07-15 13:45:35 NAME                                          READY     STATUS      RESTARTS   AGE
2020-07-15 13:45:35 my-cluster-entity-operator-676d44468b-kjrvk   3/3       Running     0          6d7h
2020-07-15 13:45:35 my-cluster-kafka-0                            2/2       Running     0          24m
2020-07-15 13:45:35 my-cluster-kafka-1                            2/2       Running     0          6d7h
2020-07-15 13:45:35 my-cluster-kafka-2                            2/2       Running     0          6d7h
2020-07-15 13:45:35 my-cluster-zookeeper-0                        1/1       Running     0          14m
2020-07-15 13:45:35 my-cluster-zookeeper-1                        1/1       Running     0          6d7h
2020-07-15 13:45:35 my-cluster-zookeeper-2                        1/1       Running     0          6d7h
2020-07-15 13:45:35 my-connect-cluster-connect-1-deploy           0/1       Completed   0          6d11h
2020-07-15 13:45:35 my-connect-cluster-connect-2-deploy           0/1       Completed   0          6d10h
2020-07-15 13:45:35 my-connect-cluster-connect-3-deploy           0/1       Completed   0          6h5m
2020-07-15 13:45:35 my-connect-cluster-connect-3-xcwkf            1/1       Running     0          46m
2020-07-15 13:45:35 mysql-1-deploy                                0/1       Completed   0          6d8h
2020-07-15 13:45:35 mysql-2-deploy                                0/1       Completed   0          6d8h
2020-07-15 13:45:35 mysql-2-khmsf                                 1/1       Running     0          6d8h

2020-07-15 13:45:36 NAME                                          READY     STATUS      RESTARTS   AGE
2020-07-15 13:45:36 my-cluster-entity-operator-676d44468b-kjrvk   3/3       Running     0          6d7h
2020-07-15 13:45:36 my-cluster-kafka-0                            2/2       Running     0          24m
2020-07-15 13:45:36 my-cluster-kafka-1                            2/2       Running     0          6d7h
2020-07-15 13:45:36 my-cluster-kafka-2                            2/2       Running     0          6d7h
2020-07-15 13:45:36 my-cluster-zookeeper-0                        1/1       Running     0          14m
2020-07-15 13:45:36 my-cluster-zookeeper-1                        1/1       Running     0          6d7h
2020-07-15 13:45:36 my-cluster-zookeeper-2                        1/1       Running     0          6d7h
2020-07-15 13:45:36 my-connect-cluster-connect-1-deploy           0/1       Completed   0          6d11h
2020-07-15 13:45:36 my-connect-cluster-connect-2-deploy           0/1       Completed   0          6d10h
2020-07-15 13:45:36 my-connect-cluster-connect-3-deploy           0/1       Completed   0          6h5m
2020-07-15 13:45:36 my-connect-cluster-connect-3-xcwkf            1/1       Running     0          46m
2020-07-15 13:45:36 mysql-1-deploy                                0/1       Completed   0          6d8h
2020-07-15 13:45:36 mysql-2-deploy                                0/1       Completed   0          6d8h
2020-07-15 13:45:36 mysql-2-khmsf                                 1/1       Running     0          6d8h

2020-07-15 13:45:37 NAME                                          READY     STATUS      RESTARTS   AGE
2020-07-15 13:45:37 my-cluster-entity-operator-676d44468b-kjrvk   3/3       Running     0          6d7h
2020-07-15 13:45:37 my-cluster-kafka-0                            2/2       Running     0          24m
2020-07-15 13:45:37 my-cluster-kafka-1                            2/2       Running     0          6d7h
2020-07-15 13:45:37 my-cluster-kafka-2                            2/2       Running     0          6d7h
2020-07-15 13:45:37 my-cluster-zookeeper-0                        1/1       Running     0          14m
2020-07-15 13:45:37 my-cluster-zookeeper-1                        1/1       Running     0          6d7h
2020-07-15 13:45:37 my-cluster-zookeeper-2                        1/1       Running     0          6d7h
2020-07-15 13:45:37 my-connect-cluster-connect-1-deploy           0/1       Completed   0          6d11h
2020-07-15 13:45:37 my-connect-cluster-connect-2-deploy           0/1       Completed   0          6d10h
2020-07-15 13:45:37 my-connect-cluster-connect-3-deploy           0/1       Completed   0          6h5m
2020-07-15 13:45:37 my-connect-cluster-connect-3-xcwkf            1/1       Running     0          46m
2020-07-15 13:45:37 mysql-1-deploy                                0/1       Completed   0          6d8h
2020-07-15 13:45:37 mysql-2-deploy                                0/1       Completed   0          6d8h
2020-07-15 13:45:37 mysql-2-khmsf                                 1/1       Running     0          6d8h

2020-07-15 13:45:39 NAME                                          READY     STATUS      RESTARTS   AGE
2020-07-15 13:45:39 my-cluster-entity-operator-676d44468b-kjrvk   3/3       Running     0          6d7h
2020-07-15 13:45:39 my-cluster-kafka-0                            2/2       Running     0          24m
2020-07-15 13:45:39 my-cluster-kafka-1                            2/2       Running     0          6d7h
2020-07-15 13:45:39 my-cluster-kafka-2                            2/2       Running     0          6d7h
2020-07-15 13:45:39 my-cluster-zookeeper-0                        1/1       Running     0          14m
2020-07-15 13:45:39 my-cluster-zookeeper-1                        1/1       Running     0          6d7h
2020-07-15 13:45:39 my-cluster-zookeeper-2                        1/1       Running     0          6d7h
2020-07-15 13:45:39 my-connect-cluster-connect-1-deploy           0/1       Completed   0          6d11h
2020-07-15 13:45:39 my-connect-cluster-connect-2-deploy           0/1       Completed   0          6d10h
2020-07-15 13:45:39 my-connect-cluster-connect-3-deploy           0/1       Completed   0          6h5m
2020-07-15 13:45:39 my-connect-cluster-connect-3-xcwkf            1/1       Running     0          46m
2020-07-15 13:45:39 mysql-1-deploy                                0/1       Completed   0          6d8h
2020-07-15 13:45:39 mysql-2-deploy                                0/1       Completed   0          6d8h
2020-07-15 13:45:39 mysql-2-khmsf                                 1/1       Running     0          6d8h

2020-07-15 13:45:40 NAME                                          READY     STATUS      RESTARTS   AGE
2020-07-15 13:45:40 my-cluster-entity-operator-676d44468b-kjrvk   3/3       Running     0          6d7h
2020-07-15 13:45:40 my-cluster-kafka-0                            2/2       Running     0          24m
2020-07-15 13:45:40 my-cluster-kafka-1                            2/2       Running     0          6d7h
2020-07-15 13:45:40 my-cluster-kafka-2                            2/2       Running     0          6d7h
2020-07-15 13:45:40 my-cluster-zookeeper-0                        1/1       Running     0          14m
2020-07-15 13:45:40 my-cluster-zookeeper-1                        1/1       Running     0          6d7h
2020-07-15 13:45:40 my-cluster-zookeeper-2                        1/1       Running     0          6d7h
2020-07-15 13:45:40 my-connect-cluster-connect-1-deploy           0/1       Completed   0          6d11h
2020-07-15 13:45:40 my-connect-cluster-connect-2-deploy           0/1       Completed   0          6d10h
2020-07-15 13:45:40 my-connect-cluster-connect-3-deploy           0/1       Completed   0          6h5m
2020-07-15 13:45:40 my-connect-cluster-connect-3-xcwkf            1/1       Running     0          46m
2020-07-15 13:45:40 mysql-1-deploy                                0/1       Completed   0          6d8h
2020-07-15 13:45:40 mysql-2-deploy                                0/1       Completed   0          6d8h
2020-07-15 13:45:40 mysql-2-khmsf                                 1/1       Running     0          6d8h

2020-07-15 13:45:41 NAME                                          READY     STATUS      RESTARTS   AGE
2020-07-15 13:45:41 my-cluster-entity-operator-676d44468b-kjrvk   3/3       Running     0          6d7h
2020-07-15 13:45:41 my-cluster-kafka-0                            2/2       Running     0          24m
2020-07-15 13:45:41 my-cluster-kafka-1                            2/2       Running     0          6d7h
2020-07-15 13:45:41 my-cluster-kafka-2                            2/2       Running     0          6d7h
2020-07-15 13:45:41 my-cluster-zookeeper-0                        1/1       Running     0          15m
2020-07-15 13:45:41 my-cluster-zookeeper-1                        1/1       Running     0          6d7h
2020-07-15 13:45:41 my-cluster-zookeeper-2                        1/1       Running     0          6d7h
2020-07-15 13:45:41 my-connect-cluster-connect-1-deploy           0/1       Completed   0          6d11h
2020-07-15 13:45:41 my-connect-cluster-connect-2-deploy           0/1       Completed   0          6d10h
2020-07-15 13:45:41 my-connect-cluster-connect-3-deploy           0/1       Completed   0          6h5m
2020-07-15 13:45:41 my-connect-cluster-connect-3-xcwkf            1/1       Running     0          46m
2020-07-15 13:45:41 mysql-1-deploy                                0/1       Completed   0          6d8h
2020-07-15 13:45:41 mysql-2-deploy                                0/1       Completed   0          6d8h
2020-07-15 13:45:41 mysql-2-khmsf                                 1/1       Running     0          6d8h

